optimizer oc
number of spatial dimensions: 2
elements: 8 x 4
volfrac: 0.3 rmin: 2.4  penal: 3.0
filter: Sensitivity based
filter mode: matrix
it.: 1 obj.: 1456.7585365709 vol.: 0.3001492391 ch.: 0.1705701590
it.: 2 obj.: 1139.7273031256 vol.: 0.2999717261 ch.: 0.1213504149
it.: 3 obj.: 1077.6740978394 vol.: 0.3000741709 ch.: 0.1082396028
it.: 4 obj.: 1011.7208098565 vol.: 0.3001086262 ch.: 0.0836412000
it.: 5 obj.: 1006.4855876559 vol.: 0.3001787260 ch.: 0.0760420756
it.: 6 obj.: 976.9156298635 vol.: 0.3000816330 ch.: 0.0699030979
it.: 7 obj.: 982.8223834593 vol.: 0.3000068902 ch.: 0.0622697572
it.: 8 obj.: 966.9168267439 vol.: 0.3000943715 ch.: 0.0548364429
it.: 9 obj.: 972.0245936436 vol.: 0.3001666641 ch.: 0.0479240385
it.: 10 obj.: 960.5358087694 vol.: 0.3000101849 ch.: 0.0414471438
it.: 11 obj.: 967.2960788480 vol.: 0.2998830646 ch.: 0.0363927965
it.: 12 obj.: 961.1028801846 vol.: 0.3001219802 ch.: 0.0315614585
it.: 13 obj.: 963.0906924649 vol.: 0.3000674573 ch.: 0.0272130372
it.: 14 obj.: 958.3867143323 vol.: 0.2998620995 ch.: 0.0231365691
it.: 15 obj.: 963.7424451239 vol.: 0.3002187160 ch.: 0.0198252356
it.: 16 obj.: 956.5688630953 vol.: 0.3001685749 ch.: 0.0173919992
it.: 17 obj.: 959.6617928292 vol.: 0.2998478245 ch.: 0.0154657228
it.: 18 obj.: 960.0235528632 vol.: 0.3000367002 ch.: 0.0132161510
it.: 19 obj.: 960.2148281926 vol.: 0.2999401714 ch.: 0.0113445675
it.: 20 obj.: 959.1592182018 vol.: 0.2999411904 ch.: 0.0096767068
