optimizer oc
number of spatial dimensions: 3
elements: 8 x 4 x 2
volfrac: 0.3 rmin: 2.4  penal: 3.0
filter: Sensitivity based
filter mode: matrix
it.: 1 obj.: 1543.0592807143 vol.: 0.2999397409 ch.: 0.1660308374
it.: 2 obj.: 1094.0430252653 vol.: 0.2999846713 ch.: 0.1040413520
it.: 3 obj.: 1007.7107822285 vol.: 0.2999532331 ch.: 0.0858628274
it.: 4 obj.: 943.5322730594 vol.: 0.2999764548 ch.: 0.0558960543
it.: 5 obj.: 932.5152763528 vol.: 0.2998620045 ch.: 0.0489035517
it.: 6 obj.: 913.6484163851 vol.: 0.3002045802 ch.: 0.0468473221
it.: 7 obj.: 911.0590129930 vol.: 0.2998170891 ch.: 0.0425554673
it.: 8 obj.: 905.7409932152 vol.: 0.3000766802 ch.: 0.0393277354
it.: 9 obj.: 905.4019731454 vol.: 0.3002220952 ch.: 0.0341917460
it.: 10 obj.: 899.0865512125 vol.: 0.2997710507 ch.: 0.0299643801
it.: 11 obj.: 905.0631675706 vol.: 0.3002071703 ch.: 0.0260822068
it.: 12 obj.: 897.8827832391 vol.: 0.3001238435 ch.: 0.0233541878
it.: 13 obj.: 900.2068336494 vol.: 0.3002197086 ch.: 0.0202388661
it.: 14 obj.: 897.1015187505 vol.: 0.3000111675 ch.: 0.0174732079
it.: 15 obj.: 900.2299060799 vol.: 0.3002385270 ch.: 0.0150644271
it.: 16 obj.: 896.5835799773 vol.: 0.2999344545 ch.: 0.0129559676
it.: 17 obj.: 900.2975073035 vol.: 0.3002571581 ch.: 0.0111220670
it.: 18 obj.: 896.2333366516 vol.: 0.2998805995 ch.: 0.0095297797
