self bending under uniform temperature expansion with optimizer mma
number of spatial dimensions: 2
elements: 240 x 80
volfrac: 0.5 rmin: 9.6  penal: 3.0
filter: Density based
filter mode: matrix
it.: 1 obj.: -0.7906548736 vol.: 0.4555998513 ch.: 0.1999979278
it.: 2 obj.: 6.8595764963 vol.: 0.4431944738 ch.: 0.1999991683
it.: 3 obj.: 11.9410945165 vol.: 0.4600735834 ch.: 0.1999962300
it.: 4 obj.: 14.8776402178 vol.: 0.4716847579 ch.: 0.1999892136
it.: 5 obj.: 16.8538011086 vol.: 0.4804422002 ch.: 0.1999002910
it.: 6 obj.: 18.3086600056 vol.: 0.4844456361 ch.: 0.1998210781
it.: 7 obj.: 19.5859864545 vol.: 0.4855919151 ch.: 0.1998974687
it.: 8 obj.: 20.8586524819 vol.: 0.4852225220 ch.: 0.1999211897
it.: 9 obj.: 22.0980578681 vol.: 0.4854805784 ch.: 0.1999103008
it.: 10 obj.: 23.1144654597 vol.: 0.4876697093 ch.: 0.1999427400
it.: 11 obj.: 23.8577487585 vol.: 0.4902759870 ch.: 0.1999144921
it.: 12 obj.: 24.3190107173 vol.: 0.4925593626 ch.: 0.1999322887
it.: 13 obj.: 24.6904793162 vol.: 0.4944220237 ch.: 0.1999346554
it.: 14 obj.: 24.9725456623 vol.: 0.4959448688 ch.: 0.1999374023
it.: 15 obj.: 25.1861997540 vol.: 0.4970432425 ch.: 0.1999226797
it.: 16 obj.: 25.3327223017 vol.: 0.4978109508 ch.: 0.1998603218
it.: 17 obj.: 25.4411928157 vol.: 0.4982815836 ch.: 0.1997727446
it.: 18 obj.: 25.5217352720 vol.: 0.4985608214 ch.: 0.1997345585
it.: 19 obj.: 25.6008318730 vol.: 0.4987206386 ch.: 0.1997073954
it.: 20 obj.: 25.6710328147 vol.: 0.4987977413 ch.: 0.1997678357
it.: 21 obj.: 25.7439917648 vol.: 0.4989050926 ch.: 0.1997868072
it.: 22 obj.: 25.8095254635 vol.: 0.4990563734 ch.: 0.1998095056
it.: 23 obj.: 25.8773962875 vol.: 0.4991946865 ch.: 0.1998303610
it.: 24 obj.: 25.9376548264 vol.: 0.4992891795 ch.: 0.1998334821
it.: 25 obj.: 25.9960668379 vol.: 0.4993513848 ch.: 0.1998145207
it.: 26 obj.: 26.0514656450 vol.: 0.4993933259 ch.: 0.1998123790
it.: 27 obj.: 26.1045220563 vol.: 0.4994523575 ch.: 0.1998062017
it.: 28 obj.: 26.1539108805 vol.: 0.4995082832 ch.: 0.1998281111
it.: 29 obj.: 26.1980693425 vol.: 0.4995304601 ch.: 0.1998191415
it.: 30 obj.: 26.2401622113 vol.: 0.4995301315 ch.: 0.1998161393
it.: 31 obj.: 26.2830111168 vol.: 0.4995342024 ch.: 0.1998098250
it.: 32 obj.: 26.3258849454 vol.: 0.4995409839 ch.: 0.1997939846
it.: 33 obj.: 26.3688870844 vol.: 0.4995382695 ch.: 0.1998229642
it.: 34 obj.: 26.4134118130 vol.: 0.4995403445 ch.: 0.1998232617
it.: 35 obj.: 26.4604767068 vol.: 0.4995623874 ch.: 0.1998316681
it.: 36 obj.: 26.5067974627 vol.: 0.4995908988 ch.: 0.1998230764
it.: 37 obj.: 26.5506805527 vol.: 0.4996317786 ch.: 0.1998631703
it.: 38 obj.: 26.5928932872 vol.: 0.4996576364 ch.: 0.1998511152
it.: 39 obj.: 26.6331908344 vol.: 0.4996733521 ch.: 0.1997990648
it.: 40 obj.: 26.6701814276 vol.: 0.4996863515 ch.: 0.1998122986
it.: 41 obj.: 26.7065734631 vol.: 0.4997031158 ch.: 0.1998163224
it.: 42 obj.: 26.7417607727 vol.: 0.4997205684 ch.: 0.1998011468
it.: 43 obj.: 26.7749561392 vol.: 0.4997331791 ch.: 0.1997801750
it.: 44 obj.: 26.8051963902 vol.: 0.4997402544 ch.: 0.1997971954
it.: 45 obj.: 26.8344769553 vol.: 0.4997440552 ch.: 0.1997918531
it.: 46 obj.: 26.8634690481 vol.: 0.4997528393 ch.: 0.1997913911
it.: 47 obj.: 26.8922476966 vol.: 0.4997652462 ch.: 0.1998087489
it.: 48 obj.: 26.9183863011 vol.: 0.4997783625 ch.: 0.1998069346
it.: 49 obj.: 26.9425437256 vol.: 0.4997886786 ch.: 0.1997631541
it.: 50 obj.: 26.9652254753 vol.: 0.4997987126 ch.: 0.1997905828
it.: 51 obj.: 26.9871895421 vol.: 0.4998073882 ch.: 0.1997925308
it.: 52 obj.: 27.0074789286 vol.: 0.4998133524 ch.: 0.1998028103
it.: 53 obj.: 27.0272449015 vol.: 0.4998186123 ch.: 0.1997760095
it.: 54 obj.: 27.0461511972 vol.: 0.4998199789 ch.: 0.1997721877
it.: 55 obj.: 27.0644859512 vol.: 0.4998185190 ch.: 0.1997816538
it.: 56 obj.: 27.0823995669 vol.: 0.4998164078 ch.: 0.1997504039
it.: 57 obj.: 27.0998543297 vol.: 0.4998109844 ch.: 0.1997234664
it.: 58 obj.: 27.1190437665 vol.: 0.4998026523 ch.: 0.1997265233
it.: 59 obj.: 27.1419365066 vol.: 0.4997988330 ch.: 0.1998468832
it.: 60 obj.: 27.1679470161 vol.: 0.4998042422 ch.: 0.1999138610
it.: 61 obj.: 27.1928239269 vol.: 0.4998204886 ch.: 0.1999167302
it.: 62 obj.: 27.2131069626 vol.: 0.4998437542 ch.: 0.1999255708
it.: 63 obj.: 27.2276790807 vol.: 0.4998665809 ch.: 0.1997649532
it.: 64 obj.: 27.2388360545 vol.: 0.4998834787 ch.: 0.1995959560
it.: 65 obj.: 27.2489497831 vol.: 0.4998976034 ch.: 0.1996235605
it.: 66 obj.: 27.2585306954 vol.: 0.4999089295 ch.: 0.1996315791
it.: 67 obj.: 27.2676261341 vol.: 0.4999171090 ch.: 0.1995874176
it.: 68 obj.: 27.2761342626 vol.: 0.4999246510 ch.: 0.1996138245
it.: 69 obj.: 27.2835439227 vol.: 0.4999297378 ch.: 0.1996251450
it.: 70 obj.: 27.2898061254 vol.: 0.4999327543 ch.: 0.1994897579
it.: 71 obj.: 27.2957994225 vol.: 0.4999340011 ch.: 0.1994602707
it.: 72 obj.: 27.3017812157 vol.: 0.4999329437 ch.: 0.1994439260
it.: 73 obj.: 27.3081805491 vol.: 0.4999331840 ch.: 0.1994161926
it.: 74 obj.: 27.3153409976 vol.: 0.4999355079 ch.: 0.1994046183
it.: 75 obj.: 27.3228709700 vol.: 0.4999390865 ch.: 0.1994640190
it.: 76 obj.: 27.3309018478 vol.: 0.4999429701 ch.: 0.1994422664
it.: 77 obj.: 27.3385572910 vol.: 0.4999452629 ch.: 0.1993071331
it.: 78 obj.: 27.3457546476 vol.: 0.4999467630 ch.: 0.1992366153
it.: 79 obj.: 27.3522121611 vol.: 0.4999484704 ch.: 0.1992845694
it.: 80 obj.: 27.3578481141 vol.: 0.4999483984 ch.: 0.1994021422
it.: 81 obj.: 27.3632770778 vol.: 0.4999478044 ch.: 0.1993140266
it.: 82 obj.: 27.3690646963 vol.: 0.4999449703 ch.: 0.1994011419
it.: 83 obj.: 27.3754080959 vol.: 0.4999436316 ch.: 0.1994469669
it.: 84 obj.: 27.3828639585 vol.: 0.4999444969 ch.: 0.1994916960
it.: 85 obj.: 27.3905151027 vol.: 0.4999470024 ch.: 0.1995024274
it.: 86 obj.: 27.3988125194 vol.: 0.4999494340 ch.: 0.1994165285
it.: 87 obj.: 27.4063995311 vol.: 0.4999508125 ch.: 0.1995546581
it.: 88 obj.: 27.4127577281 vol.: 0.4999511199 ch.: 0.1993890839
it.: 89 obj.: 27.4186991366 vol.: 0.4999509199 ch.: 0.1993613961
it.: 90 obj.: 27.4243071079 vol.: 0.4999506806 ch.: 0.1995490449
it.: 91 obj.: 27.4296864378 vol.: 0.4999496151 ch.: 0.1995473956
it.: 92 obj.: 27.4354201516 vol.: 0.4999473044 ch.: 0.1993939434
it.: 93 obj.: 27.4418168541 vol.: 0.4999459561 ch.: 0.1994289856
it.: 94 obj.: 27.4492884275 vol.: 0.4999471523 ch.: 0.1994960413
it.: 95 obj.: 27.4573900020 vol.: 0.4999493842 ch.: 0.1994887965
it.: 96 obj.: 27.4658980523 vol.: 0.4999514730 ch.: 0.1994817384
it.: 97 obj.: 27.4733838779 vol.: 0.4999520759 ch.: 0.1993839545
it.: 98 obj.: 27.4797308795 vol.: 0.4999517625 ch.: 0.1994294541
it.: 99 obj.: 27.4850412157 vol.: 0.4999508321 ch.: 0.1995161319
it.: 100 obj.: 27.4906003821 vol.: 0.4999502187 ch.: 0.1995478809
it.: 101 obj.: 27.4959586140 vol.: 0.4999494112 ch.: 0.1995153527
it.: 102 obj.: 27.5015507651 vol.: 0.4999481490 ch.: 0.1996029098
it.: 103 obj.: 27.5080684813 vol.: 0.4999471240 ch.: 0.1995240660
it.: 104 obj.: 27.5159348909 vol.: 0.4999489192 ch.: 0.1994673140
it.: 105 obj.: 27.5248457105 vol.: 0.4999515377 ch.: 0.1994466397
it.: 106 obj.: 27.5335070529 vol.: 0.4999535390 ch.: 0.1993495007
it.: 107 obj.: 27.5412597847 vol.: 0.4999533242 ch.: 0.1992232059
it.: 108 obj.: 27.5481453178 vol.: 0.4999533860 ch.: 0.1992426377
it.: 109 obj.: 27.5541466758 vol.: 0.4999521407 ch.: 0.1993313774
it.: 110 obj.: 27.5598721389 vol.: 0.4999515995 ch.: 0.1995305015
it.: 111 obj.: 27.5652745955 vol.: 0.4999513541 ch.: 0.1995089233
it.: 112 obj.: 27.5706365957 vol.: 0.4999510673 ch.: 0.1996151646
it.: 113 obj.: 27.5763362390 vol.: 0.4999516695 ch.: 0.1995313050
it.: 114 obj.: 27.5836562265 vol.: 0.4999533562 ch.: 0.1993859311
it.: 115 obj.: 27.5916438086 vol.: 0.4999565591 ch.: 0.1994483895
it.: 116 obj.: 27.5990074096 vol.: 0.4999589222 ch.: 0.1993532817
it.: 117 obj.: 27.6057725278 vol.: 0.4999610273 ch.: 0.1991645847
it.: 118 obj.: 27.6115431142 vol.: 0.4999617457 ch.: 0.1991009163
it.: 119 obj.: 27.6165054257 vol.: 0.4999620413 ch.: 0.1992799506
it.: 120 obj.: 27.6210892108 vol.: 0.4999622771 ch.: 0.1992041364
it.: 121 obj.: 27.6251359729 vol.: 0.4999627477 ch.: 0.1995132258
it.: 122 obj.: 27.6288467420 vol.: 0.4999632736 ch.: 0.1994346057
it.: 123 obj.: 27.6326235998 vol.: 0.4999635211 ch.: 0.1992858892
it.: 124 obj.: 27.6369294370 vol.: 0.4999634028 ch.: 0.1994424979
it.: 125 obj.: 27.6416533674 vol.: 0.4999634112 ch.: 0.1992950136
it.: 126 obj.: 27.6472506700 vol.: 0.4999648683 ch.: 0.1992821240
it.: 127 obj.: 27.6532618701 vol.: 0.4999674844 ch.: 0.1991773291
it.: 128 obj.: 27.6589217728 vol.: 0.4999693296 ch.: 0.1990896327
it.: 129 obj.: 27.6641862334 vol.: 0.4999713459 ch.: 0.1985826303
it.: 130 obj.: 27.6690877444 vol.: 0.4999734411 ch.: 0.1979217186
it.: 131 obj.: 27.6731344734 vol.: 0.4999747399 ch.: 0.1980673857
it.: 132 obj.: 27.6765322907 vol.: 0.4999755990 ch.: 0.1979427363
it.: 133 obj.: 27.6797567735 vol.: 0.4999756053 ch.: 0.1990570626
it.: 134 obj.: 27.6827894755 vol.: 0.4999770317 ch.: 0.1986896586
it.: 135 obj.: 27.6851725763 vol.: 0.4999774811 ch.: 0.1991538082
it.: 136 obj.: 27.6877992278 vol.: 0.4999771142 ch.: 0.1987098437
it.: 137 obj.: 27.6904851020 vol.: 0.4999771946 ch.: 0.1991086838
it.: 138 obj.: 27.6933457711 vol.: 0.4999766008 ch.: 0.1986579007
it.: 139 obj.: 27.6960966410 vol.: 0.4999761764 ch.: 0.1983959068
it.: 140 obj.: 27.6990548718 vol.: 0.4999749464 ch.: 0.1990551044
it.: 141 obj.: 27.7021730985 vol.: 0.4999745688 ch.: 0.1990666460
it.: 142 obj.: 27.7059296087 vol.: 0.4999759085 ch.: 0.1990394669
it.: 143 obj.: 27.7098555756 vol.: 0.4999767095 ch.: 0.1992080839
it.: 144 obj.: 27.7138312085 vol.: 0.4999787349 ch.: 0.1988919687
it.: 145 obj.: 27.7171816233 vol.: 0.4999806062 ch.: 0.1981207923
it.: 146 obj.: 27.7203453249 vol.: 0.4999823960 ch.: 0.1951089149
it.: 147 obj.: 27.7234111355 vol.: 0.4999842360 ch.: 0.1971755049
it.: 148 obj.: 27.7263091052 vol.: 0.4999853600 ch.: 0.1866547177
it.: 149 obj.: 27.7287680710 vol.: 0.4999866595 ch.: 0.1963488210
it.: 150 obj.: 27.7308355019 vol.: 0.4999874555 ch.: 0.1795260883
it.: 151 obj.: 27.7328715732 vol.: 0.4999873478 ch.: 0.1944818715
it.: 152 obj.: 27.7347335847 vol.: 0.4999877500 ch.: 0.1782944699
it.: 153 obj.: 27.7365406160 vol.: 0.4999875723 ch.: 0.1933236310
it.: 154 obj.: 27.7382155192 vol.: 0.4999869762 ch.: 0.1961243106
it.: 155 obj.: 27.7397771913 vol.: 0.4999859857 ch.: 0.1944174312
it.: 156 obj.: 27.7412666765 vol.: 0.4999844866 ch.: 0.1968485962
it.: 157 obj.: 27.7430176804 vol.: 0.4999824448 ch.: 0.1987710036
it.: 158 obj.: 27.7449670261 vol.: 0.4999802235 ch.: 0.1986064818
it.: 159 obj.: 27.7471676916 vol.: 0.4999779620 ch.: 0.1991775705
it.: 160 obj.: 27.7495703931 vol.: 0.4999776326 ch.: 0.1991646862
it.: 161 obj.: 27.7524697841 vol.: 0.4999789541 ch.: 0.1990692837
it.: 162 obj.: 27.7554868698 vol.: 0.4999803432 ch.: 0.1987031113
it.: 163 obj.: 27.7587029903 vol.: 0.4999823289 ch.: 0.1977372375
it.: 164 obj.: 27.7617610713 vol.: 0.4999837008 ch.: 0.1967306661
it.: 165 obj.: 27.7648925861 vol.: 0.4999850902 ch.: 0.1921521509
it.: 166 obj.: 27.7678252418 vol.: 0.4999861463 ch.: 0.1920474148
it.: 167 obj.: 27.7703290750 vol.: 0.4999866985 ch.: 0.1908915246
it.: 168 obj.: 27.7725092147 vol.: 0.4999875958 ch.: 0.1910876081
it.: 169 obj.: 27.7744096419 vol.: 0.4999884303 ch.: 0.1901064593
it.: 170 obj.: 27.7762187747 vol.: 0.4999886737 ch.: 0.1886599503
it.: 171 obj.: 27.7776548892 vol.: 0.4999894678 ch.: 0.1929915010
it.: 172 obj.: 27.7792302223 vol.: 0.4999901919 ch.: 0.1946165839
it.: 173 obj.: 27.7806786486 vol.: 0.4999910517 ch.: 0.1851144221
it.: 174 obj.: 27.7820666828 vol.: 0.4999918425 ch.: 0.1893261111
it.: 175 obj.: 27.7833967927 vol.: 0.4999924353 ch.: 0.1756395413
it.: 176 obj.: 27.7844960668 vol.: 0.4999931597 ch.: 0.1550707142
it.: 177 obj.: 27.7855973746 vol.: 0.4999934853 ch.: 0.1598706644
it.: 178 obj.: 27.7864856477 vol.: 0.4999938463 ch.: 0.1559591336
it.: 179 obj.: 27.7872993128 vol.: 0.4999942257 ch.: 0.1408117602
it.: 180 obj.: 27.7882407764 vol.: 0.4999944485 ch.: 0.1519410949
it.: 181 obj.: 27.7890698822 vol.: 0.4999947057 ch.: 0.1464351721
it.: 182 obj.: 27.7898319743 vol.: 0.4999950776 ch.: 0.1412187475
it.: 183 obj.: 27.7905738372 vol.: 0.4999956185 ch.: 0.1311119877
it.: 184 obj.: 27.7910673628 vol.: 0.4999961238 ch.: 0.1262828048
it.: 185 obj.: 27.7915744303 vol.: 0.4999967284 ch.: 0.1173822331
it.: 186 obj.: 27.7922019007 vol.: 0.4999970393 ch.: 0.1225729286
it.: 187 obj.: 27.7928152390 vol.: 0.4999972599 ch.: 0.1159810527
it.: 188 obj.: 27.7934787096 vol.: 0.4999975204 ch.: 0.1081252021
it.: 189 obj.: 27.7941004952 vol.: 0.4999978291 ch.: 0.0969540584
it.: 190 obj.: 27.7947245035 vol.: 0.4999980072 ch.: 0.1003877834
it.: 191 obj.: 27.7952832121 vol.: 0.4999980673 ch.: 0.1030559076
it.: 192 obj.: 27.7957930708 vol.: 0.4999981059 ch.: 0.1015827446
it.: 193 obj.: 27.7962322631 vol.: 0.4999982316 ch.: 0.0987274882
it.: 194 obj.: 27.7966930699 vol.: 0.4999983870 ch.: 0.1032537607
it.: 195 obj.: 27.7972142766 vol.: 0.4999984728 ch.: 0.1064744134
it.: 196 obj.: 27.7977572208 vol.: 0.4999985828 ch.: 0.0902594307
it.: 197 obj.: 27.7983016067 vol.: 0.4999987421 ch.: 0.0939950934
it.: 198 obj.: 27.7988427659 vol.: 0.4999988571 ch.: 0.0737158684
it.: 199 obj.: 27.7994145207 vol.: 0.4999989447 ch.: 0.0718103057
it.: 200 obj.: 27.7999507827 vol.: 0.4999990069 ch.: 0.0761831889
it.: 201 obj.: 27.8004646447 vol.: 0.4999990726 ch.: 0.0788702284
it.: 202 obj.: 27.8009391104 vol.: 0.4999991207 ch.: 0.0775931870
it.: 203 obj.: 27.8013945224 vol.: 0.4999991655 ch.: 0.0777854583
it.: 204 obj.: 27.8018343741 vol.: 0.4999991875 ch.: 0.0740205303
it.: 205 obj.: 27.8022728386 vol.: 0.4999992209 ch.: 0.0689772383
it.: 206 obj.: 27.8027470948 vol.: 0.4999992444 ch.: 0.0710283815
it.: 207 obj.: 27.8032512602 vol.: 0.4999992808 ch.: 0.0721335561
it.: 208 obj.: 27.8037212010 vol.: 0.4999993017 ch.: 0.0704002476
it.: 209 obj.: 27.8041607788 vol.: 0.4999993404 ch.: 0.0700270293
it.: 210 obj.: 27.8045918677 vol.: 0.4999993718 ch.: 0.0676805891
it.: 211 obj.: 27.8050477534 vol.: 0.4999993975 ch.: 0.0658052438
it.: 212 obj.: 27.8055502777 vol.: 0.4999994391 ch.: 0.0665014677
it.: 213 obj.: 27.8060829831 vol.: 0.4999994844 ch.: 0.0543058193
it.: 214 obj.: 27.8066375580 vol.: 0.4999995481 ch.: 0.0469694012
it.: 215 obj.: 27.8071651161 vol.: 0.4999995997 ch.: 0.0475581579
it.: 216 obj.: 27.8076622497 vol.: 0.4999996210 ch.: 0.0490815949
it.: 217 obj.: 27.8081581369 vol.: 0.4999996323 ch.: 0.0504683727
it.: 218 obj.: 27.8086427194 vol.: 0.4999996410 ch.: 0.0514891698
it.: 219 obj.: 27.8090972112 vol.: 0.4999996403 ch.: 0.0524029650
it.: 220 obj.: 27.8095420116 vol.: 0.4999996387 ch.: 0.0535208980
it.: 221 obj.: 27.8099869420 vol.: 0.4999996334 ch.: 0.0544959657
it.: 222 obj.: 27.8104227863 vol.: 0.4999996270 ch.: 0.0552911156
it.: 223 obj.: 27.8108459250 vol.: 0.4999996265 ch.: 0.0558422387
it.: 224 obj.: 27.8112423596 vol.: 0.4999996251 ch.: 0.0558306208
it.: 225 obj.: 27.8116117801 vol.: 0.4999996171 ch.: 0.0545770422
it.: 226 obj.: 27.8119674567 vol.: 0.4999996195 ch.: 0.0488596505
it.: 227 obj.: 27.8123229655 vol.: 0.4999996268 ch.: 0.0485478405
it.: 228 obj.: 27.8126690045 vol.: 0.4999996408 ch.: 0.0501849577
it.: 229 obj.: 27.8130095096 vol.: 0.4999996523 ch.: 0.0513395373
it.: 230 obj.: 27.8133224379 vol.: 0.4999996546 ch.: 0.0523600238
it.: 231 obj.: 27.8136089143 vol.: 0.4999996546 ch.: 0.0533612528
it.: 232 obj.: 27.8138740760 vol.: 0.4999996607 ch.: 0.0537804476
it.: 233 obj.: 27.8141042985 vol.: 0.4999996659 ch.: 0.0536265885
it.: 234 obj.: 27.8143236708 vol.: 0.4999996751 ch.: 0.0486735082
it.: 235 obj.: 27.8145494113 vol.: 0.4999996779 ch.: 0.0494860366
it.: 236 obj.: 27.8147787952 vol.: 0.4999996765 ch.: 0.0494602257
it.: 237 obj.: 27.8149863653 vol.: 0.4999996754 ch.: 0.0500719531
it.: 238 obj.: 27.8151752985 vol.: 0.4999996846 ch.: 0.0503406008
it.: 239 obj.: 27.8153503271 vol.: 0.4999997044 ch.: 0.0490983780
it.: 240 obj.: 27.8155168067 vol.: 0.4999997309 ch.: 0.0421533630
it.: 241 obj.: 27.8156680789 vol.: 0.4999997559 ch.: 0.0385652999
it.: 242 obj.: 27.8157947925 vol.: 0.4999997801 ch.: 0.0388688122
it.: 243 obj.: 27.8158782089 vol.: 0.4999997917 ch.: 0.0393220849
it.: 244 obj.: 27.8159458210 vol.: 0.4999997968 ch.: 0.0397036148
it.: 245 obj.: 27.8160039639 vol.: 0.4999997999 ch.: 0.0396831015
it.: 246 obj.: 27.8160471839 vol.: 0.4999998021 ch.: 0.0381535128
it.: 247 obj.: 27.8160783578 vol.: 0.4999998123 ch.: 0.0355479079
it.: 248 obj.: 27.8161042413 vol.: 0.4999998216 ch.: 0.0359551156
it.: 249 obj.: 27.8161320150 vol.: 0.4999998253 ch.: 0.0363229746
it.: 250 obj.: 27.8161585796 vol.: 0.4999998266 ch.: 0.0366961691
it.: 251 obj.: 27.8161813106 vol.: 0.4999998300 ch.: 0.0370761943
it.: 252 obj.: 27.8161973226 vol.: 0.4999998331 ch.: 0.0372127887
it.: 253 obj.: 27.8162162103 vol.: 0.4999998399 ch.: 0.0371309113
it.: 254 obj.: 27.8162415185 vol.: 0.4999998459 ch.: 0.0367737455
it.: 255 obj.: 27.8162594630 vol.: 0.4999998502 ch.: 0.0358063403
it.: 256 obj.: 27.8162712028 vol.: 0.4999998579 ch.: 0.0359982246
it.: 257 obj.: 27.8162660730 vol.: 0.4999998632 ch.: 0.0360236886
it.: 258 obj.: 27.8162470560 vol.: 0.4999998641 ch.: 0.0361630298
it.: 259 obj.: 27.8162278879 vol.: 0.4999998627 ch.: 0.0364681608
it.: 260 obj.: 27.8162136372 vol.: 0.4999998612 ch.: 0.0368985199
it.: 261 obj.: 27.8162071591 vol.: 0.4999998617 ch.: 0.0373388571
it.: 262 obj.: 27.8162170081 vol.: 0.4999998629 ch.: 0.0377364818
it.: 263 obj.: 27.8162457103 vol.: 0.4999998629 ch.: 0.0374500708
it.: 264 obj.: 27.8162809062 vol.: 0.4999998653 ch.: 0.0334538208
it.: 265 obj.: 27.8163168951 vol.: 0.4999998727 ch.: 0.0340683534
it.: 266 obj.: 27.8163594520 vol.: 0.4999998775 ch.: 0.0344804952
it.: 267 obj.: 27.8164021483 vol.: 0.4999998817 ch.: 0.0350668203
it.: 268 obj.: 27.8164345705 vol.: 0.4999998830 ch.: 0.0355789869
it.: 269 obj.: 27.8164625963 vol.: 0.4999998827 ch.: 0.0360139611
it.: 270 obj.: 27.8164911118 vol.: 0.4999998826 ch.: 0.0362300391
it.: 271 obj.: 27.8165217232 vol.: 0.4999998874 ch.: 0.0361413365
it.: 272 obj.: 27.8165647595 vol.: 0.4999998954 ch.: 0.0354786849
it.: 273 obj.: 27.8166214174 vol.: 0.4999999044 ch.: 0.0329248178
it.: 274 obj.: 27.8166756051 vol.: 0.4999999144 ch.: 0.0307275394
it.: 275 obj.: 27.8167140920 vol.: 0.4999999215 ch.: 0.0306629351
it.: 276 obj.: 27.8167391022 vol.: 0.4999999250 ch.: 0.0305060620
it.: 277 obj.: 27.8167624055 vol.: 0.4999999269 ch.: 0.0303979201
it.: 278 obj.: 27.8167870955 vol.: 0.4999999259 ch.: 0.0303337107
it.: 279 obj.: 27.8168158716 vol.: 0.4999999274 ch.: 0.0302911105
it.: 280 obj.: 27.8168429241 vol.: 0.4999999262 ch.: 0.0302331632
it.: 281 obj.: 27.8168716563 vol.: 0.4999999272 ch.: 0.0301153643
it.: 282 obj.: 27.8168947004 vol.: 0.4999999299 ch.: 0.0298558877
it.: 283 obj.: 27.8169061398 vol.: 0.4999999315 ch.: 0.0295695773
it.: 284 obj.: 27.8169136251 vol.: 0.4999999333 ch.: 0.0292982863
it.: 285 obj.: 27.8169177012 vol.: 0.4999999367 ch.: 0.0289313171
it.: 286 obj.: 27.8169119043 vol.: 0.4999999397 ch.: 0.0284537982
it.: 287 obj.: 27.8168973164 vol.: 0.4999999438 ch.: 0.0279725618
it.: 288 obj.: 27.8168822420 vol.: 0.4999999456 ch.: 0.0275269641
it.: 289 obj.: 27.8168724121 vol.: 0.4999999459 ch.: 0.0270439412
it.: 290 obj.: 27.8168664194 vol.: 0.4999999459 ch.: 0.0263435902
it.: 291 obj.: 27.8168638825 vol.: 0.4999999463 ch.: 0.0247866821
it.: 292 obj.: 27.8168665049 vol.: 0.4999999495 ch.: 0.0244756008
it.: 293 obj.: 27.8168805569 vol.: 0.4999999536 ch.: 0.0244756109
it.: 294 obj.: 27.8169092882 vol.: 0.4999999560 ch.: 0.0243627009
it.: 295 obj.: 27.8169414686 vol.: 0.4999999572 ch.: 0.0242482793
it.: 296 obj.: 27.8169739101 vol.: 0.4999999580 ch.: 0.0241452633
it.: 297 obj.: 27.8170073355 vol.: 0.4999999586 ch.: 0.0240637874
it.: 298 obj.: 27.8170413838 vol.: 0.4999999587 ch.: 0.0240228887
it.: 299 obj.: 27.8170746285 vol.: 0.4999999586 ch.: 0.0240229130
it.: 300 obj.: 27.8171060039 vol.: 0.4999999586 ch.: 0.0240591949
it.: 301 obj.: 27.8171349461 vol.: 0.4999999590 ch.: 0.0241494306
it.: 302 obj.: 27.8171597071 vol.: 0.4999999595 ch.: 0.0242904974
it.: 303 obj.: 27.8171793569 vol.: 0.4999999596 ch.: 0.0244041491
it.: 304 obj.: 27.8171963364 vol.: 0.4999999592 ch.: 0.0244099678
it.: 305 obj.: 27.8172121457 vol.: 0.4999999586 ch.: 0.0243718644
it.: 306 obj.: 27.8172274870 vol.: 0.4999999581 ch.: 0.0242684642
it.: 307 obj.: 27.8172426160 vol.: 0.4999999575 ch.: 0.0240402669
it.: 308 obj.: 27.8172575280 vol.: 0.4999999572 ch.: 0.0235164705
it.: 309 obj.: 27.8172723472 vol.: 0.4999999578 ch.: 0.0220740491
it.: 310 obj.: 27.8172875827 vol.: 0.4999999601 ch.: 0.0201169671
it.: 311 obj.: 27.8173039610 vol.: 0.4999999634 ch.: 0.0201556775
it.: 312 obj.: 27.8173171555 vol.: 0.4999999655 ch.: 0.0202619283
it.: 313 obj.: 27.8173267490 vol.: 0.4999999673 ch.: 0.0202963157
it.: 314 obj.: 27.8173318222 vol.: 0.4999999692 ch.: 0.0202463343
it.: 315 obj.: 27.8173304985 vol.: 0.4999999707 ch.: 0.0201437306
it.: 316 obj.: 27.8173248137 vol.: 0.4999999718 ch.: 0.0200137842
it.: 317 obj.: 27.8173165097 vol.: 0.4999999723 ch.: 0.0198999092
it.: 318 obj.: 27.8173068600 vol.: 0.4999999724 ch.: 0.0198213380
it.: 319 obj.: 27.8172973663 vol.: 0.4999999722 ch.: 0.0197717137
it.: 320 obj.: 27.8172884947 vol.: 0.4999999718 ch.: 0.0197462108
it.: 321 obj.: 27.8172803612 vol.: 0.4999999713 ch.: 0.0197377365
it.: 322 obj.: 27.8172730616 vol.: 0.4999999708 ch.: 0.0197458661
it.: 323 obj.: 27.8172666696 vol.: 0.4999999701 ch.: 0.0197738111
it.: 324 obj.: 27.8172608185 vol.: 0.4999999695 ch.: 0.0198182647
it.: 325 obj.: 27.8172556626 vol.: 0.4999999687 ch.: 0.0198777500
it.: 326 obj.: 27.8172513560 vol.: 0.4999999680 ch.: 0.0199533915
it.: 327 obj.: 27.8172477287 vol.: 0.4999999673 ch.: 0.0200491908
it.: 328 obj.: 27.8172449379 vol.: 0.4999999666 ch.: 0.0201647876
it.: 329 obj.: 27.8172436470 vol.: 0.4999999661 ch.: 0.0203029132
it.: 330 obj.: 27.8172446760 vol.: 0.4999999657 ch.: 0.0204440492
it.: 331 obj.: 27.8172481121 vol.: 0.4999999650 ch.: 0.0205553130
it.: 332 obj.: 27.8172524383 vol.: 0.4999999641 ch.: 0.0205806869
it.: 333 obj.: 27.8172561634 vol.: 0.4999999633 ch.: 0.0205858644
it.: 334 obj.: 27.8172586803 vol.: 0.4999999626 ch.: 0.0206069271
it.: 335 obj.: 27.8172595134 vol.: 0.4999999623 ch.: 0.0207867749
it.: 336 obj.: 27.8172570273 vol.: 0.4999999621 ch.: 0.0209073000
it.: 337 obj.: 27.8172516028 vol.: 0.4999999613 ch.: 0.0208638162
it.: 338 obj.: 27.8172476516 vol.: 0.4999999604 ch.: 0.0205492241
it.: 339 obj.: 27.8172464271 vol.: 0.4999999599 ch.: 0.0195685024
it.: 340 obj.: 27.8172482295 vol.: 0.4999999605 ch.: 0.0203043196
it.: 341 obj.: 27.8172538239 vol.: 0.4999999617 ch.: 0.0212980074
it.: 342 obj.: 27.8172595013 vol.: 0.4999999621 ch.: 0.0224131699
it.: 343 obj.: 27.8172631525 vol.: 0.4999999616 ch.: 0.0236036463
it.: 344 obj.: 27.8172670851 vol.: 0.4999999608 ch.: 0.0248277056
it.: 345 obj.: 27.8172725730 vol.: 0.4999999603 ch.: 0.0261002325
it.: 346 obj.: 27.8172812716 vol.: 0.4999999597 ch.: 0.0274262569
it.: 347 obj.: 27.8172939434 vol.: 0.4999999587 ch.: 0.0287626105
it.: 348 obj.: 27.8173083337 vol.: 0.4999999572 ch.: 0.0301003877
it.: 349 obj.: 27.8173228609 vol.: 0.4999999554 ch.: 0.0314561722
it.: 350 obj.: 27.8173370756 vol.: 0.4999999536 ch.: 0.0328488385
it.: 351 obj.: 27.8173507601 vol.: 0.4999999518 ch.: 0.0342838490
it.: 352 obj.: 27.8173633395 vol.: 0.4999999500 ch.: 0.0357586756
it.: 353 obj.: 27.8173736201 vol.: 0.4999999481 ch.: 0.0372997518
it.: 354 obj.: 27.8173816748 vol.: 0.4999999456 ch.: 0.0389477517
it.: 355 obj.: 27.8173889629 vol.: 0.4999999427 ch.: 0.0406938278
it.: 356 obj.: 27.8173967378 vol.: 0.4999999396 ch.: 0.0422620048
it.: 357 obj.: 27.8174055083 vol.: 0.4999999365 ch.: 0.0435565985
it.: 358 obj.: 27.8174156038 vol.: 0.4999999340 ch.: 0.0433049199
it.: 359 obj.: 27.8174275924 vol.: 0.4999999376 ch.: 0.0273175675
it.: 360 obj.: 27.8174491952 vol.: 0.4999999438 ch.: 0.0197461724
it.: 361 obj.: 27.8174782582 vol.: 0.4999999487 ch.: 0.0202612315
it.: 362 obj.: 27.8174922681 vol.: 0.4999999513 ch.: 0.0207545427
it.: 363 obj.: 27.8174979826 vol.: 0.4999999520 ch.: 0.0211425622
it.: 364 obj.: 27.8175030804 vol.: 0.4999999516 ch.: 0.0214918700
it.: 365 obj.: 27.8175086674 vol.: 0.4999999508 ch.: 0.0218302697
it.: 366 obj.: 27.8175148419 vol.: 0.4999999497 ch.: 0.0221662588
it.: 367 obj.: 27.8175216381 vol.: 0.4999999484 ch.: 0.0225042064
it.: 368 obj.: 27.8175291589 vol.: 0.4999999471 ch.: 0.0228363733
it.: 369 obj.: 27.8175377482 vol.: 0.4999999463 ch.: 0.0230852493
it.: 370 obj.: 27.8175488596 vol.: 0.4999999463 ch.: 0.0232406616
it.: 371 obj.: 27.8175660134 vol.: 0.4999999463 ch.: 0.0233617295
it.: 372 obj.: 27.8175878892 vol.: 0.4999999458 ch.: 0.0234808190
it.: 373 obj.: 27.8176093621 vol.: 0.4999999450 ch.: 0.0235145037
it.: 374 obj.: 27.8176291642 vol.: 0.4999999441 ch.: 0.0239653568
it.: 375 obj.: 27.8176470829 vol.: 0.4999999436 ch.: 0.0243674962
it.: 376 obj.: 27.8176626383 vol.: 0.4999999443 ch.: 0.0246664556
it.: 377 obj.: 27.8176721987 vol.: 0.4999999451 ch.: 0.0248504352
it.: 378 obj.: 27.8176749898 vol.: 0.4999999452 ch.: 0.0249678516
it.: 379 obj.: 27.8176764422 vol.: 0.4999999452 ch.: 0.0250329759
it.: 380 obj.: 27.8176783942 vol.: 0.4999999462 ch.: 0.0250481794
it.: 381 obj.: 27.8176802956 vol.: 0.4999999492 ch.: 0.0249460560
it.: 382 obj.: 27.8176827102 vol.: 0.4999999518 ch.: 0.0246056802
it.: 383 obj.: 27.8176904723 vol.: 0.4999999534 ch.: 0.0236558753
it.: 384 obj.: 27.8177032705 vol.: 0.4999999554 ch.: 0.0234128699
it.: 385 obj.: 27.8177223746 vol.: 0.4999999586 ch.: 0.0236562414
it.: 386 obj.: 27.8177528623 vol.: 0.4999999613 ch.: 0.0239410345
it.: 387 obj.: 27.8177914202 vol.: 0.4999999634 ch.: 0.0241705798
it.: 388 obj.: 27.8178307600 vol.: 0.4999999645 ch.: 0.0242979605
it.: 389 obj.: 27.8178687181 vol.: 0.4999999650 ch.: 0.0242564449
it.: 390 obj.: 27.8179052679 vol.: 0.4999999650 ch.: 0.0241508484
it.: 391 obj.: 27.8179415094 vol.: 0.4999999647 ch.: 0.0239864427
it.: 392 obj.: 27.8179780986 vol.: 0.4999999644 ch.: 0.0237210563
it.: 393 obj.: 27.8180151050 vol.: 0.4999999640 ch.: 0.0232247829
it.: 394 obj.: 27.8180527099 vol.: 0.4999999638 ch.: 0.0220561197
it.: 395 obj.: 27.8180913842 vol.: 0.4999999644 ch.: 0.0220051653
it.: 396 obj.: 27.8181327883 vol.: 0.4999999661 ch.: 0.0222427475
it.: 397 obj.: 27.8181805510 vol.: 0.4999999671 ch.: 0.0224139406
it.: 398 obj.: 27.8182314407 vol.: 0.4999999675 ch.: 0.0224877764
it.: 399 obj.: 27.8182815300 vol.: 0.4999999676 ch.: 0.0225170530
it.: 400 obj.: 27.8183302471 vol.: 0.4999999675 ch.: 0.0225279094
it.: 401 obj.: 27.8183777292 vol.: 0.4999999673 ch.: 0.0225311651
it.: 402 obj.: 27.8184243031 vol.: 0.4999999670 ch.: 0.0225315098
it.: 403 obj.: 27.8184699984 vol.: 0.4999999667 ch.: 0.0225306257
it.: 404 obj.: 27.8185149564 vol.: 0.4999999663 ch.: 0.0225303843
it.: 405 obj.: 27.8185593382 vol.: 0.4999999659 ch.: 0.0225343199
it.: 406 obj.: 27.8186032051 vol.: 0.4999999655 ch.: 0.0225414822
it.: 407 obj.: 27.8186465843 vol.: 0.4999999650 ch.: 0.0225536084
it.: 408 obj.: 27.8186896515 vol.: 0.4999999646 ch.: 0.0225720727
it.: 409 obj.: 27.8187325017 vol.: 0.4999999641 ch.: 0.0225944201
it.: 410 obj.: 27.8187750883 vol.: 0.4999999637 ch.: 0.0226208177
it.: 411 obj.: 27.8188175009 vol.: 0.4999999633 ch.: 0.0225808670
it.: 412 obj.: 27.8188597469 vol.: 0.4999999629 ch.: 0.0225028228
it.: 413 obj.: 27.8189016558 vol.: 0.4999999627 ch.: 0.0223771415
it.: 414 obj.: 27.8189427345 vol.: 0.4999999627 ch.: 0.0221593620
it.: 415 obj.: 27.8189821811 vol.: 0.4999999631 ch.: 0.0217624489
it.: 416 obj.: 27.8190184871 vol.: 0.4999999640 ch.: 0.0210158553
it.: 417 obj.: 27.8190509112 vol.: 0.4999999654 ch.: 0.0194446800
it.: 418 obj.: 27.8190798972 vol.: 0.4999999673 ch.: 0.0188630934
it.: 419 obj.: 27.8191077311 vol.: 0.4999999695 ch.: 0.0189811016
it.: 420 obj.: 27.8191389020 vol.: 0.4999999715 ch.: 0.0192204004
it.: 421 obj.: 27.8191700708 vol.: 0.4999999730 ch.: 0.0194389420
it.: 422 obj.: 27.8191967949 vol.: 0.4999999740 ch.: 0.0195982669
it.: 423 obj.: 27.8192189123 vol.: 0.4999999748 ch.: 0.0197322689
it.: 424 obj.: 27.8192372844 vol.: 0.4999999753 ch.: 0.0198548038
it.: 425 obj.: 27.8192520333 vol.: 0.4999999757 ch.: 0.0199817601
it.: 426 obj.: 27.8192637363 vol.: 0.4999999759 ch.: 0.0201262964
it.: 427 obj.: 27.8192735568 vol.: 0.4999999761 ch.: 0.0202795475
it.: 428 obj.: 27.8192824060 vol.: 0.4999999763 ch.: 0.0204185786
it.: 429 obj.: 27.8192901638 vol.: 0.4999999768 ch.: 0.0204966643
it.: 430 obj.: 27.8192957387 vol.: 0.4999999776 ch.: 0.0204391656
it.: 431 obj.: 27.8192979948 vol.: 0.4999999782 ch.: 0.0202130757
it.: 432 obj.: 27.8192987916 vol.: 0.4999999785 ch.: 0.0199078694
it.: 433 obj.: 27.8193006960 vol.: 0.4999999787 ch.: 0.0196183047
it.: 434 obj.: 27.8193042574 vol.: 0.4999999789 ch.: 0.0193657380
it.: 435 obj.: 27.8193093552 vol.: 0.4999999792 ch.: 0.0191097424
it.: 436 obj.: 27.8193156429 vol.: 0.4999999799 ch.: 0.0188040540
it.: 437 obj.: 27.8193225301 vol.: 0.4999999813 ch.: 0.0183929719
it.: 438 obj.: 27.8193276824 vol.: 0.4999999831 ch.: 0.0177274018
it.: 439 obj.: 27.8193297142 vol.: 0.4999999845 ch.: 0.0167746323
it.: 440 obj.: 27.8193323352 vol.: 0.4999999855 ch.: 0.0157084928
it.: 441 obj.: 27.8193369804 vol.: 0.4999999863 ch.: 0.0146209365
it.: 442 obj.: 27.8193434038 vol.: 0.4999999869 ch.: 0.0137784547
it.: 443 obj.: 27.8193516082 vol.: 0.4999999875 ch.: 0.0136696565
it.: 444 obj.: 27.8193610425 vol.: 0.4999999881 ch.: 0.0135650125
it.: 445 obj.: 27.8193717494 vol.: 0.4999999886 ch.: 0.0134423420
it.: 446 obj.: 27.8193843115 vol.: 0.4999999892 ch.: 0.0132982186
it.: 447 obj.: 27.8193991689 vol.: 0.4999999898 ch.: 0.0131354268
it.: 448 obj.: 27.8194164050 vol.: 0.4999999901 ch.: 0.0129579348
it.: 449 obj.: 27.8194355481 vol.: 0.4999999904 ch.: 0.0127670696
it.: 450 obj.: 27.8194555735 vol.: 0.4999999907 ch.: 0.0125515812
it.: 451 obj.: 27.8194758260 vol.: 0.4999999909 ch.: 0.0122921490
it.: 452 obj.: 27.8194960438 vol.: 0.4999999911 ch.: 0.0119515108
it.: 453 obj.: 27.8195159220 vol.: 0.4999999914 ch.: 0.0114720593
it.: 454 obj.: 27.8195351990 vol.: 0.4999999917 ch.: 0.0111137953
it.: 455 obj.: 27.8195534624 vol.: 0.4999999921 ch.: 0.0110393295
it.: 456 obj.: 27.8195702432 vol.: 0.4999999928 ch.: 0.0109907512
it.: 457 obj.: 27.8195844461 vol.: 0.4999999936 ch.: 0.0109673917
it.: 458 obj.: 27.8195947734 vol.: 0.4999999944 ch.: 0.0109579647
it.: 459 obj.: 27.8196018507 vol.: 0.4999999949 ch.: 0.0109355181
it.: 460 obj.: 27.8196072366 vol.: 0.4999999952 ch.: 0.0108933885
it.: 461 obj.: 27.8196122556 vol.: 0.4999999955 ch.: 0.0108327150
it.: 462 obj.: 27.8196179128 vol.: 0.4999999957 ch.: 0.0107594791
it.: 463 obj.: 27.8196244413 vol.: 0.4999999958 ch.: 0.0106805632
it.: 464 obj.: 27.8196317890 vol.: 0.4999999959 ch.: 0.0105975167
it.: 465 obj.: 27.8196399234 vol.: 0.4999999961 ch.: 0.0105122676
it.: 466 obj.: 27.8196491304 vol.: 0.4999999962 ch.: 0.0104238383
it.: 467 obj.: 27.8196591572 vol.: 0.4999999963 ch.: 0.0103337225
it.: 468 obj.: 27.8196700180 vol.: 0.4999999964 ch.: 0.0102440591
it.: 469 obj.: 27.8196817956 vol.: 0.4999999965 ch.: 0.0101541772
it.: 470 obj.: 27.8196943110 vol.: 0.4999999966 ch.: 0.0100639702
it.: 471 obj.: 27.8197075084 vol.: 0.4999999967 ch.: 0.0099767628
