optimizer mma
number of spatial dimensions: 3
elements: 8 x 4 x 2
volfrac: 0.3 rmin: 2.4  penal: 3.0
filter: Sensitivity based
filter mode: matrix
it.: 1 obj.: 0.8088334463 vol.: 0.2603874179 ch.: 0.1999998327
it.: 2 obj.: 0.0049995218 vol.: 0.2292807917 ch.: 0.1999939904
it.: 3 obj.: -0.8292193686 vol.: 0.2287911682 ch.: 0.1999997311
it.: 4 obj.: 0.0000813497 vol.: 0.2398555001 ch.: 0.1996921014
it.: 5 obj.: 0.0001106360 vol.: 0.2313535501 ch.: 0.1926108633
it.: 6 obj.: 0.0000545043 vol.: 0.2577982225 ch.: 0.1996872829
it.: 7 obj.: 0.0023843443 vol.: 0.2378804258 ch.: 0.1999986958
it.: 8 obj.: 0.0000000000 vol.: 0.2457341810 ch.: 0.0315422492
it.: 9 obj.: 0.0002450743 vol.: 0.2711402097 ch.: 0.1989195231
it.: 10 obj.: 0.0000000000 vol.: 0.2800244646 ch.: 0.0312144639
it.: 11 obj.: 0.0001721540 vol.: 0.2885640480 ch.: 0.1933927782
it.: 12 obj.: 0.0000000000 vol.: 0.2954769995 ch.: 0.0293587591
it.: 13 obj.: 0.0000593184 vol.: 0.2972567815 ch.: 0.0608353975
it.: 14 obj.: 0.0000000000 vol.: 0.2979965933 ch.: 0.0254606857
it.: 15 obj.: 0.0000226397 vol.: 0.2977530194 ch.: 0.0320641540
it.: 16 obj.: 0.0000000000 vol.: 0.2980516356 ch.: 0.0252230905
it.: 17 obj.: 0.0000213720 vol.: 0.2976580722 ch.: 0.0300949074
it.: 18 obj.: 0.0000000000 vol.: 0.2980463150 ch.: 0.0252707088
it.: 19 obj.: 0.0000209860 vol.: 0.2976046660 ch.: 0.0290875656
it.: 20 obj.: 0.0000000000 vol.: 0.2980470219 ch.: 0.0252841851
it.: 21 obj.: 0.0000204078 vol.: 0.2975326583 ch.: 0.0279432164
it.: 22 obj.: 0.0000000000 vol.: 0.2980468372 ch.: 0.0253003034
it.: 23 obj.: 0.0000198921 vol.: 0.2974586529 ch.: 0.0274183409
it.: 24 obj.: 0.0000000000 vol.: 0.2980486445 ch.: 0.0253065293
it.: 25 obj.: 0.0000193719 vol.: 0.2973836446 ch.: 0.0291651307
it.: 26 obj.: 0.0000000000 vol.: 0.2980526696 ch.: 0.0253020495
it.: 27 obj.: 0.0000188520 vol.: 0.2973011687 ch.: 0.0314352958
it.: 28 obj.: 0.0000000000 vol.: 0.2980568660 ch.: 0.0252954318
it.: 29 obj.: 0.0000183494 vol.: 0.2972070229 ch.: 0.0337557089
it.: 30 obj.: 0.0000000000 vol.: 0.2980631581 ch.: 0.0252744974
it.: 31 obj.: 0.0000177389 vol.: 0.2971025006 ch.: 0.0310579907
it.: 32 obj.: 0.0000000000 vol.: 0.2980688778 ch.: 0.0252296093
it.: 33 obj.: 0.0000170210 vol.: 0.2970116378 ch.: 0.0252167682
it.: 34 obj.: 0.0000000000 vol.: 0.2980674201 ch.: 0.0252139627
it.: 35 obj.: 0.0000166610 vol.: 0.2969768395 ch.: 0.0252072438
it.: 36 obj.: 0.0000000000 vol.: 0.2980672210 ch.: 0.0252139072
it.: 37 obj.: 0.0000164629 vol.: 0.2969615445 ch.: 0.0252101204
it.: 38 obj.: 0.0000000000 vol.: 0.2980680298 ch.: 0.0252178571
it.: 39 obj.: 0.0000163051 vol.: 0.2969505578 ch.: 0.0252148095
it.: 40 obj.: 0.0000000000 vol.: 0.2980690849 ch.: 0.0252223309
it.: 41 obj.: 0.0000161649 vol.: 0.2969419229 ch.: 0.0252195900
it.: 42 obj.: 0.0000000000 vol.: 0.2980702836 ch.: 0.0252257581
it.: 43 obj.: 0.0000160343 vol.: 0.2969348325 ch.: 0.0252231833
it.: 44 obj.: 0.0000000000 vol.: 0.2980714630 ch.: 0.0252283613
it.: 45 obj.: 0.0000159134 vol.: 0.2969290906 ch.: 0.0252259524
it.: 46 obj.: 0.0000000000 vol.: 0.2980725021 ch.: 0.0252305606
it.: 47 obj.: 0.0000158024 vol.: 0.2969250625 ch.: 0.0252283243
it.: 48 obj.: 0.0000000000 vol.: 0.2980737747 ch.: 0.0252312514
it.: 49 obj.: 0.0000156965 vol.: 0.2969233677 ch.: 0.0252291092
it.: 50 obj.: 0.0000000000 vol.: 0.2980756782 ch.: 0.0252292110
