optimizer ocm
number of spatial dimensions: 2
elements: 8 x 4
volfrac: 0.3 rmin: 2.4  penal: 3.0
filter: Sensitivity based
filter mode: matrix
it.: 1 obj.: 0.1946522436 vol.: 0.2625000000 ch.: 0.1000000000
it.: 2 obj.: 0.0981188897 vol.: 0.2625000000 ch.: 0.1000000000
it.: 3 obj.: 0.0900732520 vol.: 0.2750281250 ch.: 0.1000000000
it.: 4 obj.: 0.0900000000 vol.: 0.2999994956 ch.: 0.1000000000
it.: 5 obj.: 0.0900000000 vol.: 0.3000005500 ch.: 0.1000000000
it.: 6 obj.: 0.0900000000 vol.: 0.3000003730 ch.: 0.1000000000
it.: 7 obj.: 0.0900000000 vol.: 0.2470205435 ch.: 0.1000000000
it.: 8 obj.: 0.0900000000 vol.: 0.2706985978 ch.: 0.1000000000
it.: 9 obj.: 0.0900000000 vol.: 0.2417190668 ch.: 0.1000000000
it.: 10 obj.: 0.0900000000 vol.: 0.2302712361 ch.: 0.1000000000
it.: 11 obj.: 0.0900000000 vol.: 0.1843348120 ch.: 0.1000000000
it.: 12 obj.: 0.0899999999 vol.: 0.2187236660 ch.: 0.1000000000
it.: 13 obj.: 0.0900000018 vol.: 0.2437987794 ch.: 0.1000000000
it.: 14 obj.: 0.0900000000 vol.: 0.2589985898 ch.: 0.1000000000
it.: 15 obj.: 0.0900000000 vol.: 0.2476221559 ch.: 0.1000000000
it.: 16 obj.: 0.0900000000 vol.: 0.2045323118 ch.: 0.1000000000
it.: 17 obj.: 0.0900000000 vol.: 0.2242102696 ch.: 0.1000000000
it.: 18 obj.: 0.0899995648 vol.: 0.2398385888 ch.: 0.1000000000
it.: 19 obj.: 0.0881499594 vol.: 0.2999964968 ch.: 0.1000000000
it.: 20 obj.: 0.0817418000 vol.: 0.2999976741 ch.: 0.1000000000
it.: 21 obj.: 0.0733105159 vol.: 0.2999993277 ch.: 0.1000000000
it.: 22 obj.: 0.0565791936 vol.: 0.2999983424 ch.: 0.1000000000
it.: 23 obj.: 0.0531230814 vol.: 0.3000087443 ch.: 0.1000000000
it.: 24 obj.: 0.0428419811 vol.: 0.3000027640 ch.: 0.1000000000
it.: 25 obj.: 0.0380472364 vol.: 0.3000049890 ch.: 0.0755284619
it.: 26 obj.: 0.0354450951 vol.: 0.3000131654 ch.: 0.0567508109
it.: 27 obj.: 0.0351273236 vol.: 0.2999866805 ch.: 0.0403731409
it.: 28 obj.: 0.0346428930 vol.: 0.3000029011 ch.: 0.0281539735
it.: 29 obj.: 0.0350501020 vol.: 0.2999883995 ch.: 0.0239596447
it.: 30 obj.: 0.0351229073 vol.: 0.3000040378 ch.: 0.0189367229
it.: 31 obj.: 0.0356302965 vol.: 0.2999907937 ch.: 0.0136400852
it.: 32 obj.: 0.0355705806 vol.: 0.2999867909 ch.: 0.0108282591
it.: 33 obj.: 0.0358595252 vol.: 0.2999913067 ch.: 0.0076391088
