optimizer mma
number of spatial dimensions: 2
elements: 8 x 4
volfrac: 0.3 rmin: 2.4  penal: 3.0
filter: Sensitivity based
filter mode: matrix
it.: 1 obj.: 0.1411941110 vol.: 0.2220722583 ch.: 0.1999991056
it.: 2 obj.: 0.0008909520 vol.: 0.2508913256 ch.: 0.1997878472
it.: 3 obj.: 0.0000000000 vol.: 0.2619527509 ch.: 0.0311941880
it.: 4 obj.: 0.0000001204 vol.: 0.2795203156 ch.: 0.1056924738
it.: 5 obj.: -0.0000003600 vol.: 0.2878881381 ch.: 0.1795129410
it.: 6 obj.: -0.0008635522 vol.: 0.2510430340 ch.: 0.1999395969
it.: 7 obj.: -0.0289878308 vol.: 0.2756736541 ch.: 0.1999998303
it.: 8 obj.: -0.0156289306 vol.: 0.2437829964 ch.: 0.1999976162
it.: 9 obj.: -0.0215338613 vol.: 0.2375028799 ch.: 0.1999998889
it.: 10 obj.: 0.0031778657 vol.: 0.2327131360 ch.: 0.1999815323
it.: 11 obj.: -0.0000000006 vol.: 0.2465418423 ch.: 0.0330642739
it.: 12 obj.: -0.0000016521 vol.: 0.2690893793 ch.: 0.1983417107
it.: 13 obj.: -0.0291563347 vol.: 0.2583138033 ch.: 0.1999997933
it.: 14 obj.: -0.0436310953 vol.: 0.2570358467 ch.: 0.1999999770
it.: 15 obj.: -0.0461197470 vol.: 0.2601818176 ch.: 0.1999998516
it.: 16 obj.: -0.0446158326 vol.: 0.2640131743 ch.: 0.1999999722
it.: 17 obj.: -0.0677487616 vol.: 0.2639597497 ch.: 0.1999999215
it.: 18 obj.: -0.0396296700 vol.: 0.2572997838 ch.: 0.1999999742
it.: 19 obj.: -0.0482912673 vol.: 0.2539386158 ch.: 0.1999999179
it.: 20 obj.: -0.0389126706 vol.: 0.2520923145 ch.: 0.1999999718
it.: 21 obj.: -0.0310986970 vol.: 0.2458053120 ch.: 0.1999999149
it.: 22 obj.: -0.0290136563 vol.: 0.2393369179 ch.: 0.1999996131
it.: 23 obj.: -0.0289140178 vol.: 0.2304783060 ch.: 0.1999999003
it.: 24 obj.: 0.0411240612 vol.: 0.2192777350 ch.: 0.1999974132
it.: 25 obj.: -0.0010389808 vol.: 0.2210600894 ch.: 0.1999994023
it.: 26 obj.: 0.0102781908 vol.: 0.1791045641 ch.: 0.1999948980
it.: 27 obj.: -0.0005053085 vol.: 0.2186490197 ch.: 0.1999988524
it.: 28 obj.: 0.0154091207 vol.: 0.1908642036 ch.: 0.1999998106
it.: 29 obj.: -0.0000000006 vol.: 0.2080303444 ch.: 0.0327409716
it.: 30 obj.: 0.0000118702 vol.: 0.2534242830 ch.: 0.1981176061
it.: 31 obj.: -0.0000000032 vol.: 0.2612536530 ch.: 0.0328413632
it.: 32 obj.: -0.0001635030 vol.: 0.2494530222 ch.: 0.1999592880
it.: 33 obj.: 0.0313354901 vol.: 0.2263218523 ch.: 0.1999986208
it.: 34 obj.: -0.0002850943 vol.: 0.2342032877 ch.: 0.1999962738
it.: 35 obj.: -0.0111561791 vol.: 0.2498705014 ch.: 0.1999992181
it.: 36 obj.: -0.0316802896 vol.: 0.2452180815 ch.: 0.1999998920
it.: 37 obj.: -0.0076861893 vol.: 0.2375015884 ch.: 0.1999998789
it.: 38 obj.: -0.0131346572 vol.: 0.2258030350 ch.: 0.1999999233
it.: 39 obj.: 0.0320469928 vol.: 0.1848934060 ch.: 0.1999970683
it.: 40 obj.: 0.0000006209 vol.: 0.1853939926 ch.: 0.0295893994
it.: 41 obj.: 0.0000000007 vol.: 0.2015484283 ch.: 0.0304667172
it.: 42 obj.: 0.0000189004 vol.: 0.2294620677 ch.: 0.1951059562
it.: 43 obj.: 0.0000000000 vol.: 0.2408715444 ch.: 0.0311235654
it.: 44 obj.: -0.0000013808 vol.: 0.2760636779 ch.: 0.1875222872
it.: 45 obj.: -0.0043037122 vol.: 0.2479406822 ch.: 0.1999706224
it.: 46 obj.: -0.0248801365 vol.: 0.2497679409 ch.: 0.1999998302
it.: 47 obj.: -0.0142507937 vol.: 0.2530594550 ch.: 0.1999998530
it.: 48 obj.: -0.0200144603 vol.: 0.2495911587 ch.: 0.1999986730
it.: 49 obj.: -0.0377524661 vol.: 0.2321013925 ch.: 0.1999999674
it.: 50 obj.: 0.0583500936 vol.: 0.2076863822 ch.: 0.1999980683
it.: 51 obj.: -0.0025874027 vol.: 0.2291173737 ch.: 0.1999996525
it.: 52 obj.: 0.0078427866 vol.: 0.1937694899 ch.: 0.1999955185
it.: 53 obj.: -0.0000000013 vol.: 0.2111619537 ch.: 0.0339017795
it.: 54 obj.: -0.0000273911 vol.: 0.2432524144 ch.: 0.1997554925
it.: 55 obj.: -0.0278474901 vol.: 0.2609486327 ch.: 0.1999994466
it.: 56 obj.: -0.0208740078 vol.: 0.2565260101 ch.: 0.1999999549
it.: 57 obj.: -0.0469104487 vol.: 0.2629148680 ch.: 0.1999997734
it.: 58 obj.: -0.0467651976 vol.: 0.2647805107 ch.: 0.1999999700
it.: 59 obj.: -0.0578217912 vol.: 0.2654370135 ch.: 0.1999997994
it.: 60 obj.: -0.0330759943 vol.: 0.2534081451 ch.: 0.1999999699
it.: 61 obj.: -0.0359089317 vol.: 0.2462882862 ch.: 0.1999999401
it.: 62 obj.: -0.0228084399 vol.: 0.2472998487 ch.: 0.1999999496
it.: 63 obj.: -0.0307551901 vol.: 0.2305265958 ch.: 0.1999999488
it.: 64 obj.: 0.0386187861 vol.: 0.2065739381 ch.: 0.1999975192
it.: 65 obj.: 0.0000061707 vol.: 0.2503076285 ch.: 0.1999847185
it.: 66 obj.: -0.0000222762 vol.: 0.2626859994 ch.: 0.1999764213
it.: 67 obj.: -0.0316649104 vol.: 0.2747305065 ch.: 0.1999997637
it.: 68 obj.: -0.0305226712 vol.: 0.2617558993 ch.: 0.1999975186
it.: 69 obj.: -0.0479351882 vol.: 0.2387843281 ch.: 0.1999999605
it.: 70 obj.: 0.0318689259 vol.: 0.2106467566 ch.: 0.1999970325
it.: 71 obj.: -0.0004713118 vol.: 0.2324863172 ch.: 0.1999986448
it.: 72 obj.: -0.0000000014 vol.: 0.2349628153 ch.: 0.0303546227
it.: 73 obj.: -0.0000341166 vol.: 0.2487298317 ch.: 0.1997687821
it.: 74 obj.: -0.0386857696 vol.: 0.2490531892 ch.: 0.1999998896
it.: 75 obj.: 0.0207530526 vol.: 0.2206021935 ch.: 0.1999969830
it.: 76 obj.: -0.0000534172 vol.: 0.2313881085 ch.: 0.1999927842
it.: 77 obj.: -0.0109514801 vol.: 0.2493368588 ch.: 0.1999998447
it.: 78 obj.: -0.0326427050 vol.: 0.2502843415 ch.: 0.1999999674
it.: 79 obj.: -0.0186782040 vol.: 0.2469161367 ch.: 0.1999999284
it.: 80 obj.: -0.0272589336 vol.: 0.2360461030 ch.: 0.1999999647
it.: 81 obj.: -0.0061927482 vol.: 0.2331549904 ch.: 0.1999977488
it.: 82 obj.: -0.0166861347 vol.: 0.2203461407 ch.: 0.1999999415
it.: 83 obj.: 0.0253685824 vol.: 0.1919133809 ch.: 0.1999956581
it.: 84 obj.: 0.0000024758 vol.: 0.1902678124 ch.: 0.0889218484
it.: 85 obj.: -0.0000000000 vol.: 0.2072356357 ch.: 0.0314279840
it.: 86 obj.: 0.0000226576 vol.: 0.2384920716 ch.: 0.1961811490
it.: 87 obj.: 0.0000000000 vol.: 0.2502946366 ch.: 0.0311644617
it.: 88 obj.: -0.0000002383 vol.: 0.2746685410 ch.: 0.1369936146
it.: 89 obj.: -0.0032548570 vol.: 0.2400485518 ch.: 0.1999860637
it.: 90 obj.: -0.0395080693 vol.: 0.2601597295 ch.: 0.1999998945
it.: 91 obj.: -0.0199285040 vol.: 0.2625470696 ch.: 0.1999996449
it.: 92 obj.: -0.0372412115 vol.: 0.2397004223 ch.: 0.1999999227
it.: 93 obj.: 0.0008277349 vol.: 0.2273692878 ch.: 0.1999987915
it.: 94 obj.: 0.0000000031 vol.: 0.2406121463 ch.: 0.0315469307
it.: 95 obj.: -0.0000295543 vol.: 0.2437607533 ch.: 0.1997655344
it.: 96 obj.: -0.0000000019 vol.: 0.2460795152 ch.: 0.0325131515
it.: 97 obj.: -0.0000139254 vol.: 0.2519682870 ch.: 0.1988441462
it.: 98 obj.: -0.0083906022 vol.: 0.2426400538 ch.: 0.1999997669
it.: 99 obj.: 0.0192707463 vol.: 0.2393705499 ch.: 0.1999997305
it.: 100 obj.: -0.0024125962 vol.: 0.2324181229 ch.: 0.1999991741
it.: 101 obj.: -0.0104989030 vol.: 0.2555318098 ch.: 0.1999998480
it.: 102 obj.: -0.0531749326 vol.: 0.2607579101 ch.: 0.1999999469
it.: 103 obj.: 0.0150350582 vol.: 0.2259418956 ch.: 0.1999970642
it.: 104 obj.: -0.0048781566 vol.: 0.2286319531 ch.: 0.1999996537
it.: 105 obj.: 0.0001509542 vol.: 0.2203548670 ch.: 0.1997542736
it.: 106 obj.: 0.0000000003 vol.: 0.2349072690 ch.: 0.0315569107
it.: 107 obj.: 0.0000078435 vol.: 0.2526544986 ch.: 0.1541414867
it.: 108 obj.: 0.0000000001 vol.: 0.2612674714 ch.: 0.0306544990
it.: 109 obj.: -0.0000017552 vol.: 0.2844140143 ch.: 0.1865916836
it.: 110 obj.: -0.0104914559 vol.: 0.2541515679 ch.: 0.1999733225
it.: 111 obj.: -0.0306138359 vol.: 0.2497228890 ch.: 0.1999999511
it.: 112 obj.: -0.0182565128 vol.: 0.2458738939 ch.: 0.1999998377
it.: 113 obj.: -0.0196999306 vol.: 0.2403159009 ch.: 0.1999973267
it.: 114 obj.: -0.0240474625 vol.: 0.2317177606 ch.: 0.1999999491
it.: 115 obj.: 0.0222952489 vol.: 0.1900658382 ch.: 0.1999960771
it.: 116 obj.: -0.0000074614 vol.: 0.2380884347 ch.: 0.1999297304
it.: 117 obj.: 0.0000001077 vol.: 0.2378855387 ch.: 0.0071695237
