optimizer oc
number of spatial dimensions: 2
elements: 8 x 4
volfrac: 0.3 rmin: 2.4  penal: 3.0
filter: Sensitivity based
filter mode: matrix
it.: 1 obj.: 6.4502092309 vol.: 0.3001217702 ch.: 0.2000000000
it.: 2 obj.: 4.6584968510 vol.: 0.2999849000 ch.: 0.1784931639
it.: 3 obj.: 4.0878714826 vol.: 0.3000013251 ch.: 0.1412362224
it.: 4 obj.: 3.8196127102 vol.: 0.3000672197 ch.: 0.1100828216
it.: 5 obj.: 3.6922034359 vol.: 0.3001378757 ch.: 0.1194880085
it.: 6 obj.: 3.5238098597 vol.: 0.2998598200 ch.: 0.0875875844
it.: 7 obj.: 3.4790075436 vol.: 0.3001030173 ch.: 0.0980281610
it.: 8 obj.: 3.3501198321 vol.: 0.2998029108 ch.: 0.0670165426
it.: 9 obj.: 3.3343750526 vol.: 0.3002091517 ch.: 0.0775764875
it.: 10 obj.: 3.2304968753 vol.: 0.2999059419 ch.: 0.0499334054
it.: 11 obj.: 3.2313427129 vol.: 0.3000698403 ch.: 0.0583474050
it.: 12 obj.: 3.1607311099 vol.: 0.2999885087 ch.: 0.0360779854
it.: 13 obj.: 3.1641440795 vol.: 0.3002536774 ch.: 0.0428334939
it.: 14 obj.: 3.1107229563 vol.: 0.2998300355 ch.: 0.0263650521
it.: 15 obj.: 3.1291142616 vol.: 0.3001097596 ch.: 0.0305646928
it.: 16 obj.: 3.0899342281 vol.: 0.2997334060 ch.: 0.0186265505
it.: 17 obj.: 3.1077757603 vol.: 0.3000915780 ch.: 0.0216591671
it.: 18 obj.: 3.0762922513 vol.: 0.3000635782 ch.: 0.0125339858
it.: 19 obj.: 3.0827913872 vol.: 0.3001293136 ch.: 0.0145661031
it.: 20 obj.: 3.0671678763 vol.: 0.3001055052 ch.: 0.0087461025
