optimizer oc
number of spatial dimensions: 2
elements: 240 x 240
volfrac: 0.4 rmin: 2.4  penal: 3.0
filter: Sensitivity based
filter mode: matrix
it.: 1 obj.: 48396237090.5512695312 vol.: 0.4001346347 ch.: 0.2000000000
it.: 2 obj.: 19359291253.8608627319 vol.: 0.4000209894 ch.: 0.2000000000
it.: 3 obj.: 13327920704.5773258209 vol.: 0.4001571931 ch.: 0.2000000000
it.: 4 obj.: 10724647874.3362045288 vol.: 0.3999585562 ch.: 0.2000000000
it.: 5 obj.: 10179951107.0722789764 vol.: 0.3999117527 ch.: 0.2000000000
it.: 6 obj.: 9681707841.6226997375 vol.: 0.4001803464 ch.: 0.2000000000
it.: 7 obj.: 9437489254.1115379333 vol.: 0.3999331483 ch.: 0.2000000000
it.: 8 obj.: 9043931123.6139144897 vol.: 0.4000636457 ch.: 0.2000000000
it.: 9 obj.: 8599986468.4726467133 vol.: 0.4000560450 ch.: 0.2000000000
it.: 10 obj.: 7973034646.0035533905 vol.: 0.3999557984 ch.: 0.2000000000
it.: 11 obj.: 7486868530.3225822449 vol.: 0.3999554646 ch.: 0.2000000000
it.: 12 obj.: 7091137007.2688169479 vol.: 0.3999546303 ch.: 0.2000000000
it.: 13 obj.: 6952357364.2068748474 vol.: 0.3999478648 ch.: 0.2000000000
it.: 14 obj.: 6772995388.6078834534 vol.: 0.4002024580 ch.: 0.2000000000
it.: 15 obj.: 6682514461.4209527969 vol.: 0.4000911524 ch.: 0.2000000000
it.: 16 obj.: 6501284855.9524812698 vol.: 0.3999749686 ch.: 0.2000000000
it.: 17 obj.: 6371634458.9147729874 vol.: 0.4000418539 ch.: 0.2000000000
it.: 18 obj.: 6182223503.0043210983 vol.: 0.4000693520 ch.: 0.2000000000
it.: 19 obj.: 6058636370.8551378250 vol.: 0.4000443434 ch.: 0.2000000000
it.: 20 obj.: 5905363793.9617147446 vol.: 0.4000678914 ch.: 0.2000000000
it.: 21 obj.: 5805580508.1039695740 vol.: 0.3999077784 ch.: 0.2000000000
it.: 22 obj.: 5702946676.1684799194 vol.: 0.4000462830 ch.: 0.2000000000
it.: 23 obj.: 5636149243.5700416565 vol.: 0.3999800420 ch.: 0.2000000000
it.: 24 obj.: 5563525323.2610702515 vol.: 0.4000574174 ch.: 0.2000000000
it.: 25 obj.: 5518305137.6279354095 vol.: 0.3999219595 ch.: 0.2000000000
it.: 26 obj.: 5470399853.2173004150 vol.: 0.3999860870 ch.: 0.2000000000
it.: 27 obj.: 5436372132.4032535553 vol.: 0.3999290300 ch.: 0.2000000000
it.: 28 obj.: 5400039387.4404144287 vol.: 0.3999383201 ch.: 0.2000000000
it.: 29 obj.: 5376716923.1735782623 vol.: 0.4000433149 ch.: 0.2000000000
it.: 30 obj.: 5346554748.6329879761 vol.: 0.4000637494 ch.: 0.2000000000
it.: 31 obj.: 5327884072.4690265656 vol.: 0.3999613851 ch.: 0.2000000000
it.: 32 obj.: 5309037532.4238195419 vol.: 0.4000444129 ch.: 0.1959084778
it.: 33 obj.: 5293512449.3882865906 vol.: 0.4000193232 ch.: 0.1867860519
it.: 34 obj.: 5278227888.1345348358 vol.: 0.3999104708 ch.: 0.1820805842
it.: 35 obj.: 5269493193.9071674347 vol.: 0.3999997751 ch.: 0.1712908707
it.: 36 obj.: 5255435735.8122558594 vol.: 0.3999247791 ch.: 0.1529256620
it.: 37 obj.: 5248255086.5126495361 vol.: 0.3999952073 ch.: 0.1497826458
it.: 38 obj.: 5237221525.5599832535 vol.: 0.3999530522 ch.: 0.1370070336
it.: 39 obj.: 5231118733.3942375183 vol.: 0.3999649870 ch.: 0.1271442258
it.: 40 obj.: 5223098361.3050479889 vol.: 0.3999282438 ch.: 0.1237628718
it.: 41 obj.: 5217731559.7449626923 vol.: 0.4000746284 ch.: 0.1139653156
it.: 42 obj.: 5208274834.3858041763 vol.: 0.3999478742 ch.: 0.1094760960
it.: 43 obj.: 5205765998.1016883850 vol.: 0.3999840669 ch.: 0.1033093021
it.: 44 obj.: 5199580931.7539901733 vol.: 0.4000483091 ch.: 0.1050322433
it.: 45 obj.: 5193874791.0066890717 vol.: 0.4000886446 ch.: 0.1000627304
it.: 46 obj.: 5188550650.4932212830 vol.: 0.4000207576 ch.: 0.1018516392
it.: 47 obj.: 5185803907.4445466995 vol.: 0.3999390778 ch.: 0.0982201640
it.: 48 obj.: 5183283046.9708023071 vol.: 0.4000471876 ch.: 0.1013518016
it.: 49 obj.: 5177421848.2306442261 vol.: 0.3999622788 ch.: 0.0963714781
it.: 50 obj.: 5175906283.5443515778 vol.: 0.3999242709 ch.: 0.0985038883
it.: 51 obj.: 5173445268.6873273849 vol.: 0.3999114795 ch.: 0.0941697478
it.: 52 obj.: 5170891198.0041179657 vol.: 0.3999515952 ch.: 0.0966744472
it.: 53 obj.: 5167321572.2681217194 vol.: 0.3999223979 ch.: 0.0930733059
it.: 54 obj.: 5165607036.6952190399 vol.: 0.4000089501 ch.: 0.0947412905
it.: 55 obj.: 5161493880.7794017792 vol.: 0.3999536914 ch.: 0.0918574586
it.: 56 obj.: 5160707837.0030183792 vol.: 0.4000789718 ch.: 0.0932029153
it.: 57 obj.: 5156044189.7874240875 vol.: 0.3999965536 ch.: 0.0903553283
it.: 58 obj.: 5156075698.6782398224 vol.: 0.3999638232 ch.: 0.0904877875
it.: 59 obj.: 5154555080.0447683334 vol.: 0.3999515151 ch.: 0.0874318334
it.: 60 obj.: 5153068507.3512744904 vol.: 0.3999842540 ch.: 0.0888740344
it.: 61 obj.: 5150309371.8460292816 vol.: 0.3999436480 ch.: 0.0856228316
it.: 62 obj.: 5149488976.5772380829 vol.: 0.4000069085 ch.: 0.0871149438
it.: 63 obj.: 5146168782.0606393814 vol.: 0.3999410495 ch.: 0.0837494894
it.: 64 obj.: 5145958044.9000587463 vol.: 0.4000297827 ch.: 0.0852473942
it.: 65 obj.: 5142185808.2933502197 vol.: 0.3999316614 ch.: 0.0818040351
it.: 66 obj.: 5142710577.4589653015 vol.: 0.4000338589 ch.: 0.0832619523
it.: 67 obj.: 5138731186.8127202988 vol.: 0.4000934687 ch.: 0.0790944512
it.: 68 obj.: 5136392401.0100946426 vol.: 0.3999307762 ch.: 0.0789679161
it.: 69 obj.: 5137850789.8621129990 vol.: 0.4000353371 ch.: 0.0763038877
it.: 70 obj.: 5134279546.9513998032 vol.: 0.3999302127 ch.: 0.0768409416
it.: 71 obj.: 5134638738.1544094086 vol.: 0.4000087885 ch.: 0.0745932167
it.: 72 obj.: 5131656429.5854759216 vol.: 0.3999294214 ch.: 0.0746343200
it.: 73 obj.: 5131550629.7130489349 vol.: 0.3999818963 ch.: 0.0727879052
it.: 74 obj.: 5129157013.4603090286 vol.: 0.3999256181 ch.: 0.0723801251
it.: 75 obj.: 5128641031.7484760284 vol.: 0.3999534803 ch.: 0.0709192635
it.: 76 obj.: 5126824208.9115009308 vol.: 0.3999147581 ch.: 0.0702993044
it.: 77 obj.: 5126031341.6537942886 vol.: 0.3999212978 ch.: 0.0689887699
it.: 78 obj.: 5124687206.8249607086 vol.: 0.4000843705 ch.: 0.0697118514
it.: 79 obj.: 5120100061.5667591095 vol.: 0.3999715178 ch.: 0.0682662092
it.: 80 obj.: 5121449087.3477096558 vol.: 0.3999169411 ch.: 0.0668164723
it.: 81 obj.: 5120928927.7328815460 vol.: 0.4000651719 ch.: 0.0640560985
it.: 82 obj.: 5116875151.5971832275 vol.: 0.3999545051 ch.: 0.0640270964
it.: 83 obj.: 5117735305.0437545776 vol.: 0.4000525890 ch.: 0.0621265180
it.: 84 obj.: 5114615666.2610034943 vol.: 0.3999485884 ch.: 0.0622375736
it.: 85 obj.: 5115319786.5663166046 vol.: 0.4000160892 ch.: 0.0601841862
it.: 86 obj.: 5112838792.9409332275 vol.: 0.3999259380 ch.: 0.0604460761
it.: 87 obj.: 5113307340.9449357986 vol.: 0.3999768752 ch.: 0.0582441871
it.: 88 obj.: 5111222415.4819593430 vol.: 0.4000896232 ch.: 0.0597679787
it.: 89 obj.: 5107915759.5053586960 vol.: 0.4000336061 ch.: 0.0575210134
it.: 90 obj.: 5108281314.6601848602 vol.: 0.3999312542 ch.: 0.0567685065
it.: 91 obj.: 5109009506.6044559479 vol.: 0.3999485867 ch.: 0.0545360845
it.: 92 obj.: 5107593309.0686950684 vol.: 0.4000667313 ch.: 0.0560873820
it.: 93 obj.: 5104200497.6136283875 vol.: 0.3999816484 ch.: 0.0540407748
it.: 94 obj.: 5105163048.7957458496 vol.: 0.4000756717 ch.: 0.0542678280
it.: 95 obj.: 5102223502.2687807083 vol.: 0.3999795324 ch.: 0.0525474843
it.: 96 obj.: 5103383225.9165897369 vol.: 0.4000696446 ch.: 0.0528795055
it.: 97 obj.: 5100528767.7057161331 vol.: 0.3999690526 ch.: 0.0510384392
it.: 98 obj.: 5101762804.1819591522 vol.: 0.4000629369 ch.: 0.0515508502
it.: 99 obj.: 5098809600.4784898758 vol.: 0.3999588029 ch.: 0.0495341648
it.: 100 obj.: 5100095382.4712934494 vol.: 0.4000505355 ch.: 0.0502447794
it.: 101 obj.: 5097186851.0879516602 vol.: 0.3999411719 ch.: 0.0480134177
it.: 102 obj.: 5098570763.4561595917 vol.: 0.4000261913 ch.: 0.0489894774
it.: 103 obj.: 5095837333.7925758362 vol.: 0.3999131661 ch.: 0.0464692650
it.: 104 obj.: 5097307723.7551202774 vol.: 0.3999993725 ch.: 0.0479290176
it.: 105 obj.: 5094542367.6132574081 vol.: 0.4000744056 ch.: 0.0445267829
it.: 106 obj.: 5092490405.6692962646 vol.: 0.4000668853 ch.: 0.0460834851
it.: 107 obj.: 5091905297.6871442795 vol.: 0.3999079301 ch.: 0.0443842590
it.: 108 obj.: 5094222369.1731128693 vol.: 0.3999860289 ch.: 0.0458656631
it.: 109 obj.: 5091583076.5853643417 vol.: 0.4000435480 ch.: 0.0423823402
it.: 110 obj.: 5089833482.8502902985 vol.: 0.4000364966 ch.: 0.0439481980
it.: 111 obj.: 5089234791.2153034210 vol.: 0.4000584827 ch.: 0.0412816104
it.: 112 obj.: 5088198798.3133468628 vol.: 0.4000454535 ch.: 0.0428532830
it.: 113 obj.: 5087752809.8168621063 vol.: 0.4000564445 ch.: 0.0401843602
it.: 114 obj.: 5086919601.7896919250 vol.: 0.4000460075 ch.: 0.0417307386
it.: 115 obj.: 5086395552.6396865845 vol.: 0.4000512188 ch.: 0.0390855499
it.: 116 obj.: 5085653997.4693918228 vol.: 0.4000434657 ch.: 0.0405926749
it.: 117 obj.: 5085057625.3058748245 vol.: 0.4000432541 ch.: 0.0379961123
it.: 118 obj.: 5084399471.3041906357 vol.: 0.4000355053 ch.: 0.0394306440
it.: 119 obj.: 5083776362.3363208771 vol.: 0.4000293005 ch.: 0.0405132149
it.: 120 obj.: 5083200398.1199741364 vol.: 0.4000188827 ch.: 0.0416807372
it.: 121 obj.: 5082610783.9826793671 vol.: 0.4000061220 ch.: 0.0410435204
it.: 122 obj.: 5082175320.9276065826 vol.: 0.3999936967 ch.: 0.0371245954
it.: 123 obj.: 5081664360.1205339432 vol.: 0.3999797538 ch.: 0.0383526842
it.: 124 obj.: 5081282857.6552543640 vol.: 0.3999695081 ch.: 0.0417806435
it.: 125 obj.: 5080763038.1805515289 vol.: 0.3999490604 ch.: 0.0358667619
it.: 126 obj.: 5080581268.1329250336 vol.: 0.3999362813 ch.: 0.0348767983
it.: 127 obj.: 5080177369.7072772980 vol.: 0.3999152696 ch.: 0.0331611466
it.: 128 obj.: 5080018610.5057191849 vol.: 0.3999056165 ch.: 0.0337659573
it.: 129 obj.: 5079557751.3272228241 vol.: 0.4000743624 ch.: 0.0313585892
it.: 130 obj.: 5075872793.7032327652 vol.: 0.3999759746 ch.: 0.0321969102
it.: 131 obj.: 5077468036.3699264526 vol.: 0.3999134193 ch.: 0.0313155041
it.: 132 obj.: 5078043329.8872737885 vol.: 0.4000882449 ch.: 0.0331726904
it.: 133 obj.: 5074089563.9138660431 vol.: 0.3999612224 ch.: 0.0312682151
it.: 134 obj.: 5076254763.7353181839 vol.: 0.3999105267 ch.: 0.0314662414
it.: 135 obj.: 5076467508.5210914612 vol.: 0.4000641523 ch.: 0.0325499940
it.: 136 obj.: 5072954137.6546878815 vol.: 0.3999544019 ch.: 0.0319713707
it.: 137 obj.: 5074685286.2125749588 vol.: 0.4000756661 ch.: 0.0312742719
it.: 138 obj.: 5071777457.4428977966 vol.: 0.3999679408 ch.: 0.0306436236
it.: 139 obj.: 5073439521.7774324417 vol.: 0.4000797869 ch.: 0.0325785261
it.: 140 obj.: 5070676569.4177875519 vol.: 0.3999740261 ch.: 0.0345668137
it.: 141 obj.: 5072279819.3825550079 vol.: 0.4000781758 ch.: 0.0363555267
it.: 142 obj.: 5069651402.0770883560 vol.: 0.3999696278 ch.: 0.0375124309
it.: 143 obj.: 5071321125.5900039673 vol.: 0.4000616727 ch.: 0.0374242735
it.: 144 obj.: 5068963614.9461822510 vol.: 0.3999506138 ch.: 0.0299623801
it.: 145 obj.: 5070710284.8315734863 vol.: 0.4000351327 ch.: 0.0279806608
it.: 146 obj.: 5068528640.8410625458 vol.: 0.3999263067 ch.: 0.0271429314
it.: 147 obj.: 5070246768.7147254944 vol.: 0.4000076944 ch.: 0.0262173326
it.: 148 obj.: 5068144551.1063146591 vol.: 0.4000927888 ch.: 0.0279981548
it.: 149 obj.: 5066270484.7866315842 vol.: 0.4000812425 ch.: 0.0282001499
it.: 150 obj.: 5066305263.6707754135 vol.: 0.3999337813 ch.: 0.0306184638
it.: 151 obj.: 5068707988.6482057571 vol.: 0.4000004558 ch.: 0.0329758581
it.: 152 obj.: 5066825913.8867759705 vol.: 0.4000721426 ch.: 0.0305936253
it.: 153 obj.: 5065166703.3670349121 vol.: 0.4000542715 ch.: 0.0294195991
it.: 154 obj.: 5065283685.5348358154 vol.: 0.4000939433 ch.: 0.0281535305
it.: 155 obj.: 5064183961.5887937546 vol.: 0.4000698912 ch.: 0.0270981466
it.: 156 obj.: 5064359581.0106697083 vol.: 0.3999082836 ch.: 0.0271087726
it.: 157 obj.: 5066954416.4311962128 vol.: 0.3999721430 ch.: 0.0257898161
it.: 158 obj.: 5065039594.0180263519 vol.: 0.4000404407 ch.: 0.0273071564
it.: 159 obj.: 5063361955.8257732391 vol.: 0.4000216936 ch.: 0.0267877335
it.: 160 obj.: 5063424848.4664745331 vol.: 0.4000573647 ch.: 0.0258564053
it.: 161 obj.: 5062353817.0362930298 vol.: 0.4000331929 ch.: 0.0250356512
it.: 162 obj.: 5062476922.9645309448 vol.: 0.4000617372 ch.: 0.0267849091
it.: 163 obj.: 5061492223.6403598785 vol.: 0.4000364500 ch.: 0.0301372922
it.: 164 obj.: 5061592610.5297431946 vol.: 0.4000602692 ch.: 0.0339529187
it.: 165 obj.: 5060657971.2055969238 vol.: 0.4000351289 ch.: 0.0381475964
it.: 166 obj.: 5060701989.2183876038 vol.: 0.4000553236 ch.: 0.0422618421
it.: 167 obj.: 5059785466.3298368454 vol.: 0.4000292462 ch.: 0.0456981021
it.: 168 obj.: 5059789876.0002899170 vol.: 0.4000432154 ch.: 0.0445199998
it.: 169 obj.: 5058971471.9358406067 vol.: 0.4000092194 ch.: 0.0391011191
it.: 170 obj.: 5059166372.8822536469 vol.: 0.4000168727 ch.: 0.0303535277
it.: 171 obj.: 5058498100.7199859619 vol.: 0.3999869897 ch.: 0.0267738131
it.: 172 obj.: 5058615227.2892141342 vol.: 0.3999986686 ch.: 0.0256497831
it.: 173 obj.: 5057912961.8442201614 vol.: 0.3999730398 ch.: 0.0245196835
it.: 174 obj.: 5057997933.7959918976 vol.: 0.3999850859 ch.: 0.0244382364
it.: 175 obj.: 5057325876.9490852356 vol.: 0.3999610442 ch.: 0.0254457565
it.: 176 obj.: 5057396419.9344472885 vol.: 0.3999734017 ch.: 0.0262445600
it.: 177 obj.: 5056720967.2923393250 vol.: 0.3999509038 ch.: 0.0270231235
it.: 178 obj.: 5056756951.9299774170 vol.: 0.3999609540 ch.: 0.0273049865
it.: 179 obj.: 5056134702.9000568390 vol.: 0.3999339162 ch.: 0.0276713440
it.: 180 obj.: 5056299907.9995670319 vol.: 0.3999383325 ch.: 0.0250591397
it.: 181 obj.: 5055833408.3575563431 vol.: 0.3999109397 ch.: 0.0248682767
it.: 182 obj.: 5056027064.3421669006 vol.: 0.3999158973 ch.: 0.0231759221
it.: 183 obj.: 5055564110.6810321808 vol.: 0.4000827654 ch.: 0.0240812807
it.: 184 obj.: 5052174340.0533189774 vol.: 0.3999990088 ch.: 0.0236323326
it.: 185 obj.: 5053766090.4879865646 vol.: 0.3999292360 ch.: 0.0240489874
it.: 186 obj.: 5054718758.4816341400 vol.: 0.3999254864 ch.: 0.0260735214
it.: 187 obj.: 5054352193.8903770447 vol.: 0.4000775720 ch.: 0.0266611343
it.: 188 obj.: 5051180477.0910224915 vol.: 0.3999914575 ch.: 0.0281480748
it.: 189 obj.: 5052759286.8362979889 vol.: 0.3999141814 ch.: 0.0272921483
it.: 190 obj.: 5053812118.2544126511 vol.: 0.3999099354 ch.: 0.0248228302
it.: 191 obj.: 5053424718.4818782806 vol.: 0.4000573797 ch.: 0.0282471447
it.: 192 obj.: 5050314401.0898303986 vol.: 0.3999721286 ch.: 0.0320175158
it.: 193 obj.: 5051841854.0778436661 vol.: 0.4000829039 ch.: 0.0370568460
it.: 194 obj.: 5049377157.5956468582 vol.: 0.3999909078 ch.: 0.0423250100
it.: 195 obj.: 5050951337.3772449493 vol.: 0.4000881133 ch.: 0.0470303876
it.: 196 obj.: 5048667125.1754007339 vol.: 0.3999896893 ch.: 0.0438717397
it.: 197 obj.: 5050326502.5436801910 vol.: 0.4000746274 ch.: 0.0396537445
it.: 198 obj.: 5048272989.2753648758 vol.: 0.3999772370 ch.: 0.0329274579
it.: 199 obj.: 5049881781.7071104050 vol.: 0.4000610637 ch.: 0.0282476919
it.: 200 obj.: 5047828465.1113166809 vol.: 0.3999685993 ch.: 0.0276616336
it.: 201 obj.: 5049340955.6505937576 vol.: 0.4000523854 ch.: 0.0270371210
it.: 202 obj.: 5047301660.4202184677 vol.: 0.3999642464 ch.: 0.0259578586
it.: 203 obj.: 5048745341.7046165466 vol.: 0.4000476604 ch.: 0.0249186762
it.: 204 obj.: 5046727934.9464893341 vol.: 0.3999640203 ch.: 0.0239719010
it.: 205 obj.: 5048090150.8129901886 vol.: 0.4000456099 ch.: 0.0228953498
it.: 206 obj.: 5046119395.3476810455 vol.: 0.3999638396 ch.: 0.0220224131
it.: 207 obj.: 5047445660.7215442657 vol.: 0.4000434624 ch.: 0.0239769291
it.: 208 obj.: 5045506306.7025699615 vol.: 0.3999631797 ch.: 0.0255092262
it.: 209 obj.: 5046796836.6075000763 vol.: 0.4000411059 ch.: 0.0267290563
it.: 210 obj.: 5044883933.6627264023 vol.: 0.3999628842 ch.: 0.0263476853
it.: 211 obj.: 5046131528.2029533386 vol.: 0.4000385470 ch.: 0.0242971160
it.: 212 obj.: 5044272318.7553825378 vol.: 0.3999626346 ch.: 0.0223235316
it.: 213 obj.: 5045473484.0030288696 vol.: 0.4000364982 ch.: 0.0214203551
it.: 214 obj.: 5043650281.1220741272 vol.: 0.3999613249 ch.: 0.0209713720
it.: 215 obj.: 5044836783.3471622467 vol.: 0.4000330187 ch.: 0.0219627026
it.: 216 obj.: 5043050059.0854005814 vol.: 0.3999576222 ch.: 0.0233470819
it.: 217 obj.: 5044236344.4082756042 vol.: 0.4000246963 ch.: 0.0250056862
it.: 218 obj.: 5042543791.1076650620 vol.: 0.3999474433 ch.: 0.0276031727
it.: 219 obj.: 5043767497.5101203918 vol.: 0.4000100410 ch.: 0.0315784850
it.: 220 obj.: 5042159139.0611839294 vol.: 0.3999312693 ch.: 0.0370251883
it.: 221 obj.: 5043400590.5873966217 vol.: 0.3999894371 ch.: 0.0426086178
it.: 222 obj.: 5041854348.6446304321 vol.: 0.3999065899 ch.: 0.0413934642
it.: 223 obj.: 5043163756.0811805725 vol.: 0.3999547943 ch.: 0.0417736853
it.: 224 obj.: 5041843651.9936103821 vol.: 0.4000615699 ch.: 0.0343179583
it.: 225 obj.: 5039672141.9933252335 vol.: 0.4000229047 ch.: 0.0304325971
it.: 226 obj.: 5040338581.5592327118 vol.: 0.4000875036 ch.: 0.0304538786
it.: 227 obj.: 5038893396.0848922729 vol.: 0.4000419501 ch.: 0.0300707717
it.: 228 obj.: 5039603300.1710996628 vol.: 0.4000931582 ch.: 0.0294312728
it.: 229 obj.: 5038328758.9963016510 vol.: 0.4000458368 ch.: 0.0288090352
it.: 230 obj.: 5038999458.3168430328 vol.: 0.4000893972 ch.: 0.0279281819
it.: 231 obj.: 5037846546.9535360336 vol.: 0.4000431815 ch.: 0.0270437907
it.: 232 obj.: 5038489318.1003379822 vol.: 0.4000817649 ch.: 0.0262710188
it.: 233 obj.: 5037426294.4075241089 vol.: 0.4000358339 ch.: 0.0249102922
it.: 234 obj.: 5038046571.8271112442 vol.: 0.4000698868 ch.: 0.0259679987
it.: 235 obj.: 5037056879.9760036469 vol.: 0.4000237719 ch.: 0.0252053602
it.: 236 obj.: 5037671732.5179748535 vol.: 0.4000537872 ch.: 0.0240418849
it.: 237 obj.: 5036757932.9354648590 vol.: 0.4000079553 ch.: 0.0237082414
it.: 238 obj.: 5037366371.0939216614 vol.: 0.4000354792 ch.: 0.0230468322
it.: 239 obj.: 5036498576.7400074005 vol.: 0.3999915863 ch.: 0.0233645954
it.: 240 obj.: 5037064331.3617572784 vol.: 0.4000180735 ch.: 0.0230665632
it.: 241 obj.: 5036216906.5783348083 vol.: 0.3999767379 ch.: 0.0228479849
it.: 242 obj.: 5036728962.1712150574 vol.: 0.4000029270 ch.: 0.0243391563
it.: 243 obj.: 5035878550.7983064651 vol.: 0.3999633289 ch.: 0.0262438927
it.: 244 obj.: 5036347147.0937166214 vol.: 0.3999872528 ch.: 0.0287594389
it.: 245 obj.: 5035537363.3752632141 vol.: 0.3999480777 ch.: 0.0322213869
it.: 246 obj.: 5035987606.5094394684 vol.: 0.3999698557 ch.: 0.0369370159
it.: 247 obj.: 5035204623.2004842758 vol.: 0.3999297277 ch.: 0.0418871943
it.: 248 obj.: 5035661854.6855888367 vol.: 0.3999462681 ch.: 0.0394152518
it.: 249 obj.: 5034996565.7405977249 vol.: 0.3999052258 ch.: 0.0355710708
it.: 250 obj.: 5035482826.1301174164 vol.: 0.3999226369 ch.: 0.0310510215
it.: 251 obj.: 5034791740.1071815491 vol.: 0.4000791843 ch.: 0.0290891733
it.: 252 obj.: 5031655560.9731597900 vol.: 0.4000129737 ch.: 0.0287281963
it.: 253 obj.: 5032925036.0873651505 vol.: 0.3999348267 ch.: 0.0272792775
it.: 254 obj.: 5034061524.5914278030 vol.: 0.3999509916 ch.: 0.0269866745
it.: 255 obj.: 5033332999.8512334824 vol.: 0.3999078217 ch.: 0.0266277409
it.: 256 obj.: 5033811985.6623334885 vol.: 0.3999304152 ch.: 0.0258178977
it.: 257 obj.: 5033003446.4059772491 vol.: 0.4000887034 ch.: 0.0261391818
it.: 258 obj.: 5029828213.3842277527 vol.: 0.4000279432 ch.: 0.0253272370
it.: 259 obj.: 5030988738.4586315155 vol.: 0.3999493819 ch.: 0.0229971469
it.: 260 obj.: 5032134445.0638093948 vol.: 0.3999657139 ch.: 0.0223856194
it.: 261 obj.: 5031406748.8184356689 vol.: 0.3999194557 ch.: 0.0216286842
it.: 262 obj.: 5031944112.5749149323 vol.: 0.3999413964 ch.: 0.0222657685
it.: 263 obj.: 5031137709.6714239120 vol.: 0.4000956106 ch.: 0.0228327745
it.: 264 obj.: 5028034621.9996328354 vol.: 0.4000319025 ch.: 0.0231172968
it.: 265 obj.: 5029248175.0459547043 vol.: 0.3999483738 ch.: 0.0235985359
it.: 266 obj.: 5030493041.4309921265 vol.: 0.3999621011 ch.: 0.0230611455
it.: 267 obj.: 5029821342.8170042038 vol.: 0.3999125955 ch.: 0.0223843869
it.: 268 obj.: 5030432740.8340635300 vol.: 0.3999328275 ch.: 0.0229143439
it.: 269 obj.: 5029671884.9233398438 vol.: 0.4000840244 ch.: 0.0255268727
it.: 270 obj.: 5026642413.6089057922 vol.: 0.4000176937 ch.: 0.0272158387
it.: 271 obj.: 5027920353.1575584412 vol.: 0.3999287126 ch.: 0.0280260555
it.: 272 obj.: 5029279947.1199960709 vol.: 0.3999366028 ch.: 0.0313559917
it.: 273 obj.: 5028717156.1461353302 vol.: 0.4000705619 ch.: 0.0369013281
it.: 274 obj.: 5025975520.2478227615 vol.: 0.3999900086 ch.: 0.0339617774
it.: 275 obj.: 5027520779.2682943344 vol.: 0.4000763444 ch.: 0.0351807953
it.: 276 obj.: 5025694964.4390506744 vol.: 0.3999878235 ch.: 0.0305887950
it.: 277 obj.: 5027327747.6046419144 vol.: 0.4000643957 ch.: 0.0275470651
it.: 278 obj.: 5025622003.2698650360 vol.: 0.3999773403 ch.: 0.0258112556
it.: 279 obj.: 5027187673.3909702301 vol.: 0.4000501160 ch.: 0.0257874195
it.: 280 obj.: 5025541373.0686607361 vol.: 0.3999663690 ch.: 0.0256190450
it.: 281 obj.: 5027042707.6401529312 vol.: 0.4000371360 ch.: 0.0251881282
it.: 282 obj.: 5025441050.8788499832 vol.: 0.3999573145 ch.: 0.0245908176
it.: 283 obj.: 5026865069.7099533081 vol.: 0.4000273550 ch.: 0.0239332135
it.: 284 obj.: 5025275890.3719310760 vol.: 0.3999512567 ch.: 0.0231590303
it.: 285 obj.: 5026621622.5581426620 vol.: 0.4000191883 ch.: 0.0223500375
it.: 286 obj.: 5025072104.5451612473 vol.: 0.3999453101 ch.: 0.0214602958
it.: 287 obj.: 5026369802.7696161270 vol.: 0.4000118832 ch.: 0.0206566136
it.: 288 obj.: 5024839739.1518497467 vol.: 0.3999412102 ch.: 0.0198880749
it.: 289 obj.: 5026061017.0119762421 vol.: 0.4000070423 ch.: 0.0191441952
it.: 290 obj.: 5024535934.1398792267 vol.: 0.3999385220 ch.: 0.0186712174
it.: 291 obj.: 5025707197.8693466187 vol.: 0.4000034862 ch.: 0.0191255874
it.: 292 obj.: 5024182858.8962297440 vol.: 0.3999370631 ch.: 0.0194695393
it.: 293 obj.: 5025295907.7059316635 vol.: 0.4000001197 ch.: 0.0201187041
it.: 294 obj.: 5023797596.6067857742 vol.: 0.3999356031 ch.: 0.0206505870
it.: 295 obj.: 5024858481.6703052521 vol.: 0.3999972848 ch.: 0.0213503532
it.: 296 obj.: 5023377120.7332201004 vol.: 0.3999346659 ch.: 0.0220956587
it.: 297 obj.: 5024390017.3442907333 vol.: 0.3999954316 ch.: 0.0231600380
it.: 298 obj.: 5022917276.7541313171 vol.: 0.3999343640 ch.: 0.0243972637
it.: 299 obj.: 5023898864.8612880707 vol.: 0.3999933965 ch.: 0.0258824291
it.: 300 obj.: 5022467190.4218997955 vol.: 0.3999333148 ch.: 0.0276569002
it.: 301 obj.: 5023435710.4037456512 vol.: 0.3999901237 ch.: 0.0295422099
it.: 302 obj.: 5022054816.8160696030 vol.: 0.3999290418 ch.: 0.0318843502
it.: 303 obj.: 5023051823.1163511276 vol.: 0.3999801640 ch.: 0.0293469877
it.: 304 obj.: 5021805319.3083534241 vol.: 0.3999157761 ch.: 0.0294326897
it.: 305 obj.: 5022893312.5587520599 vol.: 0.3999635427 ch.: 0.0258176649
it.: 306 obj.: 5021720426.3030433655 vol.: 0.4000942704 ch.: 0.0251357000
it.: 307 obj.: 5019251807.4720573425 vol.: 0.4000577284 ch.: 0.0254125743
it.: 308 obj.: 5020043913.5148725510 vol.: 0.3999494406 ch.: 0.0247201513
it.: 309 obj.: 5021888473.7302999496 vol.: 0.3999892745 ch.: 0.0249408378
it.: 310 obj.: 5020783906.9587574005 vol.: 0.3999149530 ch.: 0.0251147089
it.: 311 obj.: 5021986938.1421165466 vol.: 0.3999617584 ch.: 0.0249029097
it.: 312 obj.: 5020782518.4796180725 vol.: 0.4000906945 ch.: 0.0255829418
it.: 313 obj.: 5018314099.7705726624 vol.: 0.4000552682 ch.: 0.0250852153
it.: 314 obj.: 5019068222.0965766907 vol.: 0.3999462549 ch.: 0.0234012911
it.: 315 obj.: 5020920398.4090490341 vol.: 0.3999868175 ch.: 0.0228287981
it.: 316 obj.: 5019803028.6236467361 vol.: 0.3999132093 ch.: 0.0220806502
it.: 317 obj.: 5020989316.8931083679 vol.: 0.3999615404 ch.: 0.0213335783
it.: 318 obj.: 5019751757.8365039825 vol.: 0.4000917541 ch.: 0.0216662989
it.: 319 obj.: 5017252729.7278013229 vol.: 0.4000577919 ch.: 0.0206548535
it.: 320 obj.: 5017974494.4956455231 vol.: 0.3999496403 ch.: 0.0185055582
it.: 321 obj.: 5019805972.3770380020 vol.: 0.3999912246 ch.: 0.0178101337
it.: 322 obj.: 5018661266.0234375000 vol.: 0.3999182981 ch.: 0.0171961681
it.: 323 obj.: 5019824614.3753309250 vol.: 0.3999661519 ch.: 0.0166608134
it.: 324 obj.: 5018588894.1877632141 vol.: 0.4000959360 ch.: 0.0187696164
it.: 325 obj.: 5016088236.7947282791 vol.: 0.4000607698 ch.: 0.0193172834
it.: 326 obj.: 5016817660.0305337906 vol.: 0.3999531127 ch.: 0.0188850841
it.: 327 obj.: 5018615423.9088020325 vol.: 0.3999936247 ch.: 0.0203890698
it.: 328 obj.: 5017464884.0149869919 vol.: 0.3999202181 ch.: 0.0217628195
it.: 329 obj.: 5018607301.3080148697 vol.: 0.3999659209 ch.: 0.0230492292
it.: 330 obj.: 5017381206.7973175049 vol.: 0.4000944045 ch.: 0.0255826485
it.: 331 obj.: 5014867753.9338417053 vol.: 0.4000548984 ch.: 0.0262168318
it.: 332 obj.: 5015652739.2248296738 vol.: 0.3999414831 ch.: 0.0259826277
it.: 333 obj.: 5017543028.4299688339 vol.: 0.3999726717 ch.: 0.0275904932
it.: 334 obj.: 5016570462.6946315765 vol.: 0.4000831847 ch.: 0.0299517151
it.: 335 obj.: 5014390862.0079059601 vol.: 0.4000309239 ch.: 0.0258118702
it.: 336 obj.: 5015431926.3376045227 vol.: 0.3999037449 ch.: 0.0244309578
it.: 337 obj.: 5017601951.7418851852 vol.: 0.3999270525 ch.: 0.0208782088
it.: 338 obj.: 5016787985.5255060196 vol.: 0.4000313742 ch.: 0.0218528203
it.: 339 obj.: 5014725668.8529491425 vol.: 0.3999794399 ch.: 0.0218115659
it.: 340 obj.: 5015736910.2127103806 vol.: 0.4000462416 ch.: 0.0221141962
it.: 341 obj.: 5014353136.1923084259 vol.: 0.3999881734 ch.: 0.0229452359
it.: 342 obj.: 5015430248.0988826752 vol.: 0.4000446012 ch.: 0.0236619529
it.: 343 obj.: 5014194507.1878690720 vol.: 0.3999864146 ch.: 0.0242408654
it.: 344 obj.: 5015226115.7289648056 vol.: 0.4000371064 ch.: 0.0246474818
it.: 345 obj.: 5014068104.1217937469 vol.: 0.3999788657 ch.: 0.0246798005
it.: 346 obj.: 5015076734.9961509705 vol.: 0.4000257504 ch.: 0.0246996984
it.: 347 obj.: 5013974151.4161758423 vol.: 0.3999693129 ch.: 0.0252175935
it.: 348 obj.: 5014930912.1882743835 vol.: 0.4000142387 ch.: 0.0254330368
it.: 349 obj.: 5013855671.1465072632 vol.: 0.3999603247 ch.: 0.0253926519
it.: 350 obj.: 5014755407.5269479752 vol.: 0.4000051063 ch.: 0.0250970209
it.: 351 obj.: 5013676030.3288679123 vol.: 0.3999543131 ch.: 0.0245583340
it.: 352 obj.: 5014511876.6433858871 vol.: 0.3999985546 ch.: 0.0238526009
it.: 353 obj.: 5013446788.8103046417 vol.: 0.3999503000 ch.: 0.0234237373
it.: 354 obj.: 5014237459.3293123245 vol.: 0.3999942103 ch.: 0.0226153407
it.: 355 obj.: 5013185141.8690948486 vol.: 0.3999493031 ch.: 0.0217957364
it.: 356 obj.: 5013911538.0967092514 vol.: 0.3999932089 ch.: 0.0210432868
it.: 357 obj.: 5012860504.4192428589 vol.: 0.3999500329 ch.: 0.0206265053
it.: 358 obj.: 5013554586.8110532761 vol.: 0.3999924827 ch.: 0.0208504933
it.: 359 obj.: 5012536800.8746700287 vol.: 0.3999499154 ch.: 0.0196378495
it.: 360 obj.: 5013230194.9385051727 vol.: 0.3999917561 ch.: 0.0181916898
it.: 361 obj.: 5012230623.5122442245 vol.: 0.3999521644 ch.: 0.0179167741
it.: 362 obj.: 5012860956.5575847626 vol.: 0.3999942318 ch.: 0.0191835130
it.: 363 obj.: 5011854984.1682491302 vol.: 0.3999565551 ch.: 0.0205084974
it.: 364 obj.: 5012447441.1350898743 vol.: 0.3999983462 ch.: 0.0220345923
it.: 365 obj.: 5011444775.5342092514 vol.: 0.3999621786 ch.: 0.0236954843
it.: 366 obj.: 5012005003.6978244781 vol.: 0.4000037031 ch.: 0.0255365411
it.: 367 obj.: 5011006098.8627386093 vol.: 0.3999687269 ch.: 0.0273273406
it.: 368 obj.: 5011541455.8530998230 vol.: 0.4000078692 ch.: 0.0287098215
it.: 369 obj.: 5010595968.7562961578 vol.: 0.3999712052 ch.: 0.0290583777
it.: 370 obj.: 5011175585.9007806778 vol.: 0.4000056402 ch.: 0.0249958176
it.: 371 obj.: 5010343265.4702320099 vol.: 0.3999660141 ch.: 0.0227377246
it.: 372 obj.: 5010999935.4439916611 vol.: 0.3999982426 ch.: 0.0189280172
it.: 373 obj.: 5010209333.7980709076 vol.: 0.3999595701 ch.: 0.0159317208
it.: 374 obj.: 5010835939.2582283020 vol.: 0.3999909035 ch.: 0.0159606645
it.: 375 obj.: 5010060315.6345243454 vol.: 0.3999525818 ch.: 0.0164627767
it.: 376 obj.: 5010683206.0260324478 vol.: 0.3999826962 ch.: 0.0168363002
it.: 377 obj.: 5009935091.0052032471 vol.: 0.3999452638 ch.: 0.0171145261
it.: 378 obj.: 5010540750.7749719620 vol.: 0.3999749838 ch.: 0.0173221602
it.: 379 obj.: 5009802157.6746301651 vol.: 0.3999383494 ch.: 0.0175235559
it.: 380 obj.: 5010394181.4234714508 vol.: 0.3999672275 ch.: 0.0177111617
it.: 381 obj.: 5009672635.0986499786 vol.: 0.3999308753 ch.: 0.0178430024
it.: 382 obj.: 5010253372.6430540085 vol.: 0.3999586775 ch.: 0.0181301274
it.: 383 obj.: 5009538721.5799760818 vol.: 0.3999226217 ch.: 0.0184580905
it.: 384 obj.: 5010088117.0891857147 vol.: 0.3999491233 ch.: 0.0187019524
it.: 385 obj.: 5009360288.4496994019 vol.: 0.3999126295 ch.: 0.0192353751
it.: 386 obj.: 5009873375.9954423904 vol.: 0.3999370689 ch.: 0.0202196131
it.: 387 obj.: 5009161769.2837362289 vol.: 0.4000953019 ch.: 0.0219433940
it.: 388 obj.: 5006160159.2945995331 vol.: 0.4000369195 ch.: 0.0220206944
it.: 389 obj.: 5007403836.5771827698 vol.: 0.3999499228 ch.: 0.0207248427
it.: 390 obj.: 5008818383.6113433838 vol.: 0.3999621961 ch.: 0.0215511946
it.: 391 obj.: 5008264551.5933885574 vol.: 0.3999076468 ch.: 0.0221015100
it.: 392 obj.: 5009047142.0798587799 vol.: 0.3999262314 ch.: 0.0224506522
it.: 393 obj.: 5008384472.3074712753 vol.: 0.4000743224 ch.: 0.0230996416
it.: 394 obj.: 5005513614.2765550613 vol.: 0.4000125287 ch.: 0.0238247681
it.: 395 obj.: 5006761680.8771896362 vol.: 0.3999184935 ch.: 0.0238847419
it.: 396 obj.: 5008257047.0917377472 vol.: 0.3999292664 ch.: 0.0257322705
it.: 397 obj.: 5007682555.3838310242 vol.: 0.4000648064 ch.: 0.0279461525
it.: 398 obj.: 5004989944.7550945282 vol.: 0.4000014129 ch.: 0.0288314530
it.: 399 obj.: 5006208168.6151161194 vol.: 0.4000961033 ch.: 0.0300173486
it.: 400 obj.: 5004244177.0750617981 vol.: 0.4000257947 ch.: 0.0308188189
it.: 401 obj.: 5005528081.5731182098 vol.: 0.3999125629 ch.: 0.0305715098
it.: 402 obj.: 5007278148.9562301636 vol.: 0.3999224605 ch.: 0.0318101957
it.: 403 obj.: 5006617521.0810756683 vol.: 0.4000474059 ch.: 0.0341227555
it.: 404 obj.: 5004040934.7122859955 vol.: 0.3999862336 ch.: 0.0346330922
it.: 405 obj.: 5005134331.0498685837 vol.: 0.4000734820 ch.: 0.0350406697
it.: 406 obj.: 5003244123.3173904419 vol.: 0.4000051723 ch.: 0.0354376188
it.: 407 obj.: 5004424071.4875049591 vol.: 0.4000757403 ch.: 0.0362134493
it.: 408 obj.: 5002843447.4898834229 vol.: 0.3999990476 ch.: 0.0319863169
it.: 409 obj.: 5004201141.8244066238 vol.: 0.4000591606 ch.: 0.0263113689
it.: 410 obj.: 5002829774.1292724609 vol.: 0.3999830631 ch.: 0.0229167629
it.: 411 obj.: 5004161273.7092657089 vol.: 0.4000415986 ch.: 0.0225566382
it.: 412 obj.: 5002795603.0267686844 vol.: 0.3999691459 ch.: 0.0221065691
it.: 413 obj.: 5004040133.6151313782 vol.: 0.4000258274 ch.: 0.0215219479
it.: 414 obj.: 5002702692.2535076141 vol.: 0.3999550558 ch.: 0.0208746157
it.: 415 obj.: 5003917871.9067687988 vol.: 0.4000095218 ch.: 0.0208203721
it.: 416 obj.: 5002638142.2166938782 vol.: 0.3999433718 ch.: 0.0206000514
it.: 417 obj.: 5003769456.3695163727 vol.: 0.3999988754 ch.: 0.0207448083
it.: 418 obj.: 5002472979.3192224503 vol.: 0.3999359234 ch.: 0.0209176820
it.: 419 obj.: 5003550365.1490793228 vol.: 0.3999906391 ch.: 0.0210905481
it.: 420 obj.: 5002278104.8555212021 vol.: 0.3999309841 ch.: 0.0212237636
it.: 421 obj.: 5003295766.7470340729 vol.: 0.3999848902 ch.: 0.0212819854
it.: 422 obj.: 5002052411.7831344604 vol.: 0.3999275726 ch.: 0.0212549803
it.: 423 obj.: 5003036511.6767311096 vol.: 0.3999806291 ch.: 0.0211686090
it.: 424 obj.: 5001818020.7407779694 vol.: 0.3999247278 ch.: 0.0211235860
it.: 425 obj.: 5002785209.9028234482 vol.: 0.3999758533 ch.: 0.0212178898
it.: 426 obj.: 5001619020.5055599213 vol.: 0.3999213638 ch.: 0.0212653086
it.: 427 obj.: 5002568195.1574525833 vol.: 0.3999707344 ch.: 0.0214908213
it.: 428 obj.: 5001444637.3302259445 vol.: 0.3999171070 ch.: 0.0206319569
it.: 429 obj.: 5002379050.3169803619 vol.: 0.3999654188 ch.: 0.0207096556
it.: 430 obj.: 5001274159.3811588287 vol.: 0.3999135512 ch.: 0.0209602933
it.: 431 obj.: 5002171432.2130708694 vol.: 0.3999610091 ch.: 0.0212397593
it.: 432 obj.: 5001085746.7395591736 vol.: 0.3999103256 ch.: 0.0211272022
it.: 433 obj.: 5001965880.1529569626 vol.: 0.3999565499 ch.: 0.0212970848
it.: 434 obj.: 5000909195.4598064423 vol.: 0.3999072355 ch.: 0.0206620962
it.: 435 obj.: 5001763485.5222110748 vol.: 0.3999529766 ch.: 0.0203110054
it.: 436 obj.: 5000714847.8405761719 vol.: 0.3999055098 ch.: 0.0205566008
it.: 437 obj.: 5001529570.3659515381 vol.: 0.3999498514 ch.: 0.0209068351
it.: 438 obj.: 5000511453.0940780640 vol.: 0.3999025393 ch.: 0.0207245984
it.: 439 obj.: 5001326370.9998989105 vol.: 0.3999449684 ch.: 0.0207609346
it.: 440 obj.: 5000347975.4150247574 vol.: 0.4000929054 ch.: 0.0214376223
it.: 441 obj.: 4997646821.3600492477 vol.: 0.4000526403 ch.: 0.0204641951
it.: 442 obj.: 4998600582.3078670502 vol.: 0.3999551193 ch.: 0.0193516569
it.: 443 obj.: 5000288085.7434396744 vol.: 0.3999846233 ch.: 0.0195273813
it.: 444 obj.: 4999462698.3212728500 vol.: 0.3999207065 ch.: 0.0197984818
it.: 445 obj.: 5000508645.2681140900 vol.: 0.3999565069 ch.: 0.0199082239
it.: 446 obj.: 4999587231.5635490417 vol.: 0.4000959552 ch.: 0.0205440446
it.: 447 obj.: 4996996710.8524103165 vol.: 0.4000532092 ch.: 0.0194903796
it.: 448 obj.: 4997958022.8585157394 vol.: 0.3999501091 ch.: 0.0191358976
it.: 449 obj.: 4999725088.1025619507 vol.: 0.3999773888 ch.: 0.0191449111
it.: 450 obj.: 4998917090.7661724091 vol.: 0.3999096693 ch.: 0.0189820018
it.: 451 obj.: 5000014114.1256685257 vol.: 0.3999440731 ch.: 0.0187161884
it.: 452 obj.: 4999101526.2471990585 vol.: 0.4000814339 ch.: 0.0194827899
it.: 453 obj.: 4996532297.2125358582 vol.: 0.4000382883 ch.: 0.0190840009
it.: 454 obj.: 4997484399.3451929092 vol.: 0.3999344136 ch.: 0.0174067945
it.: 455 obj.: 4999250718.6662702560 vol.: 0.3999622396 ch.: 0.0173305885
it.: 456 obj.: 4998421711.2479181290 vol.: 0.4000897226 ch.: 0.0183603561
it.: 457 obj.: 4995993830.9278631210 vol.: 0.4000444216 ch.: 0.0187631951
it.: 458 obj.: 4996945669.8266897202 vol.: 0.3999354214 ch.: 0.0177755040
it.: 459 obj.: 4998771653.8711080551 vol.: 0.3999626516 ch.: 0.0181052877
it.: 460 obj.: 4997918844.3342151642 vol.: 0.4000861626 ch.: 0.0206265341
it.: 461 obj.: 4995539990.6725006104 vol.: 0.4000404293 ch.: 0.0230240883
it.: 462 obj.: 4996470294.0190382004 vol.: 0.3999285214 ch.: 0.0258211688
it.: 463 obj.: 4998315450.9848070145 vol.: 0.3999549683 ch.: 0.0311668805
it.: 464 obj.: 4997427618.0963573456 vol.: 0.4000754171 ch.: 0.0384787136
it.: 465 obj.: 4995042817.5214166641 vol.: 0.4000273847 ch.: 0.0439325898
it.: 466 obj.: 4995951181.3866004944 vol.: 0.3999063616 ch.: 0.0406528037
it.: 467 obj.: 4997946623.2788715363 vol.: 0.3999244895 ch.: 0.0374757509
it.: 468 obj.: 4997207150.7176475525 vol.: 0.4000360706 ch.: 0.0324315869
it.: 469 obj.: 4994998777.7108554840 vol.: 0.3999839470 ch.: 0.0294659144
it.: 470 obj.: 4996002568.7467145920 vol.: 0.4000591392 ch.: 0.0262116109
it.: 471 obj.: 4994463079.8539676666 vol.: 0.4000027681 ch.: 0.0239267415
it.: 472 obj.: 4995514854.2724857330 vol.: 0.4000680519 ch.: 0.0215167101
it.: 473 obj.: 4994139943.4488525391 vol.: 0.4000115816 ch.: 0.0192838501
it.: 474 obj.: 4995176218.5328874588 vol.: 0.4000714932 ch.: 0.0173101176
it.: 475 obj.: 4993895182.6098957062 vol.: 0.4000160813 ch.: 0.0170149502
it.: 476 obj.: 4994902652.3657083511 vol.: 0.4000724806 ch.: 0.0169879167
it.: 477 obj.: 4993685032.3166656494 vol.: 0.4000178895 ch.: 0.0168713983
it.: 478 obj.: 4994677423.4851655960 vol.: 0.4000709108 ch.: 0.0167011894
it.: 479 obj.: 4993524066.1659698486 vol.: 0.4000178584 ch.: 0.0166518100
it.: 480 obj.: 4994477741.2076187134 vol.: 0.4000685312 ch.: 0.0167408420
it.: 481 obj.: 4993365366.4153318405 vol.: 0.4000167319 ch.: 0.0164867800
it.: 482 obj.: 4994291779.6051359177 vol.: 0.4000649883 ch.: 0.0163999443
it.: 483 obj.: 4993223305.3423051834 vol.: 0.4000145267 ch.: 0.0165811032
it.: 484 obj.: 4994113338.8878154755 vol.: 0.4000614293 ch.: 0.0183074214
it.: 485 obj.: 4993056552.8292503357 vol.: 0.4000124816 ch.: 0.0200290493
it.: 486 obj.: 4993902752.4188938141 vol.: 0.4000582005 ch.: 0.0216952240
it.: 487 obj.: 4992855062.1381988525 vol.: 0.4000107928 ch.: 0.0234656921
it.: 488 obj.: 4993658070.5029516220 vol.: 0.4000547750 ch.: 0.0249195031
it.: 489 obj.: 4992634352.7263679504 vol.: 0.4000084556 ch.: 0.0265797390
it.: 490 obj.: 4993401310.4984760284 vol.: 0.4000511224 ch.: 0.0278175640
it.: 491 obj.: 4992384834.4264106750 vol.: 0.4000060532 ch.: 0.0288571418
it.: 492 obj.: 4993109047.2698135376 vol.: 0.4000476428 ch.: 0.0293137324
it.: 493 obj.: 4992102895.1024761200 vol.: 0.4000042099 ch.: 0.0292678439
it.: 494 obj.: 4992785196.0852136612 vol.: 0.4000448362 ch.: 0.0283527279
it.: 495 obj.: 4991794176.9845476151 vol.: 0.4000024469 ch.: 0.0269427120
it.: 496 obj.: 4992458056.7783670425 vol.: 0.4000407822 ch.: 0.0229887366
it.: 497 obj.: 4991530895.2105064392 vol.: 0.3999963678 ch.: 0.0206958254
it.: 498 obj.: 4992272572.1146411896 vol.: 0.4000331056 ch.: 0.0210175275
it.: 499 obj.: 4991397116.7357778549 vol.: 0.3999908104 ch.: 0.0209910027
it.: 500 obj.: 4992101486.3074407578 vol.: 0.4000263053 ch.: 0.0199269199
it.: 501 obj.: 4991268016.9761991501 vol.: 0.3999845861 ch.: 0.0161699732
it.: 502 obj.: 4991978344.3666009903 vol.: 0.4000207362 ch.: 0.0155447721
it.: 503 obj.: 4991134571.5092611313 vol.: 0.3999820640 ch.: 0.0155040851
it.: 504 obj.: 4991783318.7513580322 vol.: 0.4000185157 ch.: 0.0156731088
it.: 505 obj.: 4990935598.5278396606 vol.: 0.3999809606 ch.: 0.0158641300
it.: 506 obj.: 4991563820.0349578857 vol.: 0.4000163138 ch.: 0.0153113303
it.: 507 obj.: 4990735408.8460922241 vol.: 0.3999797693 ch.: 0.0152672915
it.: 508 obj.: 4991336669.6996927261 vol.: 0.4000154372 ch.: 0.0154004556
it.: 509 obj.: 4990498787.7018585205 vol.: 0.3999808798 ch.: 0.0155440044
it.: 510 obj.: 4991070211.2026119232 vol.: 0.4000165435 ch.: 0.0153852316
it.: 511 obj.: 4990247233.8992662430 vol.: 0.3999825685 ch.: 0.0165929444
it.: 512 obj.: 4990814925.6632146835 vol.: 0.4000159857 ch.: 0.0173986287
it.: 513 obj.: 4990039544.2904090881 vol.: 0.3999816459 ch.: 0.0179103690
it.: 514 obj.: 4990611104.0463600159 vol.: 0.4000141521 ch.: 0.0185458445
it.: 515 obj.: 4989846015.4644269943 vol.: 0.3999804097 ch.: 0.0196321143
it.: 516 obj.: 4990397875.2329921722 vol.: 0.4000121833 ch.: 0.0212100167
it.: 517 obj.: 4989636245.5989141464 vol.: 0.3999790838 ch.: 0.0229984302
it.: 518 obj.: 4990160351.9575223923 vol.: 0.4000090979 ch.: 0.0252484298
it.: 519 obj.: 4989422217.8117618561 vol.: 0.3999753171 ch.: 0.0276595024
it.: 520 obj.: 4989946761.8277597427 vol.: 0.4000026199 ch.: 0.0303406186
it.: 521 obj.: 4989251776.0809535980 vol.: 0.3999650996 ch.: 0.0283077344
it.: 522 obj.: 4989854806.4551687241 vol.: 0.3999852368 ch.: 0.0279631451
it.: 523 obj.: 4989318708.5234470367 vol.: 0.3999439865 ch.: 0.0251586804
it.: 524 obj.: 4989987454.5950126648 vol.: 0.3999622278 ch.: 0.0237331868
it.: 525 obj.: 4989456762.6167449951 vol.: 0.3999206046 ch.: 0.0259361943
it.: 526 obj.: 4990110143.9682188034 vol.: 0.3999379090 ch.: 0.0277920241
it.: 527 obj.: 4989579982.2598838806 vol.: 0.4000919187 ch.: 0.0277073967
it.: 528 obj.: 4986721203.6950092316 vol.: 0.4000300235 ch.: 0.0281669612
it.: 529 obj.: 4988055178.2585105896 vol.: 0.3999391940 ch.: 0.0285994206
it.: 530 obj.: 4989542213.3231897354 vol.: 0.3999465403 ch.: 0.0269345445
it.: 531 obj.: 4989101959.3096256256 vol.: 0.4000859001 ch.: 0.0238928152
it.: 532 obj.: 4986439391.5618371964 vol.: 0.4000238938 ch.: 0.0220767640
it.: 533 obj.: 4987716821.9869956970 vol.: 0.3999271149 ch.: 0.0208037981
it.: 534 obj.: 4989286388.6301012039 vol.: 0.3999380132 ch.: 0.0182924450
it.: 535 obj.: 4988763564.5629653931 vol.: 0.4000754323 ch.: 0.0166058878
it.: 536 obj.: 4986139515.5336561203 vol.: 0.4000178656 ch.: 0.0152611769
it.: 537 obj.: 4987341808.3979597092 vol.: 0.3999196439 ch.: 0.0136137241
it.: 538 obj.: 4988959083.4219617844 vol.: 0.3999338229 ch.: 0.0136097285
it.: 539 obj.: 4988391865.1585531235 vol.: 0.4000695523 ch.: 0.0144158920
it.: 540 obj.: 4985818707.5178108215 vol.: 0.4000145217 ch.: 0.0145818247
it.: 541 obj.: 4986984234.2195987701 vol.: 0.3999143513 ch.: 0.0150697757
it.: 542 obj.: 4988649294.1066894531 vol.: 0.3999303023 ch.: 0.0156753407
it.: 543 obj.: 4988053597.1653623581 vol.: 0.4000645562 ch.: 0.0176302511
it.: 544 obj.: 4985509884.1406869888 vol.: 0.4000116492 ch.: 0.0180766643
it.: 545 obj.: 4986627072.4321527481 vol.: 0.3999102110 ch.: 0.0189911535
it.: 546 obj.: 4988305850.4309682846 vol.: 0.3999277800 ch.: 0.0194094806
it.: 547 obj.: 4987662946.7221069336 vol.: 0.4000603510 ch.: 0.0206768147
it.: 548 obj.: 4985137968.3343667984 vol.: 0.4000083655 ch.: 0.0209777696
it.: 549 obj.: 4986226076.0704383850 vol.: 0.3999053540 ch.: 0.0217650674
it.: 550 obj.: 4987925512.5932426453 vol.: 0.3999236724 ch.: 0.0217498362
it.: 551 obj.: 4987259711.1056413651 vol.: 0.4000548474 ch.: 0.0227166006
it.: 552 obj.: 4984751192.9584016800 vol.: 0.4000034821 ch.: 0.0227622839
it.: 553 obj.: 4985817167.2803096771 vol.: 0.4000952492 ch.: 0.0223379487
it.: 554 obj.: 4984021109.8014383316 vol.: 0.4000376632 ch.: 0.0219492047
it.: 555 obj.: 4985149457.5232467651 vol.: 0.3999222659 ch.: 0.0199768022
it.: 556 obj.: 4987023295.4122247696 vol.: 0.3999416617 ch.: 0.0193793154
it.: 557 obj.: 4986284206.1682586670 vol.: 0.4000670136 ch.: 0.0199034790
it.: 558 obj.: 4983856545.8049240112 vol.: 0.4000196126 ch.: 0.0183188611
it.: 559 obj.: 4984823130.8669691086 vol.: 0.3999120500 ch.: 0.0158304412
it.: 560 obj.: 4986593106.5008363724 vol.: 0.3999361325 ch.: 0.0146892875
it.: 561 obj.: 4985802749.3621463776 vol.: 0.4000646803 ch.: 0.0161039772
it.: 562 obj.: 4983350782.7287168503 vol.: 0.4000199972 ch.: 0.0170441652
it.: 563 obj.: 4984296549.8138895035 vol.: 0.3999139967 ch.: 0.0172163172
it.: 564 obj.: 4986065444.1263513565 vol.: 0.3999389454 ch.: 0.0193772949
it.: 565 obj.: 4985285032.2713088989 vol.: 0.4000666138 ch.: 0.0225851303
it.: 566 obj.: 4982873273.8506736755 vol.: 0.4000208704 ch.: 0.0234591225
it.: 567 obj.: 4983856367.3207626343 vol.: 0.3999134723 ch.: 0.0234353126
it.: 568 obj.: 4985658612.0246610641 vol.: 0.3999377988 ch.: 0.0242633672
it.: 569 obj.: 4984892303.1588964462 vol.: 0.4000639100 ch.: 0.0244917724
it.: 570 obj.: 4982516659.5937585831 vol.: 0.4000167647 ch.: 0.0226727814
it.: 571 obj.: 4983542012.0482406616 vol.: 0.3999077164 ch.: 0.0193094653
it.: 572 obj.: 4985390975.0930109024 vol.: 0.3999312841 ch.: 0.0173549229
it.: 573 obj.: 4984652887.5609254837 vol.: 0.4000569980 ch.: 0.0205446758
it.: 574 obj.: 4982289339.7988071442 vol.: 0.4000118373 ch.: 0.0224078148
it.: 575 obj.: 4983262585.4424705505 vol.: 0.3999025881 ch.: 0.0230948991
it.: 576 obj.: 4985104924.7724647522 vol.: 0.3999260659 ch.: 0.0252894770
it.: 577 obj.: 4984355717.2405700684 vol.: 0.4000501231 ch.: 0.0288105468
it.: 578 obj.: 4982014124.0028715134 vol.: 0.4000014406 ch.: 0.0279047264
it.: 579 obj.: 4983063442.3124923706 vol.: 0.4000798249 ch.: 0.0252572667
it.: 580 obj.: 4981594613.2233848572 vol.: 0.4000190098 ch.: 0.0217094988
it.: 581 obj.: 4982837097.5052700043 vol.: 0.4000844690 ch.: 0.0186703096
it.: 582 obj.: 4981545734.3511352539 vol.: 0.4000213605 ch.: 0.0160788337
it.: 583 obj.: 4982778434.0175170898 vol.: 0.4000801635 ch.: 0.0139679724
it.: 584 obj.: 4981576406.8191184998 vol.: 0.4000170926 ch.: 0.0136138379
it.: 585 obj.: 4982779709.4430265427 vol.: 0.4000709265 ch.: 0.0138496542
it.: 586 obj.: 4981656464.7319030762 vol.: 0.4000076984 ch.: 0.0143367983
it.: 587 obj.: 4982849855.0971565247 vol.: 0.4000568551 ch.: 0.0154882736
it.: 588 obj.: 4981806394.2356147766 vol.: 0.3999933496 ch.: 0.0171573837
it.: 589 obj.: 4982992408.5277070999 vol.: 0.4000389608 ch.: 0.0191516587
it.: 590 obj.: 4982001889.6087989807 vol.: 0.3999762830 ch.: 0.0209835318
it.: 591 obj.: 4983153153.4847164154 vol.: 0.4000194789 ch.: 0.0224266829
it.: 592 obj.: 4982193354.5812807083 vol.: 0.3999580984 ch.: 0.0233754856
it.: 593 obj.: 4983305808.4114837646 vol.: 0.3999991158 ch.: 0.0236909468
it.: 594 obj.: 4982381642.8241462708 vol.: 0.3999395869 ch.: 0.0235330799
it.: 595 obj.: 4983450943.5897140503 vol.: 0.3999801924 ch.: 0.0230663939
it.: 596 obj.: 4982532613.4364328384 vol.: 0.3999233396 ch.: 0.0221925252
it.: 597 obj.: 4983554002.3253450394 vol.: 0.3999641548 ch.: 0.0210544640
it.: 598 obj.: 4982637875.5510692596 vol.: 0.3999109352 ch.: 0.0197772813
it.: 599 obj.: 4983593313.9162454605 vol.: 0.3999524163 ch.: 0.0183718052
it.: 600 obj.: 4982674673.1716728210 vol.: 0.4000978236 ch.: 0.0164501228
it.: 601 obj.: 4980097593.8029289246 vol.: 0.4000634572 ch.: 0.0165482850
it.: 602 obj.: 4980989720.1423606873 vol.: 0.3999643529 ch.: 0.0162531793
it.: 603 obj.: 4982747013.6195373535 vol.: 0.3999967730 ch.: 0.0167048854
it.: 604 obj.: 4981920178.1040639877 vol.: 0.3999329980 ch.: 0.0176563211
it.: 605 obj.: 4983012405.5571460724 vol.: 0.3999727005 ch.: 0.0186096415
it.: 606 obj.: 4982079624.7071619034 vol.: 0.3999185445 ch.: 0.0193702024
it.: 607 obj.: 4983027086.9223413467 vol.: 0.3999607535 ch.: 0.0201341922
it.: 608 obj.: 4982076633.8948469162 vol.: 0.3999118088 ch.: 0.0209590000
it.: 609 obj.: 4982946536.4142885208 vol.: 0.3999551098 ch.: 0.0212872080
it.: 610 obj.: 4981991515.8005199432 vol.: 0.3999098805 ch.: 0.0217639311
it.: 611 obj.: 4982800036.7920217514 vol.: 0.3999529518 ch.: 0.0219112461
it.: 612 obj.: 4981861442.3684959412 vol.: 0.3999099211 ch.: 0.0217511699
it.: 613 obj.: 4982637274.1839523315 vol.: 0.3999523803 ch.: 0.0215229249
it.: 614 obj.: 4981719359.0849514008 vol.: 0.3999114888 ch.: 0.0208538319
it.: 615 obj.: 4982458827.7130603790 vol.: 0.3999533519 ch.: 0.0200638206
it.: 616 obj.: 4981559801.8536233902 vol.: 0.3999141121 ch.: 0.0187714467
it.: 617 obj.: 4982273402.1381378174 vol.: 0.3999554225 ch.: 0.0175671740
it.: 618 obj.: 4981391618.6804656982 vol.: 0.3999175365 ch.: 0.0157441518
it.: 619 obj.: 4982084904.7962741852 vol.: 0.3999582288 ch.: 0.0143815831
it.: 620 obj.: 4981218865.8914690018 vol.: 0.3999220035 ch.: 0.0139657447
it.: 621 obj.: 4981881222.4143009186 vol.: 0.3999621483 ch.: 0.0137492569
it.: 622 obj.: 4981027567.9181299210 vol.: 0.3999268404 ch.: 0.0139432284
it.: 623 obj.: 4981673703.6557455063 vol.: 0.3999661464 ch.: 0.0142756762
it.: 624 obj.: 4980835350.9251060486 vol.: 0.3999315406 ch.: 0.0147005811
it.: 625 obj.: 4981467079.1063327789 vol.: 0.3999695270 ch.: 0.0138650831
it.: 626 obj.: 4980655866.6561927795 vol.: 0.3999356734 ch.: 0.0137683824
it.: 627 obj.: 4981272770.1254463196 vol.: 0.3999727430 ch.: 0.0137196645
it.: 628 obj.: 4980480839.0055961609 vol.: 0.3999397891 ch.: 0.0137175810
it.: 629 obj.: 4981080059.5566015244 vol.: 0.3999759764 ch.: 0.0137618839
it.: 630 obj.: 4980305148.9146308899 vol.: 0.3999434997 ch.: 0.0136916259
it.: 631 obj.: 4980893830.1562957764 vol.: 0.3999786079 ch.: 0.0136991296
it.: 632 obj.: 4980137453.9574680328 vol.: 0.3999469053 ch.: 0.0140362455
it.: 633 obj.: 4980706680.3793487549 vol.: 0.3999811322 ch.: 0.0142518354
it.: 634 obj.: 4979964430.6351213455 vol.: 0.3999502498 ch.: 0.0150285325
it.: 635 obj.: 4980511584.0125827789 vol.: 0.3999842730 ch.: 0.0159955365
it.: 636 obj.: 4979765948.7848453522 vol.: 0.3999548856 ch.: 0.0169912046
it.: 637 obj.: 4980278220.8511314392 vol.: 0.3999892162 ch.: 0.0185527623
it.: 638 obj.: 4979520464.3612918854 vol.: 0.3999610551 ch.: 0.0207854565
it.: 639 obj.: 4980002682.4167871475 vol.: 0.3999946104 ch.: 0.0233459210
it.: 640 obj.: 4979252743.2115669250 vol.: 0.3999669038 ch.: 0.0262217986
it.: 641 obj.: 4979712569.6796541214 vol.: 0.3999985646 ch.: 0.0290319461
it.: 642 obj.: 4978989465.6496582031 vol.: 0.3999664865 ch.: 0.0261478909
it.: 643 obj.: 4979557546.6842498779 vol.: 0.3999922876 ch.: 0.0232659150
it.: 644 obj.: 4978972451.7433395386 vol.: 0.3999595572 ch.: 0.0198720566
it.: 645 obj.: 4979547981.0657644272 vol.: 0.3999849706 ch.: 0.0169406603
it.: 646 obj.: 4978967941.0203933716 vol.: 0.3999539153 ch.: 0.0144523856
it.: 647 obj.: 4979512206.5177488327 vol.: 0.3999802394 ch.: 0.0131321672
it.: 648 obj.: 4978918045.5400257111 vol.: 0.3999509846 ch.: 0.0133676114
it.: 649 obj.: 4979432184.9487342834 vol.: 0.3999775498 ch.: 0.0136722049
it.: 650 obj.: 4978838729.6332702637 vol.: 0.3999493258 ch.: 0.0138352374
it.: 651 obj.: 4979336542.5750522614 vol.: 0.3999754126 ch.: 0.0136747595
it.: 652 obj.: 4978755437.8303260803 vol.: 0.3999480911 ch.: 0.0132193239
it.: 653 obj.: 4979235093.1451568604 vol.: 0.3999737659 ch.: 0.0127181368
it.: 654 obj.: 4978662705.5551452637 vol.: 0.3999471420 ch.: 0.0125709866
it.: 655 obj.: 4979128339.4628524780 vol.: 0.3999725196 ch.: 0.0125607232
it.: 656 obj.: 4978559702.3295946121 vol.: 0.3999467292 ch.: 0.0126117978
it.: 657 obj.: 4979006606.1406888962 vol.: 0.3999715351 ch.: 0.0132063413
it.: 658 obj.: 4978448595.0467815399 vol.: 0.3999458089 ch.: 0.0137987077
it.: 659 obj.: 4978893935.5238790512 vol.: 0.3999692983 ch.: 0.0143599067
it.: 660 obj.: 4978360437.3187675476 vol.: 0.3999432516 ch.: 0.0148672309
it.: 661 obj.: 4978807403.0655221939 vol.: 0.3999649409 ch.: 0.0153026073
it.: 662 obj.: 4978306015.2574396133 vol.: 0.3999380808 ch.: 0.0155591709
it.: 663 obj.: 4978765007.8890724182 vol.: 0.3999579685 ch.: 0.0157942926
it.: 664 obj.: 4978295071.8038368225 vol.: 0.3999300115 ch.: 0.0158096296
it.: 665 obj.: 4978773390.0422878265 vol.: 0.3999476355 ch.: 0.0155891110
it.: 666 obj.: 4978347199.4163713455 vol.: 0.3999181812 ch.: 0.0153238061
it.: 667 obj.: 4978857369.9067258835 vol.: 0.3999335178 ch.: 0.0162254140
it.: 668 obj.: 4978480642.8092279434 vol.: 0.3999037868 ch.: 0.0170319628
it.: 669 obj.: 4978995665.8083305359 vol.: 0.3999187686 ch.: 0.0177720649
it.: 670 obj.: 4978620074.8187379837 vol.: 0.4000844858 ch.: 0.0172822736
it.: 671 obj.: 4975658137.1666336060 vol.: 0.4000241194 ch.: 0.0180332985
it.: 672 obj.: 4977076346.8576698303 vol.: 0.3999428540 ch.: 0.0196528914
it.: 673 obj.: 4978474125.9531402588 vol.: 0.3999466187 ch.: 0.0196860968
it.: 674 obj.: 4978204907.9241657257 vol.: 0.4000948275 ch.: 0.0185018413
it.: 675 obj.: 4975478522.5763540268 vol.: 0.4000321998 ch.: 0.0184413971
it.: 676 obj.: 4976859227.5029983521 vol.: 0.3999418913 ch.: 0.0191266332
it.: 677 obj.: 4978372133.1735992432 vol.: 0.3999462155 ch.: 0.0182807239
it.: 678 obj.: 4978052199.8574733734 vol.: 0.4000889195 ch.: 0.0163503965
it.: 679 obj.: 4975408656.4984111786 vol.: 0.4000277251 ch.: 0.0156672084
it.: 680 obj.: 4976749813.1240425110 vol.: 0.3999329318 ch.: 0.0157515682
it.: 681 obj.: 4978345648.7180099487 vol.: 0.3999388754 ch.: 0.0143876866
it.: 682 obj.: 4977992662.5027694702 vol.: 0.4000784753 ch.: 0.0162252049
it.: 683 obj.: 4975406988.7933721542 vol.: 0.4000201502 ch.: 0.0168493205
it.: 684 obj.: 4976686043.4877748489 vol.: 0.3999241449 ch.: 0.0165940235
it.: 685 obj.: 4978299341.1444950104 vol.: 0.3999333877 ch.: 0.0179939313
it.: 686 obj.: 4977875484.0136556625 vol.: 0.4000721420 ch.: 0.0201470599
it.: 687 obj.: 4975302819.5986146927 vol.: 0.4000168429 ch.: 0.0204566507
it.: 688 obj.: 4976518262.6852531433 vol.: 0.3999200708 ch.: 0.0203929398
it.: 689 obj.: 4978138410.3817148209 vol.: 0.3999321986 ch.: 0.0206959805
it.: 690 obj.: 4977646828.9723987579 vol.: 0.4000707225 ch.: 0.0215153291
it.: 691 obj.: 4975065707.1760530472 vol.: 0.4000183300 ch.: 0.0211209606
it.: 692 obj.: 4976211979.5725574493 vol.: 0.3999212367 ch.: 0.0214054082
it.: 693 obj.: 4977829510.8074007034 vol.: 0.3999355502 ch.: 0.0207012145
it.: 694 obj.: 4977292504.0722932816 vol.: 0.4000734408 ch.: 0.0186604494
it.: 695 obj.: 4974723421.0052490234 vol.: 0.4000230812 ch.: 0.0182328878
it.: 696 obj.: 4975831452.5225028992 vol.: 0.3999255848 ch.: 0.0177343009
it.: 697 obj.: 4977459298.0424728394 vol.: 0.3999425118 ch.: 0.0163563814
it.: 698 obj.: 4976870288.6759796143 vol.: 0.4000802544 ch.: 0.0167904912
it.: 699 obj.: 4974305893.8340749741 vol.: 0.4000320497 ch.: 0.0155524474
it.: 700 obj.: 4975369816.5252265930 vol.: 0.3999339351 ch.: 0.0142246305
it.: 701 obj.: 4977008402.1777458191 vol.: 0.3999518658 ch.: 0.0140018040
it.: 702 obj.: 4976397298.8201265335 vol.: 0.4000882041 ch.: 0.0149697186
it.: 703 obj.: 4973858516.4335937500 vol.: 0.4000404589 ch.: 0.0153755989
it.: 704 obj.: 4974912977.1636276245 vol.: 0.3999410092 ch.: 0.0161161891
it.: 705 obj.: 4976581853.6320676804 vol.: 0.3999592234 ch.: 0.0156554645
it.: 706 obj.: 4975973791.2006292343 vol.: 0.4000943107 ch.: 0.0151965049
it.: 707 obj.: 4973466923.4890785217 vol.: 0.4000468365 ch.: 0.0156882959
it.: 708 obj.: 4974521578.8984432220 vol.: 0.3999463603 ch.: 0.0159312789
it.: 709 obj.: 4976208111.3494739532 vol.: 0.3999656629 ch.: 0.0152136572
it.: 710 obj.: 4975571232.1683797836 vol.: 0.3999047587 ch.: 0.0151146276
it.: 711 obj.: 4976542947.5846996307 vol.: 0.3999327745 ch.: 0.0146563939
it.: 712 obj.: 4975794311.9097461700 vol.: 0.4000796240 ch.: 0.0152614804
it.: 713 obj.: 4973114183.4582910538 vol.: 0.4000369367 ch.: 0.0163326508
it.: 714 obj.: 4974116738.9481973648 vol.: 0.3999431182 ch.: 0.0165995635
it.: 715 obj.: 4975709402.1318264008 vol.: 0.3999645074 ch.: 0.0184962689
it.: 716 obj.: 4975058946.5300426483 vol.: 0.3999074624 ch.: 0.0206697154
it.: 717 obj.: 4975974348.9138689041 vol.: 0.3999356992 ch.: 0.0230584986
it.: 718 obj.: 4975233225.1798982620 vol.: 0.4000836619 ch.: 0.0266778084
it.: 719 obj.: 4972536734.9373626709 vol.: 0.4000384060 ch.: 0.0285427900
it.: 720 obj.: 4973597725.3141546249 vol.: 0.3999425261 ch.: 0.0279337310
it.: 721 obj.: 4975235610.8537549973 vol.: 0.3999589879 ch.: 0.0265045802
it.: 722 obj.: 4974689318.3031473160 vol.: 0.4000919471 ch.: 0.0233785819
it.: 723 obj.: 4972260215.0157327652 vol.: 0.4000403737 ch.: 0.0203321088
it.: 724 obj.: 4973423922.9546260834 vol.: 0.3999377470 ch.: 0.0176840403
it.: 725 obj.: 4975176389.6404705048 vol.: 0.3999530892 ch.: 0.0147103946
it.: 726 obj.: 4974644234.5242214203 vol.: 0.4000845895 ch.: 0.0128033257
it.: 727 obj.: 4972235742.3743114471 vol.: 0.4000354157 ch.: 0.0125718177
it.: 728 obj.: 4973349022.2003173828 vol.: 0.3999323931 ch.: 0.0122530422
it.: 729 obj.: 4975112687.0862798691 vol.: 0.3999497033 ch.: 0.0125410180
it.: 730 obj.: 4974544337.2679710388 vol.: 0.4000805120 ch.: 0.0129966828
it.: 731 obj.: 4972151594.1988668442 vol.: 0.4000326511 ch.: 0.0124897509
it.: 732 obj.: 4973241053.5365819931 vol.: 0.3999286225 ch.: 0.0118294244
it.: 733 obj.: 4975025197.7187767029 vol.: 0.3999468092 ch.: 0.0118355756
it.: 734 obj.: 4974437492.9822063446 vol.: 0.4000770370 ch.: 0.0120238598
it.: 735 obj.: 4972051240.4991807938 vol.: 0.4000300376 ch.: 0.0113785453
it.: 736 obj.: 4973120683.4417648315 vol.: 0.3999250160 ch.: 0.0106446069
it.: 737 obj.: 4974923546.2973155975 vol.: 0.3999438034 ch.: 0.0108547100
it.: 738 obj.: 4974323458.5427675247 vol.: 0.4000730937 ch.: 0.0115456337
it.: 739 obj.: 4971955038.0873575211 vol.: 0.4000268415 ch.: 0.0114767240
it.: 740 obj.: 4973008074.1608800888 vol.: 0.3999210612 ch.: 0.0113802452
it.: 741 obj.: 4974824765.3297080994 vol.: 0.3999403654 ch.: 0.0114123392
it.: 742 obj.: 4974214280.2478294373 vol.: 0.4000690212 ch.: 0.0120809467
it.: 743 obj.: 4971857223.5439147949 vol.: 0.4000233571 ch.: 0.0115016004
it.: 744 obj.: 4972899186.5186281204 vol.: 0.3999165178 ch.: 0.0118527640
it.: 745 obj.: 4974739913.3502931595 vol.: 0.3999361195 ch.: 0.0116962386
it.: 746 obj.: 4974123751.6960906982 vol.: 0.4000635365 ch.: 0.0126155779
it.: 747 obj.: 4971790982.5315380096 vol.: 0.4000176025 ch.: 0.0117844788
it.: 748 obj.: 4972838736.3970594406 vol.: 0.3999092567 ch.: 0.0125515876
it.: 749 obj.: 4974709497.7852392197 vol.: 0.3999285911 ch.: 0.0124186859
it.: 750 obj.: 4974097986.2845354080 vol.: 0.4000548915 ch.: 0.0116812515
it.: 751 obj.: 4971786177.4542407990 vol.: 0.4000092013 ch.: 0.0114853384
it.: 752 obj.: 4972826617.4956035614 vol.: 0.4000953466 ch.: 0.0114985026
it.: 753 obj.: 4971240581.4314641953 vol.: 0.4000407424 ch.: 0.0114728406
it.: 754 obj.: 4972399836.9933977127 vol.: 0.3999175963 ch.: 0.0124845937
it.: 755 obj.: 4974499999.7529659271 vol.: 0.3999330205 ch.: 0.0119465870
it.: 756 obj.: 4973917850.8902873993 vol.: 0.4000498211 ch.: 0.0104290179
it.: 757 obj.: 4971751735.0760049820 vol.: 0.4000021622 ch.: 0.0104771285
it.: 758 obj.: 4972801344.1380891800 vol.: 0.4000805564 ch.: 0.0110069745
it.: 759 obj.: 4971343508.5991230011 vol.: 0.4000249344 ch.: 0.0115732908
it.: 760 obj.: 4972499515.2131900787 vol.: 0.4000913879 ch.: 0.0122209531
it.: 761 obj.: 4971217146.0423650742 vol.: 0.4000331825 ch.: 0.0129625322
it.: 762 obj.: 4972377334.5778522491 vol.: 0.4000922182 ch.: 0.0137388965
it.: 763 obj.: 4971205146.1665639877 vol.: 0.4000331678 ch.: 0.0144440987
it.: 764 obj.: 4972353812.8272724152 vol.: 0.4000877787 ch.: 0.0151542694
it.: 765 obj.: 4971242002.9427814484 vol.: 0.4000294041 ch.: 0.0158626012
it.: 766 obj.: 4972355713.8478097916 vol.: 0.4000807111 ch.: 0.0165582246
it.: 767 obj.: 4971292208.6892004013 vol.: 0.4000234356 ch.: 0.0171058685
it.: 768 obj.: 4972369312.5067081451 vol.: 0.4000725004 ch.: 0.0175629028
it.: 769 obj.: 4971335707.7550649643 vol.: 0.4000169266 ch.: 0.0179241929
it.: 770 obj.: 4972368076.6675252914 vol.: 0.4000645885 ch.: 0.0181660649
it.: 771 obj.: 4971353454.5465421677 vol.: 0.4000109601 ch.: 0.0182625863
it.: 772 obj.: 4972342988.8434057236 vol.: 0.4000578348 ch.: 0.0180772697
it.: 773 obj.: 4971340684.9713630676 vol.: 0.4000068964 ch.: 0.0177238642
it.: 774 obj.: 4972274220.0606746674 vol.: 0.4000534853 ch.: 0.0172342847
it.: 775 obj.: 4971276996.5145492554 vol.: 0.4000051342 ch.: 0.0165825663
it.: 776 obj.: 4972160715.4177827835 vol.: 0.4000514504 ch.: 0.0158086278
it.: 777 obj.: 4971172168.3387765884 vol.: 0.4000052641 ch.: 0.0150802047
it.: 778 obj.: 4972017781.4634294510 vol.: 0.4000512603 ch.: 0.0147869480
it.: 779 obj.: 4971038567.4281597137 vol.: 0.4000071353 ch.: 0.0144684361
it.: 780 obj.: 4971846690.9333591461 vol.: 0.4000524735 ch.: 0.0141838951
it.: 781 obj.: 4970886344.6479892731 vol.: 0.4000099472 ch.: 0.0136463612
it.: 782 obj.: 4971669562.4833459854 vol.: 0.4000547103 ch.: 0.0130536955
it.: 783 obj.: 4970725871.4652967453 vol.: 0.4000137503 ch.: 0.0126094731
it.: 784 obj.: 4971482986.6424436569 vol.: 0.4000579135 ch.: 0.0119526402
it.: 785 obj.: 4970554790.6788568497 vol.: 0.4000185078 ch.: 0.0113790444
it.: 786 obj.: 4971283559.7262334824 vol.: 0.4000618627 ch.: 0.0107437210
it.: 787 obj.: 4970375722.2267980576 vol.: 0.4000232322 ch.: 0.0101475745
it.: 788 obj.: 4971094880.8834867477 vol.: 0.4000651647 ch.: 0.0095981142
