optimizer oc
number of spatial dimensions: 3
elements: 8 x 2 x 40
volfrac: 0.3 rmin: 2.4  penal: 3.0
filter: Sensitivity based
filter mode: matrix
it.: 1 obj.: 263.7481464110 vol.: 0.3000011531 ch.: 0.2000000000
it.: 2 obj.: 160.7199003975 vol.: 0.3000933046 ch.: 0.1639605676
it.: 3 obj.: 132.2548839593 vol.: 0.2998062585 ch.: 0.1147009507
it.: 4 obj.: 123.5748097519 vol.: 0.2999958177 ch.: 0.0811201288
it.: 5 obj.: 121.1081287744 vol.: 0.2997831176 ch.: 0.1162787597
it.: 6 obj.: 116.9382805911 vol.: 0.3001147635 ch.: 0.0843393781
it.: 7 obj.: 116.6308901698 vol.: 0.3000618163 ch.: 0.1137513478
it.: 8 obj.: 113.6991514759 vol.: 0.2999362462 ch.: 0.0805517996
it.: 9 obj.: 113.9608662330 vol.: 0.2999859292 ch.: 0.1078590194
it.: 10 obj.: 111.2437563513 vol.: 0.3001512573 ch.: 0.0750710449
it.: 11 obj.: 110.5064325734 vol.: 0.2999133007 ch.: 0.0954710548
it.: 12 obj.: 107.8466128693 vol.: 0.3000850518 ch.: 0.0630123817
it.: 13 obj.: 106.3711121232 vol.: 0.2999321871 ch.: 0.0796250416
it.: 14 obj.: 103.7157198833 vol.: 0.3000500378 ch.: 0.0533906540
it.: 15 obj.: 102.5879198385 vol.: 0.3001524506 ch.: 0.0710061414
it.: 16 obj.: 100.5545997954 vol.: 0.3000953181 ch.: 0.0552269511
it.: 17 obj.: 99.9675002667 vol.: 0.2998992578 ch.: 0.0578479394
it.: 18 obj.: 98.4797539275 vol.: 0.3000055621 ch.: 0.0526753196
it.: 19 obj.: 97.4046513395 vol.: 0.2999439235 ch.: 0.0469488313
it.: 20 obj.: 95.5895497648 vol.: 0.2999112369 ch.: 0.0413302421
it.: 21 obj.: 94.3991494229 vol.: 0.3000697575 ch.: 0.0425932921
it.: 22 obj.: 92.6305015371 vol.: 0.3001773477 ch.: 0.0518529572
it.: 23 obj.: 91.5650370444 vol.: 0.2998804250 ch.: 0.0494794436
it.: 24 obj.: 90.5746853850 vol.: 0.3001648809 ch.: 0.0664521039
it.: 25 obj.: 89.3567000807 vol.: 0.3001186568 ch.: 0.0586482341
it.: 26 obj.: 88.2588012818 vol.: 0.2999269547 ch.: 0.0577235972
it.: 27 obj.: 87.5755095480 vol.: 0.2998347972 ch.: 0.0401081063
it.: 28 obj.: 86.9119405671 vol.: 0.2999448303 ch.: 0.0294132821
it.: 29 obj.: 86.4163835560 vol.: 0.2999390693 ch.: 0.0183974755
it.: 30 obj.: 86.1281423416 vol.: 0.2998880471 ch.: 0.0167651073
it.: 31 obj.: 86.0442142460 vol.: 0.3001087995 ch.: 0.0126093073
it.: 32 obj.: 85.7351794509 vol.: 0.3001105020 ch.: 0.0107975703
it.: 33 obj.: 85.6838276857 vol.: 0.3000170124 ch.: 0.0104772350
it.: 34 obj.: 85.6853944462 vol.: 0.2999875379 ch.: 0.0080535891
