optimizer oc
number of spatial dimensions: 2
elements: 8 x 4
volfrac: 0.3 rmin: 2.4  penal: 3.0
filter: Sensitivity based
filter mode: matrix
it.: 1 obj.: 1516.7145026200 vol.: 0.2999856791 ch.: 0.2000000000
it.: 2 obj.: 1180.6242961025 vol.: 0.2999078247 ch.: 0.1289109177
it.: 3 obj.: 1119.3514455326 vol.: 0.3001705445 ch.: 0.1215418387
it.: 4 obj.: 1048.3337890882 vol.: 0.3000556534 ch.: 0.0904166701
it.: 5 obj.: 1046.3723631154 vol.: 0.3000261336 ch.: 0.0805624616
it.: 6 obj.: 1015.7173412499 vol.: 0.2999779237 ch.: 0.0736441525
it.: 7 obj.: 1022.0163476196 vol.: 0.2999525961 ch.: 0.0657501623
it.: 8 obj.: 1004.1007652227 vol.: 0.2999215212 ch.: 0.0578363270
it.: 9 obj.: 1010.9368102317 vol.: 0.3001535519 ch.: 0.0506373118
it.: 10 obj.: 996.6849939376 vol.: 0.2997802821 ch.: 0.0437546987
it.: 11 obj.: 1006.1331124032 vol.: 0.2999116411 ch.: 0.0384052160
it.: 12 obj.: 996.5711124194 vol.: 0.2998411430 ch.: 0.0332371089
it.: 13 obj.: 1001.9494183895 vol.: 0.3001127950 ch.: 0.0286575890
it.: 14 obj.: 993.4093711216 vol.: 0.3000280568 ch.: 0.0249093022
it.: 15 obj.: 997.9508502527 vol.: 0.2998056300 ch.: 0.0219464788
it.: 16 obj.: 995.9779787064 vol.: 0.2998258572 ch.: 0.0187209119
it.: 17 obj.: 998.6624202819 vol.: 0.2999357380 ch.: 0.0160724105
it.: 18 obj.: 994.5247478005 vol.: 0.3001519907 ch.: 0.0142397633
it.: 19 obj.: 994.5896874026 vol.: 0.3000368673 ch.: 0.0122445634
it.: 20 obj.: 993.5153063902 vol.: 0.3000462379 ch.: 0.0104586853
it.: 21 obj.: 995.1125149097 vol.: 0.3001145625 ch.: 0.0089601066
