self bending under uniform temperature expansion with optimizer mma
number of spatial dimensions: 2
elements: 240 x 40
volfrac: 0.5 rmin: 9.6  penal: 3
filter: Volume Preserving eta projection
filter mode: matrix
it.: 1 obj.: 0.6059403258 vol.: 0.5000000000 ch.: 0.0249917152
it.: 2 obj.: 0.8828908807 vol.: 0.5000000000 ch.: 0.0249913941
it.: 3 obj.: 1.1545715238 vol.: 0.5000000000 ch.: 0.0249911016
it.: 4 obj.: 1.4219200124 vol.: 0.5000000000 ch.: 0.0249911941
it.: 5 obj.: 1.6847559889 vol.: 0.5000000000 ch.: 0.0249912796
it.: 6 obj.: 1.9434763988 vol.: 0.5000000000 ch.: 0.0249913564
it.: 7 obj.: 2.1979988617 vol.: 0.5000000000 ch.: 0.0249914283
it.: 8 obj.: 2.4480079006 vol.: 0.5000000000 ch.: 0.0249914809
it.: 9 obj.: 2.6930690931 vol.: 0.5000000000 ch.: 0.0249915213
it.: 10 obj.: 2.9324185633 vol.: 0.5000000000 ch.: 0.0249915360
it.: 11 obj.: 3.1652121386 vol.: 0.5000000000 ch.: 0.0249915467
it.: 12 obj.: 3.3906916883 vol.: 0.5000000000 ch.: 0.0249915300
it.: 13 obj.: 3.6078808750 vol.: 0.5000000000 ch.: 0.0249915011
it.: 14 obj.: 3.8161415574 vol.: 0.5000000000 ch.: 0.0249914565
it.: 15 obj.: 4.0153985405 vol.: 0.5000000000 ch.: 0.0249913872
it.: 16 obj.: 4.2061721501 vol.: 0.5000000000 ch.: 0.0249912792
it.: 17 obj.: 4.3910522678 vol.: 0.5000000000 ch.: 0.0249911655
it.: 18 obj.: 4.5713863038 vol.: 0.5000000000 ch.: 0.0249910990
it.: 19 obj.: 4.7458776421 vol.: 0.5000000000 ch.: 0.0249910040
it.: 20 obj.: 4.9141449976 vol.: 0.5000000000 ch.: 0.0249628841
it.: 21 obj.: 5.0120336726 vol.: 0.5000000000 ch.: 0.0249624970
it.: 22 obj.: 5.0732399711 vol.: 0.5000000000 ch.: 0.0249569252
it.: 23 obj.: 5.1133957584 vol.: 0.5000000000 ch.: 0.0249535311
it.: 24 obj.: 5.1445733201 vol.: 0.5000000000 ch.: 0.0249543111
it.: 25 obj.: 5.1696771642 vol.: 0.5000000000 ch.: 0.0249489972
it.: 26 obj.: 5.1915153184 vol.: 0.5000000000 ch.: 0.0249530617
it.: 27 obj.: 5.2095809952 vol.: 0.5000000000 ch.: 0.0249464640
it.: 28 obj.: 5.2268995359 vol.: 0.5000000000 ch.: 0.0249506703
it.: 29 obj.: 5.2417299723 vol.: 0.5000000000 ch.: 0.0249449136
it.: 30 obj.: 5.2567157223 vol.: 0.5000000000 ch.: 0.0249442612
it.: 31 obj.: 5.2696848897 vol.: 0.5000000000 ch.: 0.0249382687
it.: 32 obj.: 5.2822522056 vol.: 0.5000000000 ch.: 0.0249396950
it.: 33 obj.: 5.2935329209 vol.: 0.5000000000 ch.: 0.0249346293
it.: 34 obj.: 5.3039893128 vol.: 0.5000000000 ch.: 0.0249259251
it.: 35 obj.: 5.3132274631 vol.: 0.5000000000 ch.: 0.0249231902
it.: 36 obj.: 5.3216494095 vol.: 0.5000000000 ch.: 0.0249216261
it.: 37 obj.: 5.3292866291 vol.: 0.5000000000 ch.: 0.0249210710
it.: 38 obj.: 5.3363499750 vol.: 0.5000000000 ch.: 0.0249174502
it.: 39 obj.: 5.3427588341 vol.: 0.5000000000 ch.: 0.0249135071
it.: 40 obj.: 5.3485934254 vol.: 0.5000000000 ch.: 0.0249082132
it.: 41 obj.: 5.3538307140 vol.: 0.5000000000 ch.: 0.0249120695
it.: 42 obj.: 5.3586114161 vol.: 0.5000000000 ch.: 0.0249148978
it.: 43 obj.: 5.3629540223 vol.: 0.5000000000 ch.: 0.0249088102
it.: 44 obj.: 5.3669281413 vol.: 0.5000000000 ch.: 0.0249058264
it.: 45 obj.: 5.3705144609 vol.: 0.5000000000 ch.: 0.0248980994
it.: 46 obj.: 5.3737419488 vol.: 0.5000000000 ch.: 0.0248849552
it.: 47 obj.: 5.3765857819 vol.: 0.5000000000 ch.: 0.0248884843
it.: 48 obj.: 5.3790354772 vol.: 0.5000000000 ch.: 0.0248731058
it.: 49 obj.: 5.3812213547 vol.: 0.5000000000 ch.: 0.0248810054
it.: 50 obj.: 5.3830553980 vol.: 0.5000000000 ch.: 0.0248634008
it.: 51 obj.: 5.3846888071 vol.: 0.5000000000 ch.: 0.0248561898
it.: 52 obj.: 5.3860825084 vol.: 0.5000000000 ch.: 0.0248421292
it.: 53 obj.: 5.3873133971 vol.: 0.5000000000 ch.: 0.0248280367
it.: 54 obj.: 5.3884084577 vol.: 0.5000000000 ch.: 0.0248120395
it.: 55 obj.: 5.3893876113 vol.: 0.5000000000 ch.: 0.0247937285
it.: 56 obj.: 5.3902705015 vol.: 0.5000000000 ch.: 0.0247768934
it.: 57 obj.: 5.3910744129 vol.: 0.5000000000 ch.: 0.0247789084
it.: 58 obj.: 5.3918022834 vol.: 0.5000000000 ch.: 0.0247874410
it.: 59 obj.: 5.3924682629 vol.: 0.5000000000 ch.: 0.0247643883
it.: 60 obj.: 5.3930830102 vol.: 0.5000000000 ch.: 0.0247483662
it.: 61 obj.: 5.3936454490 vol.: 0.5000000000 ch.: 0.0247466460
it.: 62 obj.: 5.3941649340 vol.: 0.5000000000 ch.: 0.0247318014
it.: 63 obj.: 5.3946461904 vol.: 0.5000000000 ch.: 0.0247243209
it.: 64 obj.: 5.3950988366 vol.: 0.5000000000 ch.: 0.0247148334
it.: 65 obj.: 5.3955253592 vol.: 0.5000000000 ch.: 0.0247188642
it.: 66 obj.: 5.3959338752 vol.: 0.5000000000 ch.: 0.0246971820
it.: 67 obj.: 5.3963094098 vol.: 0.5000000000 ch.: 0.0246935761
it.: 68 obj.: 5.3966868560 vol.: 0.5000000000 ch.: 0.0246886824
it.: 69 obj.: 5.3970271078 vol.: 0.5000000000 ch.: 0.0246770731
it.: 70 obj.: 5.3973938603 vol.: 0.5000000000 ch.: 0.0247036458
it.: 71 obj.: 5.3977244493 vol.: 0.5000000000 ch.: 0.0246676757
it.: 72 obj.: 5.3980423123 vol.: 0.5000000000 ch.: 0.0246842850
it.: 73 obj.: 5.3983457967 vol.: 0.5000000000 ch.: 0.0246748679
it.: 74 obj.: 5.3986377510 vol.: 0.5000000000 ch.: 0.0246874728
it.: 75 obj.: 5.3989201030 vol.: 0.5000000000 ch.: 0.0246363414
it.: 76 obj.: 5.3991944285 vol.: 0.5000000000 ch.: 0.0246493369
it.: 77 obj.: 5.3994609567 vol.: 0.5000000000 ch.: 0.0246611432
it.: 78 obj.: 5.3997217923 vol.: 0.5000000000 ch.: 0.0246618472
it.: 79 obj.: 5.3999772419 vol.: 0.5000000000 ch.: 0.0246109878
it.: 80 obj.: 5.4002238572 vol.: 0.5000000000 ch.: 0.0246238270
it.: 81 obj.: 5.4004641613 vol.: 0.5000000000 ch.: 0.0246361256
it.: 82 obj.: 5.4007030257 vol.: 0.5000000000 ch.: 0.0246470124
it.: 83 obj.: 5.4009416924 vol.: 0.5000000000 ch.: 0.0246578798
it.: 84 obj.: 5.4011799034 vol.: 0.5000000000 ch.: 0.0246661923
it.: 85 obj.: 5.4014141880 vol.: 0.5000000000 ch.: 0.0246769773
it.: 86 obj.: 5.4016441177 vol.: 0.5000000000 ch.: 0.0246499115
it.: 87 obj.: 5.4018656434 vol.: 0.5000000000 ch.: 0.0246725667
it.: 88 obj.: 5.4020529656 vol.: 0.5000000000 ch.: 0.0246439448
it.: 89 obj.: 5.4022013857 vol.: 0.5000000000 ch.: 0.0247076664
it.: 90 obj.: 5.4022500402 vol.: 0.5000000000 ch.: 0.0246464323
it.: 91 obj.: 5.4025619731 vol.: 0.5000000000 ch.: 0.0246921443
it.: 92 obj.: 5.4027693525 vol.: 0.5000000000 ch.: 0.0246454476
it.: 93 obj.: 5.4029936453 vol.: 0.5000000000 ch.: 0.0246695810
it.: 94 obj.: 5.4031797229 vol.: 0.5000000000 ch.: 0.0246671246
it.: 95 obj.: 5.4033612531 vol.: 0.5000000000 ch.: 0.0246618319
it.: 96 obj.: 5.4035372653 vol.: 0.5000000000 ch.: 0.0246616571
it.: 97 obj.: 5.4037096346 vol.: 0.5000000000 ch.: 0.0246624425
it.: 98 obj.: 5.4038792534 vol.: 0.5000000000 ch.: 0.0246641996
it.: 99 obj.: 5.4040460611 vol.: 0.5000000000 ch.: 0.0246236416
it.: 100 obj.: 5.4042109199 vol.: 0.5000000000 ch.: 0.0246275555
Parameter beta increased to 2
it.: 101 obj.: 5.4043704836 vol.: 0.5000000000 ch.: 0.0248223550
it.: 102 obj.: 5.4819376922 vol.: 0.5000000000 ch.: 0.0249436546
it.: 103 obj.: 5.4842967086 vol.: 0.5000000000 ch.: 0.0247596706
it.: 104 obj.: 5.4860947311 vol.: 0.5000000000 ch.: 0.0247211069
it.: 105 obj.: 5.4872067642 vol.: 0.5000000000 ch.: 0.0246881399
it.: 106 obj.: 5.4879935498 vol.: 0.5000000000 ch.: 0.0246653870
it.: 107 obj.: 5.4886145042 vol.: 0.5000000000 ch.: 0.0246291205
it.: 108 obj.: 5.4891465948 vol.: 0.5000000000 ch.: 0.0246276648
it.: 109 obj.: 5.4896176926 vol.: 0.5000000000 ch.: 0.0246279790
it.: 110 obj.: 5.4900489111 vol.: 0.5000000000 ch.: 0.0245935523
it.: 111 obj.: 5.4904436854 vol.: 0.5000000000 ch.: 0.0245938330
it.: 112 obj.: 5.4908093986 vol.: 0.5000000000 ch.: 0.0246117850
it.: 113 obj.: 5.4911434888 vol.: 0.5000000000 ch.: 0.0246162348
it.: 114 obj.: 5.4914589241 vol.: 0.5000000000 ch.: 0.0246300966
it.: 115 obj.: 5.4917570823 vol.: 0.5000000000 ch.: 0.0246361649
it.: 116 obj.: 5.4920460642 vol.: 0.5000000000 ch.: 0.0246489127
it.: 117 obj.: 5.4923233554 vol.: 0.5000000000 ch.: 0.0246549523
it.: 118 obj.: 5.4925967045 vol.: 0.5000000000 ch.: 0.0246665482
it.: 119 obj.: 5.4928606617 vol.: 0.5000000000 ch.: 0.0246712352
it.: 120 obj.: 5.4931259385 vol.: 0.5000000000 ch.: 0.0246814170
it.: 121 obj.: 5.4933853264 vol.: 0.5000000000 ch.: 0.0246864271
it.: 122 obj.: 5.4936467655 vol.: 0.5000000000 ch.: 0.0246959433
it.: 123 obj.: 5.4939030035 vol.: 0.5000000000 ch.: 0.0246997087
it.: 124 obj.: 5.4941604189 vol.: 0.5000000000 ch.: 0.0247094693
it.: 125 obj.: 5.4944113595 vol.: 0.5000000000 ch.: 0.0247113796
it.: 126 obj.: 5.4946646101 vol.: 0.5000000000 ch.: 0.0247212557
it.: 127 obj.: 5.4949126043 vol.: 0.5000000000 ch.: 0.0247233252
it.: 128 obj.: 5.4951657807 vol.: 0.5000000000 ch.: 0.0247305539
it.: 129 obj.: 5.4954131954 vol.: 0.5000000000 ch.: 0.0247335757
it.: 130 obj.: 5.4956626138 vol.: 0.5000000000 ch.: 0.0247387589
it.: 131 obj.: 5.4959107872 vol.: 0.5000000000 ch.: 0.0247423119
it.: 132 obj.: 5.4961608151 vol.: 0.5000000000 ch.: 0.0247466750
it.: 133 obj.: 5.4964107648 vol.: 0.5000000000 ch.: 0.0247503632
it.: 134 obj.: 5.4966620705 vol.: 0.5000000000 ch.: 0.0247545019
it.: 135 obj.: 5.4969132727 vol.: 0.5000000000 ch.: 0.0247583466
it.: 136 obj.: 5.4971656003 vol.: 0.5000000000 ch.: 0.0247652267
it.: 137 obj.: 5.4974164347 vol.: 0.5000000000 ch.: 0.0247722126
it.: 138 obj.: 5.4976685785 vol.: 0.5000000000 ch.: 0.0247809724
it.: 139 obj.: 5.4979180367 vol.: 0.5000000000 ch.: 0.0247874753
it.: 140 obj.: 5.4981700320 vol.: 0.5000000000 ch.: 0.0247972306
it.: 141 obj.: 5.4984140780 vol.: 0.5000000000 ch.: 0.0248027245
it.: 142 obj.: 5.4986580255 vol.: 0.5000000000 ch.: 0.0248121361
it.: 143 obj.: 5.4988872762 vol.: 0.5000000000 ch.: 0.0248176949
it.: 144 obj.: 5.4991099989 vol.: 0.5000000000 ch.: 0.0248242834
it.: 145 obj.: 5.4993226611 vol.: 0.5000000000 ch.: 0.0248297198
it.: 146 obj.: 5.4995296372 vol.: 0.5000000000 ch.: 0.0248348341
it.: 147 obj.: 5.4997348263 vol.: 0.5000000000 ch.: 0.0248396215
it.: 148 obj.: 5.4999384044 vol.: 0.5000000000 ch.: 0.0248441862
it.: 149 obj.: 5.5001408642 vol.: 0.5000000000 ch.: 0.0248485563
it.: 150 obj.: 5.5003410298 vol.: 0.5000000000 ch.: 0.0248492099
it.: 151 obj.: 5.5005348083 vol.: 0.5000000000 ch.: 0.0248381919
it.: 152 obj.: 5.5007163399 vol.: 0.5000000000 ch.: 0.0248282387
it.: 153 obj.: 5.5008825088 vol.: 0.5000000000 ch.: 0.0247796365
it.: 154 obj.: 5.5010371545 vol.: 0.5000000000 ch.: 0.0247343370
it.: 155 obj.: 5.5011810276 vol.: 0.5000000000 ch.: 0.0246524009
it.: 156 obj.: 5.5013181367 vol.: 0.5000000000 ch.: 0.0246582767
it.: 157 obj.: 5.5014508885 vol.: 0.5000000000 ch.: 0.0246093843
it.: 158 obj.: 5.5015781759 vol.: 0.5000000000 ch.: 0.0246236268
it.: 159 obj.: 5.5017018616 vol.: 0.5000000000 ch.: 0.0246373832
it.: 160 obj.: 5.5018233546 vol.: 0.5000000000 ch.: 0.0246484198
it.: 161 obj.: 5.5019451986 vol.: 0.5000000000 ch.: 0.0246630096
it.: 162 obj.: 5.5020593116 vol.: 0.5000000000 ch.: 0.0246680489
it.: 163 obj.: 5.5021781558 vol.: 0.5000000000 ch.: 0.0246877545
it.: 164 obj.: 5.5022800690 vol.: 0.5000000000 ch.: 0.0246857201
it.: 165 obj.: 5.5024215578 vol.: 0.5000000000 ch.: 0.0247056979
it.: 166 obj.: 5.5025499227 vol.: 0.5000000000 ch.: 0.0247087930
it.: 167 obj.: 5.5026938568 vol.: 0.5000000000 ch.: 0.0247199921
it.: 168 obj.: 5.5028392573 vol.: 0.5000000000 ch.: 0.0247283605
it.: 169 obj.: 5.5029923124 vol.: 0.5000000000 ch.: 0.0247368269
it.: 170 obj.: 5.5031522382 vol.: 0.5000000000 ch.: 0.0247447901
it.: 171 obj.: 5.5033213367 vol.: 0.5000000000 ch.: 0.0247523725
it.: 172 obj.: 5.5035003124 vol.: 0.5000000000 ch.: 0.0247595693
it.: 173 obj.: 5.5036905230 vol.: 0.5000000000 ch.: 0.0247664355
it.: 174 obj.: 5.5038955053 vol.: 0.5000000000 ch.: 0.0247730331
it.: 175 obj.: 5.5041167835 vol.: 0.5000000000 ch.: 0.0247794775
it.: 176 obj.: 5.5043556716 vol.: 0.5000000000 ch.: 0.0247856626
it.: 177 obj.: 5.5046133096 vol.: 0.5000000000 ch.: 0.0247840407
it.: 178 obj.: 5.5048826645 vol.: 0.5000000000 ch.: 0.0247719003
it.: 179 obj.: 5.5051548512 vol.: 0.5000000000 ch.: 0.0247455375
it.: 180 obj.: 5.5054350832 vol.: 0.5000000000 ch.: 0.0247509782
it.: 181 obj.: 5.5057290881 vol.: 0.5000000000 ch.: 0.0247445925
it.: 182 obj.: 5.5060379380 vol.: 0.5000000000 ch.: 0.0247580877
it.: 183 obj.: 5.5063653674 vol.: 0.5000000000 ch.: 0.0247419034
it.: 184 obj.: 5.5067112895 vol.: 0.5000000000 ch.: 0.0247566296
it.: 185 obj.: 5.5070695037 vol.: 0.5000000000 ch.: 0.0247656329
it.: 186 obj.: 5.5074454151 vol.: 0.5000000000 ch.: 0.0247827747
it.: 187 obj.: 5.5078143096 vol.: 0.5000000000 ch.: 0.0247820796
it.: 188 obj.: 5.5082518044 vol.: 0.5000000000 ch.: 0.0248027317
it.: 189 obj.: 5.5086941162 vol.: 0.5000000000 ch.: 0.0247732914
it.: 190 obj.: 5.5091891678 vol.: 0.5000000000 ch.: 0.0247901300
it.: 191 obj.: 5.5096882242 vol.: 0.5000000000 ch.: 0.0247946913
it.: 192 obj.: 5.5102130069 vol.: 0.5000000000 ch.: 0.0248019296
it.: 193 obj.: 5.5107616333 vol.: 0.5000000000 ch.: 0.0248079383
it.: 194 obj.: 5.5113374833 vol.: 0.5000000000 ch.: 0.0248136746
it.: 195 obj.: 5.5119405657 vol.: 0.5000000000 ch.: 0.0248190863
it.: 196 obj.: 5.5125668962 vol.: 0.5000000000 ch.: 0.0248003028
it.: 197 obj.: 5.5132208868 vol.: 0.5000000000 ch.: 0.0248066220
it.: 198 obj.: 5.5139021202 vol.: 0.5000000000 ch.: 0.0248126140
it.: 199 obj.: 5.5146129017 vol.: 0.5000000000 ch.: 0.0248182051
it.: 200 obj.: 5.5153561858 vol.: 0.5000000000 ch.: 0.0248235617
Parameter beta increased to 4
it.: 201 obj.: 5.5161164046 vol.: 0.5000000000 ch.: 0.0248705636
it.: 202 obj.: 5.6623261810 vol.: 0.5000000000 ch.: 0.0249928449
it.: 203 obj.: 5.6971362554 vol.: 0.5000000000 ch.: 0.0249672943
it.: 204 obj.: 5.7133438216 vol.: 0.5000000000 ch.: 0.0249560235
it.: 205 obj.: 5.7237741433 vol.: 0.5000000000 ch.: 0.0249432649
it.: 206 obj.: 5.7308753399 vol.: 0.5000000000 ch.: 0.0249231497
it.: 207 obj.: 5.7357625719 vol.: 0.5000000000 ch.: 0.0248936035
it.: 208 obj.: 5.7395430147 vol.: 0.5000000000 ch.: 0.0248467294
it.: 209 obj.: 5.7424675563 vol.: 0.5000000000 ch.: 0.0248343315
it.: 210 obj.: 5.7449416007 vol.: 0.5000000000 ch.: 0.0248382691
it.: 211 obj.: 5.7470888098 vol.: 0.5000000000 ch.: 0.0248253173
it.: 212 obj.: 5.7489982506 vol.: 0.5000000000 ch.: 0.0248259547
it.: 213 obj.: 5.7507092845 vol.: 0.5000000000 ch.: 0.0248164714
it.: 214 obj.: 5.7522661600 vol.: 0.5000000000 ch.: 0.0248132303
it.: 215 obj.: 5.7537078634 vol.: 0.5000000000 ch.: 0.0248063837
it.: 216 obj.: 5.7550583540 vol.: 0.5000000000 ch.: 0.0248067855
it.: 217 obj.: 5.7563219103 vol.: 0.5000000000 ch.: 0.0248048722
it.: 218 obj.: 5.7575152234 vol.: 0.5000000000 ch.: 0.0248045232
it.: 219 obj.: 5.7586378906 vol.: 0.5000000000 ch.: 0.0248034931
it.: 220 obj.: 5.7597032575 vol.: 0.5000000000 ch.: 0.0248031170
it.: 221 obj.: 5.7607013667 vol.: 0.5000000000 ch.: 0.0248026280
it.: 222 obj.: 5.7616492493 vol.: 0.5000000000 ch.: 0.0248014433
it.: 223 obj.: 5.7625490243 vol.: 0.5000000000 ch.: 0.0248035344
it.: 224 obj.: 5.7634365908 vol.: 0.5000000000 ch.: 0.0248003377
it.: 225 obj.: 5.7642891817 vol.: 0.5000000000 ch.: 0.0248038993
it.: 226 obj.: 5.7651126818 vol.: 0.5000000000 ch.: 0.0247852758
it.: 227 obj.: 5.7658986704 vol.: 0.5000000000 ch.: 0.0247878636
it.: 228 obj.: 5.7666533568 vol.: 0.5000000000 ch.: 0.0247869973
it.: 229 obj.: 5.7673836279 vol.: 0.5000000000 ch.: 0.0247880020
it.: 230 obj.: 5.7680881706 vol.: 0.5000000000 ch.: 0.0247879904
it.: 231 obj.: 5.7687738507 vol.: 0.5000000000 ch.: 0.0247885214
it.: 232 obj.: 5.7694397065 vol.: 0.5000000000 ch.: 0.0247892500
it.: 233 obj.: 5.7700936803 vol.: 0.5000000000 ch.: 0.0247897119
it.: 234 obj.: 5.7707351141 vol.: 0.5000000000 ch.: 0.0247909365
it.: 235 obj.: 5.7713696267 vol.: 0.5000000000 ch.: 0.0247907987
it.: 236 obj.: 5.7719824505 vol.: 0.5000000000 ch.: 0.0247930874
it.: 237 obj.: 5.7725834002 vol.: 0.5000000000 ch.: 0.0247920179
it.: 238 obj.: 5.7731600565 vol.: 0.5000000000 ch.: 0.0247958113
it.: 239 obj.: 5.7737418072 vol.: 0.5000000000 ch.: 0.0247691696
it.: 240 obj.: 5.7743005080 vol.: 0.5000000000 ch.: 0.0247319586
it.: 241 obj.: 5.7748150745 vol.: 0.5000000000 ch.: 0.0247319422
it.: 242 obj.: 5.7752543727 vol.: 0.5000000000 ch.: 0.0247052969
it.: 243 obj.: 5.7756475490 vol.: 0.5000000000 ch.: 0.0247047543
it.: 244 obj.: 5.7760061371 vol.: 0.5000000000 ch.: 0.0247081479
it.: 245 obj.: 5.7763405329 vol.: 0.5000000000 ch.: 0.0247066583
it.: 246 obj.: 5.7766576237 vol.: 0.5000000000 ch.: 0.0247132349
it.: 247 obj.: 5.7769590751 vol.: 0.5000000000 ch.: 0.0246714880
it.: 248 obj.: 5.7772431606 vol.: 0.5000000000 ch.: 0.0246863511
it.: 249 obj.: 5.7775178516 vol.: 0.5000000000 ch.: 0.0246768716
it.: 250 obj.: 5.7777905851 vol.: 0.5000000000 ch.: 0.0246537036
it.: 251 obj.: 5.7780503177 vol.: 0.5000000000 ch.: 0.0246423890
it.: 252 obj.: 5.7783055502 vol.: 0.5000000000 ch.: 0.0246508630
it.: 253 obj.: 5.7785467926 vol.: 0.5000000000 ch.: 0.0246094235
it.: 254 obj.: 5.7787847970 vol.: 0.5000000000 ch.: 0.0246160386
it.: 255 obj.: 5.7790143538 vol.: 0.5000000000 ch.: 0.0246071972
it.: 256 obj.: 5.7792418923 vol.: 0.5000000000 ch.: 0.0246023185
it.: 257 obj.: 5.7794600274 vol.: 0.5000000000 ch.: 0.0246043022
it.: 258 obj.: 5.7796676185 vol.: 0.5000000000 ch.: 0.0245657552
it.: 259 obj.: 5.7798646706 vol.: 0.5000000000 ch.: 0.0245715685
it.: 260 obj.: 5.7800538640 vol.: 0.5000000000 ch.: 0.0245695080
it.: 261 obj.: 5.7802313684 vol.: 0.5000000000 ch.: 0.0245017263
it.: 262 obj.: 5.7804005075 vol.: 0.5000000000 ch.: 0.0245188115
it.: 263 obj.: 5.7805589098 vol.: 0.5000000000 ch.: 0.0245211726
it.: 264 obj.: 5.7807106491 vol.: 0.5000000000 ch.: 0.0245446843
it.: 265 obj.: 5.7808519569 vol.: 0.5000000000 ch.: 0.0245141765
it.: 266 obj.: 5.7809866624 vol.: 0.5000000000 ch.: 0.0245452971
it.: 267 obj.: 5.7811151466 vol.: 0.5000000000 ch.: 0.0245294035
it.: 268 obj.: 5.7812539589 vol.: 0.5000000000 ch.: 0.0245413622
it.: 269 obj.: 5.7813812170 vol.: 0.5000000000 ch.: 0.0245338584
it.: 270 obj.: 5.7815004865 vol.: 0.5000000000 ch.: 0.0245475217
it.: 271 obj.: 5.7816133773 vol.: 0.5000000000 ch.: 0.0245547316
it.: 272 obj.: 5.7817244432 vol.: 0.5000000000 ch.: 0.0244347372
it.: 273 obj.: 5.7818334526 vol.: 0.5000000000 ch.: 0.0244477412
it.: 274 obj.: 5.7819372421 vol.: 0.5000000000 ch.: 0.0244602740
it.: 275 obj.: 5.7820391829 vol.: 0.5000000000 ch.: 0.0244720919
it.: 276 obj.: 5.7821395951 vol.: 0.5000000000 ch.: 0.0244830336
it.: 277 obj.: 5.7822376004 vol.: 0.5000000000 ch.: 0.0244927597
it.: 278 obj.: 5.7823351931 vol.: 0.5000000000 ch.: 0.0245018723
it.: 279 obj.: 5.7824316898 vol.: 0.5000000000 ch.: 0.0245108786
it.: 280 obj.: 5.7825241367 vol.: 0.5000000000 ch.: 0.0244798848
it.: 281 obj.: 5.7826136128 vol.: 0.5000000000 ch.: 0.0244899761
it.: 282 obj.: 5.7826998094 vol.: 0.5000000000 ch.: 0.0244976369
it.: 283 obj.: 5.7827835706 vol.: 0.5000000000 ch.: 0.0245098622
it.: 284 obj.: 5.7828640147 vol.: 0.5000000000 ch.: 0.0245134512
it.: 285 obj.: 5.7829426384 vol.: 0.5000000000 ch.: 0.0245334650
it.: 286 obj.: 5.7830091652 vol.: 0.5000000000 ch.: 0.0243736523
it.: 287 obj.: 5.7830757189 vol.: 0.5000000000 ch.: 0.0244291609
it.: 288 obj.: 5.7831405584 vol.: 0.5000000000 ch.: 0.0243941147
it.: 289 obj.: 5.7832226855 vol.: 0.5000000000 ch.: 0.0244393176
it.: 290 obj.: 5.7832926384 vol.: 0.5000000000 ch.: 0.0244355943
it.: 291 obj.: 5.7833596707 vol.: 0.5000000000 ch.: 0.0244493660
it.: 292 obj.: 5.7834243703 vol.: 0.5000000000 ch.: 0.0244581890
it.: 293 obj.: 5.7834897752 vol.: 0.5000000000 ch.: 0.0244034801
it.: 294 obj.: 5.7835543819 vol.: 0.5000000000 ch.: 0.0244175968
it.: 295 obj.: 5.7836181744 vol.: 0.5000000000 ch.: 0.0244310515
it.: 296 obj.: 5.7836803010 vol.: 0.5000000000 ch.: 0.0244433261
it.: 297 obj.: 5.7837417711 vol.: 0.5000000000 ch.: 0.0244546239
it.: 298 obj.: 5.7838039455 vol.: 0.5000000000 ch.: 0.0242798218
it.: 299 obj.: 5.7838658843 vol.: 0.5000000000 ch.: 0.0242985421
it.: 300 obj.: 5.7839276812 vol.: 0.5000000000 ch.: 0.0243175403
Parameter beta increased to 8
it.: 301 obj.: 5.7839896195 vol.: 0.5000000000 ch.: 0.0249305604
it.: 302 obj.: 5.7778423372 vol.: 0.5000000000 ch.: 0.0249956622
it.: 303 obj.: 5.8790660386 vol.: 0.5000000000 ch.: 0.0249945897
it.: 304 obj.: 5.9493032986 vol.: 0.5000000000 ch.: 0.0249932471
it.: 305 obj.: 5.9985581468 vol.: 0.5000000000 ch.: 0.0249914500
it.: 306 obj.: 6.0321758160 vol.: 0.5000000000 ch.: 0.0249888865
it.: 307 obj.: 6.0554604655 vol.: 0.5000000000 ch.: 0.0249850954
it.: 308 obj.: 6.0713684960 vol.: 0.5000000000 ch.: 0.0249789687
it.: 309 obj.: 6.0823488134 vol.: 0.5000000000 ch.: 0.0249672436
it.: 310 obj.: 6.0898914482 vol.: 0.5000000000 ch.: 0.0249422905
it.: 311 obj.: 6.0951019128 vol.: 0.5000000000 ch.: 0.0249335699
it.: 312 obj.: 6.0989462166 vol.: 0.5000000000 ch.: 0.0249275936
it.: 313 obj.: 6.1022547229 vol.: 0.5000000000 ch.: 0.0249253081
it.: 314 obj.: 6.1049873975 vol.: 0.5000000000 ch.: 0.0249203991
it.: 315 obj.: 6.1076643598 vol.: 0.5000000000 ch.: 0.0249158428
it.: 316 obj.: 6.1099938533 vol.: 0.5000000000 ch.: 0.0249094929
it.: 317 obj.: 6.1123479440 vol.: 0.5000000000 ch.: 0.0249041042
it.: 318 obj.: 6.1144395344 vol.: 0.5000000000 ch.: 0.0248943106
it.: 319 obj.: 6.1163802910 vol.: 0.5000000000 ch.: 0.0248896357
it.: 320 obj.: 6.1181498707 vol.: 0.5000000000 ch.: 0.0248741520
it.: 321 obj.: 6.1197723814 vol.: 0.5000000000 ch.: 0.0248671688
it.: 322 obj.: 6.1212792490 vol.: 0.5000000000 ch.: 0.0248493955
it.: 323 obj.: 6.1226866692 vol.: 0.5000000000 ch.: 0.0248367717
it.: 324 obj.: 6.1240184796 vol.: 0.5000000000 ch.: 0.0248174355
it.: 325 obj.: 6.1252913677 vol.: 0.5000000000 ch.: 0.0247992912
it.: 326 obj.: 6.1265118735 vol.: 0.5000000000 ch.: 0.0247910987
it.: 327 obj.: 6.1276927097 vol.: 0.5000000000 ch.: 0.0247905701
it.: 328 obj.: 6.1288290681 vol.: 0.5000000000 ch.: 0.0247903060
it.: 329 obj.: 6.1299235274 vol.: 0.5000000000 ch.: 0.0247882137
it.: 330 obj.: 6.1309788366 vol.: 0.5000000000 ch.: 0.0247863917
it.: 331 obj.: 6.1319954371 vol.: 0.5000000000 ch.: 0.0247563723
it.: 332 obj.: 6.1329661037 vol.: 0.5000000000 ch.: 0.0247556737
it.: 333 obj.: 6.1338515816 vol.: 0.5000000000 ch.: 0.0247510410
it.: 334 obj.: 6.1345137964 vol.: 0.5000000000 ch.: 0.0248271610
it.: 335 obj.: 6.1350477860 vol.: 0.5000000000 ch.: 0.0248200965
it.: 336 obj.: 6.1356110831 vol.: 0.5000000000 ch.: 0.0247537919
it.: 337 obj.: 6.1363363377 vol.: 0.5000000000 ch.: 0.0247157847
it.: 338 obj.: 6.1370563509 vol.: 0.5000000000 ch.: 0.0247377456
it.: 339 obj.: 6.1377100158 vol.: 0.5000000000 ch.: 0.0247177551
it.: 340 obj.: 6.1382758282 vol.: 0.5000000000 ch.: 0.0247175123
it.: 341 obj.: 6.1387937727 vol.: 0.5000000000 ch.: 0.0247055007
it.: 342 obj.: 6.1392554847 vol.: 0.5000000000 ch.: 0.0246972871
it.: 343 obj.: 6.1396752729 vol.: 0.5000000000 ch.: 0.0246907655
it.: 344 obj.: 6.1400657589 vol.: 0.5000000000 ch.: 0.0246202091
it.: 345 obj.: 6.1404358032 vol.: 0.5000000000 ch.: 0.0246208282
it.: 346 obj.: 6.1407900767 vol.: 0.5000000000 ch.: 0.0246262099
it.: 347 obj.: 6.1411300040 vol.: 0.5000000000 ch.: 0.0246332997
it.: 348 obj.: 6.1414561276 vol.: 0.5000000000 ch.: 0.0246407122
it.: 349 obj.: 6.1417705689 vol.: 0.5000000000 ch.: 0.0246441474
it.: 350 obj.: 6.1420703647 vol.: 0.5000000000 ch.: 0.0245600505
it.: 351 obj.: 6.1423553049 vol.: 0.5000000000 ch.: 0.0245139393
it.: 352 obj.: 6.1426247904 vol.: 0.5000000000 ch.: 0.0245156175
it.: 353 obj.: 6.1428731892 vol.: 0.5000000000 ch.: 0.0245138934
it.: 354 obj.: 6.1430637658 vol.: 0.5000000000 ch.: 0.0245249855
it.: 355 obj.: 6.1431017176 vol.: 0.5000000000 ch.: 0.0247041961
it.: 356 obj.: 6.1431920487 vol.: 0.5000000000 ch.: 0.0246794024
it.: 357 obj.: 6.1433593834 vol.: 0.5000000000 ch.: 0.0246323020
it.: 358 obj.: 6.1435995421 vol.: 0.5000000000 ch.: 0.0245433830
it.: 359 obj.: 6.1438266969 vol.: 0.5000000000 ch.: 0.0244960639
it.: 360 obj.: 6.1440069323 vol.: 0.5000000000 ch.: 0.0245127739
it.: 361 obj.: 6.1441613885 vol.: 0.5000000000 ch.: 0.0245005717
it.: 362 obj.: 6.1443068718 vol.: 0.5000000000 ch.: 0.0245068687
it.: 363 obj.: 6.1444484961 vol.: 0.5000000000 ch.: 0.0244931540
it.: 364 obj.: 6.1445885027 vol.: 0.5000000000 ch.: 0.0244924673
it.: 365 obj.: 6.1447265557 vol.: 0.5000000000 ch.: 0.0244914697
it.: 366 obj.: 6.1448637546 vol.: 0.5000000000 ch.: 0.0244918757
it.: 367 obj.: 6.1450011304 vol.: 0.5000000000 ch.: 0.0244754083
it.: 368 obj.: 6.1451370901 vol.: 0.5000000000 ch.: 0.0244853755
it.: 369 obj.: 6.1452722946 vol.: 0.5000000000 ch.: 0.0244907623
it.: 370 obj.: 6.1454077801 vol.: 0.5000000000 ch.: 0.0244972171
it.: 371 obj.: 6.1455407256 vol.: 0.5000000000 ch.: 0.0244990584
it.: 372 obj.: 6.1456724356 vol.: 0.5000000000 ch.: 0.0245104096
it.: 373 obj.: 6.1457980342 vol.: 0.5000000000 ch.: 0.0244926673
it.: 374 obj.: 6.1458854766 vol.: 0.5000000000 ch.: 0.0245333213
it.: 375 obj.: 6.1459234875 vol.: 0.5000000000 ch.: 0.0246447587
it.: 376 obj.: 6.1460008895 vol.: 0.5000000000 ch.: 0.0246282291
it.: 377 obj.: 6.1460828037 vol.: 0.5000000000 ch.: 0.0245080784
it.: 378 obj.: 6.1462139343 vol.: 0.5000000000 ch.: 0.0244326810
it.: 379 obj.: 6.1463246451 vol.: 0.5000000000 ch.: 0.0243985588
it.: 380 obj.: 6.1464172115 vol.: 0.5000000000 ch.: 0.0244248766
it.: 381 obj.: 6.1464949231 vol.: 0.5000000000 ch.: 0.0244279604
it.: 382 obj.: 6.1465674859 vol.: 0.5000000000 ch.: 0.0244370291
it.: 383 obj.: 6.1466395413 vol.: 0.5000000000 ch.: 0.0244446858
it.: 384 obj.: 6.1467114897 vol.: 0.5000000000 ch.: 0.0244518215
it.: 385 obj.: 6.1467837457 vol.: 0.5000000000 ch.: 0.0244597449
it.: 386 obj.: 6.1468569081 vol.: 0.5000000000 ch.: 0.0244670454
it.: 387 obj.: 6.1469315518 vol.: 0.5000000000 ch.: 0.0240185515
it.: 388 obj.: 6.1470064370 vol.: 0.5000000000 ch.: 0.0240591058
it.: 389 obj.: 6.1470807686 vol.: 0.5000000000 ch.: 0.0240932871
it.: 390 obj.: 6.1471545249 vol.: 0.5000000000 ch.: 0.0241204486
it.: 391 obj.: 6.1472280807 vol.: 0.5000000000 ch.: 0.0241382149
it.: 392 obj.: 6.1473023455 vol.: 0.5000000000 ch.: 0.0241520146
it.: 393 obj.: 6.1473758598 vol.: 0.5000000000 ch.: 0.0241528253
it.: 394 obj.: 6.1474483377 vol.: 0.5000000000 ch.: 0.0241651737
it.: 395 obj.: 6.1475196564 vol.: 0.5000000000 ch.: 0.0241675214
it.: 396 obj.: 6.1475898794 vol.: 0.5000000000 ch.: 0.0241878153
it.: 397 obj.: 6.1476498445 vol.: 0.5000000000 ch.: 0.0241888140
it.: 398 obj.: 6.1476563071 vol.: 0.5000000000 ch.: 0.0245104504
it.: 399 obj.: 6.1475570757 vol.: 0.5000000000 ch.: 0.0247048152
it.: 400 obj.: 6.1475642384 vol.: 0.5000000000 ch.: 0.0246950699
Parameter beta increased to 16
it.: 401 obj.: 6.1476430328 vol.: 0.5000000000 ch.: 0.0249596493
it.: 402 obj.: 6.1004666359 vol.: 0.5000000000 ch.: 0.0249982572
it.: 403 obj.: 6.2330105841 vol.: 0.5000000000 ch.: 0.0249971027
it.: 404 obj.: 6.3019523483 vol.: 0.5000000000 ch.: 0.0249953385
it.: 405 obj.: 6.3413983273 vol.: 0.5000000000 ch.: 0.0249920716
it.: 406 obj.: 6.3637140602 vol.: 0.5000000000 ch.: 0.0249884650
it.: 407 obj.: 6.3778662771 vol.: 0.5000000000 ch.: 0.0249827651
it.: 408 obj.: 6.3880248003 vol.: 0.5000000000 ch.: 0.0249744763
it.: 409 obj.: 6.3956998752 vol.: 0.5000000000 ch.: 0.0249736520
it.: 410 obj.: 6.4016804708 vol.: 0.5000000000 ch.: 0.0249714762
it.: 411 obj.: 6.4063407792 vol.: 0.5000000000 ch.: 0.0249656342
it.: 412 obj.: 6.4095915026 vol.: 0.5000000000 ch.: 0.0249547766
it.: 413 obj.: 6.4123170081 vol.: 0.5000000000 ch.: 0.0249461769
it.: 414 obj.: 6.4147793756 vol.: 0.5000000000 ch.: 0.0249461525
it.: 415 obj.: 6.4172538291 vol.: 0.5000000000 ch.: 0.0249442976
it.: 416 obj.: 6.4192580698 vol.: 0.5000000000 ch.: 0.0249189287
it.: 417 obj.: 6.4210301896 vol.: 0.5000000000 ch.: 0.0249376046
it.: 418 obj.: 6.4225238042 vol.: 0.5000000000 ch.: 0.0249111322
it.: 419 obj.: 6.4238333683 vol.: 0.5000000000 ch.: 0.0248922288
it.: 420 obj.: 6.4249523115 vol.: 0.5000000000 ch.: 0.0249151117
it.: 421 obj.: 6.4260896268 vol.: 0.5000000000 ch.: 0.0248622049
it.: 422 obj.: 6.4270844637 vol.: 0.5000000000 ch.: 0.0248843681
it.: 423 obj.: 6.4280614184 vol.: 0.5000000000 ch.: 0.0248279189
it.: 424 obj.: 6.4289611712 vol.: 0.5000000000 ch.: 0.0247865710
it.: 425 obj.: 6.4298067694 vol.: 0.5000000000 ch.: 0.0247955350
it.: 426 obj.: 6.4306266258 vol.: 0.5000000000 ch.: 0.0247795520
it.: 427 obj.: 6.4314267473 vol.: 0.5000000000 ch.: 0.0247760644
it.: 428 obj.: 6.4322221596 vol.: 0.5000000000 ch.: 0.0247674188
it.: 429 obj.: 6.4330226546 vol.: 0.5000000000 ch.: 0.0247595114
it.: 430 obj.: 6.4338255556 vol.: 0.5000000000 ch.: 0.0247500451
it.: 431 obj.: 6.4346238065 vol.: 0.5000000000 ch.: 0.0247460704
it.: 432 obj.: 6.4354025703 vol.: 0.5000000000 ch.: 0.0247490610
it.: 433 obj.: 6.4361082513 vol.: 0.5000000000 ch.: 0.0247833126
it.: 434 obj.: 6.4366849352 vol.: 0.5000000000 ch.: 0.0248233702
it.: 435 obj.: 6.4371896425 vol.: 0.5000000000 ch.: 0.0248828674
it.: 436 obj.: 6.4376084185 vol.: 0.5000000000 ch.: 0.0248333813
it.: 437 obj.: 6.4380594858 vol.: 0.5000000000 ch.: 0.0249232963
it.: 438 obj.: 6.4385843788 vol.: 0.5000000000 ch.: 0.0248781196
it.: 439 obj.: 6.4391099810 vol.: 0.5000000000 ch.: 0.0248471512
it.: 440 obj.: 6.4395514609 vol.: 0.5000000000 ch.: 0.0248325101
it.: 441 obj.: 6.4400014702 vol.: 0.5000000000 ch.: 0.0247063679
it.: 442 obj.: 6.4404048365 vol.: 0.5000000000 ch.: 0.0246043413
it.: 443 obj.: 6.4407683964 vol.: 0.5000000000 ch.: 0.0247007241
it.: 444 obj.: 6.4411184865 vol.: 0.5000000000 ch.: 0.0246798536
it.: 445 obj.: 6.4414610748 vol.: 0.5000000000 ch.: 0.0247008611
it.: 446 obj.: 6.4417994526 vol.: 0.5000000000 ch.: 0.0246753857
it.: 447 obj.: 6.4421326741 vol.: 0.5000000000 ch.: 0.0246913753
it.: 448 obj.: 6.4424612903 vol.: 0.5000000000 ch.: 0.0246477311
it.: 449 obj.: 6.4427842321 vol.: 0.5000000000 ch.: 0.0246629107
it.: 450 obj.: 6.4431061263 vol.: 0.5000000000 ch.: 0.0246048283
it.: 451 obj.: 6.4434228911 vol.: 0.5000000000 ch.: 0.0246483949
it.: 452 obj.: 6.4437171160 vol.: 0.5000000000 ch.: 0.0247351376
it.: 453 obj.: 6.4439136311 vol.: 0.5000000000 ch.: 0.0248148052
it.: 454 obj.: 6.4439469507 vol.: 0.5000000000 ch.: 0.0249202651
it.: 455 obj.: 6.4439096461 vol.: 0.5000000000 ch.: 0.0249166768
it.: 456 obj.: 6.4441601582 vol.: 0.5000000000 ch.: 0.0248785416
it.: 457 obj.: 6.4444719732 vol.: 0.5000000000 ch.: 0.0248627696
it.: 458 obj.: 6.4447610551 vol.: 0.5000000000 ch.: 0.0247884494
it.: 459 obj.: 6.4450119094 vol.: 0.5000000000 ch.: 0.0246468206
it.: 460 obj.: 6.4452284912 vol.: 0.5000000000 ch.: 0.0245882144
it.: 461 obj.: 6.4454296192 vol.: 0.5000000000 ch.: 0.0245932363
it.: 462 obj.: 6.4456246859 vol.: 0.5000000000 ch.: 0.0245963385
it.: 463 obj.: 6.4458201568 vol.: 0.5000000000 ch.: 0.0245718339
it.: 464 obj.: 6.4460197081 vol.: 0.5000000000 ch.: 0.0245509159
it.: 465 obj.: 6.4462258629 vol.: 0.5000000000 ch.: 0.0245351425
it.: 466 obj.: 6.4464414257 vol.: 0.5000000000 ch.: 0.0245120807
it.: 467 obj.: 6.4466650775 vol.: 0.5000000000 ch.: 0.0245039205
it.: 468 obj.: 6.4468970103 vol.: 0.5000000000 ch.: 0.0245051044
it.: 469 obj.: 6.4471383215 vol.: 0.5000000000 ch.: 0.0245046801
it.: 470 obj.: 6.4473854986 vol.: 0.5000000000 ch.: 0.0246285582
it.: 471 obj.: 6.4476375828 vol.: 0.5000000000 ch.: 0.0246865736
it.: 472 obj.: 6.4478973215 vol.: 0.5000000000 ch.: 0.0247178224
it.: 473 obj.: 6.4481627390 vol.: 0.5000000000 ch.: 0.0247527786
it.: 474 obj.: 6.4484164907 vol.: 0.5000000000 ch.: 0.0246892738
it.: 475 obj.: 6.4485617564 vol.: 0.5000000000 ch.: 0.0248831609
it.: 476 obj.: 6.4483771546 vol.: 0.5000000000 ch.: 0.0249381456
it.: 477 obj.: 6.4480738800 vol.: 0.5000000000 ch.: 0.0249607414
it.: 478 obj.: 6.4482278183 vol.: 0.5000000000 ch.: 0.0249519269
it.: 479 obj.: 6.4484517996 vol.: 0.5000000000 ch.: 0.0249348267
it.: 480 obj.: 6.4486715839 vol.: 0.5000000000 ch.: 0.0248982687
it.: 481 obj.: 6.4490479421 vol.: 0.5000000000 ch.: 0.0247543743
it.: 482 obj.: 6.4493747833 vol.: 0.5000000000 ch.: 0.0246181054
it.: 483 obj.: 6.4495880851 vol.: 0.5000000000 ch.: 0.0244130198
it.: 484 obj.: 6.4497424807 vol.: 0.5000000000 ch.: 0.0244772050
it.: 485 obj.: 6.4498834259 vol.: 0.5000000000 ch.: 0.0244890726
it.: 486 obj.: 6.4500217025 vol.: 0.5000000000 ch.: 0.0244959557
it.: 487 obj.: 6.4501599420 vol.: 0.5000000000 ch.: 0.0244950835
it.: 488 obj.: 6.4503011100 vol.: 0.5000000000 ch.: 0.0243068377
it.: 489 obj.: 6.4504476697 vol.: 0.5000000000 ch.: 0.0244071154
it.: 490 obj.: 6.4506034918 vol.: 0.5000000000 ch.: 0.0243390303
it.: 491 obj.: 6.4507696283 vol.: 0.5000000000 ch.: 0.0243616755
it.: 492 obj.: 6.4509470182 vol.: 0.5000000000 ch.: 0.0243834897
it.: 493 obj.: 6.4511350270 vol.: 0.5000000000 ch.: 0.0244209411
it.: 494 obj.: 6.4513350185 vol.: 0.5000000000 ch.: 0.0244807689
it.: 495 obj.: 6.4515496550 vol.: 0.5000000000 ch.: 0.0245351916
it.: 496 obj.: 6.4517786911 vol.: 0.5000000000 ch.: 0.0245832782
it.: 497 obj.: 6.4520221700 vol.: 0.5000000000 ch.: 0.0246263376
it.: 498 obj.: 6.4522812941 vol.: 0.5000000000 ch.: 0.0246373326
it.: 499 obj.: 6.4525538062 vol.: 0.5000000000 ch.: 0.0246907229
it.: 500 obj.: 6.4528389835 vol.: 0.5000000000 ch.: 0.0246932074
Parameter beta increased to 32
it.: 501 obj.: 6.4530164169 vol.: 0.5000000000 ch.: 0.0249758461
it.: 502 obj.: 6.5865675969 vol.: 0.5000000000 ch.: 0.0249940786
it.: 503 obj.: 6.6063011619 vol.: 0.5000000000 ch.: 0.0249888349
it.: 504 obj.: 6.6165587860 vol.: 0.5000000000 ch.: 0.0249947140
it.: 505 obj.: 6.6339402694 vol.: 0.5000000000 ch.: 0.0249874957
it.: 506 obj.: 6.6400158083 vol.: 0.5000000000 ch.: 0.0249939380
it.: 507 obj.: 6.6470017430 vol.: 0.5000000000 ch.: 0.0249872447
it.: 508 obj.: 6.6483861905 vol.: 0.5000000000 ch.: 0.0249916201
it.: 509 obj.: 6.6560877538 vol.: 0.5000000000 ch.: 0.0249844163
it.: 510 obj.: 6.6584925873 vol.: 0.5000000000 ch.: 0.0249715642
it.: 511 obj.: 6.6610660689 vol.: 0.5000000000 ch.: 0.0249826927
it.: 512 obj.: 6.6631378348 vol.: 0.5000000000 ch.: 0.0249689866
it.: 513 obj.: 6.6637215480 vol.: 0.5000000000 ch.: 0.0249788298
it.: 514 obj.: 6.6653020171 vol.: 0.5000000000 ch.: 0.0249609113
it.: 515 obj.: 6.6658276139 vol.: 0.5000000000 ch.: 0.0249651049
it.: 516 obj.: 6.6671817494 vol.: 0.5000000000 ch.: 0.0249361104
it.: 517 obj.: 6.6680706169 vol.: 0.5000000000 ch.: 0.0248803742
it.: 518 obj.: 6.6690812144 vol.: 0.5000000000 ch.: 0.0248091445
it.: 519 obj.: 6.6699111248 vol.: 0.5000000000 ch.: 0.0248160158
it.: 520 obj.: 6.6707076669 vol.: 0.5000000000 ch.: 0.0248090927
it.: 521 obj.: 6.6715062542 vol.: 0.5000000000 ch.: 0.0248060452
it.: 522 obj.: 6.6723145922 vol.: 0.5000000000 ch.: 0.0248076114
it.: 523 obj.: 6.6731280902 vol.: 0.5000000000 ch.: 0.0247976057
it.: 524 obj.: 6.6739447420 vol.: 0.5000000000 ch.: 0.0247966903
it.: 525 obj.: 6.6747402024 vol.: 0.5000000000 ch.: 0.0248164509
it.: 526 obj.: 6.6754697999 vol.: 0.5000000000 ch.: 0.0248878155
it.: 527 obj.: 6.6760121683 vol.: 0.5000000000 ch.: 0.0249336943
it.: 528 obj.: 6.6762651684 vol.: 0.5000000000 ch.: 0.0249482763
it.: 529 obj.: 6.6763742328 vol.: 0.5000000000 ch.: 0.0249421827
it.: 530 obj.: 6.6769238279 vol.: 0.5000000000 ch.: 0.0249644298
it.: 531 obj.: 6.6777282838 vol.: 0.5000000000 ch.: 0.0248960838
it.: 532 obj.: 6.6784374946 vol.: 0.5000000000 ch.: 0.0249320329
it.: 533 obj.: 6.6785692757 vol.: 0.5000000000 ch.: 0.0249681845
it.: 534 obj.: 6.6793457473 vol.: 0.5000000000 ch.: 0.0249424854
it.: 535 obj.: 6.6797432259 vol.: 0.5000000000 ch.: 0.0249158302
it.: 536 obj.: 6.6802926656 vol.: 0.5000000000 ch.: 0.0248819922
it.: 537 obj.: 6.6807716749 vol.: 0.5000000000 ch.: 0.0246665884
it.: 538 obj.: 6.6812290730 vol.: 0.5000000000 ch.: 0.0246722105
it.: 539 obj.: 6.6817060452 vol.: 0.5000000000 ch.: 0.0246818436
it.: 540 obj.: 6.6822041322 vol.: 0.5000000000 ch.: 0.0246879313
it.: 541 obj.: 6.6827260326 vol.: 0.5000000000 ch.: 0.0247186895
it.: 542 obj.: 6.6832667013 vol.: 0.5000000000 ch.: 0.0247429175
it.: 543 obj.: 6.6838254131 vol.: 0.5000000000 ch.: 0.0247614776
it.: 544 obj.: 6.6844053903 vol.: 0.5000000000 ch.: 0.0247706743
it.: 545 obj.: 6.6850084355 vol.: 0.5000000000 ch.: 0.0247790043
it.: 546 obj.: 6.6856329844 vol.: 0.5000000000 ch.: 0.0247835356
it.: 547 obj.: 6.6862728740 vol.: 0.5000000000 ch.: 0.0247967812
it.: 548 obj.: 6.6868699651 vol.: 0.5000000000 ch.: 0.0248821190
it.: 549 obj.: 6.6870796222 vol.: 0.5000000000 ch.: 0.0249393216
it.: 550 obj.: 6.6848163103 vol.: 0.5000000000 ch.: 0.0249836711
it.: 551 obj.: 6.6826352995 vol.: 0.5000000000 ch.: 0.0249837213
it.: 552 obj.: 6.6803670779 vol.: 0.5000000000 ch.: 0.0249856182
it.: 553 obj.: 6.6847376792 vol.: 0.5000000000 ch.: 0.0249741293
it.: 554 obj.: 6.6841420374 vol.: 0.5000000000 ch.: 0.0249749229
it.: 555 obj.: 6.6870585831 vol.: 0.5000000000 ch.: 0.0249499070
it.: 556 obj.: 6.6878612380 vol.: 0.5000000000 ch.: 0.0247620357
it.: 557 obj.: 6.6883896947 vol.: 0.5000000000 ch.: 0.0247553881
it.: 558 obj.: 6.6887570927 vol.: 0.5000000000 ch.: 0.0247577349
it.: 559 obj.: 6.6890965021 vol.: 0.5000000000 ch.: 0.0247650837
it.: 560 obj.: 6.6894430217 vol.: 0.5000000000 ch.: 0.0247717807
it.: 561 obj.: 6.6898070795 vol.: 0.5000000000 ch.: 0.0247786815
it.: 562 obj.: 6.6901930780 vol.: 0.5000000000 ch.: 0.0247598409
it.: 563 obj.: 6.6906019242 vol.: 0.5000000000 ch.: 0.0247681389
it.: 564 obj.: 6.6910348227 vol.: 0.5000000000 ch.: 0.0247775938
it.: 565 obj.: 6.6914944741 vol.: 0.5000000000 ch.: 0.0247876153
it.: 566 obj.: 6.6919832321 vol.: 0.5000000000 ch.: 0.0247975818
it.: 567 obj.: 6.6925026026 vol.: 0.5000000000 ch.: 0.0248080287
it.: 568 obj.: 6.6930528395 vol.: 0.5000000000 ch.: 0.0248187829
it.: 569 obj.: 6.6936367982 vol.: 0.5000000000 ch.: 0.0248300725
it.: 570 obj.: 6.6942567177 vol.: 0.5000000000 ch.: 0.0248381205
it.: 571 obj.: 6.6948940489 vol.: 0.5000000000 ch.: 0.0248525177
it.: 572 obj.: 6.6953570763 vol.: 0.5000000000 ch.: 0.0249467376
it.: 573 obj.: 6.6949770756 vol.: 0.5000000000 ch.: 0.0249610521
it.: 574 obj.: 6.6914678994 vol.: 0.5000000000 ch.: 0.0249801676
it.: 575 obj.: 6.6890237008 vol.: 0.5000000000 ch.: 0.0249832859
it.: 576 obj.: 6.6922582231 vol.: 0.5000000000 ch.: 0.0249758752
it.: 577 obj.: 6.6923603882 vol.: 0.5000000000 ch.: 0.0249683382
it.: 578 obj.: 6.6950124731 vol.: 0.5000000000 ch.: 0.0249228540
it.: 579 obj.: 6.6956923141 vol.: 0.5000000000 ch.: 0.0249252035
it.: 580 obj.: 6.6965100736 vol.: 0.5000000000 ch.: 0.0248208516
it.: 581 obj.: 6.6969541735 vol.: 0.5000000000 ch.: 0.0248272115
it.: 582 obj.: 6.6973208218 vol.: 0.5000000000 ch.: 0.0248308305
it.: 583 obj.: 6.6976916830 vol.: 0.5000000000 ch.: 0.0248196942
it.: 584 obj.: 6.6980753745 vol.: 0.5000000000 ch.: 0.0248276850
it.: 585 obj.: 6.6984774090 vol.: 0.5000000000 ch.: 0.0248344187
it.: 586 obj.: 6.6989033790 vol.: 0.5000000000 ch.: 0.0248417470
it.: 587 obj.: 6.6993567823 vol.: 0.5000000000 ch.: 0.0248488503
it.: 588 obj.: 6.6998382840 vol.: 0.5000000000 ch.: 0.0248556206
it.: 589 obj.: 6.7003464621 vol.: 0.5000000000 ch.: 0.0248620153
it.: 590 obj.: 6.7008818571 vol.: 0.5000000000 ch.: 0.0248688017
it.: 591 obj.: 6.7014508953 vol.: 0.5000000000 ch.: 0.0248748606
it.: 592 obj.: 6.7020244382 vol.: 0.5000000000 ch.: 0.0248820495
it.: 593 obj.: 6.7024641302 vol.: 0.5000000000 ch.: 0.0249124887
it.: 594 obj.: 6.7024335223 vol.: 0.5000000000 ch.: 0.0249495343
it.: 595 obj.: 6.7016953222 vol.: 0.5000000000 ch.: 0.0249622498
it.: 596 obj.: 6.7018545391 vol.: 0.5000000000 ch.: 0.0249588957
it.: 597 obj.: 6.7020321656 vol.: 0.5000000000 ch.: 0.0249609767
it.: 598 obj.: 6.7034185237 vol.: 0.5000000000 ch.: 0.0249636511
it.: 599 obj.: 6.7042319877 vol.: 0.5000000000 ch.: 0.0249236291
it.: 600 obj.: 6.7049984811 vol.: 0.5000000000 ch.: 0.0248970628
Parameter beta increased to 64
it.: 601 obj.: 6.7055592832 vol.: 0.5000000000 ch.: 0.0249815209
it.: 602 obj.: 6.7681755511 vol.: 0.5000000000 ch.: 0.0249858746
it.: 603 obj.: 6.7851451951 vol.: 0.5000000000 ch.: 0.0249839169
it.: 604 obj.: 6.7973647824 vol.: 0.5000000000 ch.: 0.0249892254
it.: 605 obj.: 6.8103842953 vol.: 0.5000000000 ch.: 0.0249908278
it.: 606 obj.: 6.8218344837 vol.: 0.5000000000 ch.: 0.0249870542
it.: 607 obj.: 6.8286398092 vol.: 0.5000000000 ch.: 0.0249752983
it.: 608 obj.: 6.8322504708 vol.: 0.5000000000 ch.: 0.0249495598
it.: 609 obj.: 6.8342284567 vol.: 0.5000000000 ch.: 0.0249637005
it.: 610 obj.: 6.8359937658 vol.: 0.5000000000 ch.: 0.0249735985
it.: 611 obj.: 6.8351943679 vol.: 0.5000000000 ch.: 0.0249838663
it.: 612 obj.: 6.8386797543 vol.: 0.5000000000 ch.: 0.0249567025
it.: 613 obj.: 6.8393065051 vol.: 0.5000000000 ch.: 0.0249737029
it.: 614 obj.: 6.8415082498 vol.: 0.5000000000 ch.: 0.0249585533
it.: 615 obj.: 6.8426945475 vol.: 0.5000000000 ch.: 0.0249303602
it.: 616 obj.: 6.8438116209 vol.: 0.5000000000 ch.: 0.0248930040
it.: 617 obj.: 6.8448215264 vol.: 0.5000000000 ch.: 0.0248687519
it.: 618 obj.: 6.8457995142 vol.: 0.5000000000 ch.: 0.0248760535
it.: 619 obj.: 6.8467533782 vol.: 0.5000000000 ch.: 0.0248906148
it.: 620 obj.: 6.8476940520 vol.: 0.5000000000 ch.: 0.0248983736
it.: 621 obj.: 6.8486168224 vol.: 0.5000000000 ch.: 0.0249080539
it.: 622 obj.: 6.8495297122 vol.: 0.5000000000 ch.: 0.0249055780
it.: 623 obj.: 6.8503895528 vol.: 0.5000000000 ch.: 0.0249075939
it.: 624 obj.: 6.8508751010 vol.: 0.5000000000 ch.: 0.0249579579
it.: 625 obj.: 6.8504613950 vol.: 0.5000000000 ch.: 0.0249552763
it.: 626 obj.: 6.8498260976 vol.: 0.5000000000 ch.: 0.0249602451
it.: 627 obj.: 6.8510148204 vol.: 0.5000000000 ch.: 0.0249679640
it.: 628 obj.: 6.8519904594 vol.: 0.5000000000 ch.: 0.0249440155
it.: 629 obj.: 6.8527687166 vol.: 0.5000000000 ch.: 0.0249596944
it.: 630 obj.: 6.8535866633 vol.: 0.5000000000 ch.: 0.0249500066
it.: 631 obj.: 6.8538835362 vol.: 0.5000000000 ch.: 0.0249647598
it.: 632 obj.: 6.8548384477 vol.: 0.5000000000 ch.: 0.0247967278
it.: 633 obj.: 6.8554187400 vol.: 0.5000000000 ch.: 0.0248049360
it.: 634 obj.: 6.8560128921 vol.: 0.5000000000 ch.: 0.0248116296
it.: 635 obj.: 6.8565794282 vol.: 0.5000000000 ch.: 0.0248277329
it.: 636 obj.: 6.8571615303 vol.: 0.5000000000 ch.: 0.0248413916
it.: 637 obj.: 6.8577669772 vol.: 0.5000000000 ch.: 0.0248514898
it.: 638 obj.: 6.8583935245 vol.: 0.5000000000 ch.: 0.0248577023
it.: 639 obj.: 6.8590427100 vol.: 0.5000000000 ch.: 0.0248667636
it.: 640 obj.: 6.8597147032 vol.: 0.5000000000 ch.: 0.0248741880
it.: 641 obj.: 6.8604148689 vol.: 0.5000000000 ch.: 0.0248806564
it.: 642 obj.: 6.8611303969 vol.: 0.5000000000 ch.: 0.0248875528
it.: 643 obj.: 6.8618623636 vol.: 0.5000000000 ch.: 0.0248990254
it.: 644 obj.: 6.8625210539 vol.: 0.5000000000 ch.: 0.0248941430
it.: 645 obj.: 6.8622455723 vol.: 0.5000000000 ch.: 0.0249724204
it.: 646 obj.: 6.8580494913 vol.: 0.5000000000 ch.: 0.0249875230
it.: 647 obj.: 6.8479478437 vol.: 0.5000000000 ch.: 0.0249949404
it.: 648 obj.: 6.8601708389 vol.: 0.5000000000 ch.: 0.0249827701
it.: 649 obj.: 6.8606542327 vol.: 0.5000000000 ch.: 0.0249757134
it.: 650 obj.: 6.8630223246 vol.: 0.5000000000 ch.: 0.0249515027
it.: 651 obj.: 6.8637278900 vol.: 0.5000000000 ch.: 0.0249303373
it.: 652 obj.: 6.8647594343 vol.: 0.5000000000 ch.: 0.0248420872
it.: 653 obj.: 6.8653198292 vol.: 0.5000000000 ch.: 0.0246791135
it.: 654 obj.: 6.8657744478 vol.: 0.5000000000 ch.: 0.0247675953
it.: 655 obj.: 6.8661738036 vol.: 0.5000000000 ch.: 0.0247590701
it.: 656 obj.: 6.8665768712 vol.: 0.5000000000 ch.: 0.0247941209
it.: 657 obj.: 6.8669665463 vol.: 0.5000000000 ch.: 0.0248099024
it.: 658 obj.: 6.8673821202 vol.: 0.5000000000 ch.: 0.0248277405
it.: 659 obj.: 6.8678033372 vol.: 0.5000000000 ch.: 0.0248295721
it.: 660 obj.: 6.8682500574 vol.: 0.5000000000 ch.: 0.0248387508
it.: 661 obj.: 6.8687075227 vol.: 0.5000000000 ch.: 0.0248383232
it.: 662 obj.: 6.8691813834 vol.: 0.5000000000 ch.: 0.0248459512
it.: 663 obj.: 6.8696413112 vol.: 0.5000000000 ch.: 0.0248324564
it.: 664 obj.: 6.8699358647 vol.: 0.5000000000 ch.: 0.0249076972
it.: 665 obj.: 6.8700094672 vol.: 0.5000000000 ch.: 0.0249441628
it.: 666 obj.: 6.8683292192 vol.: 0.5000000000 ch.: 0.0249726359
it.: 667 obj.: 6.8703721731 vol.: 0.5000000000 ch.: 0.0249392381
it.: 668 obj.: 6.8707751957 vol.: 0.5000000000 ch.: 0.0249441154
it.: 669 obj.: 6.8713944776 vol.: 0.5000000000 ch.: 0.0247962980
it.: 670 obj.: 6.8718049797 vol.: 0.5000000000 ch.: 0.0248480390
it.: 671 obj.: 6.8721570522 vol.: 0.5000000000 ch.: 0.0247564682
it.: 672 obj.: 6.8724758827 vol.: 0.5000000000 ch.: 0.0247500477
it.: 673 obj.: 6.8727771331 vol.: 0.5000000000 ch.: 0.0247527298
it.: 674 obj.: 6.8730888113 vol.: 0.5000000000 ch.: 0.0247435001
it.: 675 obj.: 6.8734195806 vol.: 0.5000000000 ch.: 0.0247664484
it.: 676 obj.: 6.8737761135 vol.: 0.5000000000 ch.: 0.0247862149
it.: 677 obj.: 6.8741548364 vol.: 0.5000000000 ch.: 0.0247876322
it.: 678 obj.: 6.8745458259 vol.: 0.5000000000 ch.: 0.0247968124
it.: 679 obj.: 6.8749421114 vol.: 0.5000000000 ch.: 0.0248221123
it.: 680 obj.: 6.8753479842 vol.: 0.5000000000 ch.: 0.0248368497
it.: 681 obj.: 6.8757719636 vol.: 0.5000000000 ch.: 0.0248393198
it.: 682 obj.: 6.8762118299 vol.: 0.5000000000 ch.: 0.0248472155
it.: 683 obj.: 6.8765911955 vol.: 0.5000000000 ch.: 0.0248535623
it.: 684 obj.: 6.8763843879 vol.: 0.5000000000 ch.: 0.0249000406
it.: 685 obj.: 6.8756288206 vol.: 0.5000000000 ch.: 0.0249500669
it.: 686 obj.: 6.8729798780 vol.: 0.5000000000 ch.: 0.0249720694
it.: 687 obj.: 6.8697317455 vol.: 0.5000000000 ch.: 0.0249809534
it.: 688 obj.: 6.8757717939 vol.: 0.5000000000 ch.: 0.0249718496
it.: 689 obj.: 6.8775263478 vol.: 0.5000000000 ch.: 0.0248626444
it.: 690 obj.: 6.8781458775 vol.: 0.5000000000 ch.: 0.0249054820
it.: 691 obj.: 6.8786145461 vol.: 0.5000000000 ch.: 0.0248219411
it.: 692 obj.: 6.8789939342 vol.: 0.5000000000 ch.: 0.0248391591
it.: 693 obj.: 6.8793728919 vol.: 0.5000000000 ch.: 0.0248413996
it.: 694 obj.: 6.8797420287 vol.: 0.5000000000 ch.: 0.0248364430
it.: 695 obj.: 6.8801180884 vol.: 0.5000000000 ch.: 0.0248481547
it.: 696 obj.: 6.8805196099 vol.: 0.5000000000 ch.: 0.0248588377
it.: 697 obj.: 6.8809394771 vol.: 0.5000000000 ch.: 0.0248355593
it.: 698 obj.: 6.8813736126 vol.: 0.5000000000 ch.: 0.0248408983
it.: 699 obj.: 6.8818391201 vol.: 0.5000000000 ch.: 0.0248503320
it.: 700 obj.: 6.8823342550 vol.: 0.5000000000 ch.: 0.0248412485
Parameter beta increased to 128
it.: 701 obj.: 6.8828157892 vol.: 0.5000000000 ch.: 0.0249722522
it.: 702 obj.: 6.7881151719 vol.: 0.5000000000 ch.: 0.0249991511
it.: 703 obj.: 6.8735301011 vol.: 0.5000000000 ch.: 0.0249967026
it.: 704 obj.: 6.9110882747 vol.: 0.5000000000 ch.: 0.0249967928
it.: 705 obj.: 6.9240300870 vol.: 0.5000000000 ch.: 0.0249959520
it.: 706 obj.: 6.8938287989 vol.: 0.5000000000 ch.: 0.0249966428
it.: 707 obj.: 6.9316018300 vol.: 0.5000000000 ch.: 0.0249932970
it.: 708 obj.: 6.9145946134 vol.: 0.5000000000 ch.: 0.0249964770
it.: 709 obj.: 6.9312476193 vol.: 0.5000000000 ch.: 0.0249966908
it.: 710 obj.: 6.9406804700 vol.: 0.5000000000 ch.: 0.0249895339
it.: 711 obj.: 6.9367620573 vol.: 0.5000000000 ch.: 0.0249945721
it.: 712 obj.: 6.9390738557 vol.: 0.5000000000 ch.: 0.0249861207
it.: 713 obj.: 6.9460215281 vol.: 0.5000000000 ch.: 0.0249662336
it.: 714 obj.: 6.9484690019 vol.: 0.5000000000 ch.: 0.0249008006
it.: 715 obj.: 6.9486382638 vol.: 0.5000000000 ch.: 0.0249769810
it.: 716 obj.: 6.9501148793 vol.: 0.5000000000 ch.: 0.0248520614
it.: 717 obj.: 6.9494919209 vol.: 0.5000000000 ch.: 0.0249731219
it.: 718 obj.: 6.9515399927 vol.: 0.5000000000 ch.: 0.0248486143
it.: 719 obj.: 6.9522998879 vol.: 0.5000000000 ch.: 0.0249114457
it.: 720 obj.: 6.9526115017 vol.: 0.5000000000 ch.: 0.0248729598
it.: 721 obj.: 6.9532012339 vol.: 0.5000000000 ch.: 0.0248836203
it.: 722 obj.: 6.9533397208 vol.: 0.5000000000 ch.: 0.0248830266
it.: 723 obj.: 6.9536962439 vol.: 0.5000000000 ch.: 0.0249469456
it.: 724 obj.: 6.9543719747 vol.: 0.5000000000 ch.: 0.0248253438
it.: 725 obj.: 6.9547114025 vol.: 0.5000000000 ch.: 0.0248561665
it.: 726 obj.: 6.9551177796 vol.: 0.5000000000 ch.: 0.0247560984
it.: 727 obj.: 6.9554322607 vol.: 0.5000000000 ch.: 0.0248359687
it.: 728 obj.: 6.9558076868 vol.: 0.5000000000 ch.: 0.0246176395
it.: 729 obj.: 6.9561219463 vol.: 0.5000000000 ch.: 0.0248431366
it.: 730 obj.: 6.9564410017 vol.: 0.5000000000 ch.: 0.0245959940
it.: 731 obj.: 6.9567404258 vol.: 0.5000000000 ch.: 0.0248716979
it.: 732 obj.: 6.9570474950 vol.: 0.5000000000 ch.: 0.0245161356
it.: 733 obj.: 6.9573717440 vol.: 0.5000000000 ch.: 0.0248147615
it.: 734 obj.: 6.9576330776 vol.: 0.5000000000 ch.: 0.0248328691
it.: 735 obj.: 6.9579073040 vol.: 0.5000000000 ch.: 0.0249082149
it.: 736 obj.: 6.9581971864 vol.: 0.5000000000 ch.: 0.0249182073
it.: 737 obj.: 6.9583932777 vol.: 0.5000000000 ch.: 0.0249075388
it.: 738 obj.: 6.9585708707 vol.: 0.5000000000 ch.: 0.0249556920
it.: 739 obj.: 6.9589604761 vol.: 0.5000000000 ch.: 0.0249114087
it.: 740 obj.: 6.9590041192 vol.: 0.5000000000 ch.: 0.0249171379
it.: 741 obj.: 6.9599190348 vol.: 0.5000000000 ch.: 0.0248598123
it.: 742 obj.: 6.9603865060 vol.: 0.5000000000 ch.: 0.0248946679
it.: 743 obj.: 6.9608407982 vol.: 0.5000000000 ch.: 0.0248678920
it.: 744 obj.: 6.9613950784 vol.: 0.5000000000 ch.: 0.0248986134
it.: 745 obj.: 6.9619683689 vol.: 0.5000000000 ch.: 0.0248773060
it.: 746 obj.: 6.9624652608 vol.: 0.5000000000 ch.: 0.0248526656
it.: 747 obj.: 6.9627223908 vol.: 0.5000000000 ch.: 0.0249503975
it.: 748 obj.: 6.9623943768 vol.: 0.5000000000 ch.: 0.0249843186
it.: 749 obj.: 6.9601976163 vol.: 0.5000000000 ch.: 0.0249919724
it.: 750 obj.: 6.9621409450 vol.: 0.5000000000 ch.: 0.0249790141
it.: 751 obj.: 6.9622091226 vol.: 0.5000000000 ch.: 0.0249668297
it.: 752 obj.: 6.9636885296 vol.: 0.5000000000 ch.: 0.0249407907
it.: 753 obj.: 6.9640903321 vol.: 0.5000000000 ch.: 0.0247166664
it.: 754 obj.: 6.9646427339 vol.: 0.5000000000 ch.: 0.0248179572
it.: 755 obj.: 6.9648897745 vol.: 0.5000000000 ch.: 0.0246444937
it.: 756 obj.: 6.9651257189 vol.: 0.5000000000 ch.: 0.0247551996
it.: 757 obj.: 6.9653177690 vol.: 0.5000000000 ch.: 0.0247079913
it.: 758 obj.: 6.9655290193 vol.: 0.5000000000 ch.: 0.0247852281
it.: 759 obj.: 6.9657152784 vol.: 0.5000000000 ch.: 0.0246674395
it.: 760 obj.: 6.9659280327 vol.: 0.5000000000 ch.: 0.0247894611
it.: 761 obj.: 6.9661306065 vol.: 0.5000000000 ch.: 0.0246587227
it.: 762 obj.: 6.9663534204 vol.: 0.5000000000 ch.: 0.0247942243
it.: 763 obj.: 6.9665482668 vol.: 0.5000000000 ch.: 0.0246576261
it.: 764 obj.: 6.9666973408 vol.: 0.5000000000 ch.: 0.0248467550
it.: 765 obj.: 6.9668263674 vol.: 0.5000000000 ch.: 0.0247006427
it.: 766 obj.: 6.9665923141 vol.: 0.5000000000 ch.: 0.0249512280
it.: 767 obj.: 6.9663551590 vol.: 0.5000000000 ch.: 0.0249787213
it.: 768 obj.: 6.9663069768 vol.: 0.5000000000 ch.: 0.0249675950
it.: 769 obj.: 6.9669919201 vol.: 0.5000000000 ch.: 0.0247439844
it.: 770 obj.: 6.9674312243 vol.: 0.5000000000 ch.: 0.0247640913
it.: 771 obj.: 6.9675369122 vol.: 0.5000000000 ch.: 0.0240157512
it.: 772 obj.: 6.9676835490 vol.: 0.5000000000 ch.: 0.0243489800
it.: 773 obj.: 6.9677642970 vol.: 0.5000000000 ch.: 0.0240340833
it.: 774 obj.: 6.9678902723 vol.: 0.5000000000 ch.: 0.0242886657
it.: 775 obj.: 6.9679876734 vol.: 0.5000000000 ch.: 0.0242925898
it.: 776 obj.: 6.9681194028 vol.: 0.5000000000 ch.: 0.0245307820
it.: 777 obj.: 6.9682314110 vol.: 0.5000000000 ch.: 0.0242929008
it.: 778 obj.: 6.9683594689 vol.: 0.5000000000 ch.: 0.0248182229
it.: 779 obj.: 6.9684342083 vol.: 0.5000000000 ch.: 0.0247573461
it.: 780 obj.: 6.9683822681 vol.: 0.5000000000 ch.: 0.0249327943
it.: 781 obj.: 6.9685255526 vol.: 0.5000000000 ch.: 0.0247564869
it.: 782 obj.: 6.9685316585 vol.: 0.5000000000 ch.: 0.0248776622
it.: 783 obj.: 6.9687274806 vol.: 0.5000000000 ch.: 0.0245410849
it.: 784 obj.: 6.9687242827 vol.: 0.5000000000 ch.: 0.0249453341
it.: 785 obj.: 6.9683811557 vol.: 0.5000000000 ch.: 0.0249781316
it.: 786 obj.: 6.9680683717 vol.: 0.5000000000 ch.: 0.0249745149
it.: 787 obj.: 6.9689501482 vol.: 0.5000000000 ch.: 0.0236742925
it.: 788 obj.: 6.9691989218 vol.: 0.5000000000 ch.: 0.0227168029
it.: 789 obj.: 6.9692863911 vol.: 0.5000000000 ch.: 0.0225119287
it.: 790 obj.: 6.9693792046 vol.: 0.5000000000 ch.: 0.0240238490
it.: 791 obj.: 6.9694421990 vol.: 0.5000000000 ch.: 0.0227581985
it.: 792 obj.: 6.9695380965 vol.: 0.5000000000 ch.: 0.0243569287
it.: 793 obj.: 6.9696154109 vol.: 0.5000000000 ch.: 0.0239598380
it.: 794 obj.: 6.9697215078 vol.: 0.5000000000 ch.: 0.0244947628
it.: 795 obj.: 6.9697990542 vol.: 0.5000000000 ch.: 0.0246484911
it.: 796 obj.: 6.9698680252 vol.: 0.5000000000 ch.: 0.0245721644
it.: 797 obj.: 6.9699396847 vol.: 0.5000000000 ch.: 0.0247988494
it.: 798 obj.: 6.9699934945 vol.: 0.5000000000 ch.: 0.0246258196
it.: 799 obj.: 6.9701476068 vol.: 0.5000000000 ch.: 0.0243421976
it.: 800 obj.: 6.9702979445 vol.: 0.5000000000 ch.: 0.0246582530
Parameter beta increased to 256
it.: 801 obj.: 6.9703378308 vol.: 0.5000000000 ch.: 0.0249769120
it.: 802 obj.: 6.8828727298 vol.: 0.5000000000 ch.: 0.0249973974
it.: 803 obj.: 6.9591419137 vol.: 0.5000000000 ch.: 0.0249954118
it.: 804 obj.: 6.9896948127 vol.: 0.5000000000 ch.: 0.0249909356
it.: 805 obj.: 6.9699877823 vol.: 0.5000000000 ch.: 0.0249827657
it.: 806 obj.: 6.9933773707 vol.: 0.5000000000 ch.: 0.0249815648
it.: 807 obj.: 6.9870321751 vol.: 0.5000000000 ch.: 0.0249773605
it.: 808 obj.: 6.9916266101 vol.: 0.5000000000 ch.: 0.0249779945
it.: 809 obj.: 6.9887360821 vol.: 0.5000000000 ch.: 0.0249687608
it.: 810 obj.: 6.9942465608 vol.: 0.5000000000 ch.: 0.0249381770
it.: 811 obj.: 6.9829094427 vol.: 0.5000000000 ch.: 0.0249720744
it.: 812 obj.: 6.9926057274 vol.: 0.5000000000 ch.: 0.0249098089
it.: 813 obj.: 6.9834087966 vol.: 0.5000000000 ch.: 0.0249571787
it.: 814 obj.: 6.9950177854 vol.: 0.5000000000 ch.: 0.0248433126
it.: 815 obj.: 6.9815460387 vol.: 0.5000000000 ch.: 0.0248881777
it.: 816 obj.: 6.9924731363 vol.: 0.5000000000 ch.: 0.0247896786
it.: 817 obj.: 6.9831885646 vol.: 0.5000000000 ch.: 0.0248905670
it.: 818 obj.: 6.9923780237 vol.: 0.5000000000 ch.: 0.0247652243
it.: 819 obj.: 6.9833006293 vol.: 0.5000000000 ch.: 0.0248183693
it.: 820 obj.: 6.9959575954 vol.: 0.5000000000 ch.: 0.0246112984
it.: 821 obj.: 6.9832216211 vol.: 0.5000000000 ch.: 0.0247737905
it.: 822 obj.: 6.9917928141 vol.: 0.5000000000 ch.: 0.0245876292
it.: 823 obj.: 6.9838838843 vol.: 0.5000000000 ch.: 0.0247253013
it.: 824 obj.: 6.9967280410 vol.: 0.5000000000 ch.: 0.0244191441
it.: 825 obj.: 6.9841172879 vol.: 0.5000000000 ch.: 0.0246704480
it.: 826 obj.: 6.9912585598 vol.: 0.5000000000 ch.: 0.0245692410
it.: 827 obj.: 6.9843171725 vol.: 0.5000000000 ch.: 0.0246054637
it.: 828 obj.: 6.9974583799 vol.: 0.5000000000 ch.: 0.0244072229
it.: 829 obj.: 6.9852767015 vol.: 0.5000000000 ch.: 0.0244965065
it.: 830 obj.: 6.9914457802 vol.: 0.5000000000 ch.: 0.0245667805
it.: 831 obj.: 6.9847069990 vol.: 0.5000000000 ch.: 0.0246161109
it.: 832 obj.: 6.9980343854 vol.: 0.5000000000 ch.: 0.0241106300
it.: 833 obj.: 6.9873282785 vol.: 0.5000000000 ch.: 0.0242462906
it.: 834 obj.: 6.9917061351 vol.: 0.5000000000 ch.: 0.0245733322
it.: 835 obj.: 6.9852133810 vol.: 0.5000000000 ch.: 0.0247283853
it.: 836 obj.: 6.9983311225 vol.: 0.5000000000 ch.: 0.0247201027
it.: 837 obj.: 6.9881240185 vol.: 0.5000000000 ch.: 0.0247641790
it.: 838 obj.: 6.9921473343 vol.: 0.5000000000 ch.: 0.0248035586
it.: 839 obj.: 6.9856686709 vol.: 0.5000000000 ch.: 0.0248014709
it.: 840 obj.: 6.9964678354 vol.: 0.5000000000 ch.: 0.0245749559
it.: 841 obj.: 6.9932519344 vol.: 0.5000000000 ch.: 0.0247428193
it.: 842 obj.: 6.9919994335 vol.: 0.5000000000 ch.: 0.0244480385
it.: 843 obj.: 6.9876425461 vol.: 0.5000000000 ch.: 0.0247004843
it.: 844 obj.: 6.9981344998 vol.: 0.5000000000 ch.: 0.0247064205
it.: 845 obj.: 6.9883936378 vol.: 0.5000000000 ch.: 0.0244940684
it.: 846 obj.: 6.9932499671 vol.: 0.5000000000 ch.: 0.0246754356
it.: 847 obj.: 6.9864401548 vol.: 0.5000000000 ch.: 0.0246814918
it.: 848 obj.: 6.9990613966 vol.: 0.5000000000 ch.: 0.0244992953
it.: 849 obj.: 6.9997256047 vol.: 0.5000000000 ch.: 0.0237880901
it.: 850 obj.: 6.9919014612 vol.: 0.5000000000 ch.: 0.0247594510
it.: 851 obj.: 6.9912128698 vol.: 0.5000000000 ch.: 0.0247486616
it.: 852 obj.: 6.9995915863 vol.: 0.5000000000 ch.: 0.0247139886
it.: 853 obj.: 6.9857484063 vol.: 0.5000000000 ch.: 0.0248402902
it.: 854 obj.: 6.9940667063 vol.: 0.5000000000 ch.: 0.0248347707
it.: 855 obj.: 6.9918339872 vol.: 0.5000000000 ch.: 0.0248794559
it.: 856 obj.: 6.9985398862 vol.: 0.5000000000 ch.: 0.0248804513
it.: 857 obj.: 6.9866948320 vol.: 0.5000000000 ch.: 0.0248687711
it.: 858 obj.: 6.9928865543 vol.: 0.5000000000 ch.: 0.0248430756
it.: 859 obj.: 6.9932344452 vol.: 0.5000000000 ch.: 0.0246876332
it.: 860 obj.: 7.0005033739 vol.: 0.5000000000 ch.: 0.0246526326
it.: 861 obj.: 6.9870976173 vol.: 0.5000000000 ch.: 0.0244972867
it.: 862 obj.: 6.9937354478 vol.: 0.5000000000 ch.: 0.0247317767
it.: 863 obj.: 6.9979945345 vol.: 0.5000000000 ch.: 0.0244820176
it.: 864 obj.: 7.0006247129 vol.: 0.5000000000 ch.: 0.0246733543
it.: 865 obj.: 6.9895085609 vol.: 0.5000000000 ch.: 0.0247039395
it.: 866 obj.: 6.9936504684 vol.: 0.5000000000 ch.: 0.0247158246
it.: 867 obj.: 6.9892640803 vol.: 0.5000000000 ch.: 0.0247494163
it.: 868 obj.: 6.9996076314 vol.: 0.5000000000 ch.: 0.0244729554
it.: 869 obj.: 6.9929068831 vol.: 0.5000000000 ch.: 0.0246154785
it.: 870 obj.: 6.9930814372 vol.: 0.5000000000 ch.: 0.0246895197
it.: 871 obj.: 6.9898495062 vol.: 0.5000000000 ch.: 0.0247909327
it.: 872 obj.: 7.0007772770 vol.: 0.5000000000 ch.: 0.0243142494
it.: 873 obj.: 6.9917239951 vol.: 0.5000000000 ch.: 0.0247878211
it.: 874 obj.: 6.9941608125 vol.: 0.5000000000 ch.: 0.0246442309
it.: 875 obj.: 6.9898450354 vol.: 0.5000000000 ch.: 0.0246876428
it.: 876 obj.: 6.9995575917 vol.: 0.5000000000 ch.: 0.0244600984
it.: 877 obj.: 6.9979035397 vol.: 0.5000000000 ch.: 0.0242814239
it.: 878 obj.: 6.9932075213 vol.: 0.5000000000 ch.: 0.0247749091
it.: 879 obj.: 6.9925679586 vol.: 0.5000000000 ch.: 0.0246860780
it.: 880 obj.: 7.0018260224 vol.: 0.5000000000 ch.: 0.0244186069
it.: 881 obj.: 6.9898714649 vol.: 0.5000000000 ch.: 0.0247106308
it.: 882 obj.: 6.9953804411 vol.: 0.5000000000 ch.: 0.0246851296
it.: 883 obj.: 6.9936282830 vol.: 0.5000000000 ch.: 0.0246583250
it.: 884 obj.: 6.9999024861 vol.: 0.5000000000 ch.: 0.0241015705
it.: 885 obj.: 6.9906032986 vol.: 0.5000000000 ch.: 0.0246703511
it.: 886 obj.: 6.9942313714 vol.: 0.5000000000 ch.: 0.0245704352
it.: 887 obj.: 6.9950927804 vol.: 0.5000000000 ch.: 0.0246839409
it.: 888 obj.: 7.0020793755 vol.: 0.5000000000 ch.: 0.0242020717
it.: 889 obj.: 6.9907809656 vol.: 0.5000000000 ch.: 0.0242872171
it.: 890 obj.: 6.9953530654 vol.: 0.5000000000 ch.: 0.0248571149
it.: 891 obj.: 6.9997665115 vol.: 0.5000000000 ch.: 0.0242471680
it.: 892 obj.: 7.0021692603 vol.: 0.5000000000 ch.: 0.0242552506
it.: 893 obj.: 6.9922892054 vol.: 0.5000000000 ch.: 0.0247461236
it.: 894 obj.: 6.9955589653 vol.: 0.5000000000 ch.: 0.0247479798
it.: 895 obj.: 6.9946735968 vol.: 0.5000000000 ch.: 0.0249704013
it.: 896 obj.: 7.0017768947 vol.: 0.5000000000 ch.: 0.0248670534
it.: 897 obj.: 6.9923001547 vol.: 0.5000000000 ch.: 0.0249573389
it.: 898 obj.: 6.9953844385 vol.: 0.5000000000 ch.: 0.0248006122
it.: 899 obj.: 6.9963947672 vol.: 0.5000000000 ch.: 0.0249329586
it.: 900 obj.: 7.0021905407 vol.: 0.5000000000 ch.: 0.0242343938
it.: 901 obj.: 6.9924371788 vol.: 0.5000000000 ch.: 0.0248084413
it.: 902 obj.: 6.9955457191 vol.: 0.5000000000 ch.: 0.0246717521
it.: 903 obj.: 7.0017539241 vol.: 0.5000000000 ch.: 0.0247293647
it.: 904 obj.: 7.0023540287 vol.: 0.5000000000 ch.: 0.0242595141
it.: 905 obj.: 6.9941280435 vol.: 0.5000000000 ch.: 0.0247688697
it.: 906 obj.: 6.9963535738 vol.: 0.5000000000 ch.: 0.0243571960
it.: 907 obj.: 6.9938580306 vol.: 0.5000000000 ch.: 0.0248079366
it.: 908 obj.: 7.0015757734 vol.: 0.5000000000 ch.: 0.0241698438
it.: 909 obj.: 6.9979554154 vol.: 0.5000000000 ch.: 0.0246831418
it.: 910 obj.: 6.9959668870 vol.: 0.5000000000 ch.: 0.0242856017
it.: 911 obj.: 6.9940144632 vol.: 0.5000000000 ch.: 0.0248190701
it.: 912 obj.: 7.0033365493 vol.: 0.5000000000 ch.: 0.0237685776
it.: 913 obj.: 7.0031289745 vol.: 0.5000000000 ch.: 0.0243499523
it.: 914 obj.: 6.9964979798 vol.: 0.5000000000 ch.: 0.0241878537
it.: 915 obj.: 6.9957827007 vol.: 0.5000000000 ch.: 0.0247694671
it.: 916 obj.: 7.0028511043 vol.: 0.5000000000 ch.: 0.0239854716
it.: 917 obj.: 6.9936346206 vol.: 0.5000000000 ch.: 0.0247653340
it.: 918 obj.: 6.9977155005 vol.: 0.5000000000 ch.: 0.0243657797
it.: 919 obj.: 6.9983119449 vol.: 0.5000000000 ch.: 0.0246474164
it.: 920 obj.: 7.0019040630 vol.: 0.5000000000 ch.: 0.0243017091
it.: 921 obj.: 6.9936212399 vol.: 0.5000000000 ch.: 0.0246505276
it.: 922 obj.: 6.9965505306 vol.: 0.5000000000 ch.: 0.0246901337
it.: 923 obj.: 7.0045255885 vol.: 0.5000000000 ch.: 0.0243231031
it.: 924 obj.: 7.0043130088 vol.: 0.5000000000 ch.: 0.0241472800
it.: 925 obj.: 6.9949931440 vol.: 0.5000000000 ch.: 0.0246047420
it.: 926 obj.: 6.9980535495 vol.: 0.5000000000 ch.: 0.0244661373
it.: 927 obj.: 6.9990550252 vol.: 0.5000000000 ch.: 0.0245925487
it.: 928 obj.: 7.0033236281 vol.: 0.5000000000 ch.: 0.0243180174
it.: 929 obj.: 6.9944324799 vol.: 0.5000000000 ch.: 0.0246251870
it.: 930 obj.: 6.9976280525 vol.: 0.5000000000 ch.: 0.0244827067
it.: 931 obj.: 7.0049490619 vol.: 0.5000000000 ch.: 0.0244332015
it.: 932 obj.: 7.0043102723 vol.: 0.5000000000 ch.: 0.0246539582
it.: 933 obj.: 6.9955024618 vol.: 0.5000000000 ch.: 0.0246345735
it.: 934 obj.: 6.9980681736 vol.: 0.5000000000 ch.: 0.0246105313
it.: 935 obj.: 6.9997068195 vol.: 0.5000000000 ch.: 0.0246318723
it.: 936 obj.: 7.0045586129 vol.: 0.5000000000 ch.: 0.0245711875
it.: 937 obj.: 6.9948418863 vol.: 0.5000000000 ch.: 0.0246237541
it.: 938 obj.: 6.9982822367 vol.: 0.5000000000 ch.: 0.0247613965
it.: 939 obj.: 7.0059446262 vol.: 0.5000000000 ch.: 0.0247696431
it.: 940 obj.: 7.0051990298 vol.: 0.5000000000 ch.: 0.0248061755
it.: 941 obj.: 6.9958718703 vol.: 0.5000000000 ch.: 0.0248232623
it.: 942 obj.: 6.9994291783 vol.: 0.5000000000 ch.: 0.0248563409
it.: 943 obj.: 7.0048685896 vol.: 0.5000000000 ch.: 0.0248505875
it.: 944 obj.: 7.0059847051 vol.: 0.5000000000 ch.: 0.0248611544
it.: 945 obj.: 6.9966684384 vol.: 0.5000000000 ch.: 0.0249331443
it.: 946 obj.: 7.0006197854 vol.: 0.5000000000 ch.: 0.0249003763
it.: 947 obj.: 7.0055366327 vol.: 0.5000000000 ch.: 0.0249746503
it.: 948 obj.: 7.0063381049 vol.: 0.5000000000 ch.: 0.0249459942
it.: 949 obj.: 6.9977354805 vol.: 0.5000000000 ch.: 0.0249570637
it.: 950 obj.: 7.0020700688 vol.: 0.5000000000 ch.: 0.0249308707
it.: 951 obj.: 7.0057205063 vol.: 0.5000000000 ch.: 0.0248878050
it.: 952 obj.: 7.0073066796 vol.: 0.5000000000 ch.: 0.0249035244
it.: 953 obj.: 6.9983312068 vol.: 0.5000000000 ch.: 0.0248395718
it.: 954 obj.: 7.0023639172 vol.: 0.5000000000 ch.: 0.0248929025
it.: 955 obj.: 7.0077062010 vol.: 0.5000000000 ch.: 0.0248132142
it.: 956 obj.: 7.0080148830 vol.: 0.5000000000 ch.: 0.0248793338
it.: 957 obj.: 6.9990797880 vol.: 0.5000000000 ch.: 0.0247998161
it.: 958 obj.: 7.0031375157 vol.: 0.5000000000 ch.: 0.0248526368
it.: 959 obj.: 7.0074696296 vol.: 0.5000000000 ch.: 0.0247774068
it.: 960 obj.: 7.0085446510 vol.: 0.5000000000 ch.: 0.0248169500
it.: 961 obj.: 6.9994086172 vol.: 0.5000000000 ch.: 0.0248021884
it.: 962 obj.: 7.0037901737 vol.: 0.5000000000 ch.: 0.0248189765
it.: 963 obj.: 7.0090614159 vol.: 0.5000000000 ch.: 0.0248230383
it.: 964 obj.: 7.0091515860 vol.: 0.5000000000 ch.: 0.0248521530
it.: 965 obj.: 7.0000528233 vol.: 0.5000000000 ch.: 0.0248731450
it.: 966 obj.: 7.0050613477 vol.: 0.5000000000 ch.: 0.0249427701
it.: 967 obj.: 7.0103126762 vol.: 0.5000000000 ch.: 0.0248489160
it.: 968 obj.: 7.0105726529 vol.: 0.5000000000 ch.: 0.0248421825
it.: 969 obj.: 7.0011229197 vol.: 0.5000000000 ch.: 0.0248812343
it.: 970 obj.: 7.0067080278 vol.: 0.5000000000 ch.: 0.0249605491
it.: 971 obj.: 7.0119441262 vol.: 0.5000000000 ch.: 0.0248244691
it.: 972 obj.: 7.0116974156 vol.: 0.5000000000 ch.: 0.0248448977
it.: 973 obj.: 7.0017350239 vol.: 0.5000000000 ch.: 0.0248419203
it.: 974 obj.: 7.0078940454 vol.: 0.5000000000 ch.: 0.0248764261
it.: 975 obj.: 7.0132779501 vol.: 0.5000000000 ch.: 0.0248802786
it.: 976 obj.: 7.0130039313 vol.: 0.5000000000 ch.: 0.0248794881
it.: 977 obj.: 7.0024147270 vol.: 0.5000000000 ch.: 0.0248474020
it.: 978 obj.: 7.0090827281 vol.: 0.5000000000 ch.: 0.0249123476
it.: 979 obj.: 7.0142791753 vol.: 0.5000000000 ch.: 0.0248142112
it.: 980 obj.: 7.0138538262 vol.: 0.5000000000 ch.: 0.0248697604
it.: 981 obj.: 7.0027025126 vol.: 0.5000000000 ch.: 0.0249239781
it.: 982 obj.: 7.0102335085 vol.: 0.5000000000 ch.: 0.0249346813
it.: 983 obj.: 7.0153191598 vol.: 0.5000000000 ch.: 0.0248674291
it.: 984 obj.: 7.0153226846 vol.: 0.5000000000 ch.: 0.0249122369
it.: 985 obj.: 7.0053362245 vol.: 0.5000000000 ch.: 0.0249112066
it.: 986 obj.: 7.0123393344 vol.: 0.5000000000 ch.: 0.0249601657
it.: 987 obj.: 7.0172386202 vol.: 0.5000000000 ch.: 0.0249108448
it.: 988 obj.: 7.0176169926 vol.: 0.5000000000 ch.: 0.0249053980
it.: 989 obj.: 7.0067712203 vol.: 0.5000000000 ch.: 0.0248451215
it.: 990 obj.: 7.0152433063 vol.: 0.5000000000 ch.: 0.0248562420
it.: 991 obj.: 7.0201614354 vol.: 0.5000000000 ch.: 0.0248888838
it.: 992 obj.: 7.0207393548 vol.: 0.5000000000 ch.: 0.0248774633
it.: 993 obj.: 7.0195553317 vol.: 0.5000000000 ch.: 0.0248690219
it.: 994 obj.: 7.0209827916 vol.: 0.5000000000 ch.: 0.0248422869
it.: 995 obj.: 7.0111757543 vol.: 0.5000000000 ch.: 0.0248057379
it.: 996 obj.: 7.0200758075 vol.: 0.5000000000 ch.: 0.0248182664
it.: 997 obj.: 7.0240436667 vol.: 0.5000000000 ch.: 0.0248079928
it.: 998 obj.: 7.0238463253 vol.: 0.5000000000 ch.: 0.0248450143
it.: 999 obj.: 7.0246534984 vol.: 0.5000000000 ch.: 0.0247477982
it.: 1000 obj.: 7.0235252965 vol.: 0.5000000000 ch.: 0.0247944761
it.: 1001 obj.: 7.0138035143 vol.: 0.5000000000 ch.: 0.0247532833
it.: 1002 obj.: 7.0233995030 vol.: 0.5000000000 ch.: 0.0245404539
it.: 1003 obj.: 7.0268331045 vol.: 0.5000000000 ch.: 0.0245809021
it.: 1004 obj.: 7.0267599594 vol.: 0.5000000000 ch.: 0.0241831491
it.: 1005 obj.: 7.0266061981 vol.: 0.5000000000 ch.: 0.0244096021
it.: 1006 obj.: 7.0260577155 vol.: 0.5000000000 ch.: 0.0246488473
it.: 1007 obj.: 7.0155027716 vol.: 0.5000000000 ch.: 0.0248234100
it.: 1008 obj.: 7.0253516455 vol.: 0.5000000000 ch.: 0.0248776404
it.: 1009 obj.: 7.0282668783 vol.: 0.5000000000 ch.: 0.0246336070
it.: 1010 obj.: 7.0280629561 vol.: 0.5000000000 ch.: 0.0245774800
it.: 1011 obj.: 7.0265792147 vol.: 0.5000000000 ch.: 0.0245862948
it.: 1012 obj.: 7.0271615231 vol.: 0.5000000000 ch.: 0.0245680348
it.: 1013 obj.: 7.0165251557 vol.: 0.5000000000 ch.: 0.0247880616
it.: 1014 obj.: 7.0255740713 vol.: 0.5000000000 ch.: 0.0246075150
it.: 1015 obj.: 7.0289317611 vol.: 0.5000000000 ch.: 0.0245888616
it.: 1016 obj.: 7.0286718409 vol.: 0.5000000000 ch.: 0.0247253776
it.: 1017 obj.: 7.0237298541 vol.: 0.5000000000 ch.: 0.0245413680
it.: 1018 obj.: 7.0272891452 vol.: 0.5000000000 ch.: 0.0247872637
it.: 1019 obj.: 7.0168137812 vol.: 0.5000000000 ch.: 0.0247666240
it.: 1020 obj.: 7.0260027719 vol.: 0.5000000000 ch.: 0.0246361056
it.: 1021 obj.: 7.0296099787 vol.: 0.5000000000 ch.: 0.0216792335
it.: 1022 obj.: 7.0294393766 vol.: 0.5000000000 ch.: 0.0246735499
it.: 1023 obj.: 7.0298404625 vol.: 0.5000000000 ch.: 0.0238713509
it.: 1024 obj.: 7.0198406911 vol.: 0.5000000000 ch.: 0.0248395964
it.: 1025 obj.: 7.0297794112 vol.: 0.5000000000 ch.: 0.0243018894
it.: 1026 obj.: 7.0297456855 vol.: 0.5000000000 ch.: 0.0247864957
it.: 1027 obj.: 7.0300326007 vol.: 0.5000000000 ch.: 0.0245080485
it.: 1028 obj.: 7.0176881414 vol.: 0.5000000000 ch.: 0.0246113813
it.: 1029 obj.: 7.0301276590 vol.: 0.5000000000 ch.: 0.0239034754
it.: 1030 obj.: 7.0303682397 vol.: 0.5000000000 ch.: 0.0239021468
it.: 1031 obj.: 7.0224985399 vol.: 0.5000000000 ch.: 0.0245230750
it.: 1032 obj.: 7.0299222307 vol.: 0.5000000000 ch.: 0.0249149635
it.: 1033 obj.: 7.0284802725 vol.: 0.5000000000 ch.: 0.0237879728
it.: 1034 obj.: 7.0294298403 vol.: 0.5000000000 ch.: 0.0247720090
it.: 1035 obj.: 7.0177271085 vol.: 0.5000000000 ch.: 0.0242249289
it.: 1036 obj.: 7.0270250444 vol.: 0.5000000000 ch.: 0.0247935353
it.: 1037 obj.: 7.0306647791 vol.: 0.5000000000 ch.: 0.0212190140
it.: 1038 obj.: 7.0304662328 vol.: 0.5000000000 ch.: 0.0246177619
it.: 1039 obj.: 7.0306418022 vol.: 0.5000000000 ch.: 0.0246888248
it.: 1040 obj.: 7.0177742427 vol.: 0.5000000000 ch.: 0.0247370516
it.: 1041 obj.: 7.0308524243 vol.: 0.5000000000 ch.: 0.0246856868
it.: 1042 obj.: 7.0311290834 vol.: 0.5000000000 ch.: 0.0240304382
it.: 1043 obj.: 7.0171327507 vol.: 0.5000000000 ch.: 0.0246296663
it.: 1044 obj.: 7.0305816233 vol.: 0.5000000000 ch.: 0.0247748044
it.: 1045 obj.: 7.0310186766 vol.: 0.5000000000 ch.: 0.0237426402
it.: 1046 obj.: 7.0185101818 vol.: 0.5000000000 ch.: 0.0248400989
it.: 1047 obj.: 7.0309634701 vol.: 0.5000000000 ch.: 0.0244130224
it.: 1048 obj.: 7.0311470723 vol.: 0.5000000000 ch.: 0.0229306491
it.: 1049 obj.: 7.0149206582 vol.: 0.5000000000 ch.: 0.0242518286
it.: 1050 obj.: 7.0299703322 vol.: 0.5000000000 ch.: 0.0248309785
it.: 1051 obj.: 7.0310394102 vol.: 0.5000000000 ch.: 0.0223654474
it.: 1052 obj.: 7.0148639304 vol.: 0.5000000000 ch.: 0.0248165313
it.: 1053 obj.: 7.0304113727 vol.: 0.5000000000 ch.: 0.0227629454
it.: 1054 obj.: 7.0309998356 vol.: 0.5000000000 ch.: 0.0210875689
it.: 1055 obj.: 7.0125613215 vol.: 0.5000000000 ch.: 0.0239451352
it.: 1056 obj.: 7.0293810656 vol.: 0.5000000000 ch.: 0.0167989558
it.: 1057 obj.: 7.0309150077 vol.: 0.5000000000 ch.: 0.0216482098
it.: 1058 obj.: 7.0136826712 vol.: 0.5000000000 ch.: 0.0230195143
it.: 1059 obj.: 7.0301123129 vol.: 0.5000000000 ch.: 0.0171611861
it.: 1060 obj.: 7.0309311887 vol.: 0.5000000000 ch.: 0.0191531627
it.: 1061 obj.: 7.0119433212 vol.: 0.5000000000 ch.: 0.0208852977
it.: 1062 obj.: 7.0290721420 vol.: 0.5000000000 ch.: 0.0143931497
it.: 1063 obj.: 7.0309770943 vol.: 0.5000000000 ch.: 0.0187720450
it.: 1064 obj.: 7.0141547148 vol.: 0.5000000000 ch.: 0.0188057047
it.: 1065 obj.: 7.0300754550 vol.: 0.5000000000 ch.: 0.0125387704
it.: 1066 obj.: 7.0309838812 vol.: 0.5000000000 ch.: 0.0178942994
it.: 1067 obj.: 7.0125711791 vol.: 0.5000000000 ch.: 0.0141320406
it.: 1068 obj.: 7.0295108860 vol.: 0.5000000000 ch.: 0.0238657156
it.: 1069 obj.: 7.0309362562 vol.: 0.5000000000 ch.: 0.0173102461
it.: 1070 obj.: 7.0142683394 vol.: 0.5000000000 ch.: 0.0143073338
it.: 1071 obj.: 7.0300492246 vol.: 0.5000000000 ch.: 0.0246574729
it.: 1072 obj.: 7.0309834998 vol.: 0.5000000000 ch.: 0.0209156094
it.: 1073 obj.: 7.0126427574 vol.: 0.5000000000 ch.: 0.0138751187
it.: 1074 obj.: 7.0293788059 vol.: 0.5000000000 ch.: 0.0248597492
it.: 1075 obj.: 7.0309494200 vol.: 0.5000000000 ch.: 0.0216217613
it.: 1076 obj.: 7.0152616461 vol.: 0.5000000000 ch.: 0.0244989756
it.: 1077 obj.: 7.0302417694 vol.: 0.5000000000 ch.: 0.0248292341
it.: 1078 obj.: 7.0310235463 vol.: 0.5000000000 ch.: 0.0244583144
it.: 1079 obj.: 7.0127696888 vol.: 0.5000000000 ch.: 0.0167918053
it.: 1080 obj.: 7.0292975374 vol.: 0.5000000000 ch.: 0.0248819965
it.: 1081 obj.: 7.0309630802 vol.: 0.5000000000 ch.: 0.0189259507
it.: 1082 obj.: 7.0168171435 vol.: 0.5000000000 ch.: 0.0246019605
it.: 1083 obj.: 7.0305414959 vol.: 0.5000000000 ch.: 0.0248108502
it.: 1084 obj.: 7.0310845022 vol.: 0.5000000000 ch.: 0.0244478925
it.: 1085 obj.: 7.0131163773 vol.: 0.5000000000 ch.: 0.0180163641
it.: 1086 obj.: 7.0292696400 vol.: 0.5000000000 ch.: 0.0248832193
it.: 1087 obj.: 7.0310363793 vol.: 0.5000000000 ch.: 0.0214194376
it.: 1088 obj.: 7.0182317758 vol.: 0.5000000000 ch.: 0.0244696442
it.: 1089 obj.: 7.0307504740 vol.: 0.5000000000 ch.: 0.0248178649
it.: 1090 obj.: 7.0311927682 vol.: 0.5000000000 ch.: 0.0243144485
it.: 1091 obj.: 7.0158362410 vol.: 0.5000000000 ch.: 0.0205202225
it.: 1092 obj.: 7.0301724378 vol.: 0.5000000000 ch.: 0.0248787803
it.: 1093 obj.: 7.0311060809 vol.: 0.5000000000 ch.: 0.0240816079
it.: 1094 obj.: 7.0193102987 vol.: 0.5000000000 ch.: 0.0247325268
it.: 1095 obj.: 7.0309700673 vol.: 0.5000000000 ch.: 0.0248245595
it.: 1096 obj.: 7.0313008837 vol.: 0.5000000000 ch.: 0.0245089276
it.: 1097 obj.: 7.0203140915 vol.: 0.5000000000 ch.: 0.0160188690
it.: 1098 obj.: 7.0307171134 vol.: 0.5000000000 ch.: 0.0248713867
it.: 1099 obj.: 7.0313410473 vol.: 0.5000000000 ch.: 0.0245393366
it.: 1100 obj.: 7.0308485142 vol.: 0.5000000000 ch.: 0.0248649117
it.: 1101 obj.: 7.0314930015 vol.: 0.5000000000 ch.: 0.0244914795
it.: 1102 obj.: 7.0280682285 vol.: 0.5000000000 ch.: 0.0248213142
it.: 1103 obj.: 7.0314280345 vol.: 0.5000000000 ch.: 0.0245794401
it.: 1104 obj.: 7.0178832201 vol.: 0.5000000000 ch.: 0.0190800574
it.: 1105 obj.: 7.0310325288 vol.: 0.5000000000 ch.: 0.0248570818
it.: 1106 obj.: 7.0314986251 vol.: 0.5000000000 ch.: 0.0245324890
it.: 1107 obj.: 7.0251651968 vol.: 0.5000000000 ch.: 0.0244161387
it.: 1108 obj.: 7.0316239515 vol.: 0.5000000000 ch.: 0.0246145231
it.: 1109 obj.: 7.0311366483 vol.: 0.5000000000 ch.: 0.0245667461
it.: 1110 obj.: 7.0313602716 vol.: 0.5000000000 ch.: 0.0246249113
it.: 1111 obj.: 7.0174737560 vol.: 0.5000000000 ch.: 0.0229504031
it.: 1112 obj.: 7.0302744076 vol.: 0.5000000000 ch.: 0.0246934507
it.: 1113 obj.: 7.0316714864 vol.: 0.5000000000 ch.: 0.0245050506
it.: 1114 obj.: 7.0300210698 vol.: 0.5000000000 ch.: 0.0245691560
it.: 1115 obj.: 7.0315019381 vol.: 0.5000000000 ch.: 0.0245582028
it.: 1116 obj.: 7.0177797866 vol.: 0.5000000000 ch.: 0.0186192329
it.: 1117 obj.: 7.0312730386 vol.: 0.5000000000 ch.: 0.0246476204
it.: 1118 obj.: 7.0316897741 vol.: 0.5000000000 ch.: 0.0244567235
it.: 1119 obj.: 7.0232264617 vol.: 0.5000000000 ch.: 0.0237768236
it.: 1120 obj.: 7.0317748131 vol.: 0.5000000000 ch.: 0.0245924664
it.: 1121 obj.: 7.0319379926 vol.: 0.5000000000 ch.: 0.0245626529
it.: 1122 obj.: 7.0319551529 vol.: 0.5000000000 ch.: 0.0245767230
it.: 1123 obj.: 7.0305134091 vol.: 0.5000000000 ch.: 0.0243499038
it.: 1124 obj.: 7.0313009434 vol.: 0.5000000000 ch.: 0.0246351978
it.: 1125 obj.: 7.0177102783 vol.: 0.5000000000 ch.: 0.0240887956
it.: 1126 obj.: 7.0289962981 vol.: 0.5000000000 ch.: 0.0247439471
it.: 1127 obj.: 7.0319502676 vol.: 0.5000000000 ch.: 0.0244819902
it.: 1128 obj.: 7.0313745240 vol.: 0.5000000000 ch.: 0.0211790496
it.: 1129 obj.: 7.0317168213 vol.: 0.5000000000 ch.: 0.0137056731
it.: 1130 obj.: 7.0178616152 vol.: 0.5000000000 ch.: 0.0229113680
it.: 1131 obj.: 7.0315749974 vol.: 0.5000000000 ch.: 0.0246191056
it.: 1132 obj.: 7.0319208209 vol.: 0.5000000000 ch.: 0.0127489890
it.: 1133 obj.: 7.0230566749 vol.: 0.5000000000 ch.: 0.0239784127
it.: 1134 obj.: 7.0319790746 vol.: 0.5000000000 ch.: 0.0244946879
it.: 1135 obj.: 7.0321410558 vol.: 0.5000000000 ch.: 0.0241221163
it.: 1136 obj.: 7.0321505134 vol.: 0.5000000000 ch.: 0.0224738976
it.: 1137 obj.: 7.0307410256 vol.: 0.5000000000 ch.: 0.0241659091
it.: 1138 obj.: 7.0314730526 vol.: 0.5000000000 ch.: 0.0239249727
it.: 1139 obj.: 7.0179690137 vol.: 0.5000000000 ch.: 0.0241509320
it.: 1140 obj.: 7.0294518175 vol.: 0.5000000000 ch.: 0.0248270150
it.: 1141 obj.: 7.0321319792 vol.: 0.5000000000 ch.: 0.0151428251
it.: 1142 obj.: 7.0316543228 vol.: 0.5000000000 ch.: 0.0242525965
it.: 1143 obj.: 7.0319169093 vol.: 0.5000000000 ch.: 0.0188780663
it.: 1144 obj.: 7.0180797393 vol.: 0.5000000000 ch.: 0.0222195115
it.: 1145 obj.: 7.0317961927 vol.: 0.5000000000 ch.: 0.0247391704
it.: 1146 obj.: 7.0321061247 vol.: 0.5000000000 ch.: 0.0090949203
final.: obj.: 13.8769296160 vol.: 0.5000000000
