self bending under uniform temperature expansion with optimizer mma
number of spatial dimensions: 2
elements: 120 x 20
volfrac: 0.5 rmin: 4.8  penal: 3
filter: Density based
filter mode: matrix
it.: 1 obj.: 0.0191885596 vol.: 0.4692141866 ch.: 0.1972288306
it.: 2 obj.: 0.0297870384 vol.: 0.4524285920 ch.: 0.1978397770
it.: 3 obj.: 0.0437930986 vol.: 0.4545537451 ch.: 0.1866851269
it.: 4 obj.: 0.0593992970 vol.: 0.4702108862 ch.: 0.1945706473
it.: 5 obj.: 0.0675631979 vol.: 0.4823379196 ch.: 0.1752921571
it.: 6 obj.: 0.0719589320 vol.: 0.4899590863 ch.: 0.1202724261
it.: 7 obj.: 0.0743827828 vol.: 0.4942773313 ch.: 0.1006986265
it.: 8 obj.: 0.0757695631 vol.: 0.4966173708 ch.: 0.0910722867
it.: 9 obj.: 0.0766373371 vol.: 0.4978948699 ch.: 0.0872401932
it.: 10 obj.: 0.0772158901 vol.: 0.4985938032 ch.: 0.1012098921
it.: 11 obj.: 0.0776390390 vol.: 0.4990117658 ch.: 0.1037973111
it.: 12 obj.: 0.0779604025 vol.: 0.4992705965 ch.: 0.0942488664
it.: 13 obj.: 0.0782101757 vol.: 0.4994299169 ch.: 0.0812838470
it.: 14 obj.: 0.0784163326 vol.: 0.4995317550 ch.: 0.0787788674
it.: 15 obj.: 0.0785952191 vol.: 0.4996001856 ch.: 0.0908854101
it.: 16 obj.: 0.0787566426 vol.: 0.4996428471 ch.: 0.0920634311
it.: 17 obj.: 0.0789039832 vol.: 0.4996633569 ch.: 0.1291777015
it.: 18 obj.: 0.0790414087 vol.: 0.4996083703 ch.: 0.1622123519
it.: 19 obj.: 0.0791068531 vol.: 0.4992849481 ch.: 0.1822821617
it.: 20 obj.: 0.0789396780 vol.: 0.4981802052 ch.: 0.1957609089
it.: 21 obj.: 0.0783991691 vol.: 0.4966091288 ch.: 0.1943667272
it.: 22 obj.: 0.0782544054 vol.: 0.4963174771 ch.: 0.1969205440
it.: 23 obj.: 0.0785136872 vol.: 0.4972938948 ch.: 0.1923377441
it.: 24 obj.: 0.0789659625 vol.: 0.4984632682 ch.: 0.1779172498
it.: 25 obj.: 0.0792472709 vol.: 0.4991907838 ch.: 0.0719326225
it.: 26 obj.: 0.0794061214 vol.: 0.4995750432 ch.: 0.0661232892
it.: 27 obj.: 0.0794948684 vol.: 0.4997700385 ch.: 0.0691782632
it.: 28 obj.: 0.0795477378 vol.: 0.4998676825 ch.: 0.0861119294
it.: 29 obj.: 0.0795824433 vol.: 0.4999162441 ch.: 0.1010088829
it.: 30 obj.: 0.0796090889 vol.: 0.4999433156 ch.: 0.1147500012
it.: 31 obj.: 0.0796305496 vol.: 0.4999576988 ch.: 0.0994892115
it.: 32 obj.: 0.0796485032 vol.: 0.4999658492 ch.: 0.0654912253
it.: 33 obj.: 0.0796640976 vol.: 0.4999695369 ch.: 0.0565893390
it.: 34 obj.: 0.0796784380 vol.: 0.4999705916 ch.: 0.0712985712
it.: 35 obj.: 0.0796929191 vol.: 0.4999699807 ch.: 0.0756118748
it.: 36 obj.: 0.0797082933 vol.: 0.4999688022 ch.: 0.0821579157
it.: 37 obj.: 0.0797248733 vol.: 0.4999677897 ch.: 0.1200895433
it.: 38 obj.: 0.0797428704 vol.: 0.4999651455 ch.: 0.1314114905
it.: 39 obj.: 0.0797647107 vol.: 0.4999699922 ch.: 0.1235741655
it.: 40 obj.: 0.0797816692 vol.: 0.4999717391 ch.: 0.1379878469
it.: 41 obj.: 0.0797964456 vol.: 0.4999714163 ch.: 0.1419256612
it.: 42 obj.: 0.0798118088 vol.: 0.4999694038 ch.: 0.1715557051
it.: 43 obj.: 0.0798260070 vol.: 0.4999539732 ch.: 0.1892606435
it.: 44 obj.: 0.0798254821 vol.: 0.4998731711 ch.: 0.1945224340
it.: 45 obj.: 0.0797780651 vol.: 0.4996363795 ch.: 0.1907770826
it.: 46 obj.: 0.0796934074 vol.: 0.4994075052 ch.: 0.1875745900
it.: 47 obj.: 0.0796803761 vol.: 0.4994155976 ch.: 0.1743512612
it.: 48 obj.: 0.0797472470 vol.: 0.4996161222 ch.: 0.1344696727
it.: 49 obj.: 0.0798132908 vol.: 0.4997977266 ch.: 0.0633173007
it.: 50 obj.: 0.0798551578 vol.: 0.4998954264 ch.: 0.0597875330
it.: 51 obj.: 0.0798766425 vol.: 0.4999446069 ch.: 0.0598667329
it.: 52 obj.: 0.0798890589 vol.: 0.4999692627 ch.: 0.0443172684
it.: 53 obj.: 0.0798970799 vol.: 0.4999815841 ch.: 0.0462344919
it.: 54 obj.: 0.0799031484 vol.: 0.4999877499 ch.: 0.0441437044
it.: 55 obj.: 0.0799080500 vol.: 0.4999909617 ch.: 0.0344357270
it.: 56 obj.: 0.0799122679 vol.: 0.4999925905 ch.: 0.0427035414
it.: 57 obj.: 0.0799161672 vol.: 0.4999932603 ch.: 0.0467025949
it.: 58 obj.: 0.0799197885 vol.: 0.4999933387 ch.: 0.0406317760
it.: 59 obj.: 0.0799235000 vol.: 0.4999930815 ch.: 0.0300817101
it.: 60 obj.: 0.0799274540 vol.: 0.4999925957 ch.: 0.0328219795
it.: 61 obj.: 0.0799314412 vol.: 0.4999918380 ch.: 0.0379502314
it.: 62 obj.: 0.0799359503 vol.: 0.4999907734 ch.: 0.0449417308
it.: 63 obj.: 0.0799413453 vol.: 0.4999891223 ch.: 0.0512129823
it.: 64 obj.: 0.0799474209 vol.: 0.4999865710 ch.: 0.0653440602
it.: 65 obj.: 0.0799543353 vol.: 0.4999803632 ch.: 0.0880289510
it.: 66 obj.: 0.0799550700 vol.: 0.4999411860 ch.: 0.1641498487
it.: 67 obj.: 0.0799354661 vol.: 0.4998407905 ch.: 0.1798619545
it.: 68 obj.: 0.0798995578 vol.: 0.4997322910 ch.: 0.1893313336
it.: 69 obj.: 0.0798983528 vol.: 0.4997639501 ch.: 0.1567381436
it.: 70 obj.: 0.0799365914 vol.: 0.4998655300 ch.: 0.0840987165
it.: 71 obj.: 0.0799628796 vol.: 0.4999298568 ch.: 0.0412695207
it.: 72 obj.: 0.0799789229 vol.: 0.4999627798 ch.: 0.0365732205
it.: 73 obj.: 0.0799870309 vol.: 0.4999793278 ch.: 0.0308074237
it.: 74 obj.: 0.0799923291 vol.: 0.4999876415 ch.: 0.0341048784
it.: 75 obj.: 0.0799959364 vol.: 0.4999918257 ch.: 0.0339480217
it.: 76 obj.: 0.0799987901 vol.: 0.4999937465 ch.: 0.0382598540
it.: 77 obj.: 0.0800011967 vol.: 0.4999944784 ch.: 0.0479852617
it.: 78 obj.: 0.0800035324 vol.: 0.4999945242 ch.: 0.0597845702
it.: 79 obj.: 0.0800060921 vol.: 0.4999941376 ch.: 0.0741896376
it.: 80 obj.: 0.0800090387 vol.: 0.4999934350 ch.: 0.0922008792
it.: 81 obj.: 0.0800125028 vol.: 0.4999925761 ch.: 0.1139152706
it.: 82 obj.: 0.0800168223 vol.: 0.4999921822 ch.: 0.1531750059
it.: 83 obj.: 0.0800221127 vol.: 0.4999915574 ch.: 0.1811753332
it.: 84 obj.: 0.0800288760 vol.: 0.4999924599 ch.: 0.0824611379
it.: 85 obj.: 0.0800356855 vol.: 0.4999931540 ch.: 0.1135465363
it.: 86 obj.: 0.0800407301 vol.: 0.4999919665 ch.: 0.0535350981
it.: 87 obj.: 0.0800420889 vol.: 0.4999838536 ch.: 0.0610244518
it.: 88 obj.: 0.0800396719 vol.: 0.4999674386 ch.: 0.0950212850
it.: 89 obj.: 0.0800371851 vol.: 0.4999585575 ch.: 0.0971309800
it.: 90 obj.: 0.0800384431 vol.: 0.4999600582 ch.: 0.1272431730
it.: 91 obj.: 0.0800408653 vol.: 0.4999648668 ch.: 0.1290063376
it.: 92 obj.: 0.0800454914 vol.: 0.4999768127 ch.: 0.0700512744
it.: 93 obj.: 0.0800497881 vol.: 0.4999871377 ch.: 0.0419952793
it.: 94 obj.: 0.0800526123 vol.: 0.4999925816 ch.: 0.0417698675
it.: 95 obj.: 0.0800544054 vol.: 0.4999952928 ch.: 0.0414087298
it.: 96 obj.: 0.0800556223 vol.: 0.4999966420 ch.: 0.0366862531
it.: 97 obj.: 0.0800565197 vol.: 0.4999973107 ch.: 0.0316885994
it.: 98 obj.: 0.0800574399 vol.: 0.4999976451 ch.: 0.0320386801
it.: 99 obj.: 0.0800582500 vol.: 0.4999977934 ch.: 0.0324557075
it.: 100 obj.: 0.0800589812 vol.: 0.4999978389 ch.: 0.0326882655
it.: 101 obj.: 0.0800598025 vol.: 0.4999978412 ch.: 0.0329386961
it.: 102 obj.: 0.0800606450 vol.: 0.4999978204 ch.: 0.0334821420
it.: 103 obj.: 0.0800614891 vol.: 0.4999978137 ch.: 0.0339538443
it.: 104 obj.: 0.0800623600 vol.: 0.4999978073 ch.: 0.0343980352
it.: 105 obj.: 0.0800632615 vol.: 0.4999977883 ch.: 0.0344185649
it.: 106 obj.: 0.0800641402 vol.: 0.4999977955 ch.: 0.0309103813
it.: 107 obj.: 0.0800651042 vol.: 0.4999978185 ch.: 0.0272712320
it.: 108 obj.: 0.0800660561 vol.: 0.4999978639 ch.: 0.0248364752
it.: 109 obj.: 0.0800669458 vol.: 0.4999979032 ch.: 0.0247589714
it.: 110 obj.: 0.0800676325 vol.: 0.4999976281 ch.: 0.0242775101
it.: 111 obj.: 0.0800682036 vol.: 0.4999954258 ch.: 0.0665582879
it.: 112 obj.: 0.0800662826 vol.: 0.4999840770 ch.: 0.1311648898
it.: 113 obj.: 0.0800597834 vol.: 0.4999552547 ch.: 0.1785012665
it.: 114 obj.: 0.0800516267 vol.: 0.4999399151 ch.: 0.1606641735
it.: 115 obj.: 0.0800561319 vol.: 0.4999571948 ch.: 0.0935445300
it.: 116 obj.: 0.0800636390 vol.: 0.4999770512 ch.: 0.0183231550
it.: 117 obj.: 0.0800680287 vol.: 0.4999877456 ch.: 0.0064779125
final.: obj.: 0.0776248292 vol.: 0.5000000000
