self bending under uniform temperature expansion with optimizer mma
number of spatial dimensions: 2
elements: 240 x 40
volfrac: 0.5 rmin: 9.6  penal: 3
filter: Volume Preserving eta projection
filter mode: matrix
it.: 1 obj.: 0.3956559533 vol.: 0.5000000000 ch.: 0.0499749658
it.: 2 obj.: 0.7641238091 vol.: 0.5000000000 ch.: 0.0499736551
it.: 3 obj.: 1.1287815809 vol.: 0.5000000000 ch.: 0.0499726957
it.: 4 obj.: 1.4918256955 vol.: 0.5000000000 ch.: 0.0499733119
it.: 5 obj.: 1.8499196920 vol.: 0.5000000000 ch.: 0.0499740185
it.: 6 obj.: 2.1978076798 vol.: 0.5000000000 ch.: 0.0499746356
it.: 7 obj.: 2.5277979826 vol.: 0.5000000000 ch.: 0.0499750785
it.: 8 obj.: 2.8299739229 vol.: 0.5000000000 ch.: 0.0499751905
it.: 9 obj.: 3.0969298665 vol.: 0.5000000000 ch.: 0.0499747470
it.: 10 obj.: 3.3434544037 vol.: 0.5000000000 ch.: 0.0499746853
it.: 11 obj.: 3.5728394178 vol.: 0.5000000000 ch.: 0.0499187049
it.: 12 obj.: 3.6131683483 vol.: 0.5000000000 ch.: 0.0499028040
it.: 13 obj.: 3.6460949317 vol.: 0.5000000000 ch.: 0.0498776458
it.: 14 obj.: 3.6768907299 vol.: 0.5000000000 ch.: 0.0498935740
it.: 15 obj.: 3.6932013422 vol.: 0.5000000000 ch.: 0.0498595519
it.: 16 obj.: 3.7158884687 vol.: 0.5000000000 ch.: 0.0498861247
it.: 17 obj.: 3.7260218052 vol.: 0.5000000000 ch.: 0.0498276322
it.: 18 obj.: 3.7366914884 vol.: 0.5000000000 ch.: 0.0499181942
it.: 19 obj.: 3.7482725544 vol.: 0.5000000000 ch.: 0.0497714290
it.: 20 obj.: 3.7572502478 vol.: 0.5000000000 ch.: 0.0497861094
it.: 21 obj.: 3.7648174024 vol.: 0.5000000000 ch.: 0.0496601550
it.: 22 obj.: 3.7712118719 vol.: 0.5000000000 ch.: 0.0496458295
it.: 23 obj.: 3.7758649186 vol.: 0.5000000000 ch.: 0.0496100232
it.: 24 obj.: 3.7796827636 vol.: 0.5000000000 ch.: 0.0496036697
it.: 25 obj.: 3.7829375406 vol.: 0.5000000000 ch.: 0.0495742561
it.: 26 obj.: 3.7857246597 vol.: 0.5000000000 ch.: 0.0495427613
it.: 27 obj.: 3.7880918839 vol.: 0.5000000000 ch.: 0.0494430941
it.: 28 obj.: 3.7900474658 vol.: 0.5000000000 ch.: 0.0493772405
it.: 29 obj.: 3.7917962761 vol.: 0.5000000000 ch.: 0.0492751643
it.: 30 obj.: 3.7933364888 vol.: 0.5000000000 ch.: 0.0492736157
it.: 31 obj.: 3.7947526802 vol.: 0.5000000000 ch.: 0.0488534173
it.: 32 obj.: 3.7960648935 vol.: 0.5000000000 ch.: 0.0489263467
it.: 33 obj.: 3.7973257484 vol.: 0.5000000000 ch.: 0.0486933434
it.: 34 obj.: 3.7985596583 vol.: 0.5000000000 ch.: 0.0487295999
it.: 35 obj.: 3.7997502311 vol.: 0.5000000000 ch.: 0.0486998274
it.: 36 obj.: 3.8008876164 vol.: 0.5000000000 ch.: 0.0486815224
it.: 37 obj.: 3.8019316088 vol.: 0.5000000000 ch.: 0.0486397422
it.: 38 obj.: 3.8028633947 vol.: 0.5000000000 ch.: 0.0485958514
it.: 39 obj.: 3.8035528373 vol.: 0.5000000000 ch.: 0.0486603522
it.: 40 obj.: 3.8031647902 vol.: 0.5000000000 ch.: 0.0497401070
it.: 41 obj.: 3.8000464908 vol.: 0.5000000000 ch.: 0.0498038775
it.: 42 obj.: 3.7988743993 vol.: 0.5000000000 ch.: 0.0499085574
it.: 43 obj.: 3.7997207052 vol.: 0.5000000000 ch.: 0.0497371191
it.: 44 obj.: 3.7992018845 vol.: 0.5000000000 ch.: 0.0498133771
it.: 45 obj.: 3.8032893448 vol.: 0.5000000000 ch.: 0.0487887127
it.: 46 obj.: 3.8048995623 vol.: 0.5000000000 ch.: 0.0489841220
it.: 47 obj.: 3.8052829487 vol.: 0.5000000000 ch.: 0.0489606819
it.: 48 obj.: 3.8055825057 vol.: 0.5000000000 ch.: 0.0489962758
it.: 49 obj.: 3.8058593242 vol.: 0.5000000000 ch.: 0.0490266702
it.: 50 obj.: 3.8061268891 vol.: 0.5000000000 ch.: 0.0490025674
it.: 51 obj.: 3.8063861710 vol.: 0.5000000000 ch.: 0.0490563844
it.: 52 obj.: 3.8066453968 vol.: 0.5000000000 ch.: 0.0490997141
it.: 53 obj.: 3.8069027205 vol.: 0.5000000000 ch.: 0.0491264873
it.: 54 obj.: 3.8071600795 vol.: 0.5000000000 ch.: 0.0491492859
it.: 55 obj.: 3.8074150593 vol.: 0.5000000000 ch.: 0.0491721142
it.: 56 obj.: 3.8076718803 vol.: 0.5000000000 ch.: 0.0491913626
it.: 57 obj.: 3.8079299919 vol.: 0.5000000000 ch.: 0.0492123158
it.: 58 obj.: 3.8081871502 vol.: 0.5000000000 ch.: 0.0492226904
it.: 59 obj.: 3.8084326324 vol.: 0.5000000000 ch.: 0.0489887139
it.: 60 obj.: 3.8086586243 vol.: 0.5000000000 ch.: 0.0487514570
it.: 61 obj.: 3.8088682659 vol.: 0.5000000000 ch.: 0.0484511870
it.: 62 obj.: 3.8090710815 vol.: 0.5000000000 ch.: 0.0485170991
it.: 63 obj.: 3.8092658088 vol.: 0.5000000000 ch.: 0.0481415619
it.: 64 obj.: 3.8094519479 vol.: 0.5000000000 ch.: 0.0482489640
it.: 65 obj.: 3.8096260452 vol.: 0.5000000000 ch.: 0.0482996663
it.: 66 obj.: 3.8096297328 vol.: 0.5000000000 ch.: 0.0492762440
it.: 67 obj.: 3.8075723538 vol.: 0.5000000000 ch.: 0.0497614323
it.: 68 obj.: 3.8045424652 vol.: 0.5000000000 ch.: 0.0499384846
it.: 69 obj.: 3.8021873825 vol.: 0.5000000000 ch.: 0.0498164844
it.: 70 obj.: 3.8029454381 vol.: 0.5000000000 ch.: 0.0498999790
it.: 71 obj.: 3.8056991413 vol.: 0.5000000000 ch.: 0.0496703340
it.: 72 obj.: 3.8072819061 vol.: 0.5000000000 ch.: 0.0492583325
it.: 73 obj.: 3.8084008607 vol.: 0.5000000000 ch.: 0.0482485613
it.: 74 obj.: 3.8085957340 vol.: 0.5000000000 ch.: 0.0483565499
it.: 75 obj.: 3.8086867841 vol.: 0.5000000000 ch.: 0.0483440206
it.: 76 obj.: 3.8087677034 vol.: 0.5000000000 ch.: 0.0483648239
it.: 77 obj.: 3.8088434156 vol.: 0.5000000000 ch.: 0.0483911349
it.: 78 obj.: 3.8089186136 vol.: 0.5000000000 ch.: 0.0484212409
it.: 79 obj.: 3.8089956600 vol.: 0.5000000000 ch.: 0.0476778759
it.: 80 obj.: 3.8090708242 vol.: 0.5000000000 ch.: 0.0477657708
it.: 81 obj.: 3.8091451273 vol.: 0.5000000000 ch.: 0.0478458825
it.: 82 obj.: 3.8092197781 vol.: 0.5000000000 ch.: 0.0479304977
it.: 83 obj.: 3.8092952200 vol.: 0.5000000000 ch.: 0.0480061924
it.: 84 obj.: 3.8093706373 vol.: 0.5000000000 ch.: 0.0480759823
it.: 85 obj.: 3.8094465980 vol.: 0.5000000000 ch.: 0.0481556595
it.: 86 obj.: 3.8095222916 vol.: 0.5000000000 ch.: 0.0482204477
it.: 87 obj.: 3.8095975506 vol.: 0.5000000000 ch.: 0.0473832695
it.: 88 obj.: 3.8096713650 vol.: 0.5000000000 ch.: 0.0475567286
it.: 89 obj.: 3.8097472203 vol.: 0.5000000000 ch.: 0.0477882110
it.: 90 obj.: 3.8098178417 vol.: 0.5000000000 ch.: 0.0478484541
it.: 91 obj.: 3.8098328256 vol.: 0.5000000000 ch.: 0.0483606404
it.: 92 obj.: 3.8090194788 vol.: 0.5000000000 ch.: 0.0495462745
it.: 93 obj.: 3.8067249252 vol.: 0.5000000000 ch.: 0.0498819133
it.: 94 obj.: 3.8060965464 vol.: 0.5000000000 ch.: 0.0497976955
it.: 95 obj.: 3.8062415182 vol.: 0.5000000000 ch.: 0.0498046508
it.: 96 obj.: 3.8083641481 vol.: 0.5000000000 ch.: 0.0494870047
it.: 97 obj.: 3.8091668268 vol.: 0.5000000000 ch.: 0.0491801975
it.: 98 obj.: 3.8093215604 vol.: 0.5000000000 ch.: 0.0486219372
it.: 99 obj.: 3.8093860869 vol.: 0.5000000000 ch.: 0.0486711055
it.: 100 obj.: 3.8094398994 vol.: 0.5000000000 ch.: 0.0487317065
Parameter beta increased to 2
it.: 101 obj.: 3.8094910770 vol.: 0.5000000000 ch.: 0.0497657846
it.: 102 obj.: 3.8624871304 vol.: 0.5000000000 ch.: 0.0496214856
it.: 103 obj.: 3.8653402222 vol.: 0.5000000000 ch.: 0.0494798148
it.: 104 obj.: 3.8664405504 vol.: 0.5000000000 ch.: 0.0494612398
it.: 105 obj.: 3.8672546614 vol.: 0.5000000000 ch.: 0.0494412901
it.: 106 obj.: 3.8679691452 vol.: 0.5000000000 ch.: 0.0494237968
it.: 107 obj.: 3.8686284503 vol.: 0.5000000000 ch.: 0.0494046331
it.: 108 obj.: 3.8692343719 vol.: 0.5000000000 ch.: 0.0493917075
it.: 109 obj.: 3.8698035104 vol.: 0.5000000000 ch.: 0.0494093433
it.: 110 obj.: 3.8703431780 vol.: 0.5000000000 ch.: 0.0494253693
it.: 111 obj.: 3.8708631166 vol.: 0.5000000000 ch.: 0.0494417876
it.: 112 obj.: 3.8713737015 vol.: 0.5000000000 ch.: 0.0494584542
it.: 113 obj.: 3.8718752141 vol.: 0.5000000000 ch.: 0.0494250518
it.: 114 obj.: 3.8723750036 vol.: 0.5000000000 ch.: 0.0494418560
it.: 115 obj.: 3.8728593047 vol.: 0.5000000000 ch.: 0.0494616413
it.: 116 obj.: 3.8733274672 vol.: 0.5000000000 ch.: 0.0494752629
it.: 117 obj.: 3.8736791312 vol.: 0.5000000000 ch.: 0.0493627539
it.: 118 obj.: 3.8738155551 vol.: 0.5000000000 ch.: 0.0494722648
it.: 119 obj.: 3.8741584404 vol.: 0.5000000000 ch.: 0.0494382665
it.: 120 obj.: 3.8747778298 vol.: 0.5000000000 ch.: 0.0494818750
it.: 121 obj.: 3.8754285516 vol.: 0.5000000000 ch.: 0.0495010851
it.: 122 obj.: 3.8760041217 vol.: 0.5000000000 ch.: 0.0495336326
it.: 123 obj.: 3.8764821571 vol.: 0.5000000000 ch.: 0.0495481853
it.: 124 obj.: 3.8769466447 vol.: 0.5000000000 ch.: 0.0495876275
it.: 125 obj.: 3.8774075497 vol.: 0.5000000000 ch.: 0.0496058214
it.: 126 obj.: 3.8778598504 vol.: 0.5000000000 ch.: 0.0495760997
it.: 127 obj.: 3.8783021934 vol.: 0.5000000000 ch.: 0.0495985586
it.: 128 obj.: 3.8787226370 vol.: 0.5000000000 ch.: 0.0495765144
it.: 129 obj.: 3.8791183081 vol.: 0.5000000000 ch.: 0.0495121966
it.: 130 obj.: 3.8794882214 vol.: 0.5000000000 ch.: 0.0495346338
it.: 131 obj.: 3.8798488160 vol.: 0.5000000000 ch.: 0.0495551136
it.: 132 obj.: 3.8802119294 vol.: 0.5000000000 ch.: 0.0495742833
it.: 133 obj.: 3.8805503916 vol.: 0.5000000000 ch.: 0.0495417039
it.: 134 obj.: 3.8808726547 vol.: 0.5000000000 ch.: 0.0495473650
it.: 135 obj.: 3.8811778319 vol.: 0.5000000000 ch.: 0.0495738035
it.: 136 obj.: 3.8814694512 vol.: 0.5000000000 ch.: 0.0495959087
it.: 137 obj.: 3.8817604504 vol.: 0.5000000000 ch.: 0.0496182843
it.: 138 obj.: 3.8820457273 vol.: 0.5000000000 ch.: 0.0496102740
it.: 139 obj.: 3.8823025941 vol.: 0.5000000000 ch.: 0.0496312477
it.: 140 obj.: 3.8825255585 vol.: 0.5000000000 ch.: 0.0496033211
it.: 141 obj.: 3.8826937229 vol.: 0.5000000000 ch.: 0.0496304399
it.: 142 obj.: 3.8827047599 vol.: 0.5000000000 ch.: 0.0496343207
it.: 143 obj.: 3.8826822094 vol.: 0.5000000000 ch.: 0.0495952916
it.: 144 obj.: 3.8828040773 vol.: 0.5000000000 ch.: 0.0495810594
it.: 145 obj.: 3.8830288857 vol.: 0.5000000000 ch.: 0.0494589369
it.: 146 obj.: 3.8832867303 vol.: 0.5000000000 ch.: 0.0494603439
it.: 147 obj.: 3.8834213788 vol.: 0.5000000000 ch.: 0.0490183722
it.: 148 obj.: 3.8835372208 vol.: 0.5000000000 ch.: 0.0491668566
it.: 149 obj.: 3.8836068638 vol.: 0.5000000000 ch.: 0.0492059108
it.: 150 obj.: 3.8836789807 vol.: 0.5000000000 ch.: 0.0492622851
it.: 151 obj.: 3.8837514138 vol.: 0.5000000000 ch.: 0.0493131733
it.: 152 obj.: 3.8838278291 vol.: 0.5000000000 ch.: 0.0493643800
it.: 153 obj.: 3.8839027242 vol.: 0.5000000000 ch.: 0.0494136507
it.: 154 obj.: 3.8839793695 vol.: 0.5000000000 ch.: 0.0494613139
it.: 155 obj.: 3.8840533037 vol.: 0.5000000000 ch.: 0.0495052328
it.: 156 obj.: 3.8841264392 vol.: 0.5000000000 ch.: 0.0494914096
it.: 157 obj.: 3.8841926931 vol.: 0.5000000000 ch.: 0.0495357223
it.: 158 obj.: 3.8842522662 vol.: 0.5000000000 ch.: 0.0495704344
it.: 159 obj.: 3.8843149015 vol.: 0.5000000000 ch.: 0.0494709488
it.: 160 obj.: 3.8843734830 vol.: 0.5000000000 ch.: 0.0495123648
it.: 161 obj.: 3.8844242792 vol.: 0.5000000000 ch.: 0.0495418117
it.: 162 obj.: 3.8844760134 vol.: 0.5000000000 ch.: 0.0495674829
it.: 163 obj.: 3.8845270909 vol.: 0.5000000000 ch.: 0.0492566032
it.: 164 obj.: 3.8845480937 vol.: 0.5000000000 ch.: 0.0493032202
it.: 165 obj.: 3.8844811831 vol.: 0.5000000000 ch.: 0.0493360519
it.: 166 obj.: 3.8844489527 vol.: 0.5000000000 ch.: 0.0493533617
it.: 167 obj.: 3.8845515842 vol.: 0.5000000000 ch.: 0.0493982920
it.: 168 obj.: 3.8846416270 vol.: 0.5000000000 ch.: 0.0494014740
it.: 169 obj.: 3.8847179274 vol.: 0.5000000000 ch.: 0.0494390352
it.: 170 obj.: 3.8847558851 vol.: 0.5000000000 ch.: 0.0477337931
it.: 171 obj.: 3.8847887793 vol.: 0.5000000000 ch.: 0.0479558210
it.: 172 obj.: 3.8848092801 vol.: 0.5000000000 ch.: 0.0480758825
it.: 173 obj.: 3.8848293817 vol.: 0.5000000000 ch.: 0.0481732844
it.: 174 obj.: 3.8848498295 vol.: 0.5000000000 ch.: 0.0482643682
it.: 175 obj.: 3.8848711768 vol.: 0.5000000000 ch.: 0.0483470069
it.: 176 obj.: 3.8848909345 vol.: 0.5000000000 ch.: 0.0484139170
it.: 177 obj.: 3.8849099036 vol.: 0.5000000000 ch.: 0.0484686605
it.: 178 obj.: 3.8849290241 vol.: 0.5000000000 ch.: 0.0485201951
it.: 179 obj.: 3.8849487457 vol.: 0.5000000000 ch.: 0.0485689988
it.: 180 obj.: 3.8849693856 vol.: 0.5000000000 ch.: 0.0486151496
it.: 181 obj.: 3.8849911008 vol.: 0.5000000000 ch.: 0.0486592946
it.: 182 obj.: 3.8850137495 vol.: 0.5000000000 ch.: 0.0448335454
it.: 183 obj.: 3.8850342871 vol.: 0.5000000000 ch.: 0.0439678438
it.: 184 obj.: 3.8850503876 vol.: 0.5000000000 ch.: 0.0429294490
it.: 185 obj.: 3.8850648432 vol.: 0.5000000000 ch.: 0.0427601598
it.: 186 obj.: 3.8850786259 vol.: 0.5000000000 ch.: 0.0432376274
it.: 187 obj.: 3.8850871625 vol.: 0.5000000000 ch.: 0.0435800106
it.: 188 obj.: 3.8850558644 vol.: 0.5000000000 ch.: 0.0483810594
it.: 189 obj.: 3.8849436074 vol.: 0.5000000000 ch.: 0.0491274204
it.: 190 obj.: 3.8849323293 vol.: 0.5000000000 ch.: 0.0492985887
it.: 191 obj.: 3.8850034617 vol.: 0.5000000000 ch.: 0.0481867362
it.: 192 obj.: 3.8850973782 vol.: 0.5000000000 ch.: 0.0383331474
it.: 193 obj.: 3.8851211866 vol.: 0.5000000000 ch.: 0.0259533324
it.: 194 obj.: 3.8851293646 vol.: 0.5000000000 ch.: 0.0308277481
it.: 195 obj.: 3.8851347607 vol.: 0.5000000000 ch.: 0.0330394721
it.: 196 obj.: 3.8851402935 vol.: 0.5000000000 ch.: 0.0334487190
it.: 197 obj.: 3.8851461059 vol.: 0.5000000000 ch.: 0.0335779186
it.: 198 obj.: 3.8851523686 vol.: 0.5000000000 ch.: 0.0335886061
it.: 199 obj.: 3.8851592473 vol.: 0.5000000000 ch.: 0.0335206581
it.: 200 obj.: 3.8851656483 vol.: 0.5000000000 ch.: 0.0344471432
Parameter beta increased to 4
it.: 201 obj.: 3.8851730540 vol.: 0.5000000000 ch.: 0.0497325927
it.: 202 obj.: 3.9938782491 vol.: 0.5000000000 ch.: 0.0499474680
it.: 203 obj.: 4.0150462458 vol.: 0.5000000000 ch.: 0.0498785336
it.: 204 obj.: 4.0232036655 vol.: 0.5000000000 ch.: 0.0498295757
it.: 205 obj.: 4.0278575195 vol.: 0.5000000000 ch.: 0.0498137305
it.: 206 obj.: 4.0313781293 vol.: 0.5000000000 ch.: 0.0498044012
it.: 207 obj.: 4.0343238882 vol.: 0.5000000000 ch.: 0.0497886335
it.: 208 obj.: 4.0369088985 vol.: 0.5000000000 ch.: 0.0497826483
it.: 209 obj.: 4.0392759880 vol.: 0.5000000000 ch.: 0.0497621067
it.: 210 obj.: 4.0414253662 vol.: 0.5000000000 ch.: 0.0497527289
it.: 211 obj.: 4.0432881790 vol.: 0.5000000000 ch.: 0.0497418733
it.: 212 obj.: 4.0449161018 vol.: 0.5000000000 ch.: 0.0497317607
it.: 213 obj.: 4.0464015959 vol.: 0.5000000000 ch.: 0.0497225734
it.: 214 obj.: 4.0477886953 vol.: 0.5000000000 ch.: 0.0497104512
it.: 215 obj.: 4.0490958353 vol.: 0.5000000000 ch.: 0.0497005705
it.: 216 obj.: 4.0503020754 vol.: 0.5000000000 ch.: 0.0496876460
it.: 217 obj.: 4.0514357507 vol.: 0.5000000000 ch.: 0.0496756125
it.: 218 obj.: 4.0524939597 vol.: 0.5000000000 ch.: 0.0496483526
it.: 219 obj.: 4.0534756562 vol.: 0.5000000000 ch.: 0.0496404924
it.: 220 obj.: 4.0543546992 vol.: 0.5000000000 ch.: 0.0495615880
it.: 221 obj.: 4.0551496860 vol.: 0.5000000000 ch.: 0.0494697958
it.: 222 obj.: 4.0557727775 vol.: 0.5000000000 ch.: 0.0492662131
it.: 223 obj.: 4.0564227501 vol.: 0.5000000000 ch.: 0.0492933625
it.: 224 obj.: 4.0570112194 vol.: 0.5000000000 ch.: 0.0490360976
it.: 225 obj.: 4.0575919162 vol.: 0.5000000000 ch.: 0.0491457811
it.: 226 obj.: 4.0580953025 vol.: 0.5000000000 ch.: 0.0490776544
it.: 227 obj.: 4.0585675086 vol.: 0.5000000000 ch.: 0.0488289773
it.: 228 obj.: 4.0590187608 vol.: 0.5000000000 ch.: 0.0487563514
it.: 229 obj.: 4.0594394361 vol.: 0.5000000000 ch.: 0.0486462738
it.: 230 obj.: 4.0598406219 vol.: 0.5000000000 ch.: 0.0486742112
it.: 231 obj.: 4.0602350941 vol.: 0.5000000000 ch.: 0.0486935047
it.: 232 obj.: 4.0606352997 vol.: 0.5000000000 ch.: 0.0487041226
it.: 233 obj.: 4.0610318789 vol.: 0.5000000000 ch.: 0.0487675269
it.: 234 obj.: 4.0613988361 vol.: 0.5000000000 ch.: 0.0488352025
it.: 235 obj.: 4.0617292977 vol.: 0.5000000000 ch.: 0.0488872978
it.: 236 obj.: 4.0620425058 vol.: 0.5000000000 ch.: 0.0489327084
it.: 237 obj.: 4.0623345819 vol.: 0.5000000000 ch.: 0.0489638399
it.: 238 obj.: 4.0626055668 vol.: 0.5000000000 ch.: 0.0489980582
it.: 239 obj.: 4.0628529277 vol.: 0.5000000000 ch.: 0.0490013915
it.: 240 obj.: 4.0630577499 vol.: 0.5000000000 ch.: 0.0487775194
it.: 241 obj.: 4.0631312345 vol.: 0.5000000000 ch.: 0.0487404619
it.: 242 obj.: 4.0630433852 vol.: 0.5000000000 ch.: 0.0488506955
it.: 243 obj.: 4.0632215666 vol.: 0.5000000000 ch.: 0.0488135839
it.: 244 obj.: 4.0634869592 vol.: 0.5000000000 ch.: 0.0489694362
it.: 245 obj.: 4.0637485785 vol.: 0.5000000000 ch.: 0.0486007796
it.: 246 obj.: 4.0638965192 vol.: 0.5000000000 ch.: 0.0482425753
it.: 247 obj.: 4.0640397725 vol.: 0.5000000000 ch.: 0.0482234354
it.: 248 obj.: 4.0641544157 vol.: 0.5000000000 ch.: 0.0477931344
it.: 249 obj.: 4.0642599074 vol.: 0.5000000000 ch.: 0.0478506539
it.: 250 obj.: 4.0643561928 vol.: 0.5000000000 ch.: 0.0471359981
it.: 251 obj.: 4.0644488477 vol.: 0.5000000000 ch.: 0.0470013962
it.: 252 obj.: 4.0645383234 vol.: 0.5000000000 ch.: 0.0468032830
it.: 253 obj.: 4.0646225612 vol.: 0.5000000000 ch.: 0.0468771090
it.: 254 obj.: 4.0647023125 vol.: 0.5000000000 ch.: 0.0467079149
it.: 255 obj.: 4.0647774555 vol.: 0.5000000000 ch.: 0.0464710282
it.: 256 obj.: 4.0648497155 vol.: 0.5000000000 ch.: 0.0462274668
it.: 257 obj.: 4.0649202550 vol.: 0.5000000000 ch.: 0.0459670030
it.: 258 obj.: 4.0649890197 vol.: 0.5000000000 ch.: 0.0456251499
it.: 259 obj.: 4.0650552529 vol.: 0.5000000000 ch.: 0.0454317118
it.: 260 obj.: 4.0651169552 vol.: 0.5000000000 ch.: 0.0448981855
it.: 261 obj.: 4.0651753338 vol.: 0.5000000000 ch.: 0.0448525681
it.: 262 obj.: 4.0652301577 vol.: 0.5000000000 ch.: 0.0432926553
it.: 263 obj.: 4.0652814319 vol.: 0.5000000000 ch.: 0.0437567087
it.: 264 obj.: 4.0653201578 vol.: 0.5000000000 ch.: 0.0461653925
it.: 265 obj.: 4.0652671267 vol.: 0.5000000000 ch.: 0.0484875609
it.: 266 obj.: 4.0650870890 vol.: 0.5000000000 ch.: 0.0489799756
it.: 267 obj.: 4.0651026259 vol.: 0.5000000000 ch.: 0.0490055688
it.: 268 obj.: 4.0652616173 vol.: 0.5000000000 ch.: 0.0481406144
it.: 269 obj.: 4.0653929078 vol.: 0.5000000000 ch.: 0.0461442308
it.: 270 obj.: 4.0654627144 vol.: 0.5000000000 ch.: 0.0387059064
it.: 271 obj.: 4.0654888994 vol.: 0.5000000000 ch.: 0.0373124107
it.: 272 obj.: 4.0655062839 vol.: 0.5000000000 ch.: 0.0365144841
it.: 273 obj.: 4.0655232343 vol.: 0.5000000000 ch.: 0.0359986281
it.: 274 obj.: 4.0655411160 vol.: 0.5000000000 ch.: 0.0355034803
it.: 275 obj.: 4.0655599055 vol.: 0.5000000000 ch.: 0.0349128035
it.: 276 obj.: 4.0655780393 vol.: 0.5000000000 ch.: 0.0342931735
it.: 277 obj.: 4.0655974327 vol.: 0.5000000000 ch.: 0.0341879809
it.: 278 obj.: 4.0656174486 vol.: 0.5000000000 ch.: 0.0346632250
it.: 279 obj.: 4.0656374606 vol.: 0.5000000000 ch.: 0.0350291514
it.: 280 obj.: 4.0656589591 vol.: 0.5000000000 ch.: 0.0354008698
it.: 281 obj.: 4.0656811336 vol.: 0.5000000000 ch.: 0.0342272854
it.: 282 obj.: 4.0657031790 vol.: 0.5000000000 ch.: 0.0346545152
it.: 283 obj.: 4.0657268962 vol.: 0.5000000000 ch.: 0.0363317812
it.: 284 obj.: 4.0657470111 vol.: 0.5000000000 ch.: 0.0415227698
it.: 285 obj.: 4.0657611266 vol.: 0.5000000000 ch.: 0.0442753229
it.: 286 obj.: 4.0657469947 vol.: 0.5000000000 ch.: 0.0473203106
it.: 287 obj.: 4.0657537077 vol.: 0.5000000000 ch.: 0.0475403090
it.: 288 obj.: 4.0657902241 vol.: 0.5000000000 ch.: 0.0427584360
it.: 289 obj.: 4.0658336858 vol.: 0.5000000000 ch.: 0.0439782874
it.: 290 obj.: 4.0658511478 vol.: 0.5000000000 ch.: 0.0455482803
it.: 291 obj.: 4.0658705794 vol.: 0.5000000000 ch.: 0.0400706131
it.: 292 obj.: 4.0658858002 vol.: 0.5000000000 ch.: 0.0391569014
it.: 293 obj.: 4.0658984755 vol.: 0.5000000000 ch.: 0.0358747462
it.: 294 obj.: 4.0659096582 vol.: 0.5000000000 ch.: 0.0371914963
it.: 295 obj.: 4.0659211675 vol.: 0.5000000000 ch.: 0.0383182314
it.: 296 obj.: 4.0659323618 vol.: 0.5000000000 ch.: 0.0391202269
it.: 297 obj.: 4.0659443992 vol.: 0.5000000000 ch.: 0.0396786479
it.: 298 obj.: 4.0659572451 vol.: 0.5000000000 ch.: 0.0401649110
it.: 299 obj.: 4.0659700258 vol.: 0.5000000000 ch.: 0.0405834405
it.: 300 obj.: 4.0659835699 vol.: 0.5000000000 ch.: 0.0335380297
Parameter beta increased to 8
it.: 301 obj.: 4.0659973458 vol.: 0.5000000000 ch.: 0.0498693790
it.: 302 obj.: 4.0649836262 vol.: 0.5000000000 ch.: 0.0499875741
it.: 303 obj.: 4.1614035860 vol.: 0.5000000000 ch.: 0.0499784188
it.: 304 obj.: 4.2049365640 vol.: 0.5000000000 ch.: 0.0499643252
it.: 305 obj.: 4.2293757972 vol.: 0.5000000000 ch.: 0.0499429418
it.: 306 obj.: 4.2445419205 vol.: 0.5000000000 ch.: 0.0499106537
it.: 307 obj.: 4.2549827110 vol.: 0.5000000000 ch.: 0.0498963746
it.: 308 obj.: 4.2628897361 vol.: 0.5000000000 ch.: 0.0498773010
it.: 309 obj.: 4.2689744109 vol.: 0.5000000000 ch.: 0.0498471214
it.: 310 obj.: 4.2736654672 vol.: 0.5000000000 ch.: 0.0498161811
it.: 311 obj.: 4.2780148167 vol.: 0.5000000000 ch.: 0.0497808379
it.: 312 obj.: 4.2814328848 vol.: 0.5000000000 ch.: 0.0497557090
it.: 313 obj.: 4.2846467621 vol.: 0.5000000000 ch.: 0.0496987615
it.: 314 obj.: 4.2871765773 vol.: 0.5000000000 ch.: 0.0497108755
it.: 315 obj.: 4.2894340177 vol.: 0.5000000000 ch.: 0.0496685392
it.: 316 obj.: 4.2914051415 vol.: 0.5000000000 ch.: 0.0496474959
it.: 317 obj.: 4.2931556790 vol.: 0.5000000000 ch.: 0.0495936367
it.: 318 obj.: 4.2947536483 vol.: 0.5000000000 ch.: 0.0495789514
it.: 319 obj.: 4.2962437325 vol.: 0.5000000000 ch.: 0.0495654496
it.: 320 obj.: 4.2976547718 vol.: 0.5000000000 ch.: 0.0494963233
it.: 321 obj.: 4.2989704984 vol.: 0.5000000000 ch.: 0.0494564580
it.: 322 obj.: 4.3001646608 vol.: 0.5000000000 ch.: 0.0491446211
it.: 323 obj.: 4.3012763107 vol.: 0.5000000000 ch.: 0.0491323949
it.: 324 obj.: 4.3023197243 vol.: 0.5000000000 ch.: 0.0491756233
it.: 325 obj.: 4.3032767206 vol.: 0.5000000000 ch.: 0.0494061283
it.: 326 obj.: 4.3041496884 vol.: 0.5000000000 ch.: 0.0493367961
it.: 327 obj.: 4.3050383767 vol.: 0.5000000000 ch.: 0.0493094199
it.: 328 obj.: 4.3058851977 vol.: 0.5000000000 ch.: 0.0492488765
it.: 329 obj.: 4.3065869085 vol.: 0.5000000000 ch.: 0.0494781871
it.: 330 obj.: 4.3071646629 vol.: 0.5000000000 ch.: 0.0494905987
it.: 331 obj.: 4.3077915627 vol.: 0.5000000000 ch.: 0.0495927760
it.: 332 obj.: 4.3084081522 vol.: 0.5000000000 ch.: 0.0490143533
it.: 333 obj.: 4.3089432033 vol.: 0.5000000000 ch.: 0.0490804922
it.: 334 obj.: 4.3094208542 vol.: 0.5000000000 ch.: 0.0490616798
it.: 335 obj.: 4.3098264704 vol.: 0.5000000000 ch.: 0.0491336380
it.: 336 obj.: 4.3102185394 vol.: 0.5000000000 ch.: 0.0491304303
it.: 337 obj.: 4.3105858210 vol.: 0.5000000000 ch.: 0.0491878127
it.: 338 obj.: 4.3109440687 vol.: 0.5000000000 ch.: 0.0492103563
it.: 339 obj.: 4.3112812095 vol.: 0.5000000000 ch.: 0.0492445267
it.: 340 obj.: 4.3116054636 vol.: 0.5000000000 ch.: 0.0492560740
it.: 341 obj.: 4.3119178617 vol.: 0.5000000000 ch.: 0.0492684896
it.: 342 obj.: 4.3122184370 vol.: 0.5000000000 ch.: 0.0492574869
it.: 343 obj.: 4.3125046273 vol.: 0.5000000000 ch.: 0.0492620169
it.: 344 obj.: 4.3127672311 vol.: 0.5000000000 ch.: 0.0484237241
it.: 345 obj.: 4.3130062120 vol.: 0.5000000000 ch.: 0.0480826808
it.: 346 obj.: 4.3132266907 vol.: 0.5000000000 ch.: 0.0480539889
it.: 347 obj.: 4.3134249215 vol.: 0.5000000000 ch.: 0.0480601038
it.: 348 obj.: 4.3135659849 vol.: 0.5000000000 ch.: 0.0493615512
it.: 349 obj.: 4.3136339959 vol.: 0.5000000000 ch.: 0.0494274264
it.: 350 obj.: 4.3138037657 vol.: 0.5000000000 ch.: 0.0494544864
it.: 351 obj.: 4.3139730782 vol.: 0.5000000000 ch.: 0.0484815678
it.: 352 obj.: 4.3140886526 vol.: 0.5000000000 ch.: 0.0486412029
it.: 353 obj.: 4.3141818829 vol.: 0.5000000000 ch.: 0.0485449433
it.: 354 obj.: 4.3142641494 vol.: 0.5000000000 ch.: 0.0491698687
it.: 355 obj.: 4.3143772684 vol.: 0.5000000000 ch.: 0.0478618556
it.: 356 obj.: 4.3144571020 vol.: 0.5000000000 ch.: 0.0476421422
it.: 357 obj.: 4.3145547560 vol.: 0.5000000000 ch.: 0.0465010005
it.: 358 obj.: 4.3146362018 vol.: 0.5000000000 ch.: 0.0462203748
it.: 359 obj.: 4.3147127406 vol.: 0.5000000000 ch.: 0.0462825393
it.: 360 obj.: 4.3147846257 vol.: 0.5000000000 ch.: 0.0463700757
it.: 361 obj.: 4.3148606038 vol.: 0.5000000000 ch.: 0.0466104645
it.: 362 obj.: 4.3149386067 vol.: 0.5000000000 ch.: 0.0467273390
it.: 363 obj.: 4.3150184221 vol.: 0.5000000000 ch.: 0.0466559382
it.: 364 obj.: 4.3150976700 vol.: 0.5000000000 ch.: 0.0467675027
it.: 365 obj.: 4.3151766985 vol.: 0.5000000000 ch.: 0.0465373781
it.: 366 obj.: 4.3152552483 vol.: 0.5000000000 ch.: 0.0465318928
it.: 367 obj.: 4.3153328218 vol.: 0.5000000000 ch.: 0.0465729955
it.: 368 obj.: 4.3154025468 vol.: 0.5000000000 ch.: 0.0481950568
it.: 369 obj.: 4.3154136193 vol.: 0.5000000000 ch.: 0.0493196254
it.: 370 obj.: 4.3153652181 vol.: 0.5000000000 ch.: 0.0495017853
it.: 371 obj.: 4.3154490204 vol.: 0.5000000000 ch.: 0.0492553315
it.: 372 obj.: 4.3155657100 vol.: 0.5000000000 ch.: 0.0485545529
it.: 373 obj.: 4.3156603165 vol.: 0.5000000000 ch.: 0.0484347217
it.: 374 obj.: 4.3156880581 vol.: 0.5000000000 ch.: 0.0492265588
it.: 375 obj.: 4.3157671345 vol.: 0.5000000000 ch.: 0.0477524958
it.: 376 obj.: 4.3158274932 vol.: 0.5000000000 ch.: 0.0473295909
it.: 377 obj.: 4.3158811997 vol.: 0.5000000000 ch.: 0.0473219371
it.: 378 obj.: 4.3159232687 vol.: 0.5000000000 ch.: 0.0454106921
it.: 379 obj.: 4.3159641273 vol.: 0.5000000000 ch.: 0.0435969465
it.: 380 obj.: 4.3160033404 vol.: 0.5000000000 ch.: 0.0433285442
it.: 381 obj.: 4.3160435722 vol.: 0.5000000000 ch.: 0.0413985578
it.: 382 obj.: 4.3160829170 vol.: 0.5000000000 ch.: 0.0422545416
it.: 383 obj.: 4.3161240905 vol.: 0.5000000000 ch.: 0.0440645351
it.: 384 obj.: 4.3161680755 vol.: 0.5000000000 ch.: 0.0455021696
it.: 385 obj.: 4.3162139397 vol.: 0.5000000000 ch.: 0.0443970084
it.: 386 obj.: 4.3162602364 vol.: 0.5000000000 ch.: 0.0459292135
it.: 387 obj.: 4.3163090428 vol.: 0.5000000000 ch.: 0.0443982768
it.: 388 obj.: 4.3163549137 vol.: 0.5000000000 ch.: 0.0428936434
it.: 389 obj.: 4.3163707244 vol.: 0.5000000000 ch.: 0.0490198877
it.: 390 obj.: 4.3163038767 vol.: 0.5000000000 ch.: 0.0494287886
it.: 391 obj.: 4.3162983160 vol.: 0.5000000000 ch.: 0.0495197276
it.: 392 obj.: 4.3163827856 vol.: 0.5000000000 ch.: 0.0482383976
it.: 393 obj.: 4.3165017534 vol.: 0.5000000000 ch.: 0.0459081507
it.: 394 obj.: 4.3165729286 vol.: 0.5000000000 ch.: 0.0413899441
it.: 395 obj.: 4.3166069944 vol.: 0.5000000000 ch.: 0.0436633497
it.: 396 obj.: 4.3166351044 vol.: 0.5000000000 ch.: 0.0440818209
it.: 397 obj.: 4.3166619042 vol.: 0.5000000000 ch.: 0.0415096217
it.: 398 obj.: 4.3166885368 vol.: 0.5000000000 ch.: 0.0425789663
it.: 399 obj.: 4.3167168051 vol.: 0.5000000000 ch.: 0.0386587152
it.: 400 obj.: 4.3167438531 vol.: 0.5000000000 ch.: 0.0411817705
Parameter beta increased to 16
it.: 401 obj.: 4.3167715019 vol.: 0.5000000000 ch.: 0.0498770498
it.: 402 obj.: 4.1868934121 vol.: 0.5000000000 ch.: 0.0499959228
it.: 403 obj.: 4.3500866173 vol.: 0.5000000000 ch.: 0.0499886310
it.: 404 obj.: 4.4087546900 vol.: 0.5000000000 ch.: 0.0499754099
it.: 405 obj.: 4.4411523918 vol.: 0.5000000000 ch.: 0.0499532837
it.: 406 obj.: 4.4636179382 vol.: 0.5000000000 ch.: 0.0499463534
it.: 407 obj.: 4.4803907219 vol.: 0.5000000000 ch.: 0.0499381865
it.: 408 obj.: 4.4925644519 vol.: 0.5000000000 ch.: 0.0499348533
it.: 409 obj.: 4.5009716288 vol.: 0.5000000000 ch.: 0.0499138583
it.: 410 obj.: 4.5067436086 vol.: 0.5000000000 ch.: 0.0498856832
it.: 411 obj.: 4.5107557205 vol.: 0.5000000000 ch.: 0.0498423054
it.: 412 obj.: 4.5137834263 vol.: 0.5000000000 ch.: 0.0498058808
it.: 413 obj.: 4.5159793762 vol.: 0.5000000000 ch.: 0.0497884404
it.: 414 obj.: 4.5176871151 vol.: 0.5000000000 ch.: 0.0498283479
it.: 415 obj.: 4.5190448834 vol.: 0.5000000000 ch.: 0.0498296931
it.: 416 obj.: 4.5203745225 vol.: 0.5000000000 ch.: 0.0497402493
it.: 417 obj.: 4.5215482158 vol.: 0.5000000000 ch.: 0.0498132731
it.: 418 obj.: 4.5226778153 vol.: 0.5000000000 ch.: 0.0497254454
it.: 419 obj.: 4.5235712072 vol.: 0.5000000000 ch.: 0.0497381923
it.: 420 obj.: 4.5244212251 vol.: 0.5000000000 ch.: 0.0496798463
it.: 421 obj.: 4.5251851183 vol.: 0.5000000000 ch.: 0.0495196164
it.: 422 obj.: 4.5258991143 vol.: 0.5000000000 ch.: 0.0495707973
it.: 423 obj.: 4.5265751066 vol.: 0.5000000000 ch.: 0.0494925337
it.: 424 obj.: 4.5272401869 vol.: 0.5000000000 ch.: 0.0495037471
it.: 425 obj.: 4.5278966599 vol.: 0.5000000000 ch.: 0.0494651809
it.: 426 obj.: 4.5285542914 vol.: 0.5000000000 ch.: 0.0494514066
it.: 427 obj.: 4.5292095935 vol.: 0.5000000000 ch.: 0.0494051608
it.: 428 obj.: 4.5298651444 vol.: 0.5000000000 ch.: 0.0493971694
it.: 429 obj.: 4.5305096324 vol.: 0.5000000000 ch.: 0.0492759677
it.: 430 obj.: 4.5311427609 vol.: 0.5000000000 ch.: 0.0493843840
it.: 431 obj.: 4.5316776077 vol.: 0.5000000000 ch.: 0.0494898472
it.: 432 obj.: 4.5318308459 vol.: 0.5000000000 ch.: 0.0496926744
it.: 433 obj.: 4.5314137541 vol.: 0.5000000000 ch.: 0.0498662584
it.: 434 obj.: 4.5320290291 vol.: 0.5000000000 ch.: 0.0497982930
it.: 435 obj.: 4.5327312200 vol.: 0.5000000000 ch.: 0.0496653430
it.: 436 obj.: 4.5334249055 vol.: 0.5000000000 ch.: 0.0491046250
it.: 437 obj.: 4.5338860218 vol.: 0.5000000000 ch.: 0.0489970280
it.: 438 obj.: 4.5342218751 vol.: 0.5000000000 ch.: 0.0483087445
it.: 439 obj.: 4.5344798174 vol.: 0.5000000000 ch.: 0.0484909271
it.: 440 obj.: 4.5347897361 vol.: 0.5000000000 ch.: 0.0483915993
it.: 441 obj.: 4.5350735281 vol.: 0.5000000000 ch.: 0.0481122025
it.: 442 obj.: 4.5353641961 vol.: 0.5000000000 ch.: 0.0485030490
it.: 443 obj.: 4.5356439437 vol.: 0.5000000000 ch.: 0.0483104542
it.: 444 obj.: 4.5359373914 vol.: 0.5000000000 ch.: 0.0487040395
it.: 445 obj.: 4.5362452121 vol.: 0.5000000000 ch.: 0.0482225442
it.: 446 obj.: 4.5365559924 vol.: 0.5000000000 ch.: 0.0485096737
it.: 447 obj.: 4.5368788628 vol.: 0.5000000000 ch.: 0.0482425451
it.: 448 obj.: 4.5372015729 vol.: 0.5000000000 ch.: 0.0485818671
it.: 449 obj.: 4.5375299713 vol.: 0.5000000000 ch.: 0.0486796244
it.: 450 obj.: 4.5378318443 vol.: 0.5000000000 ch.: 0.0493025219
it.: 451 obj.: 4.5380368405 vol.: 0.5000000000 ch.: 0.0494213207
it.: 452 obj.: 4.5381831775 vol.: 0.5000000000 ch.: 0.0496747696
it.: 453 obj.: 4.5383851649 vol.: 0.5000000000 ch.: 0.0495137786
it.: 454 obj.: 4.5388286515 vol.: 0.5000000000 ch.: 0.0493703947
it.: 455 obj.: 4.5391063177 vol.: 0.5000000000 ch.: 0.0494546087
it.: 456 obj.: 4.5392263343 vol.: 0.5000000000 ch.: 0.0495770903
it.: 457 obj.: 4.5394931388 vol.: 0.5000000000 ch.: 0.0492715803
it.: 458 obj.: 4.5397269439 vol.: 0.5000000000 ch.: 0.0484410282
it.: 459 obj.: 4.5399353754 vol.: 0.5000000000 ch.: 0.0490111633
it.: 460 obj.: 4.5401187985 vol.: 0.5000000000 ch.: 0.0488020534
it.: 461 obj.: 4.5403080820 vol.: 0.5000000000 ch.: 0.0489162711
it.: 462 obj.: 4.5405043558 vol.: 0.5000000000 ch.: 0.0488234709
it.: 463 obj.: 4.5407115449 vol.: 0.5000000000 ch.: 0.0489438564
it.: 464 obj.: 4.5409287569 vol.: 0.5000000000 ch.: 0.0489072859
it.: 465 obj.: 4.5411586886 vol.: 0.5000000000 ch.: 0.0490033596
it.: 466 obj.: 4.5413999346 vol.: 0.5000000000 ch.: 0.0489379322
it.: 467 obj.: 4.5416436799 vol.: 0.5000000000 ch.: 0.0491905713
it.: 468 obj.: 4.5418804659 vol.: 0.5000000000 ch.: 0.0486412811
it.: 469 obj.: 4.5420995729 vol.: 0.5000000000 ch.: 0.0494038523
it.: 470 obj.: 4.5422095865 vol.: 0.5000000000 ch.: 0.0495563297
it.: 471 obj.: 4.5420848869 vol.: 0.5000000000 ch.: 0.0496870338
it.: 472 obj.: 4.5421126595 vol.: 0.5000000000 ch.: 0.0496904815
it.: 473 obj.: 4.5423556894 vol.: 0.5000000000 ch.: 0.0495634171
it.: 474 obj.: 4.5426712132 vol.: 0.5000000000 ch.: 0.0491447385
it.: 475 obj.: 4.5428698559 vol.: 0.5000000000 ch.: 0.0483534503
it.: 476 obj.: 4.5430068292 vol.: 0.5000000000 ch.: 0.0473787929
it.: 477 obj.: 4.5431293279 vol.: 0.5000000000 ch.: 0.0478711443
it.: 478 obj.: 4.5432242913 vol.: 0.5000000000 ch.: 0.0474818090
it.: 479 obj.: 4.5433173004 vol.: 0.5000000000 ch.: 0.0469941578
it.: 480 obj.: 4.5434164767 vol.: 0.5000000000 ch.: 0.0473460455
it.: 481 obj.: 4.5435180626 vol.: 0.5000000000 ch.: 0.0470178306
it.: 482 obj.: 4.5436258357 vol.: 0.5000000000 ch.: 0.0471746447
it.: 483 obj.: 4.5437393359 vol.: 0.5000000000 ch.: 0.0472886899
it.: 484 obj.: 4.5438577270 vol.: 0.5000000000 ch.: 0.0481464819
it.: 485 obj.: 4.5439810437 vol.: 0.5000000000 ch.: 0.0484061903
it.: 486 obj.: 4.5441106561 vol.: 0.5000000000 ch.: 0.0486827274
it.: 487 obj.: 4.5442434801 vol.: 0.5000000000 ch.: 0.0487105277
it.: 488 obj.: 4.5443842754 vol.: 0.5000000000 ch.: 0.0489180382
it.: 489 obj.: 4.5445272318 vol.: 0.5000000000 ch.: 0.0487355588
it.: 490 obj.: 4.5446417065 vol.: 0.5000000000 ch.: 0.0491673124
it.: 491 obj.: 4.5446302044 vol.: 0.5000000000 ch.: 0.0496957824
it.: 492 obj.: 4.5445278804 vol.: 0.5000000000 ch.: 0.0496898988
it.: 493 obj.: 4.5445512406 vol.: 0.5000000000 ch.: 0.0497875418
it.: 494 obj.: 4.5448042647 vol.: 0.5000000000 ch.: 0.0495008959
it.: 495 obj.: 4.5450247942 vol.: 0.5000000000 ch.: 0.0493279368
it.: 496 obj.: 4.5451778920 vol.: 0.5000000000 ch.: 0.0485095924
it.: 497 obj.: 4.5452774142 vol.: 0.5000000000 ch.: 0.0481598351
it.: 498 obj.: 4.5453671772 vol.: 0.5000000000 ch.: 0.0477696297
it.: 499 obj.: 4.5454505328 vol.: 0.5000000000 ch.: 0.0474107290
it.: 500 obj.: 4.5455360651 vol.: 0.5000000000 ch.: 0.0470294454
Parameter beta increased to 32
it.: 501 obj.: 4.5456222057 vol.: 0.5000000000 ch.: 0.0499030400
it.: 502 obj.: 4.5413797471 vol.: 0.5000000000 ch.: 0.0499955941
it.: 503 obj.: 4.6296132258 vol.: 0.5000000000 ch.: 0.0499803992
it.: 504 obj.: 4.6608828014 vol.: 0.5000000000 ch.: 0.0499776704
it.: 505 obj.: 4.6831969464 vol.: 0.5000000000 ch.: 0.0499672850
it.: 506 obj.: 4.6955356251 vol.: 0.5000000000 ch.: 0.0499160046
it.: 507 obj.: 4.7001116220 vol.: 0.5000000000 ch.: 0.0498882519
it.: 508 obj.: 4.7026023663 vol.: 0.5000000000 ch.: 0.0498568806
it.: 509 obj.: 4.7043388401 vol.: 0.5000000000 ch.: 0.0498673806
it.: 510 obj.: 4.7053497066 vol.: 0.5000000000 ch.: 0.0498117530
it.: 511 obj.: 4.7068414811 vol.: 0.5000000000 ch.: 0.0498967447
it.: 512 obj.: 4.7077854757 vol.: 0.5000000000 ch.: 0.0498371399
it.: 513 obj.: 4.7089762644 vol.: 0.5000000000 ch.: 0.0498634407
it.: 514 obj.: 4.7099039149 vol.: 0.5000000000 ch.: 0.0495328010
it.: 515 obj.: 4.7106580657 vol.: 0.5000000000 ch.: 0.0498272771
it.: 516 obj.: 4.7113165182 vol.: 0.5000000000 ch.: 0.0493561556
it.: 517 obj.: 4.7120026708 vol.: 0.5000000000 ch.: 0.0497937261
it.: 518 obj.: 4.7126225121 vol.: 0.5000000000 ch.: 0.0496050110
it.: 519 obj.: 4.7132380244 vol.: 0.5000000000 ch.: 0.0498784799
it.: 520 obj.: 4.7137851450 vol.: 0.5000000000 ch.: 0.0498071443
it.: 521 obj.: 4.7143422284 vol.: 0.5000000000 ch.: 0.0499012032
it.: 522 obj.: 4.7150370135 vol.: 0.5000000000 ch.: 0.0495587221
it.: 523 obj.: 4.7156701813 vol.: 0.5000000000 ch.: 0.0497857623
it.: 524 obj.: 4.7161751803 vol.: 0.5000000000 ch.: 0.0495661280
it.: 525 obj.: 4.7166802114 vol.: 0.5000000000 ch.: 0.0498546411
it.: 526 obj.: 4.7171939332 vol.: 0.5000000000 ch.: 0.0495921423
it.: 527 obj.: 4.7176489428 vol.: 0.5000000000 ch.: 0.0498259604
it.: 528 obj.: 4.7180337344 vol.: 0.5000000000 ch.: 0.0496931017
it.: 529 obj.: 4.7185118824 vol.: 0.5000000000 ch.: 0.0497329126
it.: 530 obj.: 4.7191059700 vol.: 0.5000000000 ch.: 0.0497703403
it.: 531 obj.: 4.7196189130 vol.: 0.5000000000 ch.: 0.0496558616
it.: 532 obj.: 4.7200681369 vol.: 0.5000000000 ch.: 0.0496837166
it.: 533 obj.: 4.7204806757 vol.: 0.5000000000 ch.: 0.0496696108
it.: 534 obj.: 4.7209059659 vol.: 0.5000000000 ch.: 0.0496928650
it.: 535 obj.: 4.7213184641 vol.: 0.5000000000 ch.: 0.0491970636
it.: 536 obj.: 4.7216715759 vol.: 0.5000000000 ch.: 0.0497451204
it.: 537 obj.: 4.7221486532 vol.: 0.5000000000 ch.: 0.0495155857
it.: 538 obj.: 4.7225503698 vol.: 0.5000000000 ch.: 0.0497877757
it.: 539 obj.: 4.7228035446 vol.: 0.5000000000 ch.: 0.0498755701
it.: 540 obj.: 4.7230515116 vol.: 0.5000000000 ch.: 0.0498788835
it.: 541 obj.: 4.7234385364 vol.: 0.5000000000 ch.: 0.0498294074
it.: 542 obj.: 4.7239368362 vol.: 0.5000000000 ch.: 0.0495960795
it.: 543 obj.: 4.7243153313 vol.: 0.5000000000 ch.: 0.0493319238
it.: 544 obj.: 4.7245974719 vol.: 0.5000000000 ch.: 0.0496704759
it.: 545 obj.: 4.7248960025 vol.: 0.5000000000 ch.: 0.0495753541
it.: 546 obj.: 4.7252655057 vol.: 0.5000000000 ch.: 0.0495168326
it.: 547 obj.: 4.7256468204 vol.: 0.5000000000 ch.: 0.0492709097
it.: 548 obj.: 4.7259709098 vol.: 0.5000000000 ch.: 0.0493706669
it.: 549 obj.: 4.7262757058 vol.: 0.5000000000 ch.: 0.0497511893
it.: 550 obj.: 4.7265438415 vol.: 0.5000000000 ch.: 0.0496866247
it.: 551 obj.: 4.7268580318 vol.: 0.5000000000 ch.: 0.0497284531
it.: 552 obj.: 4.7271736773 vol.: 0.5000000000 ch.: 0.0485901847
it.: 553 obj.: 4.7274365008 vol.: 0.5000000000 ch.: 0.0493566413
it.: 554 obj.: 4.7276476121 vol.: 0.5000000000 ch.: 0.0495410198
it.: 555 obj.: 4.7279237392 vol.: 0.5000000000 ch.: 0.0494941229
it.: 556 obj.: 4.7282029935 vol.: 0.5000000000 ch.: 0.0494994226
it.: 557 obj.: 4.7285217928 vol.: 0.5000000000 ch.: 0.0496695899
it.: 558 obj.: 4.7288251592 vol.: 0.5000000000 ch.: 0.0489734630
it.: 559 obj.: 4.7291420542 vol.: 0.5000000000 ch.: 0.0492410940
it.: 560 obj.: 4.7294178098 vol.: 0.5000000000 ch.: 0.0494942938
it.: 561 obj.: 4.7296949601 vol.: 0.5000000000 ch.: 0.0492463718
it.: 562 obj.: 4.7299955984 vol.: 0.5000000000 ch.: 0.0495738949
it.: 563 obj.: 4.7302819671 vol.: 0.5000000000 ch.: 0.0491937069
it.: 564 obj.: 4.7305900291 vol.: 0.5000000000 ch.: 0.0494085504
it.: 565 obj.: 4.7308759090 vol.: 0.5000000000 ch.: 0.0490179863
it.: 566 obj.: 4.7311942500 vol.: 0.5000000000 ch.: 0.0494259934
it.: 567 obj.: 4.7314332568 vol.: 0.5000000000 ch.: 0.0497910175
it.: 568 obj.: 4.7311963298 vol.: 0.5000000000 ch.: 0.0499325410
it.: 569 obj.: 4.7313730756 vol.: 0.5000000000 ch.: 0.0499127557
it.: 570 obj.: 4.7314373963 vol.: 0.5000000000 ch.: 0.0498856184
it.: 571 obj.: 4.7317901719 vol.: 0.5000000000 ch.: 0.0498311507
it.: 572 obj.: 4.7320313578 vol.: 0.5000000000 ch.: 0.0497700540
it.: 573 obj.: 4.7323164958 vol.: 0.5000000000 ch.: 0.0494617685
it.: 574 obj.: 4.7324746279 vol.: 0.5000000000 ch.: 0.0489603498
it.: 575 obj.: 4.7325925797 vol.: 0.5000000000 ch.: 0.0477434482
it.: 576 obj.: 4.7326942590 vol.: 0.5000000000 ch.: 0.0469109622
it.: 577 obj.: 4.7328035134 vol.: 0.5000000000 ch.: 0.0474477653
it.: 578 obj.: 4.7329180487 vol.: 0.5000000000 ch.: 0.0476796402
it.: 579 obj.: 4.7330360389 vol.: 0.5000000000 ch.: 0.0476793166
it.: 580 obj.: 4.7331622480 vol.: 0.5000000000 ch.: 0.0480879032
it.: 581 obj.: 4.7333033382 vol.: 0.5000000000 ch.: 0.0481082500
it.: 582 obj.: 4.7334559418 vol.: 0.5000000000 ch.: 0.0485053267
it.: 583 obj.: 4.7336191160 vol.: 0.5000000000 ch.: 0.0487666657
it.: 584 obj.: 4.7337842101 vol.: 0.5000000000 ch.: 0.0487684666
it.: 585 obj.: 4.7339508332 vol.: 0.5000000000 ch.: 0.0493724849
it.: 586 obj.: 4.7340272901 vol.: 0.5000000000 ch.: 0.0497986584
it.: 587 obj.: 4.7340564419 vol.: 0.5000000000 ch.: 0.0498093258
it.: 588 obj.: 4.7341604043 vol.: 0.5000000000 ch.: 0.0498030349
it.: 589 obj.: 4.7338397587 vol.: 0.5000000000 ch.: 0.0499398300
it.: 590 obj.: 4.7338059065 vol.: 0.5000000000 ch.: 0.0499305915
it.: 591 obj.: 4.7337909327 vol.: 0.5000000000 ch.: 0.0499479335
it.: 592 obj.: 4.7345642912 vol.: 0.5000000000 ch.: 0.0498336006
it.: 593 obj.: 4.7346979263 vol.: 0.5000000000 ch.: 0.0496628836
it.: 594 obj.: 4.7348779451 vol.: 0.5000000000 ch.: 0.0488022625
it.: 595 obj.: 4.7349928937 vol.: 0.5000000000 ch.: 0.0485326438
it.: 596 obj.: 4.7350758945 vol.: 0.5000000000 ch.: 0.0468489878
it.: 597 obj.: 4.7351554123 vol.: 0.5000000000 ch.: 0.0463637088
it.: 598 obj.: 4.7352332449 vol.: 0.5000000000 ch.: 0.0452105556
it.: 599 obj.: 4.7353174655 vol.: 0.5000000000 ch.: 0.0454722843
it.: 600 obj.: 4.7354075584 vol.: 0.5000000000 ch.: 0.0452925832
Parameter beta increased to 64
it.: 601 obj.: 4.7355081425 vol.: 0.5000000000 ch.: 0.0499639244
it.: 602 obj.: 4.7481072672 vol.: 0.5000000000 ch.: 0.0499890878
it.: 603 obj.: 4.8095794274 vol.: 0.5000000000 ch.: 0.0499841324
it.: 604 obj.: 4.8282016053 vol.: 0.5000000000 ch.: 0.0499766455
it.: 605 obj.: 4.8033015742 vol.: 0.5000000000 ch.: 0.0499917627
it.: 606 obj.: 4.8300839186 vol.: 0.5000000000 ch.: 0.0499811947
it.: 607 obj.: 4.8345278462 vol.: 0.5000000000 ch.: 0.0499571083
it.: 608 obj.: 4.8357685947 vol.: 0.5000000000 ch.: 0.0499405133
it.: 609 obj.: 4.8352002013 vol.: 0.5000000000 ch.: 0.0499799359
it.: 610 obj.: 4.8390616366 vol.: 0.5000000000 ch.: 0.0498764495
it.: 611 obj.: 4.8397097622 vol.: 0.5000000000 ch.: 0.0496252004
it.: 612 obj.: 4.8403526605 vol.: 0.5000000000 ch.: 0.0496251999
it.: 613 obj.: 4.8408500321 vol.: 0.5000000000 ch.: 0.0494652771
it.: 614 obj.: 4.8412989910 vol.: 0.5000000000 ch.: 0.0493165436
it.: 615 obj.: 4.8417016319 vol.: 0.5000000000 ch.: 0.0490865850
it.: 616 obj.: 4.8420887518 vol.: 0.5000000000 ch.: 0.0493223145
it.: 617 obj.: 4.8424459448 vol.: 0.5000000000 ch.: 0.0492616872
it.: 618 obj.: 4.8427800675 vol.: 0.5000000000 ch.: 0.0496241617
it.: 619 obj.: 4.8430225367 vol.: 0.5000000000 ch.: 0.0497882126
it.: 620 obj.: 4.8432924600 vol.: 0.5000000000 ch.: 0.0497226506
it.: 621 obj.: 4.8436660451 vol.: 0.5000000000 ch.: 0.0497419341
it.: 622 obj.: 4.8438941825 vol.: 0.5000000000 ch.: 0.0497990293
it.: 623 obj.: 4.8440769800 vol.: 0.5000000000 ch.: 0.0498883451
it.: 624 obj.: 4.8441716457 vol.: 0.5000000000 ch.: 0.0498625026
it.: 625 obj.: 4.8445146674 vol.: 0.5000000000 ch.: 0.0497233153
it.: 626 obj.: 4.8450494450 vol.: 0.5000000000 ch.: 0.0494814907
it.: 627 obj.: 4.8455533694 vol.: 0.5000000000 ch.: 0.0491204306
it.: 628 obj.: 4.8459219540 vol.: 0.5000000000 ch.: 0.0492288201
it.: 629 obj.: 4.8452629224 vol.: 0.5000000000 ch.: 0.0498906797
it.: 630 obj.: 4.8445530534 vol.: 0.5000000000 ch.: 0.0498941664
it.: 631 obj.: 4.8455388779 vol.: 0.5000000000 ch.: 0.0498422153
it.: 632 obj.: 4.8450484450 vol.: 0.5000000000 ch.: 0.0498462804
it.: 633 obj.: 4.8464969366 vol.: 0.5000000000 ch.: 0.0492949459
it.: 634 obj.: 4.8469588729 vol.: 0.5000000000 ch.: 0.0486436712
it.: 635 obj.: 4.8472080670 vol.: 0.5000000000 ch.: 0.0491163974
it.: 636 obj.: 4.8473032011 vol.: 0.5000000000 ch.: 0.0496997394
it.: 637 obj.: 4.8469826557 vol.: 0.5000000000 ch.: 0.0496960118
it.: 638 obj.: 4.8477447391 vol.: 0.5000000000 ch.: 0.0497221970
it.: 639 obj.: 4.8478596801 vol.: 0.5000000000 ch.: 0.0493099361
it.: 640 obj.: 4.8479427601 vol.: 0.5000000000 ch.: 0.0496526606
it.: 641 obj.: 4.8482696583 vol.: 0.5000000000 ch.: 0.0491167262
it.: 642 obj.: 4.8484238538 vol.: 0.5000000000 ch.: 0.0491103376
it.: 643 obj.: 4.8486977665 vol.: 0.5000000000 ch.: 0.0488084459
it.: 644 obj.: 4.8488514883 vol.: 0.5000000000 ch.: 0.0497393902
it.: 645 obj.: 4.8488544788 vol.: 0.5000000000 ch.: 0.0498834845
it.: 646 obj.: 4.8489909155 vol.: 0.5000000000 ch.: 0.0498741476
it.: 647 obj.: 4.8491618897 vol.: 0.5000000000 ch.: 0.0495891992
it.: 648 obj.: 4.8494207049 vol.: 0.5000000000 ch.: 0.0488839813
it.: 649 obj.: 4.8495764811 vol.: 0.5000000000 ch.: 0.0486507627
it.: 650 obj.: 4.8496761860 vol.: 0.5000000000 ch.: 0.0489420293
it.: 651 obj.: 4.8497611798 vol.: 0.5000000000 ch.: 0.0492574521
it.: 652 obj.: 4.8499202410 vol.: 0.5000000000 ch.: 0.0483994610
it.: 653 obj.: 4.8500755680 vol.: 0.5000000000 ch.: 0.0489181062
it.: 654 obj.: 4.8502033067 vol.: 0.5000000000 ch.: 0.0489783800
it.: 655 obj.: 4.8503048292 vol.: 0.5000000000 ch.: 0.0483353210
it.: 656 obj.: 4.8502349467 vol.: 0.5000000000 ch.: 0.0493778961
it.: 657 obj.: 4.8502257297 vol.: 0.5000000000 ch.: 0.0497410116
it.: 658 obj.: 4.8497628541 vol.: 0.5000000000 ch.: 0.0490782929
it.: 659 obj.: 4.8506119618 vol.: 0.5000000000 ch.: 0.0497462836
it.: 660 obj.: 4.8506733399 vol.: 0.5000000000 ch.: 0.0497138850
it.: 661 obj.: 4.8509445249 vol.: 0.5000000000 ch.: 0.0471233056
it.: 662 obj.: 4.8510575983 vol.: 0.5000000000 ch.: 0.0469084689
it.: 663 obj.: 4.8511507310 vol.: 0.5000000000 ch.: 0.0463023720
it.: 664 obj.: 4.8512469990 vol.: 0.5000000000 ch.: 0.0473122839
it.: 665 obj.: 4.8513446510 vol.: 0.5000000000 ch.: 0.0487165023
it.: 666 obj.: 4.8514422101 vol.: 0.5000000000 ch.: 0.0478137644
it.: 667 obj.: 4.8515431424 vol.: 0.5000000000 ch.: 0.0488994407
it.: 668 obj.: 4.8516425743 vol.: 0.5000000000 ch.: 0.0488183807
it.: 669 obj.: 4.8517178840 vol.: 0.5000000000 ch.: 0.0482953211
it.: 670 obj.: 4.8515809226 vol.: 0.5000000000 ch.: 0.0495845436
it.: 671 obj.: 4.8502018042 vol.: 0.5000000000 ch.: 0.0499117971
it.: 672 obj.: 4.8496521150 vol.: 0.5000000000 ch.: 0.0499238057
it.: 673 obj.: 4.8373571367 vol.: 0.5000000000 ch.: 0.0499738254
it.: 674 obj.: 4.8498347828 vol.: 0.5000000000 ch.: 0.0499296136
it.: 675 obj.: 4.8502803306 vol.: 0.5000000000 ch.: 0.0499360611
it.: 676 obj.: 4.8412452869 vol.: 0.5000000000 ch.: 0.0499693487
it.: 677 obj.: 4.8512319956 vol.: 0.5000000000 ch.: 0.0481330176
it.: 678 obj.: 4.8518701141 vol.: 0.5000000000 ch.: 0.0383728405
it.: 679 obj.: 4.8519386104 vol.: 0.5000000000 ch.: 0.0377355633
it.: 680 obj.: 4.8519932112 vol.: 0.5000000000 ch.: 0.0393668084
it.: 681 obj.: 4.8520494223 vol.: 0.5000000000 ch.: 0.0397530737
it.: 682 obj.: 4.8521095286 vol.: 0.5000000000 ch.: 0.0411187575
it.: 683 obj.: 4.8521728180 vol.: 0.5000000000 ch.: 0.0416650256
it.: 684 obj.: 4.8522393491 vol.: 0.5000000000 ch.: 0.0414625636
it.: 685 obj.: 4.8523083573 vol.: 0.5000000000 ch.: 0.0391401481
it.: 686 obj.: 4.8523797575 vol.: 0.5000000000 ch.: 0.0392038916
it.: 687 obj.: 4.8524361176 vol.: 0.5000000000 ch.: 0.0460935970
it.: 688 obj.: 4.8523427685 vol.: 0.5000000000 ch.: 0.0498530250
it.: 689 obj.: 4.8519900317 vol.: 0.5000000000 ch.: 0.0499416298
it.: 690 obj.: 4.8520219375 vol.: 0.5000000000 ch.: 0.0499213985
it.: 691 obj.: 4.8517296943 vol.: 0.5000000000 ch.: 0.0499010937
it.: 692 obj.: 4.8512095223 vol.: 0.5000000000 ch.: 0.0499148499
it.: 693 obj.: 4.8513066194 vol.: 0.5000000000 ch.: 0.0498917729
it.: 694 obj.: 4.8515009597 vol.: 0.5000000000 ch.: 0.0499247053
it.: 695 obj.: 4.8523369141 vol.: 0.5000000000 ch.: 0.0496641941
it.: 696 obj.: 4.8526780920 vol.: 0.5000000000 ch.: 0.0471446996
it.: 697 obj.: 4.8528840973 vol.: 0.5000000000 ch.: 0.0464284931
it.: 698 obj.: 4.8529315526 vol.: 0.5000000000 ch.: 0.0444355058
it.: 699 obj.: 4.8529701935 vol.: 0.5000000000 ch.: 0.0448584413
it.: 700 obj.: 4.8530119620 vol.: 0.5000000000 ch.: 0.0407784867
Parameter beta increased to 128
it.: 701 obj.: 4.8530546990 vol.: 0.5000000000 ch.: 0.0499183136
it.: 702 obj.: 4.8213276189 vol.: 0.5000000000 ch.: 0.0499920101
it.: 703 obj.: 4.8831353564 vol.: 0.5000000000 ch.: 0.0499796207
it.: 704 obj.: 4.8616115994 vol.: 0.5000000000 ch.: 0.0499927095
it.: 705 obj.: 4.8916058385 vol.: 0.5000000000 ch.: 0.0499719994
it.: 706 obj.: 4.8578679676 vol.: 0.5000000000 ch.: 0.0499882790
it.: 707 obj.: 4.8933463125 vol.: 0.5000000000 ch.: 0.0498931623
it.: 708 obj.: 4.8959281537 vol.: 0.5000000000 ch.: 0.0497095831
it.: 709 obj.: 4.8959987625 vol.: 0.5000000000 ch.: 0.0493496238
it.: 710 obj.: 4.8969625922 vol.: 0.5000000000 ch.: 0.0498050548
it.: 711 obj.: 4.8968266557 vol.: 0.5000000000 ch.: 0.0487333122
it.: 712 obj.: 4.8976256916 vol.: 0.5000000000 ch.: 0.0497701661
it.: 713 obj.: 4.8977563848 vol.: 0.5000000000 ch.: 0.0485879925
it.: 714 obj.: 4.8984182722 vol.: 0.5000000000 ch.: 0.0493758115
it.: 715 obj.: 4.8986898668 vol.: 0.5000000000 ch.: 0.0486307958
it.: 716 obj.: 4.8990053974 vol.: 0.5000000000 ch.: 0.0491084179
it.: 717 obj.: 4.8992640626 vol.: 0.5000000000 ch.: 0.0486568501
it.: 718 obj.: 4.8995379404 vol.: 0.5000000000 ch.: 0.0493009126
it.: 719 obj.: 4.8998049080 vol.: 0.5000000000 ch.: 0.0484181330
it.: 720 obj.: 4.9000800777 vol.: 0.5000000000 ch.: 0.0490222837
it.: 721 obj.: 4.9003494218 vol.: 0.5000000000 ch.: 0.0486101575
it.: 722 obj.: 4.9006024241 vol.: 0.5000000000 ch.: 0.0493752976
it.: 723 obj.: 4.9007140954 vol.: 0.5000000000 ch.: 0.0494620815
it.: 724 obj.: 4.9005692979 vol.: 0.5000000000 ch.: 0.0498190804
it.: 725 obj.: 4.8992245606 vol.: 0.5000000000 ch.: 0.0499518548
it.: 726 obj.: 4.8996844920 vol.: 0.5000000000 ch.: 0.0499166191
it.: 727 obj.: 4.8985621053 vol.: 0.5000000000 ch.: 0.0499242101
it.: 728 obj.: 4.9013303944 vol.: 0.5000000000 ch.: 0.0488349264
it.: 729 obj.: 4.9015499525 vol.: 0.5000000000 ch.: 0.0480709158
it.: 730 obj.: 4.9018603929 vol.: 0.5000000000 ch.: 0.0461135644
it.: 731 obj.: 4.9019527399 vol.: 0.5000000000 ch.: 0.0466716012
it.: 732 obj.: 4.9020987355 vol.: 0.5000000000 ch.: 0.0466284988
it.: 733 obj.: 4.9021955762 vol.: 0.5000000000 ch.: 0.0468605430
it.: 734 obj.: 4.9023090329 vol.: 0.5000000000 ch.: 0.0468818321
it.: 735 obj.: 4.9024260180 vol.: 0.5000000000 ch.: 0.0469905192
it.: 736 obj.: 4.9025575589 vol.: 0.5000000000 ch.: 0.0470297700
it.: 737 obj.: 4.9027023262 vol.: 0.5000000000 ch.: 0.0470765960
it.: 738 obj.: 4.9028533383 vol.: 0.5000000000 ch.: 0.0484943546
it.: 739 obj.: 4.9029967575 vol.: 0.5000000000 ch.: 0.0486064403
it.: 740 obj.: 4.9031035700 vol.: 0.5000000000 ch.: 0.0494324285
it.: 741 obj.: 4.9032531652 vol.: 0.5000000000 ch.: 0.0492955594
it.: 742 obj.: 4.9034045896 vol.: 0.5000000000 ch.: 0.0493093024
it.: 743 obj.: 4.9035018572 vol.: 0.5000000000 ch.: 0.0481296180
it.: 744 obj.: 4.9036649231 vol.: 0.5000000000 ch.: 0.0497676254
it.: 745 obj.: 4.9033379951 vol.: 0.5000000000 ch.: 0.0499158104
it.: 746 obj.: 4.9031320679 vol.: 0.5000000000 ch.: 0.0499160682
it.: 747 obj.: 4.9031383936 vol.: 0.5000000000 ch.: 0.0497954399
it.: 748 obj.: 4.9040695810 vol.: 0.5000000000 ch.: 0.0490670053
it.: 749 obj.: 4.9043734321 vol.: 0.5000000000 ch.: 0.0475749844
it.: 750 obj.: 4.9045184893 vol.: 0.5000000000 ch.: 0.0459254253
it.: 751 obj.: 4.9046110557 vol.: 0.5000000000 ch.: 0.0447446373
it.: 752 obj.: 4.9047068501 vol.: 0.5000000000 ch.: 0.0441919065
it.: 753 obj.: 4.9048041428 vol.: 0.5000000000 ch.: 0.0463497174
it.: 754 obj.: 4.9049106746 vol.: 0.5000000000 ch.: 0.0463678985
it.: 755 obj.: 4.9050296811 vol.: 0.5000000000 ch.: 0.0473203529
it.: 756 obj.: 4.9051587883 vol.: 0.5000000000 ch.: 0.0470421232
it.: 757 obj.: 4.9053007374 vol.: 0.5000000000 ch.: 0.0478026533
it.: 758 obj.: 4.9054394811 vol.: 0.5000000000 ch.: 0.0482635585
it.: 759 obj.: 4.9055278895 vol.: 0.5000000000 ch.: 0.0497268824
it.: 760 obj.: 4.9053705340 vol.: 0.5000000000 ch.: 0.0497457955
it.: 761 obj.: 4.9055181367 vol.: 0.5000000000 ch.: 0.0497640754
it.: 762 obj.: 4.9052450957 vol.: 0.5000000000 ch.: 0.0498080365
it.: 763 obj.: 4.9055028572 vol.: 0.5000000000 ch.: 0.0498093623
it.: 764 obj.: 4.9047943660 vol.: 0.5000000000 ch.: 0.0498519819
it.: 765 obj.: 4.9049687061 vol.: 0.5000000000 ch.: 0.0498380141
it.: 766 obj.: 4.9038724277 vol.: 0.5000000000 ch.: 0.0497494757
it.: 767 obj.: 4.9057970242 vol.: 0.5000000000 ch.: 0.0496001676
it.: 768 obj.: 4.9059176043 vol.: 0.5000000000 ch.: 0.0492897482
it.: 769 obj.: 4.9064478911 vol.: 0.5000000000 ch.: 0.0478900381
it.: 770 obj.: 4.9064977304 vol.: 0.5000000000 ch.: 0.0463328457
it.: 771 obj.: 4.9066627094 vol.: 0.5000000000 ch.: 0.0438537357
it.: 772 obj.: 4.9067295749 vol.: 0.5000000000 ch.: 0.0474842593
it.: 773 obj.: 4.9068295491 vol.: 0.5000000000 ch.: 0.0435329114
it.: 774 obj.: 4.9069097711 vol.: 0.5000000000 ch.: 0.0448690950
it.: 775 obj.: 4.9069983436 vol.: 0.5000000000 ch.: 0.0446836130
it.: 776 obj.: 4.9070874909 vol.: 0.5000000000 ch.: 0.0452327944
it.: 777 obj.: 4.9071819813 vol.: 0.5000000000 ch.: 0.0468763220
it.: 778 obj.: 4.9072827027 vol.: 0.5000000000 ch.: 0.0467439902
it.: 779 obj.: 4.9073874253 vol.: 0.5000000000 ch.: 0.0483112947
it.: 780 obj.: 4.9074879050 vol.: 0.5000000000 ch.: 0.0479012200
it.: 781 obj.: 4.9075852672 vol.: 0.5000000000 ch.: 0.0490325873
it.: 782 obj.: 4.9076791726 vol.: 0.5000000000 ch.: 0.0491722693
it.: 783 obj.: 4.9077394123 vol.: 0.5000000000 ch.: 0.0495362662
it.: 784 obj.: 4.9078826608 vol.: 0.5000000000 ch.: 0.0496212104
it.: 785 obj.: 4.9079979065 vol.: 0.5000000000 ch.: 0.0493506772
it.: 786 obj.: 4.9081097866 vol.: 0.5000000000 ch.: 0.0497299590
it.: 787 obj.: 4.9079613044 vol.: 0.5000000000 ch.: 0.0497488688
it.: 788 obj.: 4.9081753648 vol.: 0.5000000000 ch.: 0.0496453762
it.: 789 obj.: 4.9082619430 vol.: 0.5000000000 ch.: 0.0491047938
it.: 790 obj.: 4.9083509579 vol.: 0.5000000000 ch.: 0.0481494784
it.: 791 obj.: 4.9085389521 vol.: 0.5000000000 ch.: 0.0481492366
it.: 792 obj.: 4.9086062545 vol.: 0.5000000000 ch.: 0.0476534882
it.: 793 obj.: 4.9086947144 vol.: 0.5000000000 ch.: 0.0476486980
it.: 794 obj.: 4.9087604822 vol.: 0.5000000000 ch.: 0.0478469787
it.: 795 obj.: 4.9088322135 vol.: 0.5000000000 ch.: 0.0473889155
it.: 796 obj.: 4.9089059320 vol.: 0.5000000000 ch.: 0.0485368826
it.: 797 obj.: 4.9089789792 vol.: 0.5000000000 ch.: 0.0469571736
it.: 798 obj.: 4.9090559534 vol.: 0.5000000000 ch.: 0.0490101979
it.: 799 obj.: 4.9091239312 vol.: 0.5000000000 ch.: 0.0482732096
it.: 800 obj.: 4.9091897685 vol.: 0.5000000000 ch.: 0.0493360756
Parameter beta increased to 256
it.: 801 obj.: 4.9092589707 vol.: 0.5000000000 ch.: 0.0497805886
it.: 802 obj.: 4.8545673282 vol.: 0.5000000000 ch.: 0.0499969351
it.: 803 obj.: 4.9075260927 vol.: 0.5000000000 ch.: 0.0499656967
it.: 804 obj.: 4.8860017067 vol.: 0.5000000000 ch.: 0.0499684055
it.: 805 obj.: 4.9153218191 vol.: 0.5000000000 ch.: 0.0499045990
it.: 806 obj.: 4.8722650535 vol.: 0.5000000000 ch.: 0.0499760059
it.: 807 obj.: 4.9222132261 vol.: 0.5000000000 ch.: 0.0497844801
it.: 808 obj.: 4.8709908380 vol.: 0.5000000000 ch.: 0.0499333389
it.: 809 obj.: 4.9247414784 vol.: 0.5000000000 ch.: 0.0495654379
it.: 810 obj.: 4.8875515058 vol.: 0.5000000000 ch.: 0.0487911589
it.: 811 obj.: 4.9030688352 vol.: 0.5000000000 ch.: 0.0496899849
it.: 812 obj.: 4.8933867312 vol.: 0.5000000000 ch.: 0.0496977397
it.: 813 obj.: 4.8906223896 vol.: 0.5000000000 ch.: 0.0491056739
it.: 814 obj.: 4.8926574612 vol.: 0.5000000000 ch.: 0.0497490052
it.: 815 obj.: 4.9260916899 vol.: 0.5000000000 ch.: 0.0473371272
it.: 816 obj.: 4.8913848525 vol.: 0.5000000000 ch.: 0.0474603169
it.: 817 obj.: 4.8926553986 vol.: 0.5000000000 ch.: 0.0485670057
it.: 818 obj.: 4.8906462564 vol.: 0.5000000000 ch.: 0.0495156462
it.: 819 obj.: 4.9264101237 vol.: 0.5000000000 ch.: 0.0477237341
it.: 820 obj.: 4.8920194475 vol.: 0.5000000000 ch.: 0.0476335284
it.: 821 obj.: 4.8941444684 vol.: 0.5000000000 ch.: 0.0491043083
it.: 822 obj.: 4.8923543209 vol.: 0.5000000000 ch.: 0.0492882061
it.: 823 obj.: 4.9252100265 vol.: 0.5000000000 ch.: 0.0459353283
it.: 824 obj.: 4.8884922622 vol.: 0.5000000000 ch.: 0.0472331975
it.: 825 obj.: 4.8976625117 vol.: 0.5000000000 ch.: 0.0491797599
it.: 826 obj.: 4.8920530122 vol.: 0.5000000000 ch.: 0.0491061538
it.: 827 obj.: 4.9014239476 vol.: 0.5000000000 ch.: 0.0491129799
it.: 828 obj.: 4.8941397001 vol.: 0.5000000000 ch.: 0.0492383436
it.: 829 obj.: 4.8946184726 vol.: 0.5000000000 ch.: 0.0493842050
it.: 830 obj.: 4.8958340713 vol.: 0.5000000000 ch.: 0.0494729435
it.: 831 obj.: 4.9259844761 vol.: 0.5000000000 ch.: 0.0471605955
it.: 832 obj.: 4.8933547393 vol.: 0.5000000000 ch.: 0.0450157042
it.: 833 obj.: 4.8956538317 vol.: 0.5000000000 ch.: 0.0495036800
it.: 834 obj.: 4.8965478281 vol.: 0.5000000000 ch.: 0.0477887203
it.: 835 obj.: 4.9221426299 vol.: 0.5000000000 ch.: 0.0491974803
it.: 836 obj.: 4.8948900290 vol.: 0.5000000000 ch.: 0.0468586349
it.: 837 obj.: 4.8972722556 vol.: 0.5000000000 ch.: 0.0495447361
it.: 838 obj.: 4.9016410362 vol.: 0.5000000000 ch.: 0.0484439873
it.: 839 obj.: 4.8891542032 vol.: 0.5000000000 ch.: 0.0498408566
it.: 840 obj.: 4.9080575310 vol.: 0.5000000000 ch.: 0.0483171849
it.: 841 obj.: 4.9144623144 vol.: 0.5000000000 ch.: 0.0498555821
it.: 842 obj.: 4.9046663473 vol.: 0.5000000000 ch.: 0.0467026315
it.: 843 obj.: 4.8921777558 vol.: 0.5000000000 ch.: 0.0497286209
it.: 844 obj.: 4.9078757628 vol.: 0.5000000000 ch.: 0.0473970902
it.: 845 obj.: 4.9200998412 vol.: 0.5000000000 ch.: 0.0493912868
it.: 846 obj.: 4.9004966923 vol.: 0.5000000000 ch.: 0.0417610199
it.: 847 obj.: 4.8960176353 vol.: 0.5000000000 ch.: 0.0496906900
it.: 848 obj.: 4.9025046564 vol.: 0.5000000000 ch.: 0.0466031513
it.: 849 obj.: 4.9215652838 vol.: 0.5000000000 ch.: 0.0497851882
it.: 850 obj.: 4.8966794192 vol.: 0.5000000000 ch.: 0.0447558002
it.: 851 obj.: 4.8971690824 vol.: 0.5000000000 ch.: 0.0496761405
it.: 852 obj.: 4.9001074208 vol.: 0.5000000000 ch.: 0.0365305586
it.: 853 obj.: 4.9171439040 vol.: 0.5000000000 ch.: 0.0495259238
it.: 854 obj.: 4.8984573143 vol.: 0.5000000000 ch.: 0.0369146821
it.: 855 obj.: 4.8914932490 vol.: 0.5000000000 ch.: 0.0497753034
it.: 856 obj.: 4.9054200588 vol.: 0.5000000000 ch.: 0.0496933848
it.: 857 obj.: 4.9100300502 vol.: 0.5000000000 ch.: 0.0497050596
it.: 858 obj.: 4.9048004145 vol.: 0.5000000000 ch.: 0.0498166917
it.: 859 obj.: 4.8931949932 vol.: 0.5000000000 ch.: 0.0497752375
it.: 860 obj.: 4.9071348568 vol.: 0.5000000000 ch.: 0.0497718985
it.: 861 obj.: 4.9206339104 vol.: 0.5000000000 ch.: 0.0498861988
it.: 862 obj.: 4.8995461779 vol.: 0.5000000000 ch.: 0.0322763806
it.: 863 obj.: 4.8951918031 vol.: 0.5000000000 ch.: 0.0499269533
it.: 864 obj.: 4.9021263818 vol.: 0.5000000000 ch.: 0.0455501896
it.: 865 obj.: 4.9208033163 vol.: 0.5000000000 ch.: 0.0492962331
it.: 866 obj.: 4.8974060860 vol.: 0.5000000000 ch.: 0.0350528772
it.: 867 obj.: 4.8905384414 vol.: 0.5000000000 ch.: 0.0496359273
it.: 868 obj.: 4.9034459870 vol.: 0.5000000000 ch.: 0.0355024502
it.: 869 obj.: 4.9147510452 vol.: 0.5000000000 ch.: 0.0496749834
it.: 870 obj.: 4.9014691032 vol.: 0.5000000000 ch.: 0.0331459009
it.: 871 obj.: 4.8882766258 vol.: 0.5000000000 ch.: 0.0489320984
it.: 872 obj.: 4.9062718823 vol.: 0.5000000000 ch.: 0.0428475554
it.: 873 obj.: 4.9205278111 vol.: 0.5000000000 ch.: 0.0462940908
it.: 874 obj.: 4.8986769207 vol.: 0.5000000000 ch.: 0.0299773914
it.: 875 obj.: 4.8920693255 vol.: 0.5000000000 ch.: 0.0486473830
it.: 876 obj.: 4.9026883536 vol.: 0.5000000000 ch.: 0.0464627659
it.: 877 obj.: 4.9191401540 vol.: 0.5000000000 ch.: 0.0467253006
it.: 878 obj.: 4.8978316033 vol.: 0.5000000000 ch.: 0.0309841794
it.: 879 obj.: 4.8885556487 vol.: 0.5000000000 ch.: 0.0488265989
it.: 880 obj.: 4.9037536913 vol.: 0.5000000000 ch.: 0.0489551481
it.: 881 obj.: 4.9166914016 vol.: 0.5000000000 ch.: 0.0494076534
it.: 882 obj.: 4.8997767077 vol.: 0.5000000000 ch.: 0.0358488135
it.: 883 obj.: 4.8904820332 vol.: 0.5000000000 ch.: 0.0496819951
it.: 884 obj.: 4.9044619560 vol.: 0.5000000000 ch.: 0.0491665312
it.: 885 obj.: 4.9170603396 vol.: 0.5000000000 ch.: 0.0495278858
it.: 886 obj.: 4.8991972512 vol.: 0.5000000000 ch.: 0.0490011294
it.: 887 obj.: 4.8932503169 vol.: 0.5000000000 ch.: 0.0494936907
it.: 888 obj.: 4.9033909730 vol.: 0.5000000000 ch.: 0.0492503672
it.: 889 obj.: 4.9065986400 vol.: 0.5000000000 ch.: 0.0499454756
it.: 890 obj.: 4.9002079687 vol.: 0.5000000000 ch.: 0.0499790619
it.: 891 obj.: 4.8968342784 vol.: 0.5000000000 ch.: 0.0499891664
it.: 892 obj.: 4.8984204167 vol.: 0.5000000000 ch.: 0.0499832148
it.: 893 obj.: 4.9215318635 vol.: 0.5000000000 ch.: 0.0499832678
it.: 894 obj.: 4.8929360049 vol.: 0.5000000000 ch.: 0.0499431156
it.: 895 obj.: 4.8998480856 vol.: 0.5000000000 ch.: 0.0499699731
it.: 896 obj.: 4.8928720912 vol.: 0.5000000000 ch.: 0.0494660266
it.: 897 obj.: 4.9086366446 vol.: 0.5000000000 ch.: 0.0473430532
it.: 898 obj.: 4.8929794628 vol.: 0.5000000000 ch.: 0.0487995245
it.: 899 obj.: 4.8980584178 vol.: 0.5000000000 ch.: 0.0403687755
it.: 900 obj.: 4.8921792850 vol.: 0.5000000000 ch.: 0.0486467049
it.: 901 obj.: 4.9265504160 vol.: 0.5000000000 ch.: 0.0293008665
it.: 902 obj.: 4.8916623975 vol.: 0.5000000000 ch.: 0.0369590873
it.: 903 obj.: 4.8988878714 vol.: 0.5000000000 ch.: 0.0416074353
it.: 904 obj.: 4.8901206158 vol.: 0.5000000000 ch.: 0.0477940941
it.: 905 obj.: 4.9261007157 vol.: 0.5000000000 ch.: 0.0379514527
it.: 906 obj.: 4.8916955316 vol.: 0.5000000000 ch.: 0.0282200722
it.: 907 obj.: 4.9003660772 vol.: 0.5000000000 ch.: 0.0393451949
it.: 908 obj.: 4.8895762699 vol.: 0.5000000000 ch.: 0.0376083605
it.: 909 obj.: 4.9243664195 vol.: 0.5000000000 ch.: 0.0298270183
it.: 910 obj.: 4.8932449046 vol.: 0.5000000000 ch.: 0.0291774715
it.: 911 obj.: 4.9015063954 vol.: 0.5000000000 ch.: 0.0388518050
it.: 912 obj.: 4.8906313633 vol.: 0.5000000000 ch.: 0.0313391186
it.: 913 obj.: 4.9160420065 vol.: 0.5000000000 ch.: 0.0336688609
it.: 914 obj.: 4.8923242803 vol.: 0.5000000000 ch.: 0.0321853526
it.: 915 obj.: 4.9008109210 vol.: 0.5000000000 ch.: 0.0417452034
it.: 916 obj.: 4.8911872854 vol.: 0.5000000000 ch.: 0.0469087342
it.: 917 obj.: 4.9239099337 vol.: 0.5000000000 ch.: 0.0454142397
it.: 918 obj.: 4.8915885181 vol.: 0.5000000000 ch.: 0.0479658230
it.: 919 obj.: 4.9017498317 vol.: 0.5000000000 ch.: 0.0472843352
it.: 920 obj.: 4.8899772065 vol.: 0.5000000000 ch.: 0.0494847033
it.: 921 obj.: 4.9146776031 vol.: 0.5000000000 ch.: 0.0498405728
it.: 922 obj.: 4.8838141498 vol.: 0.5000000000 ch.: 0.0496806981
it.: 923 obj.: 4.9021672584 vol.: 0.5000000000 ch.: 0.0499666866
it.: 924 obj.: 4.8774075108 vol.: 0.5000000000 ch.: 0.0498495578
it.: 925 obj.: 4.9030490552 vol.: 0.5000000000 ch.: 0.0303067571
it.: 926 obj.: 4.8991275717 vol.: 0.5000000000 ch.: 0.0490107320
it.: 927 obj.: 4.9203077262 vol.: 0.5000000000 ch.: 0.0289725173
it.: 928 obj.: 4.8894092110 vol.: 0.5000000000 ch.: 0.0351489686
it.: 929 obj.: 4.9033022638 vol.: 0.5000000000 ch.: 0.0306672993
it.: 930 obj.: 4.8935785740 vol.: 0.5000000000 ch.: 0.0357896923
it.: 931 obj.: 4.9241616739 vol.: 0.5000000000 ch.: 0.0276127932
it.: 932 obj.: 4.8916688575 vol.: 0.5000000000 ch.: 0.0213847690
it.: 933 obj.: 4.9030928714 vol.: 0.5000000000 ch.: 0.0489056517
it.: 934 obj.: 4.8901607136 vol.: 0.5000000000 ch.: 0.0483145835
it.: 935 obj.: 4.9238207685 vol.: 0.5000000000 ch.: 0.0409126854
it.: 936 obj.: 4.8949289235 vol.: 0.5000000000 ch.: 0.0186922039
it.: 937 obj.: 4.9027994429 vol.: 0.5000000000 ch.: 0.0484855741
it.: 938 obj.: 4.8901932218 vol.: 0.5000000000 ch.: 0.0472723496
it.: 939 obj.: 4.9217627499 vol.: 0.5000000000 ch.: 0.0366255199
it.: 940 obj.: 4.8934697791 vol.: 0.5000000000 ch.: 0.0421925668
it.: 941 obj.: 4.9031544498 vol.: 0.5000000000 ch.: 0.0471744140
it.: 942 obj.: 4.8890213577 vol.: 0.5000000000 ch.: 0.0476214318
it.: 943 obj.: 4.9208833241 vol.: 0.5000000000 ch.: 0.0237063381
it.: 944 obj.: 4.8957850124 vol.: 0.5000000000 ch.: 0.0245189843
it.: 945 obj.: 4.9030835304 vol.: 0.5000000000 ch.: 0.0486313505
it.: 946 obj.: 4.8904813376 vol.: 0.5000000000 ch.: 0.0459809311
it.: 947 obj.: 4.9222827933 vol.: 0.5000000000 ch.: 0.0418965001
it.: 948 obj.: 4.8934168312 vol.: 0.5000000000 ch.: 0.0409410439
it.: 949 obj.: 4.9036022664 vol.: 0.5000000000 ch.: 0.0475044660
it.: 950 obj.: 4.8899122360 vol.: 0.5000000000 ch.: 0.0463551468
it.: 951 obj.: 4.9222549092 vol.: 0.5000000000 ch.: 0.0492479444
it.: 952 obj.: 4.8948999192 vol.: 0.5000000000 ch.: 0.0257220952
it.: 953 obj.: 4.9035151291 vol.: 0.5000000000 ch.: 0.0456952680
it.: 954 obj.: 4.8904250538 vol.: 0.5000000000 ch.: 0.0467344909
it.: 955 obj.: 4.9225534432 vol.: 0.5000000000 ch.: 0.0478551724
it.: 956 obj.: 4.8946201387 vol.: 0.5000000000 ch.: 0.0274437545
it.: 957 obj.: 4.9036136382 vol.: 0.5000000000 ch.: 0.0217073892
it.: 958 obj.: 4.8901480443 vol.: 0.5000000000 ch.: 0.0477720531
it.: 959 obj.: 4.9227922750 vol.: 0.5000000000 ch.: 0.0344712699
it.: 960 obj.: 4.8955645891 vol.: 0.5000000000 ch.: 0.0360324787
it.: 961 obj.: 4.9035965867 vol.: 0.5000000000 ch.: 0.0185551218
it.: 962 obj.: 4.8900591936 vol.: 0.5000000000 ch.: 0.0495564279
it.: 963 obj.: 4.9222997490 vol.: 0.5000000000 ch.: 0.0420497211
it.: 964 obj.: 4.8964717452 vol.: 0.5000000000 ch.: 0.0258261882
it.: 965 obj.: 4.9036593920 vol.: 0.5000000000 ch.: 0.0351449784
it.: 966 obj.: 4.8908003345 vol.: 0.5000000000 ch.: 0.0486158375
it.: 967 obj.: 4.9235400187 vol.: 0.5000000000 ch.: 0.0480120325
it.: 968 obj.: 4.8961726444 vol.: 0.5000000000 ch.: 0.0217712064
it.: 969 obj.: 4.9036974698 vol.: 0.5000000000 ch.: 0.0434528689
it.: 970 obj.: 4.8910110498 vol.: 0.5000000000 ch.: 0.0458831078
it.: 971 obj.: 4.9245120779 vol.: 0.5000000000 ch.: 0.0402792821
it.: 972 obj.: 4.8961517932 vol.: 0.5000000000 ch.: 0.0281070249
it.: 973 obj.: 4.9037240664 vol.: 0.5000000000 ch.: 0.0307842526
it.: 974 obj.: 4.8910881011 vol.: 0.5000000000 ch.: 0.0412779827
it.: 975 obj.: 4.9248030934 vol.: 0.5000000000 ch.: 0.0299926046
it.: 976 obj.: 4.8962595951 vol.: 0.5000000000 ch.: 0.0272575340
it.: 977 obj.: 4.9037332870 vol.: 0.5000000000 ch.: 0.0250059385
it.: 978 obj.: 4.8909585020 vol.: 0.5000000000 ch.: 0.0422023454
it.: 979 obj.: 4.9248792302 vol.: 0.5000000000 ch.: 0.0259806511
it.: 980 obj.: 4.8965735275 vol.: 0.5000000000 ch.: 0.0164951788
it.: 981 obj.: 4.9037536181 vol.: 0.5000000000 ch.: 0.0268737873
it.: 982 obj.: 4.8908934692 vol.: 0.5000000000 ch.: 0.0487127006
it.: 983 obj.: 4.9248530267 vol.: 0.5000000000 ch.: 0.0383408284
it.: 984 obj.: 4.8966973959 vol.: 0.5000000000 ch.: 0.0134168305
it.: 985 obj.: 4.9037935504 vol.: 0.5000000000 ch.: 0.0339416353
it.: 986 obj.: 4.8906951321 vol.: 0.5000000000 ch.: 0.0494328467
it.: 987 obj.: 4.9245343623 vol.: 0.5000000000 ch.: 0.0443164704
it.: 988 obj.: 4.8969617291 vol.: 0.5000000000 ch.: 0.0181728306
it.: 989 obj.: 4.9038276884 vol.: 0.5000000000 ch.: 0.0229827668
it.: 990 obj.: 4.8904325062 vol.: 0.5000000000 ch.: 0.0377121064
it.: 991 obj.: 4.9241018203 vol.: 0.5000000000 ch.: 0.0166904049
it.: 992 obj.: 4.8974830381 vol.: 0.5000000000 ch.: 0.0203106693
it.: 993 obj.: 4.9037839727 vol.: 0.5000000000 ch.: 0.0406330905
it.: 994 obj.: 4.8909562570 vol.: 0.5000000000 ch.: 0.0467499844
it.: 995 obj.: 4.9245041387 vol.: 0.5000000000 ch.: 0.0203492652
it.: 996 obj.: 4.8952133201 vol.: 0.5000000000 ch.: 0.0219468117
it.: 997 obj.: 4.9041209834 vol.: 0.5000000000 ch.: 0.0271483486
it.: 998 obj.: 4.8902255433 vol.: 0.5000000000 ch.: 0.0398456247
it.: 999 obj.: 4.9244680968 vol.: 0.5000000000 ch.: 0.0157307197
it.: 1000 obj.: 4.8967086654 vol.: 0.5000000000 ch.: 0.0164928406
it.: 1001 obj.: 4.9038887924 vol.: 0.5000000000 ch.: 0.0305755703
it.: 1002 obj.: 4.8905864696 vol.: 0.5000000000 ch.: 0.0336524521
it.: 1003 obj.: 4.9248339769 vol.: 0.5000000000 ch.: 0.0259728922
it.: 1004 obj.: 4.8970544661 vol.: 0.5000000000 ch.: 0.0205560169
it.: 1005 obj.: 4.9037724662 vol.: 0.5000000000 ch.: 0.0361664102
it.: 1006 obj.: 4.8909061184 vol.: 0.5000000000 ch.: 0.0218064761
it.: 1007 obj.: 4.9254096626 vol.: 0.5000000000 ch.: 0.0171342344
it.: 1008 obj.: 4.8966066694 vol.: 0.5000000000 ch.: 0.0384745094
it.: 1009 obj.: 4.9036929064 vol.: 0.5000000000 ch.: 0.0269440660
it.: 1010 obj.: 4.8909908561 vol.: 0.5000000000 ch.: 0.0272628265
it.: 1011 obj.: 4.9258919994 vol.: 0.5000000000 ch.: 0.0113223490
it.: 1012 obj.: 4.8964947563 vol.: 0.5000000000 ch.: 0.0169018857
it.: 1013 obj.: 4.9035196582 vol.: 0.5000000000 ch.: 0.0176896230
it.: 1014 obj.: 4.8904955412 vol.: 0.5000000000 ch.: 0.0354410356
it.: 1015 obj.: 4.9258797749 vol.: 0.5000000000 ch.: 0.0268435193
it.: 1016 obj.: 4.8970663383 vol.: 0.5000000000 ch.: 0.0091676702
final.: obj.: 9.7215453517 vol.: 0.5000000000
