self bending under uniform temperature expansion with optimizer mma
number of spatial dimensions: 2
elements: 240 x 40
volfrac: 0.5 rmin: 9.6  penal: 3
filter: Volume Preserving eta projection
filter mode: matrix
it.: 1 obj.: 0.0056754534 vol.: 0.5000000000 ch.: 0.0482116974
it.: 2 obj.: 0.0099860236 vol.: 0.5000000000 ch.: 0.0482302161
it.: 3 obj.: 0.0144895674 vol.: 0.5000000000 ch.: 0.0482630337
it.: 4 obj.: 0.0192050512 vol.: 0.5000000000 ch.: 0.0483970378
it.: 5 obj.: 0.0242177300 vol.: 0.5000000000 ch.: 0.0485195754
it.: 6 obj.: 0.0295045334 vol.: 0.5000000000 ch.: 0.0486330525
it.: 7 obj.: 0.0350251319 vol.: 0.5000000000 ch.: 0.0487358219
it.: 8 obj.: 0.0407148493 vol.: 0.5000000000 ch.: 0.0488278013
it.: 9 obj.: 0.0464778220 vol.: 0.5000000000 ch.: 0.0489075443
it.: 10 obj.: 0.0522149415 vol.: 0.5000000000 ch.: 0.0489758101
it.: 11 obj.: 0.0579973855 vol.: 0.5000000000 ch.: 0.0478127678
it.: 12 obj.: 0.0625479095 vol.: 0.5000000000 ch.: 0.0477679359
it.: 13 obj.: 0.0645212189 vol.: 0.5000000000 ch.: 0.0470621078
it.: 14 obj.: 0.0657833342 vol.: 0.5000000000 ch.: 0.0456470290
it.: 15 obj.: 0.0667331469 vol.: 0.5000000000 ch.: 0.0453309125
it.: 16 obj.: 0.0674348399 vol.: 0.5000000000 ch.: 0.0451643587
it.: 17 obj.: 0.0679776360 vol.: 0.5000000000 ch.: 0.0447639979
it.: 18 obj.: 0.0683847036 vol.: 0.5000000000 ch.: 0.0444618996
it.: 19 obj.: 0.0686861055 vol.: 0.5000000000 ch.: 0.0438145486
it.: 20 obj.: 0.0689159700 vol.: 0.5000000000 ch.: 0.0428210715
it.: 21 obj.: 0.0691064684 vol.: 0.5000000000 ch.: 0.0426912521
it.: 22 obj.: 0.0692617563 vol.: 0.5000000000 ch.: 0.0414129425
it.: 23 obj.: 0.0693939030 vol.: 0.5000000000 ch.: 0.0407457738
it.: 24 obj.: 0.0695074534 vol.: 0.5000000000 ch.: 0.0408060857
it.: 25 obj.: 0.0696078116 vol.: 0.5000000000 ch.: 0.0407508431
it.: 26 obj.: 0.0697005076 vol.: 0.5000000000 ch.: 0.0371146273
it.: 27 obj.: 0.0697793527 vol.: 0.5000000000 ch.: 0.0363562701
it.: 28 obj.: 0.0698514217 vol.: 0.5000000000 ch.: 0.0365672237
it.: 29 obj.: 0.0699154746 vol.: 0.5000000000 ch.: 0.0367347522
it.: 30 obj.: 0.0699752102 vol.: 0.5000000000 ch.: 0.0369314868
it.: 31 obj.: 0.0700302479 vol.: 0.5000000000 ch.: 0.0377664164
it.: 32 obj.: 0.0700809579 vol.: 0.5000000000 ch.: 0.0373023212
it.: 33 obj.: 0.0701276313 vol.: 0.5000000000 ch.: 0.0377110785
it.: 34 obj.: 0.0701709082 vol.: 0.5000000000 ch.: 0.0378974745
it.: 35 obj.: 0.0702108571 vol.: 0.5000000000 ch.: 0.0383436398
it.: 36 obj.: 0.0702482124 vol.: 0.5000000000 ch.: 0.0378457859
it.: 37 obj.: 0.0702831986 vol.: 0.5000000000 ch.: 0.0389959176
it.: 38 obj.: 0.0703165400 vol.: 0.5000000000 ch.: 0.0372465360
it.: 39 obj.: 0.0703478658 vol.: 0.5000000000 ch.: 0.0382927655
it.: 40 obj.: 0.0703769707 vol.: 0.5000000000 ch.: 0.0388396241
it.: 41 obj.: 0.0704037857 vol.: 0.5000000000 ch.: 0.0380094374
it.: 42 obj.: 0.0704287107 vol.: 0.5000000000 ch.: 0.0387866419
it.: 43 obj.: 0.0704518690 vol.: 0.5000000000 ch.: 0.0361546447
it.: 44 obj.: 0.0704732638 vol.: 0.5000000000 ch.: 0.0368531801
it.: 45 obj.: 0.0704928889 vol.: 0.5000000000 ch.: 0.0374493655
it.: 46 obj.: 0.0705110553 vol.: 0.5000000000 ch.: 0.0355482975
it.: 47 obj.: 0.0705276767 vol.: 0.5000000000 ch.: 0.0363655052
it.: 48 obj.: 0.0705428659 vol.: 0.5000000000 ch.: 0.0343799361
it.: 49 obj.: 0.0705570473 vol.: 0.5000000000 ch.: 0.0349950567
it.: 50 obj.: 0.0705701850 vol.: 0.5000000000 ch.: 0.0355650564
it.: 51 obj.: 0.0705825524 vol.: 0.5000000000 ch.: 0.0360680058
it.: 52 obj.: 0.0705942448 vol.: 0.5000000000 ch.: 0.0318377530
it.: 53 obj.: 0.0706048795 vol.: 0.5000000000 ch.: 0.0332239686
it.: 54 obj.: 0.0706149611 vol.: 0.5000000000 ch.: 0.0313994203
it.: 55 obj.: 0.0706238932 vol.: 0.5000000000 ch.: 0.0316023647
it.: 56 obj.: 0.0706325907 vol.: 0.5000000000 ch.: 0.0320124313
it.: 57 obj.: 0.0706405285 vol.: 0.5000000000 ch.: 0.0322190947
it.: 58 obj.: 0.0706484163 vol.: 0.5000000000 ch.: 0.0284785964
it.: 59 obj.: 0.0706556827 vol.: 0.5000000000 ch.: 0.0299935582
it.: 60 obj.: 0.0706626703 vol.: 0.5000000000 ch.: 0.0311950837
it.: 61 obj.: 0.0706690461 vol.: 0.5000000000 ch.: 0.0323143319
it.: 62 obj.: 0.0706751589 vol.: 0.5000000000 ch.: 0.0332614449
it.: 63 obj.: 0.0706809693 vol.: 0.5000000000 ch.: 0.0281023516
it.: 64 obj.: 0.0706865001 vol.: 0.5000000000 ch.: 0.0270886433
it.: 65 obj.: 0.0706916707 vol.: 0.5000000000 ch.: 0.0274842994
it.: 66 obj.: 0.0706965551 vol.: 0.5000000000 ch.: 0.0243742058
it.: 67 obj.: 0.0707011680 vol.: 0.5000000000 ch.: 0.0252679117
it.: 68 obj.: 0.0707055140 vol.: 0.5000000000 ch.: 0.0260993967
it.: 69 obj.: 0.0707097417 vol.: 0.5000000000 ch.: 0.0268464906
it.: 70 obj.: 0.0707138131 vol.: 0.5000000000 ch.: 0.0275130171
it.: 71 obj.: 0.0707177561 vol.: 0.5000000000 ch.: 0.0281229658
it.: 72 obj.: 0.0707216329 vol.: 0.5000000000 ch.: 0.0287118053
it.: 73 obj.: 0.0707253834 vol.: 0.5000000000 ch.: 0.0293189740
it.: 74 obj.: 0.0707289780 vol.: 0.5000000000 ch.: 0.0299215553
it.: 75 obj.: 0.0707325272 vol.: 0.5000000000 ch.: 0.0290011869
it.: 76 obj.: 0.0707360280 vol.: 0.5000000000 ch.: 0.0228746546
it.: 77 obj.: 0.0707393090 vol.: 0.5000000000 ch.: 0.0231036827
it.: 78 obj.: 0.0707424866 vol.: 0.5000000000 ch.: 0.0189719907
it.: 79 obj.: 0.0707455258 vol.: 0.5000000000 ch.: 0.0191453453
it.: 80 obj.: 0.0707484962 vol.: 0.5000000000 ch.: 0.0192798312
it.: 81 obj.: 0.0707513925 vol.: 0.5000000000 ch.: 0.0194525039
it.: 82 obj.: 0.0707541874 vol.: 0.5000000000 ch.: 0.0196109511
it.: 83 obj.: 0.0707569777 vol.: 0.5000000000 ch.: 0.0197669984
it.: 84 obj.: 0.0707598548 vol.: 0.5000000000 ch.: 0.0198814957
it.: 85 obj.: 0.0707627808 vol.: 0.5000000000 ch.: 0.0200010633
it.: 86 obj.: 0.0707658237 vol.: 0.5000000000 ch.: 0.0200991113
it.: 87 obj.: 0.0707690481 vol.: 0.5000000000 ch.: 0.0200948694
it.: 88 obj.: 0.0707724361 vol.: 0.5000000000 ch.: 0.0221040274
it.: 89 obj.: 0.0707760994 vol.: 0.5000000000 ch.: 0.0228656817
it.: 90 obj.: 0.0707801250 vol.: 0.5000000000 ch.: 0.0234887387
it.: 91 obj.: 0.0707845100 vol.: 0.5000000000 ch.: 0.0261685812
it.: 92 obj.: 0.0707893424 vol.: 0.5000000000 ch.: 0.0288248559
it.: 93 obj.: 0.0707946483 vol.: 0.5000000000 ch.: 0.0290992752
it.: 94 obj.: 0.0708001171 vol.: 0.5000000000 ch.: 0.0293537593
it.: 95 obj.: 0.0708055521 vol.: 0.5000000000 ch.: 0.0317285410
it.: 96 obj.: 0.0708110074 vol.: 0.5000000000 ch.: 0.0306013386
it.: 97 obj.: 0.0708161415 vol.: 0.5000000000 ch.: 0.0324364452
it.: 98 obj.: 0.0708211401 vol.: 0.5000000000 ch.: 0.0298102499
it.: 99 obj.: 0.0708258647 vol.: 0.5000000000 ch.: 0.0313297492
it.: 100 obj.: 0.0708302647 vol.: 0.5000000000 ch.: 0.0283584139
Parameter beta increased to 2
it.: 101 obj.: 0.0708344586 vol.: 0.5000000000 ch.: 0.0355164392
it.: 102 obj.: 0.0715723637 vol.: 0.5000000000 ch.: 0.0356774455
it.: 103 obj.: 0.0716629208 vol.: 0.5000000000 ch.: 0.0333798555
it.: 104 obj.: 0.0717183568 vol.: 0.5000000000 ch.: 0.0324595624
it.: 105 obj.: 0.0717508018 vol.: 0.5000000000 ch.: 0.0320690846
it.: 106 obj.: 0.0717775256 vol.: 0.5000000000 ch.: 0.0323384758
it.: 107 obj.: 0.0717984889 vol.: 0.5000000000 ch.: 0.0320521603
it.: 108 obj.: 0.0718163727 vol.: 0.5000000000 ch.: 0.0321502893
it.: 109 obj.: 0.0718317381 vol.: 0.5000000000 ch.: 0.0302656474
it.: 110 obj.: 0.0718452528 vol.: 0.5000000000 ch.: 0.0301985408
it.: 111 obj.: 0.0718575057 vol.: 0.5000000000 ch.: 0.0311823665
it.: 112 obj.: 0.0718686533 vol.: 0.5000000000 ch.: 0.0322716299
it.: 113 obj.: 0.0718789842 vol.: 0.5000000000 ch.: 0.0298823196
it.: 114 obj.: 0.0718883382 vol.: 0.5000000000 ch.: 0.0279141790
it.: 115 obj.: 0.0718969380 vol.: 0.5000000000 ch.: 0.0277439061
it.: 116 obj.: 0.0719049349 vol.: 0.5000000000 ch.: 0.0275869574
it.: 117 obj.: 0.0719125243 vol.: 0.5000000000 ch.: 0.0276487418
it.: 118 obj.: 0.0719197474 vol.: 0.5000000000 ch.: 0.0277257977
it.: 119 obj.: 0.0719266643 vol.: 0.5000000000 ch.: 0.0278160580
it.: 120 obj.: 0.0719333293 vol.: 0.5000000000 ch.: 0.0279160957
it.: 121 obj.: 0.0719397275 vol.: 0.5000000000 ch.: 0.0280716302
it.: 122 obj.: 0.0719458013 vol.: 0.5000000000 ch.: 0.0287007845
it.: 123 obj.: 0.0719516958 vol.: 0.5000000000 ch.: 0.0293080236
it.: 124 obj.: 0.0719573856 vol.: 0.5000000000 ch.: 0.0283879397
it.: 125 obj.: 0.0719628557 vol.: 0.5000000000 ch.: 0.0285236900
it.: 126 obj.: 0.0719681140 vol.: 0.5000000000 ch.: 0.0286620788
it.: 127 obj.: 0.0719732485 vol.: 0.5000000000 ch.: 0.0284366905
it.: 128 obj.: 0.0719781650 vol.: 0.5000000000 ch.: 0.0285940053
it.: 129 obj.: 0.0719828682 vol.: 0.5000000000 ch.: 0.0287300347
it.: 130 obj.: 0.0719874100 vol.: 0.5000000000 ch.: 0.0288636402
it.: 131 obj.: 0.0719918091 vol.: 0.5000000000 ch.: 0.0290053502
it.: 132 obj.: 0.0719961194 vol.: 0.5000000000 ch.: 0.0291505813
it.: 133 obj.: 0.0720002750 vol.: 0.5000000000 ch.: 0.0284300032
it.: 134 obj.: 0.0720042880 vol.: 0.5000000000 ch.: 0.0285912402
it.: 135 obj.: 0.0720081157 vol.: 0.5000000000 ch.: 0.0275022967
it.: 136 obj.: 0.0720116565 vol.: 0.5000000000 ch.: 0.0269151571
it.: 137 obj.: 0.0720149473 vol.: 0.5000000000 ch.: 0.0245886539
it.: 138 obj.: 0.0720180055 vol.: 0.5000000000 ch.: 0.0247088296
it.: 139 obj.: 0.0720208662 vol.: 0.5000000000 ch.: 0.0248062840
it.: 140 obj.: 0.0720235938 vol.: 0.5000000000 ch.: 0.0248965551
it.: 141 obj.: 0.0720262223 vol.: 0.5000000000 ch.: 0.0217839524
it.: 142 obj.: 0.0720286542 vol.: 0.5000000000 ch.: 0.0218657130
it.: 143 obj.: 0.0720309366 vol.: 0.5000000000 ch.: 0.0219403527
it.: 144 obj.: 0.0720331433 vol.: 0.5000000000 ch.: 0.0220126957
it.: 145 obj.: 0.0720352821 vol.: 0.5000000000 ch.: 0.0220942843
it.: 146 obj.: 0.0720372768 vol.: 0.5000000000 ch.: 0.0216417777
it.: 147 obj.: 0.0720391907 vol.: 0.5000000000 ch.: 0.0219076251
it.: 148 obj.: 0.0720409910 vol.: 0.5000000000 ch.: 0.0221599227
it.: 149 obj.: 0.0720427195 vol.: 0.5000000000 ch.: 0.0224041816
it.: 150 obj.: 0.0720443969 vol.: 0.5000000000 ch.: 0.0193380019
it.: 151 obj.: 0.0720460034 vol.: 0.5000000000 ch.: 0.0192159852
it.: 152 obj.: 0.0720475393 vol.: 0.5000000000 ch.: 0.0193309316
it.: 153 obj.: 0.0720490294 vol.: 0.5000000000 ch.: 0.0194457341
it.: 154 obj.: 0.0720504636 vol.: 0.5000000000 ch.: 0.0195661782
it.: 155 obj.: 0.0720518471 vol.: 0.5000000000 ch.: 0.0196962089
it.: 156 obj.: 0.0720532648 vol.: 0.5000000000 ch.: 0.0198274632
it.: 157 obj.: 0.0720546352 vol.: 0.5000000000 ch.: 0.0199557841
it.: 158 obj.: 0.0720559092 vol.: 0.5000000000 ch.: 0.0200883148
it.: 159 obj.: 0.0720571967 vol.: 0.5000000000 ch.: 0.0202223268
it.: 160 obj.: 0.0720584923 vol.: 0.5000000000 ch.: 0.0203556043
it.: 161 obj.: 0.0720597143 vol.: 0.5000000000 ch.: 0.0194239270
it.: 162 obj.: 0.0720608585 vol.: 0.5000000000 ch.: 0.0197113056
it.: 163 obj.: 0.0720619517 vol.: 0.5000000000 ch.: 0.0199502112
it.: 164 obj.: 0.0720630251 vol.: 0.5000000000 ch.: 0.0201778110
it.: 165 obj.: 0.0720641166 vol.: 0.5000000000 ch.: 0.0204049596
it.: 166 obj.: 0.0720651649 vol.: 0.5000000000 ch.: 0.0206388112
it.: 167 obj.: 0.0720662142 vol.: 0.5000000000 ch.: 0.0208614251
it.: 168 obj.: 0.0720673219 vol.: 0.5000000000 ch.: 0.0210985016
it.: 169 obj.: 0.0720683676 vol.: 0.5000000000 ch.: 0.0213478631
it.: 170 obj.: 0.0720693503 vol.: 0.5000000000 ch.: 0.0216055129
it.: 171 obj.: 0.0720703959 vol.: 0.5000000000 ch.: 0.0218760183
it.: 172 obj.: 0.0720714361 vol.: 0.5000000000 ch.: 0.0221457194
it.: 173 obj.: 0.0720723902 vol.: 0.5000000000 ch.: 0.0224173183
it.: 174 obj.: 0.0720733159 vol.: 0.5000000000 ch.: 0.0226977571
it.: 175 obj.: 0.0720742787 vol.: 0.5000000000 ch.: 0.0229904682
it.: 176 obj.: 0.0720752521 vol.: 0.5000000000 ch.: 0.0232882599
it.: 177 obj.: 0.0720761887 vol.: 0.5000000000 ch.: 0.0236031552
it.: 178 obj.: 0.0720770746 vol.: 0.5000000000 ch.: 0.0239211549
it.: 179 obj.: 0.0720780184 vol.: 0.5000000000 ch.: 0.0242558342
it.: 180 obj.: 0.0720790315 vol.: 0.5000000000 ch.: 0.0245998185
it.: 181 obj.: 0.0720799725 vol.: 0.5000000000 ch.: 0.0215840040
it.: 182 obj.: 0.0720808594 vol.: 0.5000000000 ch.: 0.0219768477
it.: 183 obj.: 0.0720817708 vol.: 0.5000000000 ch.: 0.0223790341
it.: 184 obj.: 0.0720826196 vol.: 0.5000000000 ch.: 0.0227111336
it.: 185 obj.: 0.0720833911 vol.: 0.5000000000 ch.: 0.0230308183
it.: 186 obj.: 0.0720841941 vol.: 0.5000000000 ch.: 0.0233413569
it.: 187 obj.: 0.0720849765 vol.: 0.5000000000 ch.: 0.0236621830
it.: 188 obj.: 0.0720857391 vol.: 0.5000000000 ch.: 0.0186010807
it.: 189 obj.: 0.0720865105 vol.: 0.5000000000 ch.: 0.0160193105
it.: 190 obj.: 0.0720872229 vol.: 0.5000000000 ch.: 0.0160235290
it.: 191 obj.: 0.0720879461 vol.: 0.5000000000 ch.: 0.0160336939
it.: 192 obj.: 0.0720886920 vol.: 0.5000000000 ch.: 0.0160425413
it.: 193 obj.: 0.0720893971 vol.: 0.5000000000 ch.: 0.0131158773
it.: 194 obj.: 0.0720900841 vol.: 0.5000000000 ch.: 0.0133355845
it.: 195 obj.: 0.0720907442 vol.: 0.5000000000 ch.: 0.0135482951
it.: 196 obj.: 0.0720914128 vol.: 0.5000000000 ch.: 0.0137470525
it.: 197 obj.: 0.0720921552 vol.: 0.5000000000 ch.: 0.0139460831
it.: 198 obj.: 0.0720928662 vol.: 0.5000000000 ch.: 0.0141463355
it.: 199 obj.: 0.0720935458 vol.: 0.5000000000 ch.: 0.0143439716
it.: 200 obj.: 0.0720942586 vol.: 0.5000000000 ch.: 0.0145313392
Parameter beta increased to 4
it.: 201 obj.: 0.0720950009 vol.: 0.5000000000 ch.: 0.0412105875
it.: 202 obj.: 0.0728386053 vol.: 0.5000000000 ch.: 0.0461827789
it.: 203 obj.: 0.0737875307 vol.: 0.5000000000 ch.: 0.0435691001
it.: 204 obj.: 0.0741653162 vol.: 0.5000000000 ch.: 0.0417005733
it.: 205 obj.: 0.0743499809 vol.: 0.5000000000 ch.: 0.0416301250
it.: 206 obj.: 0.0745046965 vol.: 0.5000000000 ch.: 0.0397021536
it.: 207 obj.: 0.0746080945 vol.: 0.5000000000 ch.: 0.0394396932
it.: 208 obj.: 0.0747239408 vol.: 0.5000000000 ch.: 0.0385251926
it.: 209 obj.: 0.0748123426 vol.: 0.5000000000 ch.: 0.0387885019
it.: 210 obj.: 0.0749011126 vol.: 0.5000000000 ch.: 0.0385202468
it.: 211 obj.: 0.0749697729 vol.: 0.5000000000 ch.: 0.0384891033
it.: 212 obj.: 0.0750306973 vol.: 0.5000000000 ch.: 0.0383495590
it.: 213 obj.: 0.0750845809 vol.: 0.5000000000 ch.: 0.0382092824
it.: 214 obj.: 0.0751339793 vol.: 0.5000000000 ch.: 0.0380625789
it.: 215 obj.: 0.0751797162 vol.: 0.5000000000 ch.: 0.0379447860
it.: 216 obj.: 0.0752219918 vol.: 0.5000000000 ch.: 0.0378303928
it.: 217 obj.: 0.0752610684 vol.: 0.5000000000 ch.: 0.0376925237
it.: 218 obj.: 0.0752973571 vol.: 0.5000000000 ch.: 0.0375507746
it.: 219 obj.: 0.0753313086 vol.: 0.5000000000 ch.: 0.0374040124
it.: 220 obj.: 0.0753628101 vol.: 0.5000000000 ch.: 0.0372612927
it.: 221 obj.: 0.0753921715 vol.: 0.5000000000 ch.: 0.0371388695
it.: 222 obj.: 0.0754199712 vol.: 0.5000000000 ch.: 0.0370202376
it.: 223 obj.: 0.0754465123 vol.: 0.5000000000 ch.: 0.0369009118
it.: 224 obj.: 0.0754721269 vol.: 0.5000000000 ch.: 0.0364131849
it.: 225 obj.: 0.0754967441 vol.: 0.5000000000 ch.: 0.0352732134
it.: 226 obj.: 0.0755202252 vol.: 0.5000000000 ch.: 0.0351495479
it.: 227 obj.: 0.0755425893 vol.: 0.5000000000 ch.: 0.0346358718
it.: 228 obj.: 0.0755639216 vol.: 0.5000000000 ch.: 0.0345060508
it.: 229 obj.: 0.0755844594 vol.: 0.5000000000 ch.: 0.0344320282
it.: 230 obj.: 0.0756039699 vol.: 0.5000000000 ch.: 0.0342136218
it.: 231 obj.: 0.0756224894 vol.: 0.5000000000 ch.: 0.0336676639
it.: 232 obj.: 0.0756398856 vol.: 0.5000000000 ch.: 0.0325996992
it.: 233 obj.: 0.0756563756 vol.: 0.5000000000 ch.: 0.0316641197
it.: 234 obj.: 0.0756719944 vol.: 0.5000000000 ch.: 0.0305107861
it.: 235 obj.: 0.0756862489 vol.: 0.5000000000 ch.: 0.0300959691
it.: 236 obj.: 0.0756999164 vol.: 0.5000000000 ch.: 0.0295553087
it.: 237 obj.: 0.0757122895 vol.: 0.5000000000 ch.: 0.0278669596
it.: 238 obj.: 0.0757243487 vol.: 0.5000000000 ch.: 0.0272393435
it.: 239 obj.: 0.0757353100 vol.: 0.5000000000 ch.: 0.0278025200
it.: 240 obj.: 0.0757460118 vol.: 0.5000000000 ch.: 0.0265506941
it.: 241 obj.: 0.0757563805 vol.: 0.5000000000 ch.: 0.0262195346
it.: 242 obj.: 0.0757660722 vol.: 0.5000000000 ch.: 0.0252503889
it.: 243 obj.: 0.0757756025 vol.: 0.5000000000 ch.: 0.0251316640
it.: 244 obj.: 0.0757846617 vol.: 0.5000000000 ch.: 0.0252999017
it.: 245 obj.: 0.0757935748 vol.: 0.5000000000 ch.: 0.0240443286
it.: 246 obj.: 0.0758022926 vol.: 0.5000000000 ch.: 0.0240005823
it.: 247 obj.: 0.0758108730 vol.: 0.5000000000 ch.: 0.0243036873
it.: 248 obj.: 0.0758192245 vol.: 0.5000000000 ch.: 0.0244659471
it.: 249 obj.: 0.0758270959 vol.: 0.5000000000 ch.: 0.0245402054
it.: 250 obj.: 0.0758348360 vol.: 0.5000000000 ch.: 0.0246846802
it.: 251 obj.: 0.0758425660 vol.: 0.5000000000 ch.: 0.0238746395
it.: 252 obj.: 0.0758499915 vol.: 0.5000000000 ch.: 0.0240857571
it.: 253 obj.: 0.0758570019 vol.: 0.5000000000 ch.: 0.0232866897
it.: 254 obj.: 0.0758637299 vol.: 0.5000000000 ch.: 0.0235459764
it.: 255 obj.: 0.0758702311 vol.: 0.5000000000 ch.: 0.0237962190
it.: 256 obj.: 0.0758765255 vol.: 0.5000000000 ch.: 0.0240483520
it.: 257 obj.: 0.0758825773 vol.: 0.5000000000 ch.: 0.0243222599
it.: 258 obj.: 0.0758883456 vol.: 0.5000000000 ch.: 0.0245863559
it.: 259 obj.: 0.0758940127 vol.: 0.5000000000 ch.: 0.0248500977
it.: 260 obj.: 0.0758995717 vol.: 0.5000000000 ch.: 0.0250995461
it.: 261 obj.: 0.0759048612 vol.: 0.5000000000 ch.: 0.0229005346
it.: 262 obj.: 0.0759098342 vol.: 0.5000000000 ch.: 0.0212804490
it.: 263 obj.: 0.0759146560 vol.: 0.5000000000 ch.: 0.0217369817
it.: 264 obj.: 0.0759193293 vol.: 0.5000000000 ch.: 0.0220589698
it.: 265 obj.: 0.0759239383 vol.: 0.5000000000 ch.: 0.0224520111
it.: 266 obj.: 0.0759284087 vol.: 0.5000000000 ch.: 0.0227386654
it.: 267 obj.: 0.0759326386 vol.: 0.5000000000 ch.: 0.0231937138
it.: 268 obj.: 0.0759367455 vol.: 0.5000000000 ch.: 0.0233948570
it.: 269 obj.: 0.0759407671 vol.: 0.5000000000 ch.: 0.0239923923
it.: 270 obj.: 0.0759445340 vol.: 0.5000000000 ch.: 0.0241033382
it.: 271 obj.: 0.0759483744 vol.: 0.5000000000 ch.: 0.0248084414
it.: 272 obj.: 0.0759520639 vol.: 0.5000000000 ch.: 0.0248037199
it.: 273 obj.: 0.0759556316 vol.: 0.5000000000 ch.: 0.0255667280
it.: 274 obj.: 0.0759590307 vol.: 0.5000000000 ch.: 0.0255504805
it.: 275 obj.: 0.0759625968 vol.: 0.5000000000 ch.: 0.0262172756
it.: 276 obj.: 0.0759661576 vol.: 0.5000000000 ch.: 0.0263097072
it.: 277 obj.: 0.0759698416 vol.: 0.5000000000 ch.: 0.0268458784
it.: 278 obj.: 0.0759733579 vol.: 0.5000000000 ch.: 0.0270669671
it.: 279 obj.: 0.0759766813 vol.: 0.5000000000 ch.: 0.0274820961
it.: 280 obj.: 0.0759800234 vol.: 0.5000000000 ch.: 0.0277289222
it.: 281 obj.: 0.0759835675 vol.: 0.5000000000 ch.: 0.0217216128
it.: 282 obj.: 0.0759869908 vol.: 0.5000000000 ch.: 0.0220552932
it.: 283 obj.: 0.0759903182 vol.: 0.5000000000 ch.: 0.0224740803
it.: 284 obj.: 0.0759936200 vol.: 0.5000000000 ch.: 0.0228230400
it.: 285 obj.: 0.0759967677 vol.: 0.5000000000 ch.: 0.0231582400
it.: 286 obj.: 0.0759999712 vol.: 0.5000000000 ch.: 0.0234544806
it.: 287 obj.: 0.0760032046 vol.: 0.5000000000 ch.: 0.0237360859
it.: 288 obj.: 0.0760062834 vol.: 0.5000000000 ch.: 0.0239621443
it.: 289 obj.: 0.0760092891 vol.: 0.5000000000 ch.: 0.0242143308
it.: 290 obj.: 0.0760122792 vol.: 0.5000000000 ch.: 0.0244763921
it.: 291 obj.: 0.0760151922 vol.: 0.5000000000 ch.: 0.0247319840
it.: 292 obj.: 0.0760181521 vol.: 0.5000000000 ch.: 0.0249920759
it.: 293 obj.: 0.0760210855 vol.: 0.5000000000 ch.: 0.0252774614
it.: 294 obj.: 0.0760239168 vol.: 0.5000000000 ch.: 0.0255549257
it.: 295 obj.: 0.0760267665 vol.: 0.5000000000 ch.: 0.0239634354
it.: 296 obj.: 0.0760294919 vol.: 0.5000000000 ch.: 0.0240474305
it.: 297 obj.: 0.0760320364 vol.: 0.5000000000 ch.: 0.0242980230
it.: 298 obj.: 0.0760346987 vol.: 0.5000000000 ch.: 0.0218401515
it.: 299 obj.: 0.0760371803 vol.: 0.5000000000 ch.: 0.0221780762
it.: 300 obj.: 0.0760394331 vol.: 0.5000000000 ch.: 0.0224970013
Parameter beta increased to 8
it.: 301 obj.: 0.0760417728 vol.: 0.5000000000 ch.: 0.0422395452
it.: 302 obj.: 0.0776114618 vol.: 0.5000000000 ch.: 0.0492510657
it.: 303 obj.: 0.0798042045 vol.: 0.5000000000 ch.: 0.0487957981
it.: 304 obj.: 0.0804515011 vol.: 0.5000000000 ch.: 0.0481028895
it.: 305 obj.: 0.0807244066 vol.: 0.5000000000 ch.: 0.0472797995
it.: 306 obj.: 0.0808385684 vol.: 0.5000000000 ch.: 0.0460621955
it.: 307 obj.: 0.0809675524 vol.: 0.5000000000 ch.: 0.0450633349
it.: 308 obj.: 0.0810386744 vol.: 0.5000000000 ch.: 0.0455662464
it.: 309 obj.: 0.0811236682 vol.: 0.5000000000 ch.: 0.0443049327
it.: 310 obj.: 0.0811763856 vol.: 0.5000000000 ch.: 0.0446695375
it.: 311 obj.: 0.0812274045 vol.: 0.5000000000 ch.: 0.0447770858
it.: 312 obj.: 0.0813032436 vol.: 0.5000000000 ch.: 0.0387360927
it.: 313 obj.: 0.0813648258 vol.: 0.5000000000 ch.: 0.0424689622
it.: 314 obj.: 0.0814195425 vol.: 0.5000000000 ch.: 0.0367689253
it.: 315 obj.: 0.0814520572 vol.: 0.5000000000 ch.: 0.0370156292
it.: 316 obj.: 0.0814797071 vol.: 0.5000000000 ch.: 0.0355345995
it.: 317 obj.: 0.0815034427 vol.: 0.5000000000 ch.: 0.0351886841
it.: 318 obj.: 0.0815261126 vol.: 0.5000000000 ch.: 0.0345507000
it.: 319 obj.: 0.0815481994 vol.: 0.5000000000 ch.: 0.0341619978
it.: 320 obj.: 0.0815699293 vol.: 0.5000000000 ch.: 0.0336404265
it.: 321 obj.: 0.0815917325 vol.: 0.5000000000 ch.: 0.0333078979
it.: 322 obj.: 0.0816133732 vol.: 0.5000000000 ch.: 0.0331658003
it.: 323 obj.: 0.0816351726 vol.: 0.5000000000 ch.: 0.0329523881
it.: 324 obj.: 0.0816570578 vol.: 0.5000000000 ch.: 0.0328062025
it.: 325 obj.: 0.0816787029 vol.: 0.5000000000 ch.: 0.0322631192
it.: 326 obj.: 0.0817000122 vol.: 0.5000000000 ch.: 0.0313471663
it.: 327 obj.: 0.0817209673 vol.: 0.5000000000 ch.: 0.0315502075
it.: 328 obj.: 0.0817414196 vol.: 0.5000000000 ch.: 0.0304356226
it.: 329 obj.: 0.0817609651 vol.: 0.5000000000 ch.: 0.0306476474
it.: 330 obj.: 0.0817784788 vol.: 0.5000000000 ch.: 0.0320378268
it.: 331 obj.: 0.0817926325 vol.: 0.5000000000 ch.: 0.0378310658
it.: 332 obj.: 0.0818049901 vol.: 0.5000000000 ch.: 0.0364571277
it.: 333 obj.: 0.0818168937 vol.: 0.5000000000 ch.: 0.0377952563
it.: 334 obj.: 0.0818289727 vol.: 0.5000000000 ch.: 0.0351690974
it.: 335 obj.: 0.0818357956 vol.: 0.5000000000 ch.: 0.0398493015
it.: 336 obj.: 0.0818471342 vol.: 0.5000000000 ch.: 0.0405200818
it.: 337 obj.: 0.0818675628 vol.: 0.5000000000 ch.: 0.0362173643
it.: 338 obj.: 0.0818893369 vol.: 0.5000000000 ch.: 0.0300637879
it.: 339 obj.: 0.0819058447 vol.: 0.5000000000 ch.: 0.0301855294
it.: 340 obj.: 0.0819176375 vol.: 0.5000000000 ch.: 0.0286465660
it.: 341 obj.: 0.0819287843 vol.: 0.5000000000 ch.: 0.0290971834
it.: 342 obj.: 0.0819398591 vol.: 0.5000000000 ch.: 0.0288642685
it.: 343 obj.: 0.0819509578 vol.: 0.5000000000 ch.: 0.0287989081
it.: 344 obj.: 0.0819619229 vol.: 0.5000000000 ch.: 0.0286979620
it.: 345 obj.: 0.0819729905 vol.: 0.5000000000 ch.: 0.0285792841
it.: 346 obj.: 0.0819842394 vol.: 0.5000000000 ch.: 0.0285167597
it.: 347 obj.: 0.0819954144 vol.: 0.5000000000 ch.: 0.0285487233
it.: 348 obj.: 0.0820066009 vol.: 0.5000000000 ch.: 0.0285026634
it.: 349 obj.: 0.0820178342 vol.: 0.5000000000 ch.: 0.0283978452
it.: 350 obj.: 0.0820291444 vol.: 0.5000000000 ch.: 0.0285245970
it.: 351 obj.: 0.0820404038 vol.: 0.5000000000 ch.: 0.0290448710
it.: 352 obj.: 0.0820516588 vol.: 0.5000000000 ch.: 0.0294540461
it.: 353 obj.: 0.0820629209 vol.: 0.5000000000 ch.: 0.0295712192
it.: 354 obj.: 0.0820739032 vol.: 0.5000000000 ch.: 0.0293396985
it.: 355 obj.: 0.0820848405 vol.: 0.5000000000 ch.: 0.0294537664
it.: 356 obj.: 0.0820957281 vol.: 0.5000000000 ch.: 0.0294330013
it.: 357 obj.: 0.0821060990 vol.: 0.5000000000 ch.: 0.0297545112
it.: 358 obj.: 0.0821148666 vol.: 0.5000000000 ch.: 0.0302032063
it.: 359 obj.: 0.0821180521 vol.: 0.5000000000 ch.: 0.0346127444
it.: 360 obj.: 0.0821149982 vol.: 0.5000000000 ch.: 0.0388059212
it.: 361 obj.: 0.0821183570 vol.: 0.5000000000 ch.: 0.0373980397
it.: 362 obj.: 0.0821337473 vol.: 0.5000000000 ch.: 0.0343274825
it.: 363 obj.: 0.0821514159 vol.: 0.5000000000 ch.: 0.0322842937
it.: 364 obj.: 0.0821657312 vol.: 0.5000000000 ch.: 0.0297764323
it.: 365 obj.: 0.0821751376 vol.: 0.5000000000 ch.: 0.0291606812
it.: 366 obj.: 0.0821823017 vol.: 0.5000000000 ch.: 0.0294911982
it.: 367 obj.: 0.0821895492 vol.: 0.5000000000 ch.: 0.0294195212
it.: 368 obj.: 0.0821966633 vol.: 0.5000000000 ch.: 0.0293474220
it.: 369 obj.: 0.0822037379 vol.: 0.5000000000 ch.: 0.0293180961
it.: 370 obj.: 0.0822109830 vol.: 0.5000000000 ch.: 0.0294855890
it.: 371 obj.: 0.0822184368 vol.: 0.5000000000 ch.: 0.0263308813
it.: 372 obj.: 0.0822258568 vol.: 0.5000000000 ch.: 0.0265932332
it.: 373 obj.: 0.0822331593 vol.: 0.5000000000 ch.: 0.0269372344
it.: 374 obj.: 0.0822402105 vol.: 0.5000000000 ch.: 0.0272195884
it.: 375 obj.: 0.0822471389 vol.: 0.5000000000 ch.: 0.0273326327
it.: 376 obj.: 0.0822541373 vol.: 0.5000000000 ch.: 0.0266672564
it.: 377 obj.: 0.0822611845 vol.: 0.5000000000 ch.: 0.0267839036
it.: 378 obj.: 0.0822680521 vol.: 0.5000000000 ch.: 0.0269420282
it.: 379 obj.: 0.0822747797 vol.: 0.5000000000 ch.: 0.0270642009
it.: 380 obj.: 0.0822815993 vol.: 0.5000000000 ch.: 0.0272108865
it.: 381 obj.: 0.0822883755 vol.: 0.5000000000 ch.: 0.0262912584
it.: 382 obj.: 0.0822950421 vol.: 0.5000000000 ch.: 0.0263719538
it.: 383 obj.: 0.0823016046 vol.: 0.5000000000 ch.: 0.0257051301
it.: 384 obj.: 0.0823078288 vol.: 0.5000000000 ch.: 0.0248569717
it.: 385 obj.: 0.0823132356 vol.: 0.5000000000 ch.: 0.0275315730
it.: 386 obj.: 0.0823154430 vol.: 0.5000000000 ch.: 0.0339118783
it.: 387 obj.: 0.0823136288 vol.: 0.5000000000 ch.: 0.0349736391
it.: 388 obj.: 0.0823148295 vol.: 0.5000000000 ch.: 0.0368093685
it.: 389 obj.: 0.0823216139 vol.: 0.5000000000 ch.: 0.0378892793
it.: 390 obj.: 0.0823336321 vol.: 0.5000000000 ch.: 0.0317336432
it.: 391 obj.: 0.0823429483 vol.: 0.5000000000 ch.: 0.0284036301
it.: 392 obj.: 0.0823506619 vol.: 0.5000000000 ch.: 0.0256893308
it.: 393 obj.: 0.0823560150 vol.: 0.5000000000 ch.: 0.0245978027
it.: 394 obj.: 0.0823606932 vol.: 0.5000000000 ch.: 0.0233809707
it.: 395 obj.: 0.0823655290 vol.: 0.5000000000 ch.: 0.0237053916
it.: 396 obj.: 0.0823705075 vol.: 0.5000000000 ch.: 0.0240657108
it.: 397 obj.: 0.0823754959 vol.: 0.5000000000 ch.: 0.0243092449
it.: 398 obj.: 0.0823803533 vol.: 0.5000000000 ch.: 0.0220233997
it.: 399 obj.: 0.0823851336 vol.: 0.5000000000 ch.: 0.0220053527
it.: 400 obj.: 0.0823899466 vol.: 0.5000000000 ch.: 0.0223264517
Parameter beta increased to 16
it.: 401 obj.: 0.0823948567 vol.: 0.5000000000 ch.: 0.0424127972
it.: 402 obj.: 0.0834494002 vol.: 0.5000000000 ch.: 0.0493419958
it.: 403 obj.: 0.0852941420 vol.: 0.5000000000 ch.: 0.0485280725
it.: 404 obj.: 0.0860657895 vol.: 0.5000000000 ch.: 0.0475495646
it.: 405 obj.: 0.0864153165 vol.: 0.5000000000 ch.: 0.0461731773
it.: 406 obj.: 0.0866049994 vol.: 0.5000000000 ch.: 0.0460218453
it.: 407 obj.: 0.0867556237 vol.: 0.5000000000 ch.: 0.0460192292
it.: 408 obj.: 0.0868372432 vol.: 0.5000000000 ch.: 0.0478789806
it.: 409 obj.: 0.0869206107 vol.: 0.5000000000 ch.: 0.0470699831
it.: 410 obj.: 0.0869882193 vol.: 0.5000000000 ch.: 0.0457513959
it.: 411 obj.: 0.0870584258 vol.: 0.5000000000 ch.: 0.0460324600
it.: 412 obj.: 0.0871223645 vol.: 0.5000000000 ch.: 0.0419961363
it.: 413 obj.: 0.0871755608 vol.: 0.5000000000 ch.: 0.0424816081
it.: 414 obj.: 0.0872188458 vol.: 0.5000000000 ch.: 0.0390207331
it.: 415 obj.: 0.0872535367 vol.: 0.5000000000 ch.: 0.0397508508
it.: 416 obj.: 0.0872843068 vol.: 0.5000000000 ch.: 0.0389350585
it.: 417 obj.: 0.0873121859 vol.: 0.5000000000 ch.: 0.0382113928
it.: 418 obj.: 0.0873378808 vol.: 0.5000000000 ch.: 0.0362039764
it.: 419 obj.: 0.0873617885 vol.: 0.5000000000 ch.: 0.0362079947
it.: 420 obj.: 0.0873841327 vol.: 0.5000000000 ch.: 0.0365096431
it.: 421 obj.: 0.0874052832 vol.: 0.5000000000 ch.: 0.0358105919
it.: 422 obj.: 0.0874254712 vol.: 0.5000000000 ch.: 0.0370658355
it.: 423 obj.: 0.0874430981 vol.: 0.5000000000 ch.: 0.0380050446
it.: 424 obj.: 0.0874555425 vol.: 0.5000000000 ch.: 0.0410223288
it.: 425 obj.: 0.0874649015 vol.: 0.5000000000 ch.: 0.0418669696
it.: 426 obj.: 0.0874755359 vol.: 0.5000000000 ch.: 0.0421571667
it.: 427 obj.: 0.0874950872 vol.: 0.5000000000 ch.: 0.0434988919
it.: 428 obj.: 0.0875191386 vol.: 0.5000000000 ch.: 0.0403324356
it.: 429 obj.: 0.0875418598 vol.: 0.5000000000 ch.: 0.0348522220
it.: 430 obj.: 0.0875573952 vol.: 0.5000000000 ch.: 0.0335123382
it.: 431 obj.: 0.0875716239 vol.: 0.5000000000 ch.: 0.0314663988
it.: 432 obj.: 0.0875850226 vol.: 0.5000000000 ch.: 0.0324265348
it.: 433 obj.: 0.0875984863 vol.: 0.5000000000 ch.: 0.0323541025
it.: 434 obj.: 0.0876118123 vol.: 0.5000000000 ch.: 0.0317923575
it.: 435 obj.: 0.0876252649 vol.: 0.5000000000 ch.: 0.0313531721
it.: 436 obj.: 0.0876388194 vol.: 0.5000000000 ch.: 0.0316584699
it.: 437 obj.: 0.0876524571 vol.: 0.5000000000 ch.: 0.0314317008
it.: 438 obj.: 0.0876658484 vol.: 0.5000000000 ch.: 0.0323888092
it.: 439 obj.: 0.0876792004 vol.: 0.5000000000 ch.: 0.0329575914
it.: 440 obj.: 0.0876923909 vol.: 0.5000000000 ch.: 0.0336493899
it.: 441 obj.: 0.0877043225 vol.: 0.5000000000 ch.: 0.0334377664
it.: 442 obj.: 0.0877135488 vol.: 0.5000000000 ch.: 0.0359189671
it.: 443 obj.: 0.0877201802 vol.: 0.5000000000 ch.: 0.0402769909
it.: 444 obj.: 0.0877309565 vol.: 0.5000000000 ch.: 0.0373118834
it.: 445 obj.: 0.0877441463 vol.: 0.5000000000 ch.: 0.0373138509
it.: 446 obj.: 0.0877562880 vol.: 0.5000000000 ch.: 0.0415616103
it.: 447 obj.: 0.0877680084 vol.: 0.5000000000 ch.: 0.0396586628
it.: 448 obj.: 0.0877794436 vol.: 0.5000000000 ch.: 0.0385623184
it.: 449 obj.: 0.0877899751 vol.: 0.5000000000 ch.: 0.0370034583
it.: 450 obj.: 0.0877988272 vol.: 0.5000000000 ch.: 0.0375598986
it.: 451 obj.: 0.0878074696 vol.: 0.5000000000 ch.: 0.0333072266
it.: 452 obj.: 0.0878162887 vol.: 0.5000000000 ch.: 0.0374045362
it.: 453 obj.: 0.0878252485 vol.: 0.5000000000 ch.: 0.0305963724
it.: 454 obj.: 0.0878339839 vol.: 0.5000000000 ch.: 0.0337144372
it.: 455 obj.: 0.0878426020 vol.: 0.5000000000 ch.: 0.0288839494
it.: 456 obj.: 0.0878511252 vol.: 0.5000000000 ch.: 0.0315175048
it.: 457 obj.: 0.0878596486 vol.: 0.5000000000 ch.: 0.0290972291
it.: 458 obj.: 0.0878679919 vol.: 0.5000000000 ch.: 0.0312328544
it.: 459 obj.: 0.0878763434 vol.: 0.5000000000 ch.: 0.0273935709
it.: 460 obj.: 0.0878847491 vol.: 0.5000000000 ch.: 0.0289135975
it.: 461 obj.: 0.0878931934 vol.: 0.5000000000 ch.: 0.0275094800
it.: 462 obj.: 0.0879016641 vol.: 0.5000000000 ch.: 0.0308053201
it.: 463 obj.: 0.0879100434 vol.: 0.5000000000 ch.: 0.0285883056
it.: 464 obj.: 0.0879179409 vol.: 0.5000000000 ch.: 0.0352436232
it.: 465 obj.: 0.0879233295 vol.: 0.5000000000 ch.: 0.0340868788
it.: 466 obj.: 0.0879250753 vol.: 0.5000000000 ch.: 0.0398893845
it.: 467 obj.: 0.0879268397 vol.: 0.5000000000 ch.: 0.0397478342
it.: 468 obj.: 0.0879361328 vol.: 0.5000000000 ch.: 0.0370581196
it.: 469 obj.: 0.0879481496 vol.: 0.5000000000 ch.: 0.0333618761
it.: 470 obj.: 0.0879579706 vol.: 0.5000000000 ch.: 0.0236607821
it.: 471 obj.: 0.0879645668 vol.: 0.5000000000 ch.: 0.0281434254
it.: 472 obj.: 0.0879701984 vol.: 0.5000000000 ch.: 0.0257470014
it.: 473 obj.: 0.0879757438 vol.: 0.5000000000 ch.: 0.0267114938
it.: 474 obj.: 0.0879814310 vol.: 0.5000000000 ch.: 0.0266676024
it.: 475 obj.: 0.0879873258 vol.: 0.5000000000 ch.: 0.0271179011
it.: 476 obj.: 0.0879934184 vol.: 0.5000000000 ch.: 0.0273862331
it.: 477 obj.: 0.0879996161 vol.: 0.5000000000 ch.: 0.0276668025
it.: 478 obj.: 0.0880058993 vol.: 0.5000000000 ch.: 0.0274920360
it.: 479 obj.: 0.0880122847 vol.: 0.5000000000 ch.: 0.0275445304
it.: 480 obj.: 0.0880186251 vol.: 0.5000000000 ch.: 0.0283916430
it.: 481 obj.: 0.0880249653 vol.: 0.5000000000 ch.: 0.0290013174
it.: 482 obj.: 0.0880314907 vol.: 0.5000000000 ch.: 0.0291367019
it.: 483 obj.: 0.0880381377 vol.: 0.5000000000 ch.: 0.0294203581
it.: 484 obj.: 0.0880447946 vol.: 0.5000000000 ch.: 0.0288882097
it.: 485 obj.: 0.0880514849 vol.: 0.5000000000 ch.: 0.0298972265
it.: 486 obj.: 0.0880579248 vol.: 0.5000000000 ch.: 0.0281015582
it.: 487 obj.: 0.0880635896 vol.: 0.5000000000 ch.: 0.0324170790
it.: 488 obj.: 0.0880651563 vol.: 0.5000000000 ch.: 0.0378070837
it.: 489 obj.: 0.0880587051 vol.: 0.5000000000 ch.: 0.0417491905
it.: 490 obj.: 0.0880517640 vol.: 0.5000000000 ch.: 0.0423358578
it.: 491 obj.: 0.0880592937 vol.: 0.5000000000 ch.: 0.0409983391
it.: 492 obj.: 0.0880759877 vol.: 0.5000000000 ch.: 0.0369829857
it.: 493 obj.: 0.0880889422 vol.: 0.5000000000 ch.: 0.0290110040
it.: 494 obj.: 0.0880956525 vol.: 0.5000000000 ch.: 0.0227855693
it.: 495 obj.: 0.0880997523 vol.: 0.5000000000 ch.: 0.0185441932
it.: 496 obj.: 0.0881031464 vol.: 0.5000000000 ch.: 0.0194075127
it.: 497 obj.: 0.0881067058 vol.: 0.5000000000 ch.: 0.0204220320
it.: 498 obj.: 0.0881103781 vol.: 0.5000000000 ch.: 0.0178660685
it.: 499 obj.: 0.0881142024 vol.: 0.5000000000 ch.: 0.0180716842
it.: 500 obj.: 0.0881181549 vol.: 0.5000000000 ch.: 0.0183068611
Parameter beta increased to 32
it.: 501 obj.: 0.0881221922 vol.: 0.5000000000 ch.: 0.0458806160
it.: 502 obj.: 0.0896632056 vol.: 0.5000000000 ch.: 0.0496525299
it.: 503 obj.: 0.0912295245 vol.: 0.5000000000 ch.: 0.0490881929
it.: 504 obj.: 0.0917555361 vol.: 0.5000000000 ch.: 0.0479831327
it.: 505 obj.: 0.0919620026 vol.: 0.5000000000 ch.: 0.0456562097
it.: 506 obj.: 0.0920372719 vol.: 0.5000000000 ch.: 0.0460819501
it.: 507 obj.: 0.0920781497 vol.: 0.5000000000 ch.: 0.0466261889
it.: 508 obj.: 0.0921122769 vol.: 0.5000000000 ch.: 0.0461661883
it.: 509 obj.: 0.0921449135 vol.: 0.5000000000 ch.: 0.0472730198
it.: 510 obj.: 0.0921862665 vol.: 0.5000000000 ch.: 0.0418024317
it.: 511 obj.: 0.0922130121 vol.: 0.5000000000 ch.: 0.0446515172
it.: 512 obj.: 0.0922418614 vol.: 0.5000000000 ch.: 0.0402962248
it.: 513 obj.: 0.0922644736 vol.: 0.5000000000 ch.: 0.0401022557
it.: 514 obj.: 0.0922848822 vol.: 0.5000000000 ch.: 0.0438254332
it.: 515 obj.: 0.0923030158 vol.: 0.5000000000 ch.: 0.0430803917
it.: 516 obj.: 0.0923211927 vol.: 0.5000000000 ch.: 0.0457720445
it.: 517 obj.: 0.0923404521 vol.: 0.5000000000 ch.: 0.0421963646
it.: 518 obj.: 0.0923587242 vol.: 0.5000000000 ch.: 0.0383778412
it.: 519 obj.: 0.0923742743 vol.: 0.5000000000 ch.: 0.0373730889
it.: 520 obj.: 0.0923878415 vol.: 0.5000000000 ch.: 0.0347506311
it.: 521 obj.: 0.0923997382 vol.: 0.5000000000 ch.: 0.0331042548
it.: 522 obj.: 0.0924116469 vol.: 0.5000000000 ch.: 0.0297129547
it.: 523 obj.: 0.0924222652 vol.: 0.5000000000 ch.: 0.0340842862
it.: 524 obj.: 0.0924325292 vol.: 0.5000000000 ch.: 0.0338279160
it.: 525 obj.: 0.0924416261 vol.: 0.5000000000 ch.: 0.0382459930
it.: 526 obj.: 0.0924506534 vol.: 0.5000000000 ch.: 0.0384679309
it.: 527 obj.: 0.0924600562 vol.: 0.5000000000 ch.: 0.0420166612
it.: 528 obj.: 0.0924704363 vol.: 0.5000000000 ch.: 0.0356682394
it.: 529 obj.: 0.0924802550 vol.: 0.5000000000 ch.: 0.0319749070
it.: 530 obj.: 0.0924888999 vol.: 0.5000000000 ch.: 0.0386434899
it.: 531 obj.: 0.0924951985 vol.: 0.5000000000 ch.: 0.0409253580
it.: 532 obj.: 0.0925013545 vol.: 0.5000000000 ch.: 0.0410968053
it.: 533 obj.: 0.0925088391 vol.: 0.5000000000 ch.: 0.0417654788
it.: 534 obj.: 0.0925179862 vol.: 0.5000000000 ch.: 0.0385016579
it.: 535 obj.: 0.0925261373 vol.: 0.5000000000 ch.: 0.0330842679
it.: 536 obj.: 0.0925339967 vol.: 0.5000000000 ch.: 0.0348019544
it.: 537 obj.: 0.0925415722 vol.: 0.5000000000 ch.: 0.0238013694
it.: 538 obj.: 0.0925488787 vol.: 0.5000000000 ch.: 0.0251889369
it.: 539 obj.: 0.0925559563 vol.: 0.5000000000 ch.: 0.0223970382
it.: 540 obj.: 0.0925632051 vol.: 0.5000000000 ch.: 0.0250804127
it.: 541 obj.: 0.0925704451 vol.: 0.5000000000 ch.: 0.0261684591
it.: 542 obj.: 0.0925778717 vol.: 0.5000000000 ch.: 0.0285271636
it.: 543 obj.: 0.0925849577 vol.: 0.5000000000 ch.: 0.0343157753
it.: 544 obj.: 0.0925917617 vol.: 0.5000000000 ch.: 0.0350364251
it.: 545 obj.: 0.0925982362 vol.: 0.5000000000 ch.: 0.0378815178
it.: 546 obj.: 0.0926053376 vol.: 0.5000000000 ch.: 0.0325827467
it.: 547 obj.: 0.0926120049 vol.: 0.5000000000 ch.: 0.0395800109
it.: 548 obj.: 0.0926178879 vol.: 0.5000000000 ch.: 0.0349006726
it.: 549 obj.: 0.0926204217 vol.: 0.5000000000 ch.: 0.0419061634
it.: 550 obj.: 0.0926196398 vol.: 0.5000000000 ch.: 0.0458161626
it.: 551 obj.: 0.0926283017 vol.: 0.5000000000 ch.: 0.0436395099
it.: 552 obj.: 0.0926372718 vol.: 0.5000000000 ch.: 0.0427801973
it.: 553 obj.: 0.0926457023 vol.: 0.5000000000 ch.: 0.0349042314
it.: 554 obj.: 0.0926529001 vol.: 0.5000000000 ch.: 0.0358047740
it.: 555 obj.: 0.0926588158 vol.: 0.5000000000 ch.: 0.0290011904
it.: 556 obj.: 0.0926639359 vol.: 0.5000000000 ch.: 0.0260384830
it.: 557 obj.: 0.0926686466 vol.: 0.5000000000 ch.: 0.0251225317
it.: 558 obj.: 0.0926730664 vol.: 0.5000000000 ch.: 0.0190074855
it.: 559 obj.: 0.0926772920 vol.: 0.5000000000 ch.: 0.0209977992
it.: 560 obj.: 0.0926816855 vol.: 0.5000000000 ch.: 0.0203514075
it.: 561 obj.: 0.0926861727 vol.: 0.5000000000 ch.: 0.0210863720
it.: 562 obj.: 0.0926906043 vol.: 0.5000000000 ch.: 0.0210225002
it.: 563 obj.: 0.0926951255 vol.: 0.5000000000 ch.: 0.0217127321
it.: 564 obj.: 0.0926997123 vol.: 0.5000000000 ch.: 0.0162722276
it.: 565 obj.: 0.0927042840 vol.: 0.5000000000 ch.: 0.0163844494
it.: 566 obj.: 0.0927090678 vol.: 0.5000000000 ch.: 0.0162317099
it.: 567 obj.: 0.0927138897 vol.: 0.5000000000 ch.: 0.0254430767
it.: 568 obj.: 0.0927183158 vol.: 0.5000000000 ch.: 0.0295101326
it.: 569 obj.: 0.0927203647 vol.: 0.5000000000 ch.: 0.0422837593
it.: 570 obj.: 0.0927188224 vol.: 0.5000000000 ch.: 0.0424771378
it.: 571 obj.: 0.0927175033 vol.: 0.5000000000 ch.: 0.0441817681
it.: 572 obj.: 0.0927219900 vol.: 0.5000000000 ch.: 0.0393693718
it.: 573 obj.: 0.0927255691 vol.: 0.5000000000 ch.: 0.0451585397
it.: 574 obj.: 0.0927282604 vol.: 0.5000000000 ch.: 0.0432355312
it.: 575 obj.: 0.0927372702 vol.: 0.5000000000 ch.: 0.0405107186
it.: 576 obj.: 0.0927453744 vol.: 0.5000000000 ch.: 0.0272930507
it.: 577 obj.: 0.0927496050 vol.: 0.5000000000 ch.: 0.0179672113
it.: 578 obj.: 0.0927521676 vol.: 0.5000000000 ch.: 0.0159756859
it.: 579 obj.: 0.0927545779 vol.: 0.5000000000 ch.: 0.0159493970
it.: 580 obj.: 0.0927570685 vol.: 0.5000000000 ch.: 0.0158695892
it.: 581 obj.: 0.0927597677 vol.: 0.5000000000 ch.: 0.0157571756
it.: 582 obj.: 0.0927625713 vol.: 0.5000000000 ch.: 0.0156794408
it.: 583 obj.: 0.0927654578 vol.: 0.5000000000 ch.: 0.0156381259
it.: 584 obj.: 0.0927684949 vol.: 0.5000000000 ch.: 0.0157063281
it.: 585 obj.: 0.0927716300 vol.: 0.5000000000 ch.: 0.0157442772
it.: 586 obj.: 0.0927749184 vol.: 0.5000000000 ch.: 0.0156630291
it.: 587 obj.: 0.0927784209 vol.: 0.5000000000 ch.: 0.0155504396
it.: 588 obj.: 0.0927820414 vol.: 0.5000000000 ch.: 0.0153969196
it.: 589 obj.: 0.0927857824 vol.: 0.5000000000 ch.: 0.0155626304
it.: 590 obj.: 0.0927896475 vol.: 0.5000000000 ch.: 0.0176787301
it.: 591 obj.: 0.0927933972 vol.: 0.5000000000 ch.: 0.0254124261
it.: 592 obj.: 0.0927940712 vol.: 0.5000000000 ch.: 0.0407620914
it.: 593 obj.: 0.0927695096 vol.: 0.5000000000 ch.: 0.0459986780
it.: 594 obj.: 0.0927076898 vol.: 0.5000000000 ch.: 0.0473877715
it.: 595 obj.: 0.0927071327 vol.: 0.5000000000 ch.: 0.0478003572
it.: 596 obj.: 0.0927549067 vol.: 0.5000000000 ch.: 0.0459246303
it.: 597 obj.: 0.0927919827 vol.: 0.5000000000 ch.: 0.0406737405
it.: 598 obj.: 0.0928057600 vol.: 0.5000000000 ch.: 0.0259734418
it.: 599 obj.: 0.0928116859 vol.: 0.5000000000 ch.: 0.0176678995
it.: 600 obj.: 0.0928143955 vol.: 0.5000000000 ch.: 0.0150368854
Parameter beta increased to 64
it.: 601 obj.: 0.0928163137 vol.: 0.5000000000 ch.: 0.0457223851
it.: 602 obj.: 0.0940335595 vol.: 0.5000000000 ch.: 0.0498277844
it.: 603 obj.: 0.0955808583 vol.: 0.5000000000 ch.: 0.0493742632
it.: 604 obj.: 0.0958669125 vol.: 0.5000000000 ch.: 0.0464155846
it.: 605 obj.: 0.0959433415 vol.: 0.5000000000 ch.: 0.0444569190
it.: 606 obj.: 0.0959916845 vol.: 0.5000000000 ch.: 0.0395443740
it.: 607 obj.: 0.0960299544 vol.: 0.5000000000 ch.: 0.0406657680
it.: 608 obj.: 0.0960620973 vol.: 0.5000000000 ch.: 0.0410793325
it.: 609 obj.: 0.0960888587 vol.: 0.5000000000 ch.: 0.0420349072
it.: 610 obj.: 0.0961113850 vol.: 0.5000000000 ch.: 0.0412036384
it.: 611 obj.: 0.0961274132 vol.: 0.5000000000 ch.: 0.0429183839
it.: 612 obj.: 0.0961381178 vol.: 0.5000000000 ch.: 0.0461499213
it.: 613 obj.: 0.0961433541 vol.: 0.5000000000 ch.: 0.0448287632
it.: 614 obj.: 0.0961538245 vol.: 0.5000000000 ch.: 0.0432941764
it.: 615 obj.: 0.0961679308 vol.: 0.5000000000 ch.: 0.0432017017
it.: 616 obj.: 0.0961876165 vol.: 0.5000000000 ch.: 0.0432867118
it.: 617 obj.: 0.0962009943 vol.: 0.5000000000 ch.: 0.0321060404
it.: 618 obj.: 0.0962111225 vol.: 0.5000000000 ch.: 0.0336925929
it.: 619 obj.: 0.0962195452 vol.: 0.5000000000 ch.: 0.0296540186
it.: 620 obj.: 0.0962273595 vol.: 0.5000000000 ch.: 0.0281595816
it.: 621 obj.: 0.0962354180 vol.: 0.5000000000 ch.: 0.0268375635
it.: 622 obj.: 0.0962432481 vol.: 0.5000000000 ch.: 0.0253772438
it.: 623 obj.: 0.0962507710 vol.: 0.5000000000 ch.: 0.0258098451
it.: 624 obj.: 0.0962582056 vol.: 0.5000000000 ch.: 0.0299482959
it.: 625 obj.: 0.0962653911 vol.: 0.5000000000 ch.: 0.0321509726
it.: 626 obj.: 0.0962711778 vol.: 0.5000000000 ch.: 0.0384282082
it.: 627 obj.: 0.0962778056 vol.: 0.5000000000 ch.: 0.0343532208
it.: 628 obj.: 0.0962851168 vol.: 0.5000000000 ch.: 0.0376658451
it.: 629 obj.: 0.0962912144 vol.: 0.5000000000 ch.: 0.0429445631
it.: 630 obj.: 0.0962972891 vol.: 0.5000000000 ch.: 0.0442388640
it.: 631 obj.: 0.0963059208 vol.: 0.5000000000 ch.: 0.0426753496
it.: 632 obj.: 0.0963111925 vol.: 0.5000000000 ch.: 0.0449557198
it.: 633 obj.: 0.0963133944 vol.: 0.5000000000 ch.: 0.0446230732
it.: 634 obj.: 0.0963154096 vol.: 0.5000000000 ch.: 0.0446234730
it.: 635 obj.: 0.0963306637 vol.: 0.5000000000 ch.: 0.0401578415
it.: 636 obj.: 0.0963397429 vol.: 0.5000000000 ch.: 0.0346145039
it.: 637 obj.: 0.0963493901 vol.: 0.5000000000 ch.: 0.0246241331
it.: 638 obj.: 0.0963548022 vol.: 0.5000000000 ch.: 0.0238562217
it.: 639 obj.: 0.0963600418 vol.: 0.5000000000 ch.: 0.0238084884
it.: 640 obj.: 0.0963653979 vol.: 0.5000000000 ch.: 0.0234709887
it.: 641 obj.: 0.0963708697 vol.: 0.5000000000 ch.: 0.0231010393
it.: 642 obj.: 0.0963766047 vol.: 0.5000000000 ch.: 0.0229261023
it.: 643 obj.: 0.0963823738 vol.: 0.5000000000 ch.: 0.0274575697
it.: 644 obj.: 0.0963881055 vol.: 0.5000000000 ch.: 0.0360000950
it.: 645 obj.: 0.0963920253 vol.: 0.5000000000 ch.: 0.0427159555
it.: 646 obj.: 0.0963957313 vol.: 0.5000000000 ch.: 0.0435184176
it.: 647 obj.: 0.0964018848 vol.: 0.5000000000 ch.: 0.0426316737
it.: 648 obj.: 0.0964114769 vol.: 0.5000000000 ch.: 0.0336214536
it.: 649 obj.: 0.0964181405 vol.: 0.5000000000 ch.: 0.0340420355
it.: 650 obj.: 0.0964230893 vol.: 0.5000000000 ch.: 0.0404847880
it.: 651 obj.: 0.0964267958 vol.: 0.5000000000 ch.: 0.0438227438
it.: 652 obj.: 0.0964320182 vol.: 0.5000000000 ch.: 0.0383619526
it.: 653 obj.: 0.0964409160 vol.: 0.5000000000 ch.: 0.0337714976
it.: 654 obj.: 0.0964479333 vol.: 0.5000000000 ch.: 0.0320307476
it.: 655 obj.: 0.0964521026 vol.: 0.5000000000 ch.: 0.0377601702
it.: 656 obj.: 0.0964564812 vol.: 0.5000000000 ch.: 0.0367013029
it.: 657 obj.: 0.0964616920 vol.: 0.5000000000 ch.: 0.0334850955
it.: 658 obj.: 0.0964671050 vol.: 0.5000000000 ch.: 0.0223533229
it.: 659 obj.: 0.0964723465 vol.: 0.5000000000 ch.: 0.0194559176
it.: 660 obj.: 0.0964774360 vol.: 0.5000000000 ch.: 0.0196635089
it.: 661 obj.: 0.0964824863 vol.: 0.5000000000 ch.: 0.0184272708
it.: 662 obj.: 0.0964876475 vol.: 0.5000000000 ch.: 0.0194882249
it.: 663 obj.: 0.0964930316 vol.: 0.5000000000 ch.: 0.0209684948
it.: 664 obj.: 0.0964986050 vol.: 0.5000000000 ch.: 0.0223065714
it.: 665 obj.: 0.0965040475 vol.: 0.5000000000 ch.: 0.0238876273
it.: 666 obj.: 0.0965090963 vol.: 0.5000000000 ch.: 0.0300037365
it.: 667 obj.: 0.0965100939 vol.: 0.5000000000 ch.: 0.0419504961
it.: 668 obj.: 0.0964983955 vol.: 0.5000000000 ch.: 0.0464188664
it.: 669 obj.: 0.0964922506 vol.: 0.5000000000 ch.: 0.0466777528
it.: 670 obj.: 0.0965077667 vol.: 0.5000000000 ch.: 0.0442366485
it.: 671 obj.: 0.0965182564 vol.: 0.5000000000 ch.: 0.0467635761
it.: 672 obj.: 0.0965245030 vol.: 0.5000000000 ch.: 0.0440116256
it.: 673 obj.: 0.0965342080 vol.: 0.5000000000 ch.: 0.0425795990
it.: 674 obj.: 0.0965409093 vol.: 0.5000000000 ch.: 0.0234641979
it.: 675 obj.: 0.0965446897 vol.: 0.5000000000 ch.: 0.0201474284
it.: 676 obj.: 0.0965477319 vol.: 0.5000000000 ch.: 0.0209872611
it.: 677 obj.: 0.0965507290 vol.: 0.5000000000 ch.: 0.0194719564
it.: 678 obj.: 0.0965539079 vol.: 0.5000000000 ch.: 0.0195059906
it.: 679 obj.: 0.0965571175 vol.: 0.5000000000 ch.: 0.0177220415
it.: 680 obj.: 0.0965604010 vol.: 0.5000000000 ch.: 0.0181752754
it.: 681 obj.: 0.0965638896 vol.: 0.5000000000 ch.: 0.0180486356
it.: 682 obj.: 0.0965673703 vol.: 0.5000000000 ch.: 0.0230943088
it.: 683 obj.: 0.0965708333 vol.: 0.5000000000 ch.: 0.0246271571
it.: 684 obj.: 0.0965742777 vol.: 0.5000000000 ch.: 0.0336741687
it.: 685 obj.: 0.0965770278 vol.: 0.5000000000 ch.: 0.0341565148
it.: 686 obj.: 0.0965786254 vol.: 0.5000000000 ch.: 0.0416708185
it.: 687 obj.: 0.0965784083 vol.: 0.5000000000 ch.: 0.0419051900
it.: 688 obj.: 0.0965793452 vol.: 0.5000000000 ch.: 0.0414701803
it.: 689 obj.: 0.0965771714 vol.: 0.5000000000 ch.: 0.0459403615
it.: 690 obj.: 0.0965645847 vol.: 0.5000000000 ch.: 0.0480683307
it.: 691 obj.: 0.0965764146 vol.: 0.5000000000 ch.: 0.0467743960
it.: 692 obj.: 0.0965914300 vol.: 0.5000000000 ch.: 0.0426693664
it.: 693 obj.: 0.0965988126 vol.: 0.5000000000 ch.: 0.0216946218
it.: 694 obj.: 0.0966017415 vol.: 0.5000000000 ch.: 0.0149887253
it.: 695 obj.: 0.0966037329 vol.: 0.5000000000 ch.: 0.0161933532
it.: 696 obj.: 0.0966057377 vol.: 0.5000000000 ch.: 0.0145453428
it.: 697 obj.: 0.0966079360 vol.: 0.5000000000 ch.: 0.0182133581
it.: 698 obj.: 0.0966101994 vol.: 0.5000000000 ch.: 0.0155640322
it.: 699 obj.: 0.0966125702 vol.: 0.5000000000 ch.: 0.0202137937
it.: 700 obj.: 0.0966150989 vol.: 0.5000000000 ch.: 0.0202482632
Parameter beta increased to 128
it.: 701 obj.: 0.0966176542 vol.: 0.5000000000 ch.: 0.0456585943
it.: 702 obj.: 0.0982323487 vol.: 0.5000000000 ch.: 0.0497913993
it.: 703 obj.: 0.0981826510 vol.: 0.5000000000 ch.: 0.0495362219
it.: 704 obj.: 0.0973306062 vol.: 0.5000000000 ch.: 0.0498593323
it.: 705 obj.: 0.0981178383 vol.: 0.5000000000 ch.: 0.0492878588
it.: 706 obj.: 0.0983346400 vol.: 0.5000000000 ch.: 0.0495423076
it.: 707 obj.: 0.0985703232 vol.: 0.5000000000 ch.: 0.0476319289
it.: 708 obj.: 0.0986341237 vol.: 0.5000000000 ch.: 0.0471955390
it.: 709 obj.: 0.0986784295 vol.: 0.5000000000 ch.: 0.0308585995
it.: 710 obj.: 0.0986924590 vol.: 0.5000000000 ch.: 0.0295411786
it.: 711 obj.: 0.0987018415 vol.: 0.5000000000 ch.: 0.0302181948
it.: 712 obj.: 0.0987102313 vol.: 0.5000000000 ch.: 0.0312777676
it.: 713 obj.: 0.0987182436 vol.: 0.5000000000 ch.: 0.0304968360
it.: 714 obj.: 0.0987265627 vol.: 0.5000000000 ch.: 0.0308459046
it.: 715 obj.: 0.0987347461 vol.: 0.5000000000 ch.: 0.0314710168
it.: 716 obj.: 0.0987419237 vol.: 0.5000000000 ch.: 0.0315464202
it.: 717 obj.: 0.0987490151 vol.: 0.5000000000 ch.: 0.0301153289
it.: 718 obj.: 0.0987560304 vol.: 0.5000000000 ch.: 0.0294063070
it.: 719 obj.: 0.0987627394 vol.: 0.5000000000 ch.: 0.0288022077
it.: 720 obj.: 0.0987678007 vol.: 0.5000000000 ch.: 0.0366567324
it.: 721 obj.: 0.0987671306 vol.: 0.5000000000 ch.: 0.0394818900
it.: 722 obj.: 0.0987517209 vol.: 0.5000000000 ch.: 0.0463340402
it.: 723 obj.: 0.0987351473 vol.: 0.5000000000 ch.: 0.0474256004
it.: 724 obj.: 0.0987453017 vol.: 0.5000000000 ch.: 0.0463194693
it.: 725 obj.: 0.0987750872 vol.: 0.5000000000 ch.: 0.0452454982
it.: 726 obj.: 0.0987889114 vol.: 0.5000000000 ch.: 0.0404470027
it.: 727 obj.: 0.0987921684 vol.: 0.5000000000 ch.: 0.0458770112
it.: 728 obj.: 0.0987770423 vol.: 0.5000000000 ch.: 0.0483212650
it.: 729 obj.: 0.0987442073 vol.: 0.5000000000 ch.: 0.0494048568
it.: 730 obj.: 0.0987462164 vol.: 0.5000000000 ch.: 0.0490151466
it.: 731 obj.: 0.0987601467 vol.: 0.5000000000 ch.: 0.0490056248
it.: 732 obj.: 0.0988029112 vol.: 0.5000000000 ch.: 0.0459912483
it.: 733 obj.: 0.0988211394 vol.: 0.5000000000 ch.: 0.0330978442
it.: 734 obj.: 0.0988254558 vol.: 0.5000000000 ch.: 0.0212122582
it.: 735 obj.: 0.0988285114 vol.: 0.5000000000 ch.: 0.0244099416
it.: 736 obj.: 0.0988315695 vol.: 0.5000000000 ch.: 0.0184807053
it.: 737 obj.: 0.0988347869 vol.: 0.5000000000 ch.: 0.0186884919
it.: 738 obj.: 0.0988383002 vol.: 0.5000000000 ch.: 0.0185532131
it.: 739 obj.: 0.0988421976 vol.: 0.5000000000 ch.: 0.0184733131
it.: 740 obj.: 0.0988463745 vol.: 0.5000000000 ch.: 0.0186101410
it.: 741 obj.: 0.0988506635 vol.: 0.5000000000 ch.: 0.0190646381
it.: 742 obj.: 0.0988550219 vol.: 0.5000000000 ch.: 0.0192869895
it.: 743 obj.: 0.0988596532 vol.: 0.5000000000 ch.: 0.0207835296
it.: 744 obj.: 0.0988638053 vol.: 0.5000000000 ch.: 0.0340042513
it.: 745 obj.: 0.0988592339 vol.: 0.5000000000 ch.: 0.0442548233
it.: 746 obj.: 0.0987885928 vol.: 0.5000000000 ch.: 0.0490663799
it.: 747 obj.: 0.0985517959 vol.: 0.5000000000 ch.: 0.0487786938
it.: 748 obj.: 0.0983471155 vol.: 0.5000000000 ch.: 0.0495496016
it.: 749 obj.: 0.0982123414 vol.: 0.5000000000 ch.: 0.0495565394
it.: 750 obj.: 0.0979328352 vol.: 0.5000000000 ch.: 0.0497067089
it.: 751 obj.: 0.0987014304 vol.: 0.5000000000 ch.: 0.0482465738
it.: 752 obj.: 0.0987989756 vol.: 0.5000000000 ch.: 0.0462148663
it.: 753 obj.: 0.0988622974 vol.: 0.5000000000 ch.: 0.0451975310
it.: 754 obj.: 0.0988807543 vol.: 0.5000000000 ch.: 0.0348762397
it.: 755 obj.: 0.0988867602 vol.: 0.5000000000 ch.: 0.0190514748
it.: 756 obj.: 0.0988894539 vol.: 0.5000000000 ch.: 0.0163075312
it.: 757 obj.: 0.0988917347 vol.: 0.5000000000 ch.: 0.0153427546
it.: 758 obj.: 0.0988940332 vol.: 0.5000000000 ch.: 0.0144706710
it.: 759 obj.: 0.0988963896 vol.: 0.5000000000 ch.: 0.0143802808
it.: 760 obj.: 0.0988988579 vol.: 0.5000000000 ch.: 0.0151200808
it.: 761 obj.: 0.0989014635 vol.: 0.5000000000 ch.: 0.0158245965
it.: 762 obj.: 0.0989042177 vol.: 0.5000000000 ch.: 0.0167264021
it.: 763 obj.: 0.0989071577 vol.: 0.5000000000 ch.: 0.0172492278
it.: 764 obj.: 0.0989103649 vol.: 0.5000000000 ch.: 0.0172944604
it.: 765 obj.: 0.0989138140 vol.: 0.5000000000 ch.: 0.0174001407
it.: 766 obj.: 0.0989174818 vol.: 0.5000000000 ch.: 0.0187585760
it.: 767 obj.: 0.0989213701 vol.: 0.5000000000 ch.: 0.0220286177
it.: 768 obj.: 0.0989239485 vol.: 0.5000000000 ch.: 0.0373461860
it.: 769 obj.: 0.0989091965 vol.: 0.5000000000 ch.: 0.0466431520
it.: 770 obj.: 0.0987951353 vol.: 0.5000000000 ch.: 0.0485339418
it.: 771 obj.: 0.0986165312 vol.: 0.5000000000 ch.: 0.0484980277
it.: 772 obj.: 0.0983936056 vol.: 0.5000000000 ch.: 0.0495729272
it.: 773 obj.: 0.0986911147 vol.: 0.5000000000 ch.: 0.0486866910
it.: 774 obj.: 0.0988762165 vol.: 0.5000000000 ch.: 0.0477553986
it.: 775 obj.: 0.0989292962 vol.: 0.5000000000 ch.: 0.0425130116
it.: 776 obj.: 0.0989380698 vol.: 0.5000000000 ch.: 0.0225249299
it.: 777 obj.: 0.0989407604 vol.: 0.5000000000 ch.: 0.0150061926
it.: 778 obj.: 0.0989427168 vol.: 0.5000000000 ch.: 0.0135720894
it.: 779 obj.: 0.0989445652 vol.: 0.5000000000 ch.: 0.0142757855
it.: 780 obj.: 0.0989466200 vol.: 0.5000000000 ch.: 0.0164853414
it.: 781 obj.: 0.0989488263 vol.: 0.5000000000 ch.: 0.0155860514
it.: 782 obj.: 0.0989509847 vol.: 0.5000000000 ch.: 0.0229466070
it.: 783 obj.: 0.0989531178 vol.: 0.5000000000 ch.: 0.0179136307
it.: 784 obj.: 0.0989553586 vol.: 0.5000000000 ch.: 0.0301870367
it.: 785 obj.: 0.0989578857 vol.: 0.5000000000 ch.: 0.0185234376
it.: 786 obj.: 0.0989604572 vol.: 0.5000000000 ch.: 0.0239700234
it.: 787 obj.: 0.0989618042 vol.: 0.5000000000 ch.: 0.0290983936
it.: 788 obj.: 0.0989555796 vol.: 0.5000000000 ch.: 0.0454592772
it.: 789 obj.: 0.0989457780 vol.: 0.5000000000 ch.: 0.0445999411
it.: 790 obj.: 0.0989426758 vol.: 0.5000000000 ch.: 0.0446864250
it.: 791 obj.: 0.0989373261 vol.: 0.5000000000 ch.: 0.0476198275
it.: 792 obj.: 0.0989458083 vol.: 0.5000000000 ch.: 0.0470786877
it.: 793 obj.: 0.0989693495 vol.: 0.5000000000 ch.: 0.0371085205
it.: 794 obj.: 0.0989795691 vol.: 0.5000000000 ch.: 0.0208759847
it.: 795 obj.: 0.0989824547 vol.: 0.5000000000 ch.: 0.0203515471
it.: 796 obj.: 0.0989842993 vol.: 0.5000000000 ch.: 0.0143835329
it.: 797 obj.: 0.0989861543 vol.: 0.5000000000 ch.: 0.0240123966
it.: 798 obj.: 0.0989880036 vol.: 0.5000000000 ch.: 0.0154592953
it.: 799 obj.: 0.0989900579 vol.: 0.5000000000 ch.: 0.0307823358
it.: 800 obj.: 0.0989921231 vol.: 0.5000000000 ch.: 0.0222201522
Parameter beta increased to 256
it.: 801 obj.: 0.0989946610 vol.: 0.5000000000 ch.: 0.0462888293
it.: 802 obj.: 0.0998095911 vol.: 0.5000000000 ch.: 0.0474262958
it.: 803 obj.: 0.0997603516 vol.: 0.5000000000 ch.: 0.0491152072
it.: 804 obj.: 0.0996030445 vol.: 0.5000000000 ch.: 0.0490603081
it.: 805 obj.: 0.0998572663 vol.: 0.5000000000 ch.: 0.0476483290
it.: 806 obj.: 0.0998925787 vol.: 0.5000000000 ch.: 0.0470178148
it.: 807 obj.: 0.0999397164 vol.: 0.5000000000 ch.: 0.0453645692
it.: 808 obj.: 0.0999533501 vol.: 0.5000000000 ch.: 0.0412103658
it.: 809 obj.: 0.0999644107 vol.: 0.5000000000 ch.: 0.0415431685
it.: 810 obj.: 0.0999767612 vol.: 0.5000000000 ch.: 0.0295349287
it.: 811 obj.: 0.0999852074 vol.: 0.5000000000 ch.: 0.0355282689
it.: 812 obj.: 0.0999950125 vol.: 0.5000000000 ch.: 0.0372139789
it.: 813 obj.: 0.1000036130 vol.: 0.5000000000 ch.: 0.0348016349
it.: 814 obj.: 0.1000049706 vol.: 0.5000000000 ch.: 0.0439995905
it.: 815 obj.: 0.1000051734 vol.: 0.5000000000 ch.: 0.0414299297
it.: 816 obj.: 0.1000231793 vol.: 0.5000000000 ch.: 0.0434140623
it.: 817 obj.: 0.1000325812 vol.: 0.5000000000 ch.: 0.0391787739
it.: 818 obj.: 0.1000424232 vol.: 0.5000000000 ch.: 0.0405929112
it.: 819 obj.: 0.1000541462 vol.: 0.5000000000 ch.: 0.0428044779
it.: 820 obj.: 0.1000676870 vol.: 0.5000000000 ch.: 0.0434247054
it.: 821 obj.: 0.1000825383 vol.: 0.5000000000 ch.: 0.0446585405
it.: 822 obj.: 0.1000955708 vol.: 0.5000000000 ch.: 0.0444961707
it.: 823 obj.: 0.1001058447 vol.: 0.5000000000 ch.: 0.0448410301
it.: 824 obj.: 0.1001151757 vol.: 0.5000000000 ch.: 0.0445936502
it.: 825 obj.: 0.1001282329 vol.: 0.5000000000 ch.: 0.0446505445
it.: 826 obj.: 0.1001404535 vol.: 0.5000000000 ch.: 0.0435307028
it.: 827 obj.: 0.1001497519 vol.: 0.5000000000 ch.: 0.0425542594
it.: 828 obj.: 0.1001581294 vol.: 0.5000000000 ch.: 0.0384775676
it.: 829 obj.: 0.1001589796 vol.: 0.5000000000 ch.: 0.0459184112
it.: 830 obj.: 0.1001515956 vol.: 0.5000000000 ch.: 0.0465771330
it.: 831 obj.: 0.1001627168 vol.: 0.5000000000 ch.: 0.0443436444
it.: 832 obj.: 0.1001779442 vol.: 0.5000000000 ch.: 0.0388527544
it.: 833 obj.: 0.1001842234 vol.: 0.5000000000 ch.: 0.0298241798
it.: 834 obj.: 0.1001882282 vol.: 0.5000000000 ch.: 0.0259758488
it.: 835 obj.: 0.1001913195 vol.: 0.5000000000 ch.: 0.0212515633
it.: 836 obj.: 0.1001942830 vol.: 0.5000000000 ch.: 0.0221733602
it.: 837 obj.: 0.1001974048 vol.: 0.5000000000 ch.: 0.0232395292
it.: 838 obj.: 0.1002005607 vol.: 0.5000000000 ch.: 0.0274797785
it.: 839 obj.: 0.1002039119 vol.: 0.5000000000 ch.: 0.0259339579
it.: 840 obj.: 0.1002071609 vol.: 0.5000000000 ch.: 0.0347006843
it.: 841 obj.: 0.1002103045 vol.: 0.5000000000 ch.: 0.0337755003
it.: 842 obj.: 0.1002129697 vol.: 0.5000000000 ch.: 0.0316925868
it.: 843 obj.: 0.1002155223 vol.: 0.5000000000 ch.: 0.0412520371
it.: 844 obj.: 0.1002167023 vol.: 0.5000000000 ch.: 0.0407520497
it.: 845 obj.: 0.1002119650 vol.: 0.5000000000 ch.: 0.0456094038
it.: 846 obj.: 0.1002101185 vol.: 0.5000000000 ch.: 0.0450075888
it.: 847 obj.: 0.1002144204 vol.: 0.5000000000 ch.: 0.0418711808
it.: 848 obj.: 0.1002264465 vol.: 0.5000000000 ch.: 0.0382493155
it.: 849 obj.: 0.1002345264 vol.: 0.5000000000 ch.: 0.0349585557
it.: 850 obj.: 0.1002362607 vol.: 0.5000000000 ch.: 0.0449132511
it.: 851 obj.: 0.1002376732 vol.: 0.5000000000 ch.: 0.0452960224
it.: 852 obj.: 0.1002396689 vol.: 0.5000000000 ch.: 0.0458198389
it.: 853 obj.: 0.1002433628 vol.: 0.5000000000 ch.: 0.0349567330
it.: 854 obj.: 0.1002457336 vol.: 0.5000000000 ch.: 0.0351699730
it.: 855 obj.: 0.1002488522 vol.: 0.5000000000 ch.: 0.0308326161
it.: 856 obj.: 0.1002519880 vol.: 0.5000000000 ch.: 0.0388662112
it.: 857 obj.: 0.1002548227 vol.: 0.5000000000 ch.: 0.0251425773
it.: 858 obj.: 0.1002573269 vol.: 0.5000000000 ch.: 0.0426775382
it.: 859 obj.: 0.1002589114 vol.: 0.5000000000 ch.: 0.0341454021
it.: 860 obj.: 0.1002584685 vol.: 0.5000000000 ch.: 0.0464913628
it.: 861 obj.: 0.1002600116 vol.: 0.5000000000 ch.: 0.0437820050
it.: 862 obj.: 0.1002635302 vol.: 0.5000000000 ch.: 0.0443928018
it.: 863 obj.: 0.1002653569 vol.: 0.5000000000 ch.: 0.0434094766
it.: 864 obj.: 0.1002655641 vol.: 0.5000000000 ch.: 0.0440422504
it.: 865 obj.: 0.1002407135 vol.: 0.5000000000 ch.: 0.0463220847
it.: 866 obj.: 0.1002260760 vol.: 0.5000000000 ch.: 0.0476790409
it.: 867 obj.: 0.1000544809 vol.: 0.5000000000 ch.: 0.0491764729
it.: 868 obj.: 0.1002493020 vol.: 0.5000000000 ch.: 0.0443972440
it.: 869 obj.: 0.1002724777 vol.: 0.5000000000 ch.: 0.0426894777
it.: 870 obj.: 0.1002674707 vol.: 0.5000000000 ch.: 0.0481971765
it.: 871 obj.: 0.1002351153 vol.: 0.5000000000 ch.: 0.0497050934
it.: 872 obj.: 0.1002409948 vol.: 0.5000000000 ch.: 0.0488637162
it.: 873 obj.: 0.1002541938 vol.: 0.5000000000 ch.: 0.0494374055
it.: 874 obj.: 0.1002664794 vol.: 0.5000000000 ch.: 0.0483023799
it.: 875 obj.: 0.1002756934 vol.: 0.5000000000 ch.: 0.0465532924
it.: 876 obj.: 0.1002809125 vol.: 0.5000000000 ch.: 0.0249388039
it.: 877 obj.: 0.1002823377 vol.: 0.5000000000 ch.: 0.0103713238
it.: 878 obj.: 0.1002829854 vol.: 0.5000000000 ch.: 0.0101549203
it.: 879 obj.: 0.1002836465 vol.: 0.5000000000 ch.: 0.0097657915
final.: obj.: 0.1980727832 vol.: 0.5000000000
