self bending under uniform temperature expansion with optimizer mma
number of spatial dimensions: 2
elements: 240 x 40
volfrac: 0.5 rmin: 9.6  penal: 3
filter: Volume Preserving eta projection
filter mode: matrix
it.: 1 obj.: 0.0545981950 vol.: 0.5000000000 ch.: 0.0498222016
it.: 2 obj.: 0.1069097686 vol.: 0.5000000000 ch.: 0.0498211840
it.: 3 obj.: 0.1610101291 vol.: 0.5000000000 ch.: 0.0498217282
it.: 4 obj.: 0.2170079523 vol.: 0.5000000000 ch.: 0.0498319297
it.: 5 obj.: 0.2745698073 vol.: 0.5000000000 ch.: 0.0498423651
it.: 6 obj.: 0.3330671559 vol.: 0.5000000000 ch.: 0.0498525750
it.: 7 obj.: 0.3912794591 vol.: 0.5000000000 ch.: 0.0498617226
it.: 8 obj.: 0.4472216752 vol.: 0.5000000000 ch.: 0.0498688296
it.: 9 obj.: 0.4991946283 vol.: 0.5000000000 ch.: 0.0498743303
it.: 10 obj.: 0.5492972143 vol.: 0.5000000000 ch.: 0.0498827230
it.: 11 obj.: 0.5992900618 vol.: 0.5000000000 ch.: 0.0496995979
it.: 12 obj.: 0.6132188920 vol.: 0.5000000000 ch.: 0.0496278614
it.: 13 obj.: 0.6210964770 vol.: 0.5000000000 ch.: 0.0494904253
it.: 14 obj.: 0.6260195561 vol.: 0.5000000000 ch.: 0.0494588744
it.: 15 obj.: 0.6312468389 vol.: 0.5000000000 ch.: 0.0494381418
it.: 16 obj.: 0.6346077913 vol.: 0.5000000000 ch.: 0.0493818315
it.: 17 obj.: 0.6378773980 vol.: 0.5000000000 ch.: 0.0493785652
it.: 18 obj.: 0.6400304942 vol.: 0.5000000000 ch.: 0.0492751101
it.: 19 obj.: 0.6419638990 vol.: 0.5000000000 ch.: 0.0492779702
it.: 20 obj.: 0.6434246864 vol.: 0.5000000000 ch.: 0.0491301577
it.: 21 obj.: 0.6445854049 vol.: 0.5000000000 ch.: 0.0491167996
it.: 22 obj.: 0.6456505540 vol.: 0.5000000000 ch.: 0.0488632331
it.: 23 obj.: 0.6465789911 vol.: 0.5000000000 ch.: 0.0488571046
it.: 24 obj.: 0.6473873042 vol.: 0.5000000000 ch.: 0.0483175309
it.: 25 obj.: 0.6481310195 vol.: 0.5000000000 ch.: 0.0484830584
it.: 26 obj.: 0.6488074185 vol.: 0.5000000000 ch.: 0.0488685850
it.: 27 obj.: 0.6494304421 vol.: 0.5000000000 ch.: 0.0488274603
it.: 28 obj.: 0.6500125006 vol.: 0.5000000000 ch.: 0.0488175113
it.: 29 obj.: 0.6505804592 vol.: 0.5000000000 ch.: 0.0490517341
it.: 30 obj.: 0.6511358070 vol.: 0.5000000000 ch.: 0.0491272408
it.: 31 obj.: 0.6516758521 vol.: 0.5000000000 ch.: 0.0490390289
it.: 32 obj.: 0.6521819916 vol.: 0.5000000000 ch.: 0.0488989403
it.: 33 obj.: 0.6526590629 vol.: 0.5000000000 ch.: 0.0489557012
it.: 34 obj.: 0.6531024987 vol.: 0.5000000000 ch.: 0.0491753150
it.: 35 obj.: 0.6535148234 vol.: 0.5000000000 ch.: 0.0489278899
it.: 36 obj.: 0.6539022342 vol.: 0.5000000000 ch.: 0.0484682830
it.: 37 obj.: 0.6542630322 vol.: 0.5000000000 ch.: 0.0481847776
it.: 38 obj.: 0.6545271805 vol.: 0.5000000000 ch.: 0.0484131420
it.: 39 obj.: 0.6547461066 vol.: 0.5000000000 ch.: 0.0485169971
it.: 40 obj.: 0.6549885505 vol.: 0.5000000000 ch.: 0.0487683648
it.: 41 obj.: 0.6552456267 vol.: 0.5000000000 ch.: 0.0486471860
it.: 42 obj.: 0.6554863869 vol.: 0.5000000000 ch.: 0.0488057396
it.: 43 obj.: 0.6556789661 vol.: 0.5000000000 ch.: 0.0485098446
it.: 44 obj.: 0.6558533938 vol.: 0.5000000000 ch.: 0.0485710541
it.: 45 obj.: 0.6560047334 vol.: 0.5000000000 ch.: 0.0482183369
it.: 46 obj.: 0.6561391790 vol.: 0.5000000000 ch.: 0.0484351612
it.: 47 obj.: 0.6562637614 vol.: 0.5000000000 ch.: 0.0478206969
it.: 48 obj.: 0.6563786907 vol.: 0.5000000000 ch.: 0.0471462682
it.: 49 obj.: 0.6564857915 vol.: 0.5000000000 ch.: 0.0472553192
it.: 50 obj.: 0.6565877259 vol.: 0.5000000000 ch.: 0.0471537567
it.: 51 obj.: 0.6566837903 vol.: 0.5000000000 ch.: 0.0473193787
it.: 52 obj.: 0.6567739071 vol.: 0.5000000000 ch.: 0.0474631609
it.: 53 obj.: 0.6568585484 vol.: 0.5000000000 ch.: 0.0475914628
it.: 54 obj.: 0.6569393168 vol.: 0.5000000000 ch.: 0.0477043227
it.: 55 obj.: 0.6570164838 vol.: 0.5000000000 ch.: 0.0478104922
it.: 56 obj.: 0.6570930523 vol.: 0.5000000000 ch.: 0.0479147743
it.: 57 obj.: 0.6571662438 vol.: 0.5000000000 ch.: 0.0480247940
it.: 58 obj.: 0.6572400945 vol.: 0.5000000000 ch.: 0.0481313786
it.: 59 obj.: 0.6573099646 vol.: 0.5000000000 ch.: 0.0478865229
it.: 60 obj.: 0.6573756191 vol.: 0.5000000000 ch.: 0.0471644915
it.: 61 obj.: 0.6574224421 vol.: 0.5000000000 ch.: 0.0473183760
it.: 62 obj.: 0.6574666908 vol.: 0.5000000000 ch.: 0.0471541165
it.: 63 obj.: 0.6575049448 vol.: 0.5000000000 ch.: 0.0459184500
it.: 64 obj.: 0.6575462570 vol.: 0.5000000000 ch.: 0.0448608738
it.: 65 obj.: 0.6575806769 vol.: 0.5000000000 ch.: 0.0452923543
it.: 66 obj.: 0.6576106885 vol.: 0.5000000000 ch.: 0.0447043439
it.: 67 obj.: 0.6576387058 vol.: 0.5000000000 ch.: 0.0451016370
it.: 68 obj.: 0.6576619802 vol.: 0.5000000000 ch.: 0.0453033195
it.: 69 obj.: 0.6576860102 vol.: 0.5000000000 ch.: 0.0455519671
it.: 70 obj.: 0.6577089459 vol.: 0.5000000000 ch.: 0.0457559478
it.: 71 obj.: 0.6577324085 vol.: 0.5000000000 ch.: 0.0459626002
it.: 72 obj.: 0.6577553158 vol.: 0.5000000000 ch.: 0.0408087509
it.: 73 obj.: 0.6577776126 vol.: 0.5000000000 ch.: 0.0408982695
it.: 74 obj.: 0.6577982040 vol.: 0.5000000000 ch.: 0.0344669330
it.: 75 obj.: 0.6578169829 vol.: 0.5000000000 ch.: 0.0346897881
it.: 76 obj.: 0.6578344206 vol.: 0.5000000000 ch.: 0.0348518524
it.: 77 obj.: 0.6578518408 vol.: 0.5000000000 ch.: 0.0350522409
it.: 78 obj.: 0.6578681120 vol.: 0.5000000000 ch.: 0.0351513544
it.: 79 obj.: 0.6578837408 vol.: 0.5000000000 ch.: 0.0331089023
it.: 80 obj.: 0.6578988404 vol.: 0.5000000000 ch.: 0.0337884326
it.: 81 obj.: 0.6579130913 vol.: 0.5000000000 ch.: 0.0354378118
it.: 82 obj.: 0.6579257874 vol.: 0.5000000000 ch.: 0.0364055418
it.: 83 obj.: 0.6579393867 vol.: 0.5000000000 ch.: 0.0378512734
it.: 84 obj.: 0.6579505984 vol.: 0.5000000000 ch.: 0.0377592017
it.: 85 obj.: 0.6579612740 vol.: 0.5000000000 ch.: 0.0396735204
it.: 86 obj.: 0.6579685755 vol.: 0.5000000000 ch.: 0.0422703758
it.: 87 obj.: 0.6579801151 vol.: 0.5000000000 ch.: 0.0403218957
it.: 88 obj.: 0.6579909939 vol.: 0.5000000000 ch.: 0.0403027925
it.: 89 obj.: 0.6580042585 vol.: 0.5000000000 ch.: 0.0400980891
it.: 90 obj.: 0.6580145268 vol.: 0.5000000000 ch.: 0.0411486448
it.: 91 obj.: 0.6580244229 vol.: 0.5000000000 ch.: 0.0413256933
it.: 92 obj.: 0.6580336587 vol.: 0.5000000000 ch.: 0.0418572964
it.: 93 obj.: 0.6580422865 vol.: 0.5000000000 ch.: 0.0426123402
it.: 94 obj.: 0.6580503905 vol.: 0.5000000000 ch.: 0.0431769396
it.: 95 obj.: 0.6580588864 vol.: 0.5000000000 ch.: 0.0436970452
it.: 96 obj.: 0.6580667773 vol.: 0.5000000000 ch.: 0.0441563282
it.: 97 obj.: 0.6580740392 vol.: 0.5000000000 ch.: 0.0445740733
it.: 98 obj.: 0.6580816095 vol.: 0.5000000000 ch.: 0.0449564810
it.: 99 obj.: 0.6580887368 vol.: 0.5000000000 ch.: 0.0453037636
it.: 100 obj.: 0.6580956461 vol.: 0.5000000000 ch.: 0.0320970131
Parameter beta increased to 2
it.: 101 obj.: 0.6581017008 vol.: 0.5000000000 ch.: 0.0486441699
it.: 102 obj.: 0.6652889795 vol.: 0.5000000000 ch.: 0.0482531088
it.: 103 obj.: 0.6659460694 vol.: 0.5000000000 ch.: 0.0478924943
it.: 104 obj.: 0.6662168975 vol.: 0.5000000000 ch.: 0.0478404605
it.: 105 obj.: 0.6664268011 vol.: 0.5000000000 ch.: 0.0478080860
it.: 106 obj.: 0.6666007029 vol.: 0.5000000000 ch.: 0.0477374772
it.: 107 obj.: 0.6667487419 vol.: 0.5000000000 ch.: 0.0476974819
it.: 108 obj.: 0.6668777943 vol.: 0.5000000000 ch.: 0.0476223902
it.: 109 obj.: 0.6669928120 vol.: 0.5000000000 ch.: 0.0475695841
it.: 110 obj.: 0.6670939621 vol.: 0.5000000000 ch.: 0.0474925725
it.: 111 obj.: 0.6671847702 vol.: 0.5000000000 ch.: 0.0474268160
it.: 112 obj.: 0.6672664037 vol.: 0.5000000000 ch.: 0.0473420456
it.: 113 obj.: 0.6673412901 vol.: 0.5000000000 ch.: 0.0472333875
it.: 114 obj.: 0.6674105075 vol.: 0.5000000000 ch.: 0.0471104350
it.: 115 obj.: 0.6674749004 vol.: 0.5000000000 ch.: 0.0470001578
it.: 116 obj.: 0.6675353562 vol.: 0.5000000000 ch.: 0.0468658383
it.: 117 obj.: 0.6675918286 vol.: 0.5000000000 ch.: 0.0467606217
it.: 118 obj.: 0.6676462838 vol.: 0.5000000000 ch.: 0.0467386629
it.: 119 obj.: 0.6676975696 vol.: 0.5000000000 ch.: 0.0468307478
it.: 120 obj.: 0.6677491471 vol.: 0.5000000000 ch.: 0.0463480250
it.: 121 obj.: 0.6677975316 vol.: 0.5000000000 ch.: 0.0464543304
it.: 122 obj.: 0.6678432633 vol.: 0.5000000000 ch.: 0.0441539550
it.: 123 obj.: 0.6678776484 vol.: 0.5000000000 ch.: 0.0440735430
it.: 124 obj.: 0.6679084074 vol.: 0.5000000000 ch.: 0.0437059399
it.: 125 obj.: 0.6679365287 vol.: 0.5000000000 ch.: 0.0434141602
it.: 126 obj.: 0.6679642394 vol.: 0.5000000000 ch.: 0.0434633726
it.: 127 obj.: 0.6679890579 vol.: 0.5000000000 ch.: 0.0437311472
it.: 128 obj.: 0.6680139312 vol.: 0.5000000000 ch.: 0.0439460217
it.: 129 obj.: 0.6680378319 vol.: 0.5000000000 ch.: 0.0441975173
it.: 130 obj.: 0.6680628600 vol.: 0.5000000000 ch.: 0.0444068789
it.: 131 obj.: 0.6680877594 vol.: 0.5000000000 ch.: 0.0390329813
it.: 132 obj.: 0.6681118260 vol.: 0.5000000000 ch.: 0.0401174478
it.: 133 obj.: 0.6681341831 vol.: 0.5000000000 ch.: 0.0409603534
it.: 134 obj.: 0.6681570247 vol.: 0.5000000000 ch.: 0.0414150776
it.: 135 obj.: 0.6681791680 vol.: 0.5000000000 ch.: 0.0418220729
it.: 136 obj.: 0.6682024667 vol.: 0.5000000000 ch.: 0.0419111472
it.: 137 obj.: 0.6682248342 vol.: 0.5000000000 ch.: 0.0421060549
it.: 138 obj.: 0.6682483767 vol.: 0.5000000000 ch.: 0.0420003461
it.: 139 obj.: 0.6682698565 vol.: 0.5000000000 ch.: 0.0424361151
it.: 140 obj.: 0.6682923949 vol.: 0.5000000000 ch.: 0.0430836375
it.: 141 obj.: 0.6683128435 vol.: 0.5000000000 ch.: 0.0433888158
it.: 142 obj.: 0.6683352694 vol.: 0.5000000000 ch.: 0.0438795356
it.: 143 obj.: 0.6683551339 vol.: 0.5000000000 ch.: 0.0441899502
it.: 144 obj.: 0.6683756226 vol.: 0.5000000000 ch.: 0.0445419140
it.: 145 obj.: 0.6683946253 vol.: 0.5000000000 ch.: 0.0448516078
it.: 146 obj.: 0.6684134615 vol.: 0.5000000000 ch.: 0.0453782204
it.: 147 obj.: 0.6684301201 vol.: 0.5000000000 ch.: 0.0458315518
it.: 148 obj.: 0.6684468094 vol.: 0.5000000000 ch.: 0.0461921276
it.: 149 obj.: 0.6684631389 vol.: 0.5000000000 ch.: 0.0465969376
it.: 150 obj.: 0.6684804884 vol.: 0.5000000000 ch.: 0.0469021475
it.: 151 obj.: 0.6684972507 vol.: 0.5000000000 ch.: 0.0472676568
it.: 152 obj.: 0.6685152212 vol.: 0.5000000000 ch.: 0.0467004458
it.: 153 obj.: 0.6685323989 vol.: 0.5000000000 ch.: 0.0471874202
it.: 154 obj.: 0.6685493649 vol.: 0.5000000000 ch.: 0.0474819664
it.: 155 obj.: 0.6685658297 vol.: 0.5000000000 ch.: 0.0445133091
it.: 156 obj.: 0.6685814893 vol.: 0.5000000000 ch.: 0.0448611460
it.: 157 obj.: 0.6685950290 vol.: 0.5000000000 ch.: 0.0451434715
it.: 158 obj.: 0.6686083592 vol.: 0.5000000000 ch.: 0.0453283409
it.: 159 obj.: 0.6686207343 vol.: 0.5000000000 ch.: 0.0455439652
it.: 160 obj.: 0.6686329457 vol.: 0.5000000000 ch.: 0.0457412486
it.: 161 obj.: 0.6686449456 vol.: 0.5000000000 ch.: 0.0459524577
it.: 162 obj.: 0.6686570199 vol.: 0.5000000000 ch.: 0.0461341205
it.: 163 obj.: 0.6686687566 vol.: 0.5000000000 ch.: 0.0463271004
it.: 164 obj.: 0.6686807206 vol.: 0.5000000000 ch.: 0.0465132953
it.: 165 obj.: 0.6686930511 vol.: 0.5000000000 ch.: 0.0467143270
it.: 166 obj.: 0.6687059376 vol.: 0.5000000000 ch.: 0.0398798306
it.: 167 obj.: 0.6687180660 vol.: 0.5000000000 ch.: 0.0400127200
it.: 168 obj.: 0.6687300166 vol.: 0.5000000000 ch.: 0.0404568200
it.: 169 obj.: 0.6687416480 vol.: 0.5000000000 ch.: 0.0412531556
it.: 170 obj.: 0.6687536988 vol.: 0.5000000000 ch.: 0.0416780795
it.: 171 obj.: 0.6687655311 vol.: 0.5000000000 ch.: 0.0424585594
it.: 172 obj.: 0.6687782531 vol.: 0.5000000000 ch.: 0.0427375350
it.: 173 obj.: 0.6687907759 vol.: 0.5000000000 ch.: 0.0435025786
it.: 174 obj.: 0.6688049021 vol.: 0.5000000000 ch.: 0.0437935102
it.: 175 obj.: 0.6688183373 vol.: 0.5000000000 ch.: 0.0444160830
it.: 176 obj.: 0.6688326813 vol.: 0.5000000000 ch.: 0.0448551291
it.: 177 obj.: 0.6688454198 vol.: 0.5000000000 ch.: 0.0453702475
it.: 178 obj.: 0.6688582627 vol.: 0.5000000000 ch.: 0.0458334812
it.: 179 obj.: 0.6688707212 vol.: 0.5000000000 ch.: 0.0462748223
it.: 180 obj.: 0.6688826113 vol.: 0.5000000000 ch.: 0.0466729826
it.: 181 obj.: 0.6688946765 vol.: 0.5000000000 ch.: 0.0411768990
it.: 182 obj.: 0.6689059634 vol.: 0.5000000000 ch.: 0.0414543986
it.: 183 obj.: 0.6689160901 vol.: 0.5000000000 ch.: 0.0417074764
it.: 184 obj.: 0.6689261697 vol.: 0.5000000000 ch.: 0.0419128259
it.: 185 obj.: 0.6689362335 vol.: 0.5000000000 ch.: 0.0408196132
it.: 186 obj.: 0.6689458161 vol.: 0.5000000000 ch.: 0.0409253017
it.: 187 obj.: 0.6689545925 vol.: 0.5000000000 ch.: 0.0409741980
it.: 188 obj.: 0.6689632763 vol.: 0.5000000000 ch.: 0.0410059893
it.: 189 obj.: 0.6689718366 vol.: 0.5000000000 ch.: 0.0409969722
it.: 190 obj.: 0.6689803236 vol.: 0.5000000000 ch.: 0.0410485109
it.: 191 obj.: 0.6689882612 vol.: 0.5000000000 ch.: 0.0411333420
it.: 192 obj.: 0.6689959421 vol.: 0.5000000000 ch.: 0.0412444499
it.: 193 obj.: 0.6690032169 vol.: 0.5000000000 ch.: 0.0413799983
it.: 194 obj.: 0.6690105378 vol.: 0.5000000000 ch.: 0.0414833059
it.: 195 obj.: 0.6690178007 vol.: 0.5000000000 ch.: 0.0416804634
it.: 196 obj.: 0.6690247373 vol.: 0.5000000000 ch.: 0.0416698139
it.: 197 obj.: 0.6690311548 vol.: 0.5000000000 ch.: 0.0420243838
it.: 198 obj.: 0.6690378991 vol.: 0.5000000000 ch.: 0.0413675002
it.: 199 obj.: 0.6690443564 vol.: 0.5000000000 ch.: 0.0378798207
it.: 200 obj.: 0.6690500679 vol.: 0.5000000000 ch.: 0.0378366017
Parameter beta increased to 4
it.: 201 obj.: 0.6690548936 vol.: 0.5000000000 ch.: 0.0486590866
it.: 202 obj.: 0.6815429160 vol.: 0.5000000000 ch.: 0.0495920918
it.: 203 obj.: 0.6864322585 vol.: 0.5000000000 ch.: 0.0495362175
it.: 204 obj.: 0.6890876103 vol.: 0.5000000000 ch.: 0.0492976283
it.: 205 obj.: 0.6908375665 vol.: 0.5000000000 ch.: 0.0491476200
it.: 206 obj.: 0.6921483708 vol.: 0.5000000000 ch.: 0.0489926475
it.: 207 obj.: 0.6931850502 vol.: 0.5000000000 ch.: 0.0488401038
it.: 208 obj.: 0.6940496934 vol.: 0.5000000000 ch.: 0.0486903589
it.: 209 obj.: 0.6947935948 vol.: 0.5000000000 ch.: 0.0485842105
it.: 210 obj.: 0.6954323344 vol.: 0.5000000000 ch.: 0.0484918875
it.: 211 obj.: 0.6959901924 vol.: 0.5000000000 ch.: 0.0483790344
it.: 212 obj.: 0.6964814396 vol.: 0.5000000000 ch.: 0.0482474203
it.: 213 obj.: 0.6969226440 vol.: 0.5000000000 ch.: 0.0480932887
it.: 214 obj.: 0.6973238548 vol.: 0.5000000000 ch.: 0.0479264689
it.: 215 obj.: 0.6976832422 vol.: 0.5000000000 ch.: 0.0476874050
it.: 216 obj.: 0.6979989676 vol.: 0.5000000000 ch.: 0.0476650996
it.: 217 obj.: 0.6982759256 vol.: 0.5000000000 ch.: 0.0476127233
it.: 218 obj.: 0.6985241591 vol.: 0.5000000000 ch.: 0.0476031527
it.: 219 obj.: 0.6987665637 vol.: 0.5000000000 ch.: 0.0475749282
it.: 220 obj.: 0.6989940910 vol.: 0.5000000000 ch.: 0.0475515231
it.: 221 obj.: 0.6992149250 vol.: 0.5000000000 ch.: 0.0473554621
it.: 222 obj.: 0.6994062651 vol.: 0.5000000000 ch.: 0.0474587109
it.: 223 obj.: 0.6995537856 vol.: 0.5000000000 ch.: 0.0461709709
it.: 224 obj.: 0.6996724763 vol.: 0.5000000000 ch.: 0.0450967474
it.: 225 obj.: 0.6997824876 vol.: 0.5000000000 ch.: 0.0454719516
it.: 226 obj.: 0.6998877927 vol.: 0.5000000000 ch.: 0.0457472482
it.: 227 obj.: 0.6999882905 vol.: 0.5000000000 ch.: 0.0460482041
it.: 228 obj.: 0.7000846290 vol.: 0.5000000000 ch.: 0.0457935714
it.: 229 obj.: 0.7001757088 vol.: 0.5000000000 ch.: 0.0454563894
it.: 230 obj.: 0.7002605387 vol.: 0.5000000000 ch.: 0.0453666088
it.: 231 obj.: 0.7003399446 vol.: 0.5000000000 ch.: 0.0452089215
it.: 232 obj.: 0.7004146201 vol.: 0.5000000000 ch.: 0.0436292605
it.: 233 obj.: 0.7004841364 vol.: 0.5000000000 ch.: 0.0449186691
it.: 234 obj.: 0.7005545207 vol.: 0.5000000000 ch.: 0.0441986838
it.: 235 obj.: 0.7006252148 vol.: 0.5000000000 ch.: 0.0445766451
it.: 236 obj.: 0.7006959095 vol.: 0.5000000000 ch.: 0.0443524354
it.: 237 obj.: 0.7007600564 vol.: 0.5000000000 ch.: 0.0447465149
it.: 238 obj.: 0.7008203971 vol.: 0.5000000000 ch.: 0.0454155258
it.: 239 obj.: 0.7008797609 vol.: 0.5000000000 ch.: 0.0458814027
it.: 240 obj.: 0.7009379522 vol.: 0.5000000000 ch.: 0.0464170832
it.: 241 obj.: 0.7009933561 vol.: 0.5000000000 ch.: 0.0466797361
it.: 242 obj.: 0.7010458545 vol.: 0.5000000000 ch.: 0.0471221326
it.: 243 obj.: 0.7010964699 vol.: 0.5000000000 ch.: 0.0470792159
it.: 244 obj.: 0.7011498205 vol.: 0.5000000000 ch.: 0.0475371508
it.: 245 obj.: 0.7012019728 vol.: 0.5000000000 ch.: 0.0475016831
it.: 246 obj.: 0.7012548781 vol.: 0.5000000000 ch.: 0.0477478645
it.: 247 obj.: 0.7013033485 vol.: 0.5000000000 ch.: 0.0478566728
it.: 248 obj.: 0.7013475994 vol.: 0.5000000000 ch.: 0.0479901651
it.: 249 obj.: 0.7013896672 vol.: 0.5000000000 ch.: 0.0481056069
it.: 250 obj.: 0.7014289418 vol.: 0.5000000000 ch.: 0.0482255428
it.: 251 obj.: 0.7014657781 vol.: 0.5000000000 ch.: 0.0472046090
it.: 252 obj.: 0.7015015425 vol.: 0.5000000000 ch.: 0.0474562178
it.: 253 obj.: 0.7015322069 vol.: 0.5000000000 ch.: 0.0461942688
it.: 254 obj.: 0.7015610485 vol.: 0.5000000000 ch.: 0.0464247151
it.: 255 obj.: 0.7015866951 vol.: 0.5000000000 ch.: 0.0465023920
it.: 256 obj.: 0.7016106536 vol.: 0.5000000000 ch.: 0.0467196859
it.: 257 obj.: 0.7016316090 vol.: 0.5000000000 ch.: 0.0467563072
it.: 258 obj.: 0.7016527564 vol.: 0.5000000000 ch.: 0.0445093603
it.: 259 obj.: 0.7016724027 vol.: 0.5000000000 ch.: 0.0446430305
it.: 260 obj.: 0.7016917228 vol.: 0.5000000000 ch.: 0.0453032467
it.: 261 obj.: 0.7017118888 vol.: 0.5000000000 ch.: 0.0456734876
it.: 262 obj.: 0.7017308591 vol.: 0.5000000000 ch.: 0.0460484745
it.: 263 obj.: 0.7017498069 vol.: 0.5000000000 ch.: 0.0464879675
it.: 264 obj.: 0.7017684053 vol.: 0.5000000000 ch.: 0.0467216273
it.: 265 obj.: 0.7017881582 vol.: 0.5000000000 ch.: 0.0471674502
it.: 266 obj.: 0.7018087171 vol.: 0.5000000000 ch.: 0.0473902544
it.: 267 obj.: 0.7018306958 vol.: 0.5000000000 ch.: 0.0455838551
it.: 268 obj.: 0.7018513926 vol.: 0.5000000000 ch.: 0.0459891071
it.: 269 obj.: 0.7018705943 vol.: 0.5000000000 ch.: 0.0463307694
it.: 270 obj.: 0.7018897504 vol.: 0.5000000000 ch.: 0.0465705613
it.: 271 obj.: 0.7019091815 vol.: 0.5000000000 ch.: 0.0467872287
it.: 272 obj.: 0.7019295811 vol.: 0.5000000000 ch.: 0.0469842382
it.: 273 obj.: 0.7019502113 vol.: 0.5000000000 ch.: 0.0471972653
it.: 274 obj.: 0.7019713796 vol.: 0.5000000000 ch.: 0.0473691325
it.: 275 obj.: 0.7019935704 vol.: 0.5000000000 ch.: 0.0475346657
it.: 276 obj.: 0.7020161853 vol.: 0.5000000000 ch.: 0.0476663870
it.: 277 obj.: 0.7020390338 vol.: 0.5000000000 ch.: 0.0478095263
it.: 278 obj.: 0.7020615543 vol.: 0.5000000000 ch.: 0.0454080445
it.: 279 obj.: 0.7020827461 vol.: 0.5000000000 ch.: 0.0456976850
it.: 280 obj.: 0.7021004452 vol.: 0.5000000000 ch.: 0.0457309337
it.: 281 obj.: 0.7021188637 vol.: 0.5000000000 ch.: 0.0460951745
it.: 282 obj.: 0.7021361383 vol.: 0.5000000000 ch.: 0.0462805506
it.: 283 obj.: 0.7021539362 vol.: 0.5000000000 ch.: 0.0467332457
it.: 284 obj.: 0.7021712174 vol.: 0.5000000000 ch.: 0.0467675088
it.: 285 obj.: 0.7021876007 vol.: 0.5000000000 ch.: 0.0470367768
it.: 286 obj.: 0.7022021168 vol.: 0.5000000000 ch.: 0.0470669690
it.: 287 obj.: 0.7022159212 vol.: 0.5000000000 ch.: 0.0471851793
it.: 288 obj.: 0.7022286314 vol.: 0.5000000000 ch.: 0.0472316744
it.: 289 obj.: 0.7022411506 vol.: 0.5000000000 ch.: 0.0473042510
it.: 290 obj.: 0.7022544062 vol.: 0.5000000000 ch.: 0.0473840368
it.: 291 obj.: 0.7022679166 vol.: 0.5000000000 ch.: 0.0474739619
it.: 292 obj.: 0.7022814569 vol.: 0.5000000000 ch.: 0.0475753687
it.: 293 obj.: 0.7022958092 vol.: 0.5000000000 ch.: 0.0476923077
it.: 294 obj.: 0.7023108185 vol.: 0.5000000000 ch.: 0.0440410955
it.: 295 obj.: 0.7023242377 vol.: 0.5000000000 ch.: 0.0448614851
it.: 296 obj.: 0.7023379170 vol.: 0.5000000000 ch.: 0.0454577640
it.: 297 obj.: 0.7023521635 vol.: 0.5000000000 ch.: 0.0459239052
it.: 298 obj.: 0.7023670548 vol.: 0.5000000000 ch.: 0.0463260233
it.: 299 obj.: 0.7023827157 vol.: 0.5000000000 ch.: 0.0467087150
it.: 300 obj.: 0.7023974592 vol.: 0.5000000000 ch.: 0.0470679883
Parameter beta increased to 8
it.: 301 obj.: 0.7024142194 vol.: 0.5000000000 ch.: 0.0490004714
it.: 302 obj.: 0.7097671985 vol.: 0.5000000000 ch.: 0.0499017448
it.: 303 obj.: 0.7256753433 vol.: 0.5000000000 ch.: 0.0498519539
it.: 304 obj.: 0.7316115929 vol.: 0.5000000000 ch.: 0.0497806993
it.: 305 obj.: 0.7344546319 vol.: 0.5000000000 ch.: 0.0497006973
it.: 306 obj.: 0.7365035679 vol.: 0.5000000000 ch.: 0.0495731794
it.: 307 obj.: 0.7379933932 vol.: 0.5000000000 ch.: 0.0493551549
it.: 308 obj.: 0.7390435296 vol.: 0.5000000000 ch.: 0.0492978722
it.: 309 obj.: 0.7400441471 vol.: 0.5000000000 ch.: 0.0492675136
it.: 310 obj.: 0.7408424068 vol.: 0.5000000000 ch.: 0.0491910297
it.: 311 obj.: 0.7417458325 vol.: 0.5000000000 ch.: 0.0491636310
it.: 312 obj.: 0.7424765613 vol.: 0.5000000000 ch.: 0.0490660913
it.: 313 obj.: 0.7431535395 vol.: 0.5000000000 ch.: 0.0489765346
it.: 314 obj.: 0.7436957235 vol.: 0.5000000000 ch.: 0.0488916085
it.: 315 obj.: 0.7441868990 vol.: 0.5000000000 ch.: 0.0487735699
it.: 316 obj.: 0.7446330940 vol.: 0.5000000000 ch.: 0.0486885490
it.: 317 obj.: 0.7450639459 vol.: 0.5000000000 ch.: 0.0485324833
it.: 318 obj.: 0.7454662264 vol.: 0.5000000000 ch.: 0.0483617609
it.: 319 obj.: 0.7458541552 vol.: 0.5000000000 ch.: 0.0481462826
it.: 320 obj.: 0.7462328744 vol.: 0.5000000000 ch.: 0.0479125810
it.: 321 obj.: 0.7466019890 vol.: 0.5000000000 ch.: 0.0477008141
it.: 322 obj.: 0.7469485571 vol.: 0.5000000000 ch.: 0.0474520487
it.: 323 obj.: 0.7472805836 vol.: 0.5000000000 ch.: 0.0474723212
it.: 324 obj.: 0.7475998162 vol.: 0.5000000000 ch.: 0.0475376126
it.: 325 obj.: 0.7479077601 vol.: 0.5000000000 ch.: 0.0476377357
it.: 326 obj.: 0.7482019042 vol.: 0.5000000000 ch.: 0.0475560118
it.: 327 obj.: 0.7484749019 vol.: 0.5000000000 ch.: 0.0471491618
it.: 328 obj.: 0.7487109839 vol.: 0.5000000000 ch.: 0.0471854515
it.: 329 obj.: 0.7489139496 vol.: 0.5000000000 ch.: 0.0475591845
it.: 330 obj.: 0.7491153930 vol.: 0.5000000000 ch.: 0.0483186264
it.: 331 obj.: 0.7493363685 vol.: 0.5000000000 ch.: 0.0477792863
it.: 332 obj.: 0.7495739862 vol.: 0.5000000000 ch.: 0.0478904875
it.: 333 obj.: 0.7498012944 vol.: 0.5000000000 ch.: 0.0475724640
it.: 334 obj.: 0.7499964154 vol.: 0.5000000000 ch.: 0.0465667534
it.: 335 obj.: 0.7501734588 vol.: 0.5000000000 ch.: 0.0469077002
it.: 336 obj.: 0.7503408207 vol.: 0.5000000000 ch.: 0.0466929518
it.: 337 obj.: 0.7505019259 vol.: 0.5000000000 ch.: 0.0460136010
it.: 338 obj.: 0.7506573362 vol.: 0.5000000000 ch.: 0.0460081055
it.: 339 obj.: 0.7508119309 vol.: 0.5000000000 ch.: 0.0462141268
it.: 340 obj.: 0.7509649703 vol.: 0.5000000000 ch.: 0.0462907089
it.: 341 obj.: 0.7511153919 vol.: 0.5000000000 ch.: 0.0463436105
it.: 342 obj.: 0.7512610675 vol.: 0.5000000000 ch.: 0.0463582584
it.: 343 obj.: 0.7514021028 vol.: 0.5000000000 ch.: 0.0462525281
it.: 344 obj.: 0.7515376526 vol.: 0.5000000000 ch.: 0.0463535549
it.: 345 obj.: 0.7516687262 vol.: 0.5000000000 ch.: 0.0459598490
it.: 346 obj.: 0.7517981031 vol.: 0.5000000000 ch.: 0.0459718280
it.: 347 obj.: 0.7519231624 vol.: 0.5000000000 ch.: 0.0456987740
it.: 348 obj.: 0.7520333728 vol.: 0.5000000000 ch.: 0.0453128331
it.: 349 obj.: 0.7520624711 vol.: 0.5000000000 ch.: 0.0482571549
it.: 350 obj.: 0.7520620865 vol.: 0.5000000000 ch.: 0.0483164011
it.: 351 obj.: 0.7521152172 vol.: 0.5000000000 ch.: 0.0486348120
it.: 352 obj.: 0.7522609380 vol.: 0.5000000000 ch.: 0.0479849022
it.: 353 obj.: 0.7523864108 vol.: 0.5000000000 ch.: 0.0477026626
it.: 354 obj.: 0.7524720553 vol.: 0.5000000000 ch.: 0.0478047802
it.: 355 obj.: 0.7525464490 vol.: 0.5000000000 ch.: 0.0478050543
it.: 356 obj.: 0.7526166716 vol.: 0.5000000000 ch.: 0.0477732008
it.: 357 obj.: 0.7526922216 vol.: 0.5000000000 ch.: 0.0455407934
it.: 358 obj.: 0.7527588952 vol.: 0.5000000000 ch.: 0.0461110562
it.: 359 obj.: 0.7528197806 vol.: 0.5000000000 ch.: 0.0451706621
it.: 360 obj.: 0.7528752157 vol.: 0.5000000000 ch.: 0.0451914837
it.: 361 obj.: 0.7529314586 vol.: 0.5000000000 ch.: 0.0452932434
it.: 362 obj.: 0.7529886898 vol.: 0.5000000000 ch.: 0.0454824517
it.: 363 obj.: 0.7530490458 vol.: 0.5000000000 ch.: 0.0456099464
it.: 364 obj.: 0.7531128359 vol.: 0.5000000000 ch.: 0.0457488549
it.: 365 obj.: 0.7531766394 vol.: 0.5000000000 ch.: 0.0458485721
it.: 366 obj.: 0.7532414547 vol.: 0.5000000000 ch.: 0.0458847688
it.: 367 obj.: 0.7533076524 vol.: 0.5000000000 ch.: 0.0457897939
it.: 368 obj.: 0.7533751973 vol.: 0.5000000000 ch.: 0.0457839610
it.: 369 obj.: 0.7534425243 vol.: 0.5000000000 ch.: 0.0458204268
it.: 370 obj.: 0.7535097184 vol.: 0.5000000000 ch.: 0.0454654326
it.: 371 obj.: 0.7535771700 vol.: 0.5000000000 ch.: 0.0455904803
it.: 372 obj.: 0.7536459518 vol.: 0.5000000000 ch.: 0.0456559603
it.: 373 obj.: 0.7537124620 vol.: 0.5000000000 ch.: 0.0457753413
it.: 374 obj.: 0.7537564710 vol.: 0.5000000000 ch.: 0.0477689196
it.: 375 obj.: 0.7537493760 vol.: 0.5000000000 ch.: 0.0490073258
it.: 376 obj.: 0.7537463474 vol.: 0.5000000000 ch.: 0.0484136612
it.: 377 obj.: 0.7537451098 vol.: 0.5000000000 ch.: 0.0486647882
it.: 378 obj.: 0.7538417019 vol.: 0.5000000000 ch.: 0.0480256406
it.: 379 obj.: 0.7539401239 vol.: 0.5000000000 ch.: 0.0469515454
it.: 380 obj.: 0.7540286075 vol.: 0.5000000000 ch.: 0.0455001272
it.: 381 obj.: 0.7540895810 vol.: 0.5000000000 ch.: 0.0458536516
it.: 382 obj.: 0.7541354990 vol.: 0.5000000000 ch.: 0.0443960852
it.: 383 obj.: 0.7541785994 vol.: 0.5000000000 ch.: 0.0449360194
it.: 384 obj.: 0.7542216139 vol.: 0.5000000000 ch.: 0.0449264509
it.: 385 obj.: 0.7542678116 vol.: 0.5000000000 ch.: 0.0450945509
it.: 386 obj.: 0.7543158109 vol.: 0.5000000000 ch.: 0.0449584111
it.: 387 obj.: 0.7543641297 vol.: 0.5000000000 ch.: 0.0448055715
it.: 388 obj.: 0.7544134156 vol.: 0.5000000000 ch.: 0.0448255394
it.: 389 obj.: 0.7544647970 vol.: 0.5000000000 ch.: 0.0445353290
it.: 390 obj.: 0.7545176521 vol.: 0.5000000000 ch.: 0.0447618731
it.: 391 obj.: 0.7545726527 vol.: 0.5000000000 ch.: 0.0449640210
it.: 392 obj.: 0.7546292350 vol.: 0.5000000000 ch.: 0.0451496818
it.: 393 obj.: 0.7546857046 vol.: 0.5000000000 ch.: 0.0452207693
it.: 394 obj.: 0.7547436690 vol.: 0.5000000000 ch.: 0.0453271553
it.: 395 obj.: 0.7548015594 vol.: 0.5000000000 ch.: 0.0456972208
it.: 396 obj.: 0.7548585553 vol.: 0.5000000000 ch.: 0.0449136057
it.: 397 obj.: 0.7549112647 vol.: 0.5000000000 ch.: 0.0447350038
it.: 398 obj.: 0.7549443044 vol.: 0.5000000000 ch.: 0.0475707790
it.: 399 obj.: 0.7549729561 vol.: 0.5000000000 ch.: 0.0474715364
it.: 400 obj.: 0.7549894197 vol.: 0.5000000000 ch.: 0.0477065505
Parameter beta increased to 16
it.: 401 obj.: 0.7550066822 vol.: 0.5000000000 ch.: 0.0491629433
it.: 402 obj.: 0.7669974317 vol.: 0.5000000000 ch.: 0.0499353977
it.: 403 obj.: 0.7826984956 vol.: 0.5000000000 ch.: 0.0498471976
it.: 404 obj.: 0.7884131158 vol.: 0.5000000000 ch.: 0.0496409557
it.: 405 obj.: 0.7908544743 vol.: 0.5000000000 ch.: 0.0494281426
it.: 406 obj.: 0.7925140584 vol.: 0.5000000000 ch.: 0.0494621806
it.: 407 obj.: 0.7937288795 vol.: 0.5000000000 ch.: 0.0493275594
it.: 408 obj.: 0.7941025669 vol.: 0.5000000000 ch.: 0.0496510228
it.: 409 obj.: 0.7943085571 vol.: 0.5000000000 ch.: 0.0498042806
it.: 410 obj.: 0.7948057040 vol.: 0.5000000000 ch.: 0.0496745486
it.: 411 obj.: 0.7952690806 vol.: 0.5000000000 ch.: 0.0496619589
it.: 412 obj.: 0.7959244685 vol.: 0.5000000000 ch.: 0.0494727748
it.: 413 obj.: 0.7965725755 vol.: 0.5000000000 ch.: 0.0492554716
it.: 414 obj.: 0.7970726607 vol.: 0.5000000000 ch.: 0.0486697427
it.: 415 obj.: 0.7974406442 vol.: 0.5000000000 ch.: 0.0484299541
it.: 416 obj.: 0.7977329061 vol.: 0.5000000000 ch.: 0.0482163928
it.: 417 obj.: 0.7979845552 vol.: 0.5000000000 ch.: 0.0483381128
it.: 418 obj.: 0.7982165373 vol.: 0.5000000000 ch.: 0.0477426735
it.: 419 obj.: 0.7984350565 vol.: 0.5000000000 ch.: 0.0476404677
it.: 420 obj.: 0.7986437442 vol.: 0.5000000000 ch.: 0.0467507461
it.: 421 obj.: 0.7988439157 vol.: 0.5000000000 ch.: 0.0466725361
it.: 422 obj.: 0.7990347508 vol.: 0.5000000000 ch.: 0.0481679714
it.: 423 obj.: 0.7992031498 vol.: 0.5000000000 ch.: 0.0481118666
it.: 424 obj.: 0.7993319046 vol.: 0.5000000000 ch.: 0.0491767527
it.: 425 obj.: 0.7994098963 vol.: 0.5000000000 ch.: 0.0490853026
it.: 426 obj.: 0.7994492294 vol.: 0.5000000000 ch.: 0.0495672799
it.: 427 obj.: 0.7995365258 vol.: 0.5000000000 ch.: 0.0493078156
it.: 428 obj.: 0.7997546398 vol.: 0.5000000000 ch.: 0.0491815613
it.: 429 obj.: 0.7999065416 vol.: 0.5000000000 ch.: 0.0476149289
it.: 430 obj.: 0.8000300451 vol.: 0.5000000000 ch.: 0.0472443239
it.: 431 obj.: 0.8001211974 vol.: 0.5000000000 ch.: 0.0471026905
it.: 432 obj.: 0.8002309214 vol.: 0.5000000000 ch.: 0.0476241654
it.: 433 obj.: 0.8003180204 vol.: 0.5000000000 ch.: 0.0471339065
it.: 434 obj.: 0.8004002072 vol.: 0.5000000000 ch.: 0.0478278771
it.: 435 obj.: 0.8004842454 vol.: 0.5000000000 ch.: 0.0444902930
it.: 436 obj.: 0.8005701509 vol.: 0.5000000000 ch.: 0.0438988589
it.: 437 obj.: 0.8006578470 vol.: 0.5000000000 ch.: 0.0460060769
it.: 438 obj.: 0.8007463434 vol.: 0.5000000000 ch.: 0.0463941949
it.: 439 obj.: 0.8008347392 vol.: 0.5000000000 ch.: 0.0471328210
it.: 440 obj.: 0.8009224281 vol.: 0.5000000000 ch.: 0.0472689524
it.: 441 obj.: 0.8010115657 vol.: 0.5000000000 ch.: 0.0476774883
it.: 442 obj.: 0.8011037397 vol.: 0.5000000000 ch.: 0.0449224975
it.: 443 obj.: 0.8011881490 vol.: 0.5000000000 ch.: 0.0461139141
it.: 444 obj.: 0.8012601890 vol.: 0.5000000000 ch.: 0.0459255988
it.: 445 obj.: 0.8013091810 vol.: 0.5000000000 ch.: 0.0481521536
it.: 446 obj.: 0.8013808110 vol.: 0.5000000000 ch.: 0.0480582692
it.: 447 obj.: 0.8014681677 vol.: 0.5000000000 ch.: 0.0482132501
it.: 448 obj.: 0.8015545241 vol.: 0.5000000000 ch.: 0.0468009307
it.: 449 obj.: 0.8016184072 vol.: 0.5000000000 ch.: 0.0476916771
it.: 450 obj.: 0.8016722379 vol.: 0.5000000000 ch.: 0.0460542303
it.: 451 obj.: 0.8017261508 vol.: 0.5000000000 ch.: 0.0474386879
it.: 452 obj.: 0.8017851778 vol.: 0.5000000000 ch.: 0.0469272795
it.: 453 obj.: 0.8018475487 vol.: 0.5000000000 ch.: 0.0475996604
it.: 454 obj.: 0.8019057738 vol.: 0.5000000000 ch.: 0.0473746271
it.: 455 obj.: 0.8019626528 vol.: 0.5000000000 ch.: 0.0475367298
it.: 456 obj.: 0.8020203660 vol.: 0.5000000000 ch.: 0.0474142036
it.: 457 obj.: 0.8020803550 vol.: 0.5000000000 ch.: 0.0473203956
it.: 458 obj.: 0.8021429227 vol.: 0.5000000000 ch.: 0.0472837818
it.: 459 obj.: 0.8022071565 vol.: 0.5000000000 ch.: 0.0468255429
it.: 460 obj.: 0.8022698920 vol.: 0.5000000000 ch.: 0.0441014829
it.: 461 obj.: 0.8023302169 vol.: 0.5000000000 ch.: 0.0456744956
it.: 462 obj.: 0.8023907297 vol.: 0.5000000000 ch.: 0.0461753802
it.: 463 obj.: 0.8024491893 vol.: 0.5000000000 ch.: 0.0445447841
it.: 464 obj.: 0.8024984401 vol.: 0.5000000000 ch.: 0.0472273796
it.: 465 obj.: 0.8025413432 vol.: 0.5000000000 ch.: 0.0473418075
it.: 466 obj.: 0.8025885206 vol.: 0.5000000000 ch.: 0.0474714491
it.: 467 obj.: 0.8026215329 vol.: 0.5000000000 ch.: 0.0482334525
it.: 468 obj.: 0.8026690082 vol.: 0.5000000000 ch.: 0.0478177212
it.: 469 obj.: 0.8027313109 vol.: 0.5000000000 ch.: 0.0471298148
it.: 470 obj.: 0.8027950340 vol.: 0.5000000000 ch.: 0.0430699009
it.: 471 obj.: 0.8028446652 vol.: 0.5000000000 ch.: 0.0468701165
it.: 472 obj.: 0.8028854332 vol.: 0.5000000000 ch.: 0.0433624431
it.: 473 obj.: 0.8029240596 vol.: 0.5000000000 ch.: 0.0466274151
it.: 474 obj.: 0.8029579589 vol.: 0.5000000000 ch.: 0.0468252838
it.: 475 obj.: 0.8029855614 vol.: 0.5000000000 ch.: 0.0477312183
it.: 476 obj.: 0.8030251320 vol.: 0.5000000000 ch.: 0.0477145050
it.: 477 obj.: 0.8030668850 vol.: 0.5000000000 ch.: 0.0456613720
it.: 478 obj.: 0.8031102184 vol.: 0.5000000000 ch.: 0.0427053905
it.: 479 obj.: 0.8031503856 vol.: 0.5000000000 ch.: 0.0467154756
it.: 480 obj.: 0.8031902128 vol.: 0.5000000000 ch.: 0.0436056526
it.: 481 obj.: 0.8032304554 vol.: 0.5000000000 ch.: 0.0459487016
it.: 482 obj.: 0.8032707515 vol.: 0.5000000000 ch.: 0.0451555081
it.: 483 obj.: 0.8033107965 vol.: 0.5000000000 ch.: 0.0435521092
it.: 484 obj.: 0.8033505316 vol.: 0.5000000000 ch.: 0.0420116966
it.: 485 obj.: 0.8033895495 vol.: 0.5000000000 ch.: 0.0450217820
it.: 486 obj.: 0.8034300387 vol.: 0.5000000000 ch.: 0.0439182676
it.: 487 obj.: 0.8034603082 vol.: 0.5000000000 ch.: 0.0454514258
it.: 488 obj.: 0.8034580183 vol.: 0.5000000000 ch.: 0.0486843257
it.: 489 obj.: 0.8034548197 vol.: 0.5000000000 ch.: 0.0486531606
it.: 490 obj.: 0.8035085103 vol.: 0.5000000000 ch.: 0.0477090229
it.: 491 obj.: 0.8035728228 vol.: 0.5000000000 ch.: 0.0459233445
it.: 492 obj.: 0.8036193680 vol.: 0.5000000000 ch.: 0.0423709341
it.: 493 obj.: 0.8036501261 vol.: 0.5000000000 ch.: 0.0433627529
it.: 494 obj.: 0.8036784365 vol.: 0.5000000000 ch.: 0.0409227237
it.: 495 obj.: 0.8037069671 vol.: 0.5000000000 ch.: 0.0412966367
it.: 496 obj.: 0.8037349491 vol.: 0.5000000000 ch.: 0.0413341543
it.: 497 obj.: 0.8037621643 vol.: 0.5000000000 ch.: 0.0430425905
it.: 498 obj.: 0.8037895022 vol.: 0.5000000000 ch.: 0.0433510964
it.: 499 obj.: 0.8038166718 vol.: 0.5000000000 ch.: 0.0431385272
it.: 500 obj.: 0.8038433384 vol.: 0.5000000000 ch.: 0.0427681890
Parameter beta increased to 32
it.: 501 obj.: 0.8038703123 vol.: 0.5000000000 ch.: 0.0494724167
it.: 502 obj.: 0.8094539141 vol.: 0.5000000000 ch.: 0.0499833535
it.: 503 obj.: 0.8294556377 vol.: 0.5000000000 ch.: 0.0499569158
it.: 504 obj.: 0.8350315783 vol.: 0.5000000000 ch.: 0.0498361916
it.: 505 obj.: 0.8368061380 vol.: 0.5000000000 ch.: 0.0497994254
it.: 506 obj.: 0.8377788322 vol.: 0.5000000000 ch.: 0.0497846583
it.: 507 obj.: 0.8385595429 vol.: 0.5000000000 ch.: 0.0494933779
it.: 508 obj.: 0.8390424890 vol.: 0.5000000000 ch.: 0.0496965382
it.: 509 obj.: 0.8394860077 vol.: 0.5000000000 ch.: 0.0487889436
it.: 510 obj.: 0.8397737794 vol.: 0.5000000000 ch.: 0.0486077431
it.: 511 obj.: 0.8400250777 vol.: 0.5000000000 ch.: 0.0486314460
it.: 512 obj.: 0.8402212844 vol.: 0.5000000000 ch.: 0.0485683816
it.: 513 obj.: 0.8403211359 vol.: 0.5000000000 ch.: 0.0495092149
it.: 514 obj.: 0.8404635734 vol.: 0.5000000000 ch.: 0.0491686559
it.: 515 obj.: 0.8405388025 vol.: 0.5000000000 ch.: 0.0492865712
it.: 516 obj.: 0.8406670969 vol.: 0.5000000000 ch.: 0.0492444879
it.: 517 obj.: 0.8407999693 vol.: 0.5000000000 ch.: 0.0481373423
it.: 518 obj.: 0.8409388530 vol.: 0.5000000000 ch.: 0.0479364932
it.: 519 obj.: 0.8410427209 vol.: 0.5000000000 ch.: 0.0463518861
it.: 520 obj.: 0.8411281971 vol.: 0.5000000000 ch.: 0.0448826935
it.: 521 obj.: 0.8412111334 vol.: 0.5000000000 ch.: 0.0457352979
it.: 522 obj.: 0.8412915123 vol.: 0.5000000000 ch.: 0.0446479140
it.: 523 obj.: 0.8413731951 vol.: 0.5000000000 ch.: 0.0457924895
it.: 524 obj.: 0.8414528684 vol.: 0.5000000000 ch.: 0.0437756713
it.: 525 obj.: 0.8415316807 vol.: 0.5000000000 ch.: 0.0452912037
it.: 526 obj.: 0.8416017746 vol.: 0.5000000000 ch.: 0.0449086584
it.: 527 obj.: 0.8416585086 vol.: 0.5000000000 ch.: 0.0476211538
it.: 528 obj.: 0.8416939188 vol.: 0.5000000000 ch.: 0.0483026669
it.: 529 obj.: 0.8417216124 vol.: 0.5000000000 ch.: 0.0485235379
it.: 530 obj.: 0.8417605571 vol.: 0.5000000000 ch.: 0.0489029309
it.: 531 obj.: 0.8418030600 vol.: 0.5000000000 ch.: 0.0484674623
it.: 532 obj.: 0.8418791002 vol.: 0.5000000000 ch.: 0.0480634927
it.: 533 obj.: 0.8419705130 vol.: 0.5000000000 ch.: 0.0445531231
it.: 534 obj.: 0.8420291591 vol.: 0.5000000000 ch.: 0.0438199401
it.: 535 obj.: 0.8420721726 vol.: 0.5000000000 ch.: 0.0439979792
it.: 536 obj.: 0.8421145252 vol.: 0.5000000000 ch.: 0.0439676591
it.: 537 obj.: 0.8421591038 vol.: 0.5000000000 ch.: 0.0437721814
it.: 538 obj.: 0.8422052100 vol.: 0.5000000000 ch.: 0.0435962625
it.: 539 obj.: 0.8422535871 vol.: 0.5000000000 ch.: 0.0433954049
it.: 540 obj.: 0.8423047215 vol.: 0.5000000000 ch.: 0.0432239645
it.: 541 obj.: 0.8423584600 vol.: 0.5000000000 ch.: 0.0426267557
it.: 542 obj.: 0.8424138251 vol.: 0.5000000000 ch.: 0.0426675299
it.: 543 obj.: 0.8424657332 vol.: 0.5000000000 ch.: 0.0454554923
it.: 544 obj.: 0.8424834205 vol.: 0.5000000000 ch.: 0.0480757754
it.: 545 obj.: 0.8423675410 vol.: 0.5000000000 ch.: 0.0492737900
it.: 546 obj.: 0.8421637488 vol.: 0.5000000000 ch.: 0.0495240284
it.: 547 obj.: 0.8423376145 vol.: 0.5000000000 ch.: 0.0493611689
it.: 548 obj.: 0.8425650694 vol.: 0.5000000000 ch.: 0.0482650813
it.: 549 obj.: 0.8426705830 vol.: 0.5000000000 ch.: 0.0397954447
it.: 550 obj.: 0.8427101872 vol.: 0.5000000000 ch.: 0.0396992482
it.: 551 obj.: 0.8427350821 vol.: 0.5000000000 ch.: 0.0353658076
it.: 552 obj.: 0.8427603685 vol.: 0.5000000000 ch.: 0.0369545768
it.: 553 obj.: 0.8427875231 vol.: 0.5000000000 ch.: 0.0380585040
it.: 554 obj.: 0.8428170273 vol.: 0.5000000000 ch.: 0.0390649103
it.: 555 obj.: 0.8428491326 vol.: 0.5000000000 ch.: 0.0388831910
it.: 556 obj.: 0.8428839713 vol.: 0.5000000000 ch.: 0.0404118975
it.: 557 obj.: 0.8429209495 vol.: 0.5000000000 ch.: 0.0383986887
it.: 558 obj.: 0.8429594146 vol.: 0.5000000000 ch.: 0.0429940462
it.: 559 obj.: 0.8429924933 vol.: 0.5000000000 ch.: 0.0464908364
it.: 560 obj.: 0.8430054672 vol.: 0.5000000000 ch.: 0.0487781179
it.: 561 obj.: 0.8430150392 vol.: 0.5000000000 ch.: 0.0489331866
it.: 562 obj.: 0.8430673308 vol.: 0.5000000000 ch.: 0.0485324939
it.: 563 obj.: 0.8431209215 vol.: 0.5000000000 ch.: 0.0442722115
it.: 564 obj.: 0.8431380958 vol.: 0.5000000000 ch.: 0.0488127865
it.: 565 obj.: 0.8430439082 vol.: 0.5000000000 ch.: 0.0492628813
it.: 566 obj.: 0.8429517016 vol.: 0.5000000000 ch.: 0.0494490489
it.: 567 obj.: 0.8430659481 vol.: 0.5000000000 ch.: 0.0487857321
it.: 568 obj.: 0.8431989978 vol.: 0.5000000000 ch.: 0.0422832736
it.: 569 obj.: 0.8432667070 vol.: 0.5000000000 ch.: 0.0272285972
it.: 570 obj.: 0.8432868365 vol.: 0.5000000000 ch.: 0.0240449888
it.: 571 obj.: 0.8433003434 vol.: 0.5000000000 ch.: 0.0234017171
it.: 572 obj.: 0.8433140312 vol.: 0.5000000000 ch.: 0.0240725347
it.: 573 obj.: 0.8433290394 vol.: 0.5000000000 ch.: 0.0247614868
it.: 574 obj.: 0.8433453246 vol.: 0.5000000000 ch.: 0.0265856104
it.: 575 obj.: 0.8433630519 vol.: 0.5000000000 ch.: 0.0284166364
it.: 576 obj.: 0.8433832816 vol.: 0.5000000000 ch.: 0.0309029902
it.: 577 obj.: 0.8434058664 vol.: 0.5000000000 ch.: 0.0330749011
it.: 578 obj.: 0.8434305297 vol.: 0.5000000000 ch.: 0.0342877674
it.: 579 obj.: 0.8434579215 vol.: 0.5000000000 ch.: 0.0336112521
it.: 580 obj.: 0.8434880074 vol.: 0.5000000000 ch.: 0.0332479678
it.: 581 obj.: 0.8435203232 vol.: 0.5000000000 ch.: 0.0323436037
it.: 582 obj.: 0.8435557596 vol.: 0.5000000000 ch.: 0.0322057898
it.: 583 obj.: 0.8435922754 vol.: 0.5000000000 ch.: 0.0412387997
it.: 584 obj.: 0.8435955330 vol.: 0.5000000000 ch.: 0.0489961785
it.: 585 obj.: 0.8433226305 vol.: 0.5000000000 ch.: 0.0497845344
it.: 586 obj.: 0.8428285099 vol.: 0.5000000000 ch.: 0.0497618575
it.: 587 obj.: 0.8423263385 vol.: 0.5000000000 ch.: 0.0497827853
it.: 588 obj.: 0.8427324841 vol.: 0.5000000000 ch.: 0.0496829180
it.: 589 obj.: 0.8432464898 vol.: 0.5000000000 ch.: 0.0494952840
it.: 590 obj.: 0.8435740863 vol.: 0.5000000000 ch.: 0.0454146488
it.: 591 obj.: 0.8436797718 vol.: 0.5000000000 ch.: 0.0309177139
it.: 592 obj.: 0.8437013756 vol.: 0.5000000000 ch.: 0.0301550260
it.: 593 obj.: 0.8437124326 vol.: 0.5000000000 ch.: 0.0264365959
it.: 594 obj.: 0.8437230444 vol.: 0.5000000000 ch.: 0.0260639014
it.: 595 obj.: 0.8437344058 vol.: 0.5000000000 ch.: 0.0259645182
it.: 596 obj.: 0.8437468085 vol.: 0.5000000000 ch.: 0.0258676489
it.: 597 obj.: 0.8437604121 vol.: 0.5000000000 ch.: 0.0258046208
it.: 598 obj.: 0.8437756725 vol.: 0.5000000000 ch.: 0.0274322508
it.: 599 obj.: 0.8437926129 vol.: 0.5000000000 ch.: 0.0288556839
it.: 600 obj.: 0.8438114119 vol.: 0.5000000000 ch.: 0.0307961263
Parameter beta increased to 64
it.: 601 obj.: 0.8438323154 vol.: 0.5000000000 ch.: 0.0496026845
it.: 602 obj.: 0.8522988561 vol.: 0.5000000000 ch.: 0.0499900887
it.: 603 obj.: 0.8682123521 vol.: 0.5000000000 ch.: 0.0499019563
it.: 604 obj.: 0.8653496794 vol.: 0.5000000000 ch.: 0.0499749757
it.: 605 obj.: 0.8701019287 vol.: 0.5000000000 ch.: 0.0498519528
it.: 606 obj.: 0.8708754221 vol.: 0.5000000000 ch.: 0.0496931573
it.: 607 obj.: 0.8713770303 vol.: 0.5000000000 ch.: 0.0496961821
it.: 608 obj.: 0.8719452872 vol.: 0.5000000000 ch.: 0.0492838002
it.: 609 obj.: 0.8722850687 vol.: 0.5000000000 ch.: 0.0490764183
it.: 610 obj.: 0.8725057866 vol.: 0.5000000000 ch.: 0.0474381196
it.: 611 obj.: 0.8726401296 vol.: 0.5000000000 ch.: 0.0471974430
it.: 612 obj.: 0.8727542456 vol.: 0.5000000000 ch.: 0.0464505018
it.: 613 obj.: 0.8728564768 vol.: 0.5000000000 ch.: 0.0464366585
it.: 614 obj.: 0.8729522978 vol.: 0.5000000000 ch.: 0.0463553848
it.: 615 obj.: 0.8730428017 vol.: 0.5000000000 ch.: 0.0463261104
it.: 616 obj.: 0.8731303435 vol.: 0.5000000000 ch.: 0.0461943698
it.: 617 obj.: 0.8732086536 vol.: 0.5000000000 ch.: 0.0461461697
it.: 618 obj.: 0.8732835802 vol.: 0.5000000000 ch.: 0.0464400221
it.: 619 obj.: 0.8733424356 vol.: 0.5000000000 ch.: 0.0481020361
it.: 620 obj.: 0.8734184485 vol.: 0.5000000000 ch.: 0.0475320511
it.: 621 obj.: 0.8734860188 vol.: 0.5000000000 ch.: 0.0477633190
it.: 622 obj.: 0.8735545670 vol.: 0.5000000000 ch.: 0.0478148603
it.: 623 obj.: 0.8735965418 vol.: 0.5000000000 ch.: 0.0485286337
it.: 624 obj.: 0.8735263718 vol.: 0.5000000000 ch.: 0.0495760086
it.: 625 obj.: 0.8734457628 vol.: 0.5000000000 ch.: 0.0494930423
it.: 626 obj.: 0.8735568938 vol.: 0.5000000000 ch.: 0.0496222351
it.: 627 obj.: 0.8739444922 vol.: 0.5000000000 ch.: 0.0492767879
it.: 628 obj.: 0.8742387319 vol.: 0.5000000000 ch.: 0.0492051417
it.: 629 obj.: 0.8744316164 vol.: 0.5000000000 ch.: 0.0484462421
it.: 630 obj.: 0.8745701058 vol.: 0.5000000000 ch.: 0.0477427253
it.: 631 obj.: 0.8746779329 vol.: 0.5000000000 ch.: 0.0464282953
it.: 632 obj.: 0.8747704811 vol.: 0.5000000000 ch.: 0.0456574012
it.: 633 obj.: 0.8748604831 vol.: 0.5000000000 ch.: 0.0447539752
it.: 634 obj.: 0.8749406404 vol.: 0.5000000000 ch.: 0.0482256286
it.: 635 obj.: 0.8749866443 vol.: 0.5000000000 ch.: 0.0492214369
it.: 636 obj.: 0.8750069552 vol.: 0.5000000000 ch.: 0.0492815265
it.: 637 obj.: 0.8751503074 vol.: 0.5000000000 ch.: 0.0488949660
it.: 638 obj.: 0.8752160667 vol.: 0.5000000000 ch.: 0.0488351556
it.: 639 obj.: 0.8753125063 vol.: 0.5000000000 ch.: 0.0465932012
it.: 640 obj.: 0.8753455681 vol.: 0.5000000000 ch.: 0.0485472290
it.: 641 obj.: 0.8754156323 vol.: 0.5000000000 ch.: 0.0472831831
it.: 642 obj.: 0.8754561045 vol.: 0.5000000000 ch.: 0.0491980568
it.: 643 obj.: 0.8754558742 vol.: 0.5000000000 ch.: 0.0486556825
it.: 644 obj.: 0.8755212152 vol.: 0.5000000000 ch.: 0.0489112549
it.: 645 obj.: 0.8756456218 vol.: 0.5000000000 ch.: 0.0440638206
it.: 646 obj.: 0.8757229183 vol.: 0.5000000000 ch.: 0.0441389377
it.: 647 obj.: 0.8757765547 vol.: 0.5000000000 ch.: 0.0455563099
it.: 648 obj.: 0.8758237856 vol.: 0.5000000000 ch.: 0.0448955370
it.: 649 obj.: 0.8758709979 vol.: 0.5000000000 ch.: 0.0453369060
it.: 650 obj.: 0.8759175530 vol.: 0.5000000000 ch.: 0.0452924334
it.: 651 obj.: 0.8759616361 vol.: 0.5000000000 ch.: 0.0474593199
it.: 652 obj.: 0.8759984652 vol.: 0.5000000000 ch.: 0.0475755572
it.: 653 obj.: 0.8760280545 vol.: 0.5000000000 ch.: 0.0489485245
it.: 654 obj.: 0.8760739492 vol.: 0.5000000000 ch.: 0.0483912919
it.: 655 obj.: 0.8761236096 vol.: 0.5000000000 ch.: 0.0471530561
it.: 656 obj.: 0.8761409039 vol.: 0.5000000000 ch.: 0.0490503209
it.: 657 obj.: 0.8761197276 vol.: 0.5000000000 ch.: 0.0488702955
it.: 658 obj.: 0.8762580797 vol.: 0.5000000000 ch.: 0.0478658242
it.: 659 obj.: 0.8762876466 vol.: 0.5000000000 ch.: 0.0466242346
it.: 660 obj.: 0.8763546091 vol.: 0.5000000000 ch.: 0.0449001343
it.: 661 obj.: 0.8763981425 vol.: 0.5000000000 ch.: 0.0456114282
it.: 662 obj.: 0.8764397382 vol.: 0.5000000000 ch.: 0.0481884319
it.: 663 obj.: 0.8764622604 vol.: 0.5000000000 ch.: 0.0489770385
it.: 664 obj.: 0.8764322513 vol.: 0.5000000000 ch.: 0.0495432294
it.: 665 obj.: 0.8764519622 vol.: 0.5000000000 ch.: 0.0493566082
it.: 666 obj.: 0.8765159124 vol.: 0.5000000000 ch.: 0.0488461629
it.: 667 obj.: 0.8765779747 vol.: 0.5000000000 ch.: 0.0475158721
it.: 668 obj.: 0.8766255826 vol.: 0.5000000000 ch.: 0.0448483198
it.: 669 obj.: 0.8766632133 vol.: 0.5000000000 ch.: 0.0426497220
it.: 670 obj.: 0.8766965097 vol.: 0.5000000000 ch.: 0.0418065396
it.: 671 obj.: 0.8767268380 vol.: 0.5000000000 ch.: 0.0425962127
it.: 672 obj.: 0.8767572018 vol.: 0.5000000000 ch.: 0.0417395286
it.: 673 obj.: 0.8767868980 vol.: 0.5000000000 ch.: 0.0436080670
it.: 674 obj.: 0.8768110785 vol.: 0.5000000000 ch.: 0.0459487413
it.: 675 obj.: 0.8768334959 vol.: 0.5000000000 ch.: 0.0482524933
it.: 676 obj.: 0.8767837128 vol.: 0.5000000000 ch.: 0.0494445176
it.: 677 obj.: 0.8767624765 vol.: 0.5000000000 ch.: 0.0495478041
it.: 678 obj.: 0.8768550554 vol.: 0.5000000000 ch.: 0.0485663449
it.: 679 obj.: 0.8769219963 vol.: 0.5000000000 ch.: 0.0491197030
it.: 680 obj.: 0.8769609535 vol.: 0.5000000000 ch.: 0.0482886590
it.: 681 obj.: 0.8769939595 vol.: 0.5000000000 ch.: 0.0480277410
it.: 682 obj.: 0.8770213180 vol.: 0.5000000000 ch.: 0.0466610514
it.: 683 obj.: 0.8770466064 vol.: 0.5000000000 ch.: 0.0445365508
it.: 684 obj.: 0.8770718537 vol.: 0.5000000000 ch.: 0.0433550448
it.: 685 obj.: 0.8770944111 vol.: 0.5000000000 ch.: 0.0390985664
it.: 686 obj.: 0.8771149787 vol.: 0.5000000000 ch.: 0.0385666581
it.: 687 obj.: 0.8771366029 vol.: 0.5000000000 ch.: 0.0382679958
it.: 688 obj.: 0.8771595079 vol.: 0.5000000000 ch.: 0.0380302900
it.: 689 obj.: 0.8771837381 vol.: 0.5000000000 ch.: 0.0377040843
it.: 690 obj.: 0.8772092945 vol.: 0.5000000000 ch.: 0.0382519194
it.: 691 obj.: 0.8772355721 vol.: 0.5000000000 ch.: 0.0392780289
it.: 692 obj.: 0.8772628736 vol.: 0.5000000000 ch.: 0.0398393047
it.: 693 obj.: 0.8772909847 vol.: 0.5000000000 ch.: 0.0421896384
it.: 694 obj.: 0.8773026200 vol.: 0.5000000000 ch.: 0.0488599088
it.: 695 obj.: 0.8770646404 vol.: 0.5000000000 ch.: 0.0498252527
it.: 696 obj.: 0.8768192020 vol.: 0.5000000000 ch.: 0.0498462587
it.: 697 obj.: 0.8767984053 vol.: 0.5000000000 ch.: 0.0498677115
it.: 698 obj.: 0.8771829471 vol.: 0.5000000000 ch.: 0.0493271119
it.: 699 obj.: 0.8773141703 vol.: 0.5000000000 ch.: 0.0479656605
it.: 700 obj.: 0.8773859202 vol.: 0.5000000000 ch.: 0.0443929917
Parameter beta increased to 128
it.: 701 obj.: 0.8774122906 vol.: 0.5000000000 ch.: 0.0494409006
it.: 702 obj.: 0.8911793758 vol.: 0.5000000000 ch.: 0.0499550172
it.: 703 obj.: 0.8942163276 vol.: 0.5000000000 ch.: 0.0495760000
it.: 704 obj.: 0.8945760350 vol.: 0.5000000000 ch.: 0.0495433129
it.: 705 obj.: 0.8947817024 vol.: 0.5000000000 ch.: 0.0490631201
it.: 706 obj.: 0.8949183784 vol.: 0.5000000000 ch.: 0.0474189564
it.: 707 obj.: 0.8950298031 vol.: 0.5000000000 ch.: 0.0460938277
it.: 708 obj.: 0.8951403956 vol.: 0.5000000000 ch.: 0.0462606357
it.: 709 obj.: 0.8952476788 vol.: 0.5000000000 ch.: 0.0464723233
it.: 710 obj.: 0.8953526731 vol.: 0.5000000000 ch.: 0.0463083098
it.: 711 obj.: 0.8954479315 vol.: 0.5000000000 ch.: 0.0461535244
it.: 712 obj.: 0.8955293730 vol.: 0.5000000000 ch.: 0.0479715844
it.: 713 obj.: 0.8956000939 vol.: 0.5000000000 ch.: 0.0476298139
it.: 714 obj.: 0.8956667308 vol.: 0.5000000000 ch.: 0.0493571873
it.: 715 obj.: 0.8955200064 vol.: 0.5000000000 ch.: 0.0497808916
it.: 716 obj.: 0.8948748132 vol.: 0.5000000000 ch.: 0.0499254077
it.: 717 obj.: 0.8951003420 vol.: 0.5000000000 ch.: 0.0497432548
it.: 718 obj.: 0.8954536125 vol.: 0.5000000000 ch.: 0.0494890390
it.: 719 obj.: 0.8957745807 vol.: 0.5000000000 ch.: 0.0497130707
it.: 720 obj.: 0.8956954698 vol.: 0.5000000000 ch.: 0.0498884046
it.: 721 obj.: 0.8960105824 vol.: 0.5000000000 ch.: 0.0497344912
it.: 722 obj.: 0.8961539730 vol.: 0.5000000000 ch.: 0.0496355456
it.: 723 obj.: 0.8963158950 vol.: 0.5000000000 ch.: 0.0428002693
it.: 724 obj.: 0.8963623434 vol.: 0.5000000000 ch.: 0.0426530388
it.: 725 obj.: 0.8964077832 vol.: 0.5000000000 ch.: 0.0414901158
it.: 726 obj.: 0.8964548436 vol.: 0.5000000000 ch.: 0.0414272599
it.: 727 obj.: 0.8965032504 vol.: 0.5000000000 ch.: 0.0402358217
it.: 728 obj.: 0.8965536183 vol.: 0.5000000000 ch.: 0.0401792410
it.: 729 obj.: 0.8966038591 vol.: 0.5000000000 ch.: 0.0483774535
it.: 730 obj.: 0.8966276782 vol.: 0.5000000000 ch.: 0.0492422652
it.: 731 obj.: 0.8965422386 vol.: 0.5000000000 ch.: 0.0496392030
it.: 732 obj.: 0.8963711929 vol.: 0.5000000000 ch.: 0.0497461343
it.: 733 obj.: 0.8964259384 vol.: 0.5000000000 ch.: 0.0496347559
it.: 734 obj.: 0.8966810439 vol.: 0.5000000000 ch.: 0.0487953444
it.: 735 obj.: 0.8968423819 vol.: 0.5000000000 ch.: 0.0462985696
it.: 736 obj.: 0.8969157547 vol.: 0.5000000000 ch.: 0.0452770431
it.: 737 obj.: 0.8969550619 vol.: 0.5000000000 ch.: 0.0437730008
it.: 738 obj.: 0.8969946318 vol.: 0.5000000000 ch.: 0.0469899433
it.: 739 obj.: 0.8970329539 vol.: 0.5000000000 ch.: 0.0456843431
it.: 740 obj.: 0.8970749776 vol.: 0.5000000000 ch.: 0.0461544758
it.: 741 obj.: 0.8971172234 vol.: 0.5000000000 ch.: 0.0459131461
it.: 742 obj.: 0.8971605054 vol.: 0.5000000000 ch.: 0.0475506909
it.: 743 obj.: 0.8972032885 vol.: 0.5000000000 ch.: 0.0471948490
it.: 744 obj.: 0.8972494305 vol.: 0.5000000000 ch.: 0.0467606151
it.: 745 obj.: 0.8972935910 vol.: 0.5000000000 ch.: 0.0480460904
it.: 746 obj.: 0.8973396010 vol.: 0.5000000000 ch.: 0.0450602625
it.: 747 obj.: 0.8973829229 vol.: 0.5000000000 ch.: 0.0486676847
it.: 748 obj.: 0.8974014549 vol.: 0.5000000000 ch.: 0.0481612867
it.: 749 obj.: 0.8972924704 vol.: 0.5000000000 ch.: 0.0495424619
it.: 750 obj.: 0.8968296269 vol.: 0.5000000000 ch.: 0.0498067191
it.: 751 obj.: 0.8967028798 vol.: 0.5000000000 ch.: 0.0498762202
it.: 752 obj.: 0.8971743821 vol.: 0.5000000000 ch.: 0.0495565711
it.: 753 obj.: 0.8975106306 vol.: 0.5000000000 ch.: 0.0475544186
it.: 754 obj.: 0.8975919243 vol.: 0.5000000000 ch.: 0.0421235454
it.: 755 obj.: 0.8976227307 vol.: 0.5000000000 ch.: 0.0408389618
it.: 756 obj.: 0.8976434960 vol.: 0.5000000000 ch.: 0.0408894004
it.: 757 obj.: 0.8976651820 vol.: 0.5000000000 ch.: 0.0407404243
it.: 758 obj.: 0.8976889737 vol.: 0.5000000000 ch.: 0.0406567036
it.: 759 obj.: 0.8977154846 vol.: 0.5000000000 ch.: 0.0410613753
it.: 760 obj.: 0.8977446322 vol.: 0.5000000000 ch.: 0.0413917247
it.: 761 obj.: 0.8977766586 vol.: 0.5000000000 ch.: 0.0414295906
it.: 762 obj.: 0.8978117909 vol.: 0.5000000000 ch.: 0.0415323817
it.: 763 obj.: 0.8978502993 vol.: 0.5000000000 ch.: 0.0420729061
it.: 764 obj.: 0.8978918548 vol.: 0.5000000000 ch.: 0.0438033604
it.: 765 obj.: 0.8979367546 vol.: 0.5000000000 ch.: 0.0440978609
it.: 766 obj.: 0.8979810409 vol.: 0.5000000000 ch.: 0.0476271649
it.: 767 obj.: 0.8979347778 vol.: 0.5000000000 ch.: 0.0493458511
it.: 768 obj.: 0.8966903400 vol.: 0.5000000000 ch.: 0.0499091558
it.: 769 obj.: 0.8942388037 vol.: 0.5000000000 ch.: 0.0499055432
it.: 770 obj.: 0.8929930011 vol.: 0.5000000000 ch.: 0.0499128118
it.: 771 obj.: 0.8916169066 vol.: 0.5000000000 ch.: 0.0499733144
it.: 772 obj.: 0.8974575409 vol.: 0.5000000000 ch.: 0.0497318900
it.: 773 obj.: 0.8979718655 vol.: 0.5000000000 ch.: 0.0434098436
it.: 774 obj.: 0.8980682419 vol.: 0.5000000000 ch.: 0.0424748091
it.: 775 obj.: 0.8981068939 vol.: 0.5000000000 ch.: 0.0402159576
it.: 776 obj.: 0.8981319031 vol.: 0.5000000000 ch.: 0.0406111605
it.: 777 obj.: 0.8981541969 vol.: 0.5000000000 ch.: 0.0410677870
it.: 778 obj.: 0.8981749154 vol.: 0.5000000000 ch.: 0.0416168293
it.: 779 obj.: 0.8981944890 vol.: 0.5000000000 ch.: 0.0420901104
it.: 780 obj.: 0.8982150652 vol.: 0.5000000000 ch.: 0.0424765061
it.: 781 obj.: 0.8982329977 vol.: 0.5000000000 ch.: 0.0455594732
it.: 782 obj.: 0.8982365430 vol.: 0.5000000000 ch.: 0.0490961182
it.: 783 obj.: 0.8982249177 vol.: 0.5000000000 ch.: 0.0493825609
it.: 784 obj.: 0.8982543213 vol.: 0.5000000000 ch.: 0.0493096025
it.: 785 obj.: 0.8982949190 vol.: 0.5000000000 ch.: 0.0469702035
it.: 786 obj.: 0.8983332934 vol.: 0.5000000000 ch.: 0.0452218703
it.: 787 obj.: 0.8983641224 vol.: 0.5000000000 ch.: 0.0453052473
it.: 788 obj.: 0.8983832572 vol.: 0.5000000000 ch.: 0.0443050628
it.: 789 obj.: 0.8983789735 vol.: 0.5000000000 ch.: 0.0485975948
it.: 790 obj.: 0.8983929046 vol.: 0.5000000000 ch.: 0.0486467773
it.: 791 obj.: 0.8984285460 vol.: 0.5000000000 ch.: 0.0480370751
it.: 792 obj.: 0.8984628726 vol.: 0.5000000000 ch.: 0.0412861268
it.: 793 obj.: 0.8984850143 vol.: 0.5000000000 ch.: 0.0426873573
it.: 794 obj.: 0.8985049348 vol.: 0.5000000000 ch.: 0.0379063501
it.: 795 obj.: 0.8985238520 vol.: 0.5000000000 ch.: 0.0410130448
it.: 796 obj.: 0.8985402451 vol.: 0.5000000000 ch.: 0.0464109011
it.: 797 obj.: 0.8985557822 vol.: 0.5000000000 ch.: 0.0422112875
it.: 798 obj.: 0.8985796167 vol.: 0.5000000000 ch.: 0.0429234853
it.: 799 obj.: 0.8986048796 vol.: 0.5000000000 ch.: 0.0456080401
it.: 800 obj.: 0.8986288370 vol.: 0.5000000000 ch.: 0.0464535797
Parameter beta increased to 256
it.: 801 obj.: 0.8986382309 vol.: 0.5000000000 ch.: 0.0497101675
it.: 802 obj.: 0.9060589483 vol.: 0.5000000000 ch.: 0.0497970759
it.: 803 obj.: 0.9060373575 vol.: 0.5000000000 ch.: 0.0498952353
it.: 804 obj.: 0.9052706987 vol.: 0.5000000000 ch.: 0.0499756880
it.: 805 obj.: 0.9061381223 vol.: 0.5000000000 ch.: 0.0499078480
it.: 806 obj.: 0.9068546271 vol.: 0.5000000000 ch.: 0.0498806849
it.: 807 obj.: 0.9070254625 vol.: 0.5000000000 ch.: 0.0493016590
it.: 808 obj.: 0.9071983079 vol.: 0.5000000000 ch.: 0.0478846156
it.: 809 obj.: 0.9073568829 vol.: 0.5000000000 ch.: 0.0475852655
it.: 810 obj.: 0.9074462509 vol.: 0.5000000000 ch.: 0.0469691609
it.: 811 obj.: 0.9075221643 vol.: 0.5000000000 ch.: 0.0416241499
it.: 812 obj.: 0.9075825674 vol.: 0.5000000000 ch.: 0.0458938095
it.: 813 obj.: 0.9076444651 vol.: 0.5000000000 ch.: 0.0465050687
it.: 814 obj.: 0.9077139125 vol.: 0.5000000000 ch.: 0.0478186624
it.: 815 obj.: 0.9077942558 vol.: 0.5000000000 ch.: 0.0474431892
it.: 816 obj.: 0.9078797462 vol.: 0.5000000000 ch.: 0.0475243478
it.: 817 obj.: 0.9079652186 vol.: 0.5000000000 ch.: 0.0461385606
it.: 818 obj.: 0.9079906947 vol.: 0.5000000000 ch.: 0.0496551882
it.: 819 obj.: 0.9073941109 vol.: 0.5000000000 ch.: 0.0499222437
it.: 820 obj.: 0.9070480304 vol.: 0.5000000000 ch.: 0.0498705453
it.: 821 obj.: 0.8758268211 vol.: 0.5000000000 ch.: 0.0499975010
it.: 822 obj.: 0.9052043771 vol.: 0.5000000000 ch.: 0.0499080884
it.: 823 obj.: 0.9067190488 vol.: 0.5000000000 ch.: 0.0499470438
it.: 824 obj.: 0.9066964361 vol.: 0.5000000000 ch.: 0.0498962626
it.: 825 obj.: 0.9069686090 vol.: 0.5000000000 ch.: 0.0499481961
it.: 826 obj.: 0.9069089607 vol.: 0.5000000000 ch.: 0.0491529864
it.: 827 obj.: 0.9080697998 vol.: 0.5000000000 ch.: 0.0469491602
it.: 828 obj.: 0.9082214309 vol.: 0.5000000000 ch.: 0.0415051189
it.: 829 obj.: 0.9083567955 vol.: 0.5000000000 ch.: 0.0453536811
it.: 830 obj.: 0.9084062522 vol.: 0.5000000000 ch.: 0.0460782934
it.: 831 obj.: 0.9084461648 vol.: 0.5000000000 ch.: 0.0462933028
it.: 832 obj.: 0.9084801039 vol.: 0.5000000000 ch.: 0.0458922200
it.: 833 obj.: 0.9085117061 vol.: 0.5000000000 ch.: 0.0452309747
it.: 834 obj.: 0.9085426323 vol.: 0.5000000000 ch.: 0.0444786317
it.: 835 obj.: 0.9085744042 vol.: 0.5000000000 ch.: 0.0439746247
it.: 836 obj.: 0.9086054276 vol.: 0.5000000000 ch.: 0.0432706568
it.: 837 obj.: 0.9086207797 vol.: 0.5000000000 ch.: 0.0479065199
it.: 838 obj.: 0.9085787181 vol.: 0.5000000000 ch.: 0.0487425318
it.: 839 obj.: 0.9085198035 vol.: 0.5000000000 ch.: 0.0487510750
it.: 840 obj.: 0.9085057272 vol.: 0.5000000000 ch.: 0.0493221332
it.: 841 obj.: 0.9085232558 vol.: 0.5000000000 ch.: 0.0490351271
it.: 842 obj.: 0.9082866465 vol.: 0.5000000000 ch.: 0.0495700082
it.: 843 obj.: 0.9080263001 vol.: 0.5000000000 ch.: 0.0496719517
it.: 844 obj.: 0.9071838170 vol.: 0.5000000000 ch.: 0.0498749238
it.: 845 obj.: 0.9081703653 vol.: 0.5000000000 ch.: 0.0494658656
it.: 846 obj.: 0.9086955406 vol.: 0.5000000000 ch.: 0.0471302101
it.: 847 obj.: 0.9088453337 vol.: 0.5000000000 ch.: 0.0429711319
it.: 848 obj.: 0.9088871700 vol.: 0.5000000000 ch.: 0.0360554660
it.: 849 obj.: 0.9089099159 vol.: 0.5000000000 ch.: 0.0358578559
it.: 850 obj.: 0.9089291198 vol.: 0.5000000000 ch.: 0.0354693491
it.: 851 obj.: 0.9089485705 vol.: 0.5000000000 ch.: 0.0367132756
it.: 852 obj.: 0.9089696976 vol.: 0.5000000000 ch.: 0.0388214590
it.: 853 obj.: 0.9089929650 vol.: 0.5000000000 ch.: 0.0414001340
it.: 854 obj.: 0.9090185738 vol.: 0.5000000000 ch.: 0.0414263405
it.: 855 obj.: 0.9090476409 vol.: 0.5000000000 ch.: 0.0449184501
it.: 856 obj.: 0.9090800583 vol.: 0.5000000000 ch.: 0.0432609405
it.: 857 obj.: 0.9091133326 vol.: 0.5000000000 ch.: 0.0474829988
it.: 858 obj.: 0.9091240572 vol.: 0.5000000000 ch.: 0.0454149304
it.: 859 obj.: 0.9090004626 vol.: 0.5000000000 ch.: 0.0491015487
it.: 860 obj.: 0.9072965317 vol.: 0.5000000000 ch.: 0.0499694443
it.: 861 obj.: 0.9067731601 vol.: 0.5000000000 ch.: 0.0499027209
it.: 862 obj.: 0.8910192714 vol.: 0.5000000000 ch.: 0.0499951962
it.: 863 obj.: 0.9054525785 vol.: 0.5000000000 ch.: 0.0499038235
it.: 864 obj.: 0.9068610056 vol.: 0.5000000000 ch.: 0.0499852520
it.: 865 obj.: 0.9065365014 vol.: 0.5000000000 ch.: 0.0498189472
it.: 866 obj.: 0.8635249547 vol.: 0.5000000000 ch.: 0.0499997242
it.: 867 obj.: 0.9039516749 vol.: 0.5000000000 ch.: 0.0499213786
it.: 868 obj.: 0.8546255346 vol.: 0.5000000000 ch.: 0.0499997607
it.: 869 obj.: 0.9067112831 vol.: 0.5000000000 ch.: 0.0498731837
it.: 870 obj.: 0.8615003431 vol.: 0.5000000000 ch.: 0.0499997271
it.: 871 obj.: 0.9072121955 vol.: 0.5000000000 ch.: 0.0498622528
it.: 872 obj.: 0.8686305325 vol.: 0.5000000000 ch.: 0.0499996674
it.: 873 obj.: 0.9074341378 vol.: 0.5000000000 ch.: 0.0498762977
it.: 874 obj.: 0.8841353309 vol.: 0.5000000000 ch.: 0.0499994333
it.: 875 obj.: 0.9074835422 vol.: 0.5000000000 ch.: 0.0498733788
it.: 876 obj.: 0.8939619275 vol.: 0.5000000000 ch.: 0.0499988937
it.: 877 obj.: 0.9076381489 vol.: 0.5000000000 ch.: 0.0498659763
it.: 878 obj.: 0.9053213308 vol.: 0.5000000000 ch.: 0.0499913023
it.: 879 obj.: 0.9088654421 vol.: 0.5000000000 ch.: 0.0495546525
it.: 880 obj.: 0.9089219854 vol.: 0.5000000000 ch.: 0.0352768015
it.: 881 obj.: 0.9092464200 vol.: 0.5000000000 ch.: 0.0063431030
final.: obj.: 1.8016955205 vol.: 0.5000000000
