Minimum compliance problem with mma
nodes: 60 x 20
volfrac: 0.5, rmin: 2.4,  penal: 3.0
Filter method: Density based
it.: 1 , obj.: 1007.0221007227, Vol.: 0.4631803469, ch.: 0.1999999961
it.: 2 , obj.: 679.5587271448, Vol.: 0.4687013965, ch.: 0.1999999804
it.: 3 , obj.: 521.2415385660, Vol.: 0.4767799204, ch.: 0.1999995521
it.: 4 , obj.: 430.5278194138, Vol.: 0.4841746290, ch.: 0.1999996315
it.: 5 , obj.: 384.4501239563, Vol.: 0.4896258664, ch.: 0.1999982060
it.: 6 , obj.: 358.5088005584, Vol.: 0.4929917786, ch.: 0.1673444665
it.: 7 , obj.: 341.7652225534, Vol.: 0.4949384777, ch.: 0.1779334223
it.: 8 , obj.: 329.9297035534, Vol.: 0.4960716857, ch.: 0.1999805468
it.: 9 , obj.: 320.7185828377, Vol.: 0.4968007883, ch.: 0.1999987733
it.: 10 , obj.: 313.2844535270, Vol.: 0.4972532141, ch.: 0.1999995181
it.: 11 , obj.: 306.8182286885, Vol.: 0.4976508476, ch.: 0.1999994565
it.: 12 , obj.: 301.3707605645, Vol.: 0.4978098263, ch.: 0.1999991892
it.: 13 , obj.: 296.0221298076, Vol.: 0.4977635602, ch.: 0.1999990469
it.: 14 , obj.: 290.3817730189, Vol.: 0.4973737612, ch.: 0.1999993302
it.: 15 , obj.: 283.4478850058, Vol.: 0.4966105232, ch.: 0.1999994009
it.: 16 , obj.: 274.9948896437, Vol.: 0.4954543343, ch.: 0.1999996396
it.: 17 , obj.: 267.0775419033, Vol.: 0.4946408098, ch.: 0.1999995865
it.: 18 , obj.: 258.9193930660, Vol.: 0.4949614588, ch.: 0.1999997563
it.: 19 , obj.: 251.7169519811, Vol.: 0.4956695600, ch.: 0.1999994674
it.: 20 , obj.: 246.2708996548, Vol.: 0.4969919864, ch.: 0.1999989115
it.: 21 , obj.: 243.1991755277, Vol.: 0.4979673393, ch.: 0.1889757380
it.: 22 , obj.: 241.2906229356, Vol.: 0.4985974918, ch.: 0.1775042980
it.: 23 , obj.: 239.9548588660, Vol.: 0.4989723317, ch.: 0.1999947672
it.: 24 , obj.: 238.8987973912, Vol.: 0.4991700770, ch.: 0.1999978493
it.: 25 , obj.: 237.9608603847, Vol.: 0.4992512096, ch.: 0.1999984622
it.: 26 , obj.: 237.0216720177, Vol.: 0.4993384349, ch.: 0.1999984967
it.: 27 , obj.: 236.1922136999, Vol.: 0.4994551764, ch.: 0.1999447610
it.: 28 , obj.: 235.5777456177, Vol.: 0.4995748447, ch.: 0.1999945170
it.: 29 , obj.: 235.1205425303, Vol.: 0.4996797431, ch.: 0.1999924893
it.: 30 , obj.: 234.7934495245, Vol.: 0.4997441681, ch.: 0.1999939022
it.: 31 , obj.: 234.5301550159, Vol.: 0.4997774542, ch.: 0.1999966370
it.: 32 , obj.: 234.2825232571, Vol.: 0.4998185363, ch.: 0.1994742317
it.: 33 , obj.: 234.0805840825, Vol.: 0.4998557230, ch.: 0.1580670207
it.: 34 , obj.: 233.9303285829, Vol.: 0.4998884991, ch.: 0.1413577773
it.: 35 , obj.: 233.8166562536, Vol.: 0.4999194291, ch.: 0.1385156122
it.: 36 , obj.: 233.7417462429, Vol.: 0.4999385412, ch.: 0.1234761790
it.: 37 , obj.: 233.6862777664, Vol.: 0.4999567585, ch.: 0.1205928893
it.: 38 , obj.: 233.6461428590, Vol.: 0.4999684976, ch.: 0.0874950785
it.: 39 , obj.: 233.6155985988, Vol.: 0.4999772719, ch.: 0.0855738317
it.: 40 , obj.: 233.5950200971, Vol.: 0.4999822030, ch.: 0.0839721458
it.: 41 , obj.: 233.5776226512, Vol.: 0.4999856708, ch.: 0.0838205278
it.: 42 , obj.: 233.5636112628, Vol.: 0.4999886097, ch.: 0.0783923271
it.: 43 , obj.: 233.5520098652, Vol.: 0.4999910309, ch.: 0.0784061290
it.: 44 , obj.: 233.5432708293, Vol.: 0.4999921569, ch.: 0.0757226121
it.: 45 , obj.: 233.5349194676, Vol.: 0.4999922996, ch.: 0.0808640884
it.: 46 , obj.: 233.5260648104, Vol.: 0.4999922531, ch.: 0.0869249805
it.: 47 , obj.: 233.5172072845, Vol.: 0.4999939667, ch.: 0.0813919980
it.: 48 , obj.: 233.5109488324, Vol.: 0.4999950541, ch.: 0.0715996819
it.: 49 , obj.: 233.5062131226, Vol.: 0.4999962749, ch.: 0.0445969881
it.: 50 , obj.: 233.5028883371, Vol.: 0.4999972544, ch.: 0.0411955205
it.: 51 , obj.: 233.5006511105, Vol.: 0.4999979419, ch.: 0.0343644249
it.: 52 , obj.: 233.4989736973, Vol.: 0.4999984258, ch.: 0.0340008395
it.: 53 , obj.: 233.4976626495, Vol.: 0.4999987793, ch.: 0.0275300697
it.: 54 , obj.: 233.4966056034, Vol.: 0.4999990284, ch.: 0.0247340496
it.: 55 , obj.: 233.4957296455, Vol.: 0.4999992061, ch.: 0.0222765431
it.: 56 , obj.: 233.4949759449, Vol.: 0.4999993260, ch.: 0.0227599338
it.: 57 , obj.: 233.4943055605, Vol.: 0.4999994037, ch.: 0.0217647334
it.: 58 , obj.: 233.4936872369, Vol.: 0.4999994515, ch.: 0.0221038125
it.: 59 , obj.: 233.4930977712, Vol.: 0.4999994781, ch.: 0.0215825232
it.: 60 , obj.: 233.4925222705, Vol.: 0.4999994912, ch.: 0.0219671948
it.: 61 , obj.: 233.4919499694, Vol.: 0.4999994932, ch.: 0.0214831221
it.: 62 , obj.: 233.4913717701, Vol.: 0.4999994873, ch.: 0.0218640746
it.: 63 , obj.: 233.4907798066, Vol.: 0.4999995130, ch.: 0.0216998552
it.: 64 , obj.: 233.4902305673, Vol.: 0.4999995570, ch.: 0.0193801556
it.: 65 , obj.: 233.4897721230, Vol.: 0.4999996124, ch.: 0.0163946152
it.: 66 , obj.: 233.4893763506, Vol.: 0.4999996642, ch.: 0.0145409311
it.: 67 , obj.: 233.4890376521, Vol.: 0.4999997098, ch.: 0.0145720740
it.: 68 , obj.: 233.4887459848, Vol.: 0.4999997494, ch.: 0.0131302271
it.: 69 , obj.: 233.4884950328, Vol.: 0.4999997830, ch.: 0.0131773581
it.: 70 , obj.: 233.4882796709, Vol.: 0.4999998125, ch.: 0.0108108473
it.: 71 , obj.: 233.4880967316, Vol.: 0.4999998387, ch.: 0.0113760120
it.: 72 , obj.: 233.4879433643, Vol.: 0.4999998626, ch.: 0.0090750819
Minimum compliance problem with mma and manufacturing constraints.
nodes: 150 x 50
volfrac: 0.5, rmin: 4.5,  penal: 3.0
Filter method: No filter
Traceback (most recent call last):
  File "/home/shiemer/projects/topopt/monolithic_codes/topopt_manufacturing.py", line 801, in <module>
    main(nelx, nely, volfrac, penal, rmin, ft,
  File "/home/shiemer/projects/topopt/monolithic_codes/topopt_manufacturing.py", line 204, in main
    KE = lk_linear_elast_2D()
         ^^^^^^^^^^^^^^^^^^
NameError: name 'lk_linear_elast_2D' is not defined. Did you mean: 'lk_linear_elast_2d'?

Minimum compliance problem with mma and manufacturing constraints.
nodes: 150 x 50
volfrac: 0.5, rmin: 4.5,  penal: 3.0
Filter method: No filter
Traceback (most recent call last):
  File "/home/shiemer/projects/topopt/monolithic_codes/topopt_manufacturing.py", line 801, in <module>
    main(nelx, nely, volfrac, penal, rmin, ft,
  File "/home/shiemer/projects/topopt/monolithic_codes/topopt_manufacturing.py", line 620, in main
    result = minimize(find_eta, x0=eta,
             ^^^^^^^^^^^^^^^^^^^^^^^^^^
  File "/home/shiemer/.virtualenvs/topoptlab/lib64/python3.12/site-packages/scipy/optimize/_minimize.py", line 726, in minimize
    res = _minimize_neldermead(fun, x0, args, callback, bounds=bounds,
          ^^^^^^^^^^^^^^^^^^^^^^^^^^^^^^^^^^^^^^^^^^^^^^^^^^^^^^^^^^^^
  File "/home/shiemer/.virtualenvs/topoptlab/lib64/python3.12/site-packages/scipy/optimize/_optimize.py", line 833, in _minimize_neldermead
    fsim[k] = func(sim[k])
              ^^^^^^^^^^^^
  File "/home/shiemer/.virtualenvs/topoptlab/lib64/python3.12/site-packages/scipy/optimize/_optimize.py", line 542, in function_wrapper
    fx = function(np.copy(x), *(wrapper_args + args))
         ^^^^^^^^^^^^^^^^^^^^^^^^^^^^^^^^^^^^^^^^^^^^
  File "/home/shiemer/.virtualenvs/topoptlab/lib64/python3.12/site-packages/scipy/optimize/_optimize.py", line 80, in __call__
    self._compute_if_needed(x, *args)
  File "/home/shiemer/.virtualenvs/topoptlab/lib64/python3.12/site-packages/scipy/optimize/_optimize.py", line 75, in _compute_if_needed
    self.jac = fg[1]
               ~~^^^
IndexError: index 1 is out of bounds for axis 0 with size 1

Minimum compliance problem with mma and manufacturing constraints.
nodes: 60 x 20
volfrac: 0.5, rmin: 2.4,  penal: 3.0
Filter method: Density based
it.: 1 , obj.: 1007.0221007227, Vol.: 0.4631803469, ch.: 0.1999999961
it.: 2 , obj.: 679.5587271445, Vol.: 0.4687013965, ch.: 0.1999999804
it.: 3 , obj.: 521.2415385671, Vol.: 0.4767799204, ch.: 0.1999995521
it.: 4 , obj.: 430.5278194132, Vol.: 0.4841746290, ch.: 0.1999996315
it.: 5 , obj.: 384.4501239567, Vol.: 0.4896258664, ch.: 0.1999982060
it.: 6 , obj.: 358.5088005561, Vol.: 0.4929917786, ch.: 0.1673444665
it.: 7 , obj.: 341.7652225552, Vol.: 0.4949384777, ch.: 0.1779334223
it.: 8 , obj.: 329.9297035532, Vol.: 0.4960716857, ch.: 0.1999805468
it.: 9 , obj.: 320.7185828363, Vol.: 0.4968007883, ch.: 0.1999987733
it.: 10 , obj.: 313.2844535269, Vol.: 0.4972532141, ch.: 0.1999995181
it.: 11 , obj.: 306.8182286900, Vol.: 0.4976508476, ch.: 0.1999994565
it.: 12 , obj.: 301.3707605645, Vol.: 0.4978098263, ch.: 0.1999991892
it.: 13 , obj.: 296.0221298077, Vol.: 0.4977635602, ch.: 0.1999990469
it.: 14 , obj.: 290.3817730201, Vol.: 0.4973737612, ch.: 0.1999993302
it.: 15 , obj.: 283.4478850040, Vol.: 0.4966105232, ch.: 0.1999994009
it.: 16 , obj.: 274.9948896445, Vol.: 0.4954543343, ch.: 0.1999996396
it.: 17 , obj.: 267.0775419021, Vol.: 0.4946408098, ch.: 0.1999995865
it.: 18 , obj.: 258.9193930649, Vol.: 0.4949614588, ch.: 0.1999997563
it.: 19 , obj.: 251.7169519815, Vol.: 0.4956695600, ch.: 0.1999994674
it.: 20 , obj.: 246.2708996544, Vol.: 0.4969919864, ch.: 0.1999989115
it.: 21 , obj.: 243.1991755279, Vol.: 0.4979673393, ch.: 0.1889757380
it.: 22 , obj.: 241.2906229361, Vol.: 0.4985974918, ch.: 0.1775042980
it.: 23 , obj.: 239.9548588672, Vol.: 0.4989723317, ch.: 0.1999947672
it.: 24 , obj.: 238.8987973908, Vol.: 0.4991700770, ch.: 0.1999978493
it.: 25 , obj.: 237.9608603851, Vol.: 0.4992512096, ch.: 0.1999984622
it.: 26 , obj.: 237.0216720173, Vol.: 0.4993384349, ch.: 0.1999984967
it.: 27 , obj.: 236.1922137005, Vol.: 0.4994551764, ch.: 0.1999447610
it.: 28 , obj.: 235.5777456172, Vol.: 0.4995748447, ch.: 0.1999945170
it.: 29 , obj.: 235.1205425301, Vol.: 0.4996797431, ch.: 0.1999924893
it.: 30 , obj.: 234.7934495234, Vol.: 0.4997441681, ch.: 0.1999939022
it.: 31 , obj.: 234.5301550159, Vol.: 0.4997774542, ch.: 0.1999966370
it.: 32 , obj.: 234.2825232562, Vol.: 0.4998185363, ch.: 0.1994742317
it.: 33 , obj.: 234.0805840815, Vol.: 0.4998557230, ch.: 0.1580670207
it.: 34 , obj.: 233.9303285834, Vol.: 0.4998884991, ch.: 0.1413577773
it.: 35 , obj.: 233.8166562544, Vol.: 0.4999194291, ch.: 0.1385156122
it.: 36 , obj.: 233.7417462428, Vol.: 0.4999385412, ch.: 0.1234761790
it.: 37 , obj.: 233.6862777655, Vol.: 0.4999567585, ch.: 0.1205928892
it.: 38 , obj.: 233.6461428584, Vol.: 0.4999684976, ch.: 0.0874950784
it.: 39 , obj.: 233.6155985988, Vol.: 0.4999772719, ch.: 0.0855738317
it.: 40 , obj.: 233.5950200979, Vol.: 0.4999822030, ch.: 0.0839721458
it.: 41 , obj.: 233.5776226505, Vol.: 0.4999856708, ch.: 0.0838205278
it.: 42 , obj.: 233.5636112627, Vol.: 0.4999886097, ch.: 0.0783923271
it.: 43 , obj.: 233.5520098655, Vol.: 0.4999910309, ch.: 0.0784061290
it.: 44 , obj.: 233.5432708296, Vol.: 0.4999921569, ch.: 0.0757226121
it.: 45 , obj.: 233.5349194674, Vol.: 0.4999922996, ch.: 0.0808640884
it.: 46 , obj.: 233.5260648102, Vol.: 0.4999922531, ch.: 0.0869249805
it.: 47 , obj.: 233.5172072840, Vol.: 0.4999939667, ch.: 0.0813919980
it.: 48 , obj.: 233.5109488320, Vol.: 0.4999950541, ch.: 0.0715996819
it.: 49 , obj.: 233.5062131216, Vol.: 0.4999962749, ch.: 0.0445969881
it.: 50 , obj.: 233.5028883373, Vol.: 0.4999972544, ch.: 0.0411955206
it.: 51 , obj.: 233.5006511096, Vol.: 0.4999979419, ch.: 0.0343644249
it.: 52 , obj.: 233.4989736968, Vol.: 0.4999984258, ch.: 0.0340008395
it.: 53 , obj.: 233.4976626489, Vol.: 0.4999987793, ch.: 0.0275300697
it.: 54 , obj.: 233.4966056035, Vol.: 0.4999990284, ch.: 0.0247340496
it.: 55 , obj.: 233.4957296451, Vol.: 0.4999992061, ch.: 0.0222765431
it.: 56 , obj.: 233.4949759450, Vol.: 0.4999993260, ch.: 0.0227599338
it.: 57 , obj.: 233.4943055615, Vol.: 0.4999994037, ch.: 0.0217647334
it.: 58 , obj.: 233.4936872371, Vol.: 0.4999994515, ch.: 0.0221038125
it.: 59 , obj.: 233.4930977714, Vol.: 0.4999994781, ch.: 0.0215825232
it.: 60 , obj.: 233.4925222699, Vol.: 0.4999994912, ch.: 0.0219671948
it.: 61 , obj.: 233.4919499697, Vol.: 0.4999994932, ch.: 0.0214831221
it.: 62 , obj.: 233.4913717705, Vol.: 0.4999994873, ch.: 0.0218640746
it.: 63 , obj.: 233.4907798051, Vol.: 0.4999995130, ch.: 0.0216998552
it.: 64 , obj.: 233.4902305673, Vol.: 0.4999995570, ch.: 0.0193801556
it.: 65 , obj.: 233.4897721236, Vol.: 0.4999996124, ch.: 0.0163946152
it.: 66 , obj.: 233.4893763499, Vol.: 0.4999996642, ch.: 0.0145409310
it.: 67 , obj.: 233.4890376527, Vol.: 0.4999997098, ch.: 0.0145720741
it.: 68 , obj.: 233.4887459850, Vol.: 0.4999997494, ch.: 0.0131302270
it.: 69 , obj.: 233.4884950327, Vol.: 0.4999997830, ch.: 0.0131773582
it.: 70 , obj.: 233.4882796708, Vol.: 0.4999998125, ch.: 0.0108108472
it.: 71 , obj.: 233.4880967311, Vol.: 0.4999998387, ch.: 0.0113760122
it.: 72 , obj.: 233.4879433637, Vol.: 0.4999998626, ch.: 0.0090750821
Minimum compliance problem with mma and manufacturing constraints.
nodes: 60 x 20
volfrac: 0.5, rmin: 2.4,  penal: 3.0
Filter method: Volume Preserving eta projection
it.: 1 , obj.: 1007.0221007227, Vol.: 0.5000000000, ch.: 0.0999999978
it.: 2 , obj.: 652.5684644177, Vol.: 0.5000000000, ch.: 0.0999999946
it.: 3 , obj.: 515.3770817976, Vol.: 0.5000000000, ch.: 0.0999999898
it.: 4 , obj.: 444.0891772548, Vol.: 0.5000000000, ch.: 0.0999999859
it.: 5 , obj.: 394.8566069957, Vol.: 0.5000000000, ch.: 0.0999999816
it.: 6 , obj.: 356.4697886779, Vol.: 0.5000000000, ch.: 0.0999998740
it.: 7 , obj.: 341.7384511470, Vol.: 0.5000000000, ch.: 0.0999998672
it.: 8 , obj.: 331.4523793510, Vol.: 0.5000000000, ch.: 0.0999998293
it.: 9 , obj.: 321.7847135442, Vol.: 0.5000000000, ch.: 0.0999998422
it.: 10 , obj.: 313.4784269526, Vol.: 0.5000000000, ch.: 0.0999998225
it.: 11 , obj.: 306.8188501632, Vol.: 0.5000000000, ch.: 0.0999998022
it.: 12 , obj.: 300.5747973526, Vol.: 0.5000000000, ch.: 0.0999998274
it.: 13 , obj.: 294.4198355282, Vol.: 0.5000000000, ch.: 0.0999998127
it.: 14 , obj.: 287.6593767998, Vol.: 0.5000000000, ch.: 0.0999998236
it.: 15 , obj.: 280.4782457701, Vol.: 0.5000000000, ch.: 0.0999997930
it.: 16 , obj.: 273.4060178329, Vol.: 0.5000000000, ch.: 0.0999997914
it.: 17 , obj.: 267.3333180189, Vol.: 0.5000000000, ch.: 0.0999997717
it.: 18 , obj.: 262.0600286723, Vol.: 0.5000000000, ch.: 0.0999997738
it.: 19 , obj.: 257.3675344851, Vol.: 0.5000000000, ch.: 0.0999996914
it.: 20 , obj.: 253.6691103113, Vol.: 0.5000000000, ch.: 0.0999996258
it.: 21 , obj.: 250.6417713392, Vol.: 0.5000000000, ch.: 0.0999996622
it.: 22 , obj.: 248.0447069719, Vol.: 0.5000000000, ch.: 0.0999996558
it.: 23 , obj.: 245.6946894647, Vol.: 0.5000000000, ch.: 0.0999994894
it.: 24 , obj.: 243.1254435863, Vol.: 0.5000000000, ch.: 0.0999995195
it.: 25 , obj.: 240.5928206099, Vol.: 0.5000000000, ch.: 0.0999997205
it.: 26 , obj.: 238.5661279932, Vol.: 0.5000000000, ch.: 0.0999997231
it.: 27 , obj.: 237.1874412139, Vol.: 0.5000000000, ch.: 0.0999985804
it.: 28 , obj.: 236.3407904171, Vol.: 0.5000000000, ch.: 0.0999985838
it.: 29 , obj.: 235.5916288967, Vol.: 0.5000000000, ch.: 0.0999987168
it.: 30 , obj.: 235.0058850359, Vol.: 0.5000000000, ch.: 0.0999988246
it.: 31 , obj.: 234.5545830809, Vol.: 0.5000000000, ch.: 0.0999989567
it.: 32 , obj.: 234.1392422411, Vol.: 0.5000000000, ch.: 0.0999989788
it.: 33 , obj.: 233.7711304377, Vol.: 0.5000000000, ch.: 0.0999990563
it.: 34 , obj.: 233.4311069433, Vol.: 0.5000000000, ch.: 0.0999991820
it.: 35 , obj.: 233.1637374177, Vol.: 0.5000000000, ch.: 0.0999992636
it.: 36 , obj.: 232.9290814163, Vol.: 0.5000000000, ch.: 0.0999973848
it.: 37 , obj.: 232.7603503722, Vol.: 0.5000000000, ch.: 0.0999977099
it.: 38 , obj.: 232.6021249988, Vol.: 0.5000000000, ch.: 0.0999978936
it.: 39 , obj.: 232.5005127731, Vol.: 0.5000000000, ch.: 0.0999980820
it.: 40 , obj.: 232.4177423475, Vol.: 0.5000000000, ch.: 0.0999983009
it.: 41 , obj.: 232.3500431735, Vol.: 0.5000000000, ch.: 0.0999985203
it.: 42 , obj.: 232.2859499178, Vol.: 0.5000000000, ch.: 0.0999971602
it.: 43 , obj.: 232.2429530663, Vol.: 0.5000000000, ch.: 0.0999795973
it.: 44 , obj.: 232.2122407753, Vol.: 0.5000000000, ch.: 0.0999633175
it.: 45 , obj.: 232.1969511299, Vol.: 0.5000000000, ch.: 0.0884427655
it.: 46 , obj.: 232.1833054925, Vol.: 0.5000000000, ch.: 0.0838870531
it.: 47 , obj.: 232.1699618116, Vol.: 0.5000000000, ch.: 0.0916421821
it.: 48 , obj.: 232.1567736768, Vol.: 0.5000000000, ch.: 0.0958300167
it.: 49 , obj.: 232.1442017903, Vol.: 0.5000000000, ch.: 0.0900949283
it.: 50 , obj.: 232.1317111166, Vol.: 0.5000000000, ch.: 0.0899212934
Parameter beta increased to 2
it.: 51 , obj.: 232.1188217088, Vol.: 0.5000000000, ch.: 0.0999990332
it.: 52 , obj.: 225.6260994869, Vol.: 0.5000000000, ch.: 0.0999987909
it.: 53 , obj.: 225.4147698112, Vol.: 0.5000000000, ch.: 0.0999962145
it.: 54 , obj.: 225.3502796528, Vol.: 0.5000000000, ch.: 0.0999953676
it.: 55 , obj.: 225.2916521125, Vol.: 0.5000000000, ch.: 0.0999948761
it.: 56 , obj.: 225.2304397486, Vol.: 0.5000000000, ch.: 0.0999965299
it.: 57 , obj.: 225.1630449675, Vol.: 0.5000000000, ch.: 0.0999976238
it.: 58 , obj.: 225.0766886295, Vol.: 0.5000000000, ch.: 0.0999985754
it.: 59 , obj.: 224.9715422798, Vol.: 0.5000000000, ch.: 0.0999989770
it.: 60 , obj.: 224.8487272243, Vol.: 0.5000000000, ch.: 0.0999983243
it.: 61 , obj.: 224.7413274151, Vol.: 0.5000000000, ch.: 0.0999983941
it.: 62 , obj.: 224.6570212672, Vol.: 0.5000000000, ch.: 0.0999970796
it.: 63 , obj.: 224.5897650124, Vol.: 0.5000000000, ch.: 0.0999972947
it.: 64 , obj.: 224.5267044478, Vol.: 0.5000000000, ch.: 0.0999974418
it.: 65 , obj.: 224.4665908891, Vol.: 0.5000000000, ch.: 0.0999980028
it.: 66 , obj.: 224.4139509490, Vol.: 0.5000000000, ch.: 0.0999979860
it.: 67 , obj.: 224.3758642566, Vol.: 0.5000000000, ch.: 0.0999950681
it.: 68 , obj.: 224.3481360423, Vol.: 0.5000000000, ch.: 0.0999937049
it.: 69 , obj.: 224.3253187685, Vol.: 0.5000000000, ch.: 0.0999536094
it.: 70 , obj.: 224.3052706149, Vol.: 0.5000000000, ch.: 0.0999837483
it.: 71 , obj.: 224.2872174895, Vol.: 0.5000000000, ch.: 0.0999906362
it.: 72 , obj.: 224.2681087454, Vol.: 0.5000000000, ch.: 0.0999933137
it.: 73 , obj.: 224.2466328363, Vol.: 0.5000000000, ch.: 0.0999953192
it.: 74 , obj.: 224.2220685363, Vol.: 0.5000000000, ch.: 0.0999938095
it.: 75 , obj.: 224.1974923925, Vol.: 0.5000000000, ch.: 0.0999949629
it.: 76 , obj.: 224.1772980676, Vol.: 0.5000000000, ch.: 0.0999953867
it.: 77 , obj.: 224.1588776975, Vol.: 0.5000000000, ch.: 0.0999946626
it.: 78 , obj.: 224.1421786087, Vol.: 0.5000000000, ch.: 0.0999869438
it.: 79 , obj.: 224.1276835622, Vol.: 0.5000000000, ch.: 0.0999743705
it.: 80 , obj.: 224.1164052562, Vol.: 0.5000000000, ch.: 0.0758191956
it.: 81 , obj.: 224.1057778064, Vol.: 0.5000000000, ch.: 0.0769924685
it.: 82 , obj.: 224.0959895691, Vol.: 0.5000000000, ch.: 0.0700680948
it.: 83 , obj.: 224.0884324293, Vol.: 0.5000000000, ch.: 0.0604303786
it.: 84 , obj.: 224.0826906795, Vol.: 0.5000000000, ch.: 0.0490547213
it.: 85 , obj.: 224.0777820354, Vol.: 0.5000000000, ch.: 0.0518170805
it.: 86 , obj.: 224.0730450976, Vol.: 0.5000000000, ch.: 0.0504467437
it.: 87 , obj.: 224.0683312262, Vol.: 0.5000000000, ch.: 0.0542386624
it.: 88 , obj.: 224.0635849213, Vol.: 0.5000000000, ch.: 0.0546670578
it.: 89 , obj.: 224.0584046139, Vol.: 0.5000000000, ch.: 0.0539718575
it.: 90 , obj.: 224.0523980957, Vol.: 0.5000000000, ch.: 0.0570457747
it.: 91 , obj.: 224.0449214552, Vol.: 0.5000000000, ch.: 0.0621144581
it.: 92 , obj.: 224.0353085626, Vol.: 0.5000000000, ch.: 0.0693833670
it.: 93 , obj.: 224.0235274299, Vol.: 0.5000000000, ch.: 0.0753666092
it.: 94 , obj.: 224.0091181231, Vol.: 0.5000000000, ch.: 0.0820451440
it.: 95 , obj.: 223.9906597596, Vol.: 0.5000000000, ch.: 0.0902024400
it.: 96 , obj.: 223.9673358789, Vol.: 0.5000000000, ch.: 0.0973349975
it.: 97 , obj.: 223.9381662562, Vol.: 0.5000000000, ch.: 0.0999801440
it.: 98 , obj.: 223.9061485499, Vol.: 0.5000000000, ch.: 0.0999935431
it.: 99 , obj.: 223.8768181095, Vol.: 0.5000000000, ch.: 0.0999953254
it.: 100 , obj.: 223.8485022169, Vol.: 0.5000000000, ch.: 0.0999961447
Parameter beta increased to 4
it.: 101 , obj.: 223.8212594942, Vol.: 0.5000000000, ch.: 0.0999984640
it.: 102 , obj.: 209.8249587208, Vol.: 0.5000000000, ch.: 0.0999983323
it.: 103 , obj.: 209.6342815720, Vol.: 0.5000000000, ch.: 0.0999967952
it.: 104 , obj.: 209.5883015742, Vol.: 0.5000000000, ch.: 0.0999955155
it.: 105 , obj.: 209.5638305698, Vol.: 0.5000000000, ch.: 0.0999952507
it.: 106 , obj.: 209.5503204508, Vol.: 0.5000000000, ch.: 0.0999942079
it.: 107 , obj.: 209.5407524841, Vol.: 0.5000000000, ch.: 0.0999923085
it.: 108 , obj.: 209.5315494493, Vol.: 0.5000000000, ch.: 0.0999876804
it.: 109 , obj.: 209.5221465205, Vol.: 0.5000000000, ch.: 0.0999571998
it.: 110 , obj.: 209.5123943015, Vol.: 0.5000000000, ch.: 0.0999425534
it.: 111 , obj.: 209.5029079993, Vol.: 0.5000000000, ch.: 0.0999731850
it.: 112 , obj.: 209.4949962149, Vol.: 0.5000000000, ch.: 0.0767075788
it.: 113 , obj.: 209.4895884853, Vol.: 0.5000000000, ch.: 0.0570305938
it.: 114 , obj.: 209.4868092606, Vol.: 0.5000000000, ch.: 0.0543477964
it.: 115 , obj.: 209.4846970074, Vol.: 0.5000000000, ch.: 0.0466544027
it.: 116 , obj.: 209.4826814647, Vol.: 0.5000000000, ch.: 0.0428317324
it.: 117 , obj.: 209.4806918386, Vol.: 0.5000000000, ch.: 0.0458657838
it.: 118 , obj.: 209.4788402073, Vol.: 0.5000000000, ch.: 0.0434932211
it.: 119 , obj.: 209.4770507447, Vol.: 0.5000000000, ch.: 0.0454398499
it.: 120 , obj.: 209.4753180285, Vol.: 0.5000000000, ch.: 0.0341918823
it.: 121 , obj.: 209.4737284173, Vol.: 0.5000000000, ch.: 0.0342590082
it.: 122 , obj.: 209.4723038530, Vol.: 0.5000000000, ch.: 0.0223291189
it.: 123 , obj.: 209.4708648944, Vol.: 0.5000000000, ch.: 0.0330972982
it.: 124 , obj.: 209.4693443976, Vol.: 0.5000000000, ch.: 0.0269086767
it.: 125 , obj.: 209.4676841094, Vol.: 0.5000000000, ch.: 0.0454565747
it.: 126 , obj.: 209.4659170823, Vol.: 0.5000000000, ch.: 0.0329317451
it.: 127 , obj.: 209.4640461015, Vol.: 0.5000000000, ch.: 0.0469110434
it.: 128 , obj.: 209.4621099160, Vol.: 0.5000000000, ch.: 0.0318209801
it.: 129 , obj.: 209.4601495696, Vol.: 0.5000000000, ch.: 0.0427141251
it.: 130 , obj.: 209.4581840920, Vol.: 0.5000000000, ch.: 0.0357565741
it.: 131 , obj.: 209.4562313768, Vol.: 0.5000000000, ch.: 0.0568941970
it.: 132 , obj.: 209.4543471708, Vol.: 0.5000000000, ch.: 0.0435566168
it.: 133 , obj.: 209.4525680040, Vol.: 0.5000000000, ch.: 0.0571113796
it.: 134 , obj.: 209.4509955184, Vol.: 0.5000000000, ch.: 0.0370128732
it.: 135 , obj.: 209.4496268474, Vol.: 0.5000000000, ch.: 0.0368803547
it.: 136 , obj.: 209.4484623051, Vol.: 0.5000000000, ch.: 0.0349686019
it.: 137 , obj.: 209.4474842083, Vol.: 0.5000000000, ch.: 0.0321690250
it.: 138 , obj.: 209.4466551747, Vol.: 0.5000000000, ch.: 0.0274464114
it.: 139 , obj.: 209.4459140245, Vol.: 0.5000000000, ch.: 0.0249533390
it.: 140 , obj.: 209.4452695348, Vol.: 0.5000000000, ch.: 0.0224403562
it.: 141 , obj.: 209.4447203963, Vol.: 0.5000000000, ch.: 0.0211520955
it.: 142 , obj.: 209.4442294920, Vol.: 0.5000000000, ch.: 0.0230398272
it.: 143 , obj.: 209.4437655352, Vol.: 0.5000000000, ch.: 0.0225790031
it.: 144 , obj.: 209.4433140462, Vol.: 0.5000000000, ch.: 0.0229612138
it.: 145 , obj.: 209.4428588749, Vol.: 0.5000000000, ch.: 0.0228424566
it.: 146 , obj.: 209.4423860066, Vol.: 0.5000000000, ch.: 0.0237727795
it.: 147 , obj.: 209.4419096725, Vol.: 0.5000000000, ch.: 0.0259283454
it.: 148 , obj.: 209.4414190745, Vol.: 0.5000000000, ch.: 0.0249104763
it.: 149 , obj.: 209.4408696465, Vol.: 0.5000000000, ch.: 0.0289763415
it.: 150 , obj.: 209.4402832850, Vol.: 0.5000000000, ch.: 0.0284981121
Parameter beta increased to 8
it.: 151 , obj.: 209.4397415947, Vol.: 0.5000000000, ch.: 0.0999990241
it.: 152 , obj.: 196.1128852612, Vol.: 0.5000000000, ch.: 0.0999987706
it.: 153 , obj.: 196.0037086649, Vol.: 0.5000000000, ch.: 0.0999982195
it.: 154 , obj.: 195.9615602786, Vol.: 0.5000000000, ch.: 0.0999976436
it.: 155 , obj.: 195.9271691667, Vol.: 0.5000000000, ch.: 0.0999979236
it.: 156 , obj.: 195.9187916613, Vol.: 0.5000000000, ch.: 0.0999944412
it.: 157 , obj.: 195.8978860416, Vol.: 0.5000000000, ch.: 0.0999922053
it.: 158 , obj.: 195.8861355938, Vol.: 0.5000000000, ch.: 0.0999915224
it.: 159 , obj.: 195.8631285398, Vol.: 0.5000000000, ch.: 0.0999810972
it.: 160 , obj.: 195.8510573341, Vol.: 0.5000000000, ch.: 0.0774392606
it.: 161 , obj.: 195.8445267616, Vol.: 0.5000000000, ch.: 0.0692607252
it.: 162 , obj.: 195.8376854922, Vol.: 0.5000000000, ch.: 0.0852216562
it.: 163 , obj.: 195.8301312253, Vol.: 0.5000000000, ch.: 0.0548800933
it.: 164 , obj.: 195.8270562787, Vol.: 0.5000000000, ch.: 0.0457711928
it.: 165 , obj.: 195.8246306693, Vol.: 0.5000000000, ch.: 0.0552105617
it.: 166 , obj.: 195.8227677532, Vol.: 0.5000000000, ch.: 0.0617734981
it.: 167 , obj.: 195.8211202908, Vol.: 0.5000000000, ch.: 0.0604113013
it.: 168 , obj.: 195.8196806709, Vol.: 0.5000000000, ch.: 0.0673088836
it.: 169 , obj.: 195.8184281136, Vol.: 0.5000000000, ch.: 0.0536830450
it.: 170 , obj.: 195.8173597297, Vol.: 0.5000000000, ch.: 0.0867741168
it.: 171 , obj.: 195.8166084961, Vol.: 0.5000000000, ch.: 0.0834012295
it.: 172 , obj.: 195.8175123112, Vol.: 0.5000000000, ch.: 0.0999919639
it.: 173 , obj.: 195.8214346603, Vol.: 0.5000000000, ch.: 0.0999960562
it.: 174 , obj.: 195.8211808421, Vol.: 0.5000000000, ch.: 0.0999899280
it.: 175 , obj.: 195.8217786482, Vol.: 0.5000000000, ch.: 0.0999762856
it.: 176 , obj.: 195.8207662921, Vol.: 0.5000000000, ch.: 0.0786193571
it.: 177 , obj.: 195.8202287818, Vol.: 0.5000000000, ch.: 0.0999479094
it.: 178 , obj.: 195.8203808087, Vol.: 0.5000000000, ch.: 0.0999854447
it.: 179 , obj.: 195.8191325975, Vol.: 0.5000000000, ch.: 0.0734501090
it.: 180 , obj.: 195.8183970187, Vol.: 0.5000000000, ch.: 0.0252866425
it.: 181 , obj.: 195.8178407773, Vol.: 0.5000000000, ch.: 0.0295024951
it.: 182 , obj.: 195.8174421047, Vol.: 0.5000000000, ch.: 0.0358240769
it.: 183 , obj.: 195.8169994730, Vol.: 0.5000000000, ch.: 0.0425192699
it.: 184 , obj.: 195.8166302432, Vol.: 0.5000000000, ch.: 0.0528976467
it.: 185 , obj.: 195.8162746415, Vol.: 0.5000000000, ch.: 0.0666648842
it.: 186 , obj.: 195.8159321944, Vol.: 0.5000000000, ch.: 0.0831708884
it.: 187 , obj.: 195.8156014974, Vol.: 0.5000000000, ch.: 0.0959103996
it.: 188 , obj.: 195.8152661072, Vol.: 0.5000000000, ch.: 0.0969998525
it.: 189 , obj.: 195.8149380527, Vol.: 0.5000000000, ch.: 0.0979227039
it.: 190 , obj.: 195.8146398995, Vol.: 0.5000000000, ch.: 0.0977969010
it.: 191 , obj.: 195.8143820426, Vol.: 0.5000000000, ch.: 0.0981237924
it.: 192 , obj.: 195.8143974875, Vol.: 0.5000000000, ch.: 0.0670229542
it.: 193 , obj.: 195.8153428883, Vol.: 0.5000000000, ch.: 0.0992369190
it.: 194 , obj.: 195.8174394264, Vol.: 0.5000000000, ch.: 0.0999848900
it.: 195 , obj.: 195.8220764546, Vol.: 0.5000000000, ch.: 0.0999955575
it.: 196 , obj.: 195.8206729512, Vol.: 0.5000000000, ch.: 0.0999863586
it.: 197 , obj.: 195.8198045116, Vol.: 0.5000000000, ch.: 0.0999585410
it.: 198 , obj.: 195.8175964893, Vol.: 0.5000000000, ch.: 0.0357396913
it.: 199 , obj.: 195.8169276538, Vol.: 0.5000000000, ch.: 0.0064473362
Parameter beta increased to 16
it.: 200 , obj.: 195.8168563763, Vol.: 0.5000000000, ch.: 0.0999978894
it.: 201 , obj.: 190.8271434480, Vol.: 0.5000000000, ch.: 0.0999991163
it.: 202 , obj.: 190.6515178070, Vol.: 0.5000000000, ch.: 0.0999989638
it.: 203 , obj.: 190.5578843132, Vol.: 0.5000000000, ch.: 0.0999962453
it.: 204 , obj.: 190.4970077100, Vol.: 0.5000000000, ch.: 0.0999952756
it.: 205 , obj.: 190.4472119266, Vol.: 0.5000000000, ch.: 0.0999923313
it.: 206 , obj.: 190.4166246165, Vol.: 0.5000000000, ch.: 0.0999906792
it.: 207 , obj.: 190.3906555376, Vol.: 0.5000000000, ch.: 0.0999955298
it.: 208 , obj.: 190.3673361256, Vol.: 0.5000000000, ch.: 0.0999958032
it.: 209 , obj.: 190.3454928394, Vol.: 0.5000000000, ch.: 0.0999724703
it.: 210 , obj.: 190.3296125943, Vol.: 0.5000000000, ch.: 0.0984466474
it.: 211 , obj.: 190.3164445293, Vol.: 0.5000000000, ch.: 0.0592981394
it.: 212 , obj.: 190.3062130598, Vol.: 0.5000000000, ch.: 0.0551239615
it.: 213 , obj.: 190.2982860046, Vol.: 0.5000000000, ch.: 0.0999149693
it.: 214 , obj.: 190.2919101244, Vol.: 0.5000000000, ch.: 0.0821561236
it.: 215 , obj.: 190.2863897790, Vol.: 0.5000000000, ch.: 0.0882193467
it.: 216 , obj.: 190.2823526021, Vol.: 0.5000000000, ch.: 0.0999326240
it.: 217 , obj.: 190.2819791159, Vol.: 0.5000000000, ch.: 0.0999952121
it.: 218 , obj.: 190.2785482522, Vol.: 0.5000000000, ch.: 0.0999502125
it.: 219 , obj.: 190.2770775411, Vol.: 0.5000000000, ch.: 0.0999812065
it.: 220 , obj.: 190.2733509237, Vol.: 0.5000000000, ch.: 0.0698850147
it.: 221 , obj.: 190.2716545316, Vol.: 0.5000000000, ch.: 0.0999796128
it.: 222 , obj.: 190.2723283716, Vol.: 0.5000000000, ch.: 0.0999925850
it.: 223 , obj.: 190.2729517539, Vol.: 0.5000000000, ch.: 0.0999961057
it.: 224 , obj.: 190.2717757638, Vol.: 0.5000000000, ch.: 0.0999873308
it.: 225 , obj.: 190.2705975602, Vol.: 0.5000000000, ch.: 0.0999929195
it.: 226 , obj.: 190.2668021203, Vol.: 0.5000000000, ch.: 0.0901234694
it.: 227 , obj.: 190.2652149699, Vol.: 0.5000000000, ch.: 0.0941660561
it.: 228 , obj.: 190.2629801312, Vol.: 0.5000000000, ch.: 0.0575422140
it.: 229 , obj.: 190.2614880191, Vol.: 0.5000000000, ch.: 0.0216543195
it.: 230 , obj.: 190.2606116315, Vol.: 0.5000000000, ch.: 0.0279000093
it.: 231 , obj.: 190.2598381781, Vol.: 0.5000000000, ch.: 0.0211899904
it.: 232 , obj.: 190.2591216789, Vol.: 0.5000000000, ch.: 0.0176026700
it.: 233 , obj.: 190.2586390304, Vol.: 0.5000000000, ch.: 0.0204163469
it.: 234 , obj.: 190.2582561404, Vol.: 0.5000000000, ch.: 0.0393766988
it.: 235 , obj.: 190.2584634432, Vol.: 0.5000000000, ch.: 0.0999505269
it.: 236 , obj.: 190.2610124033, Vol.: 0.5000000000, ch.: 0.0999918079
it.: 237 , obj.: 190.2612771125, Vol.: 0.5000000000, ch.: 0.0999340791
it.: 238 , obj.: 190.2614320674, Vol.: 0.5000000000, ch.: 0.0999743409
it.: 239 , obj.: 190.2604139173, Vol.: 0.5000000000, ch.: 0.0670999751
it.: 240 , obj.: 190.2594287639, Vol.: 0.5000000000, ch.: 0.0545444413
it.: 241 , obj.: 190.2595002105, Vol.: 0.5000000000, ch.: 0.0815333969
it.: 242 , obj.: 190.2596009894, Vol.: 0.5000000000, ch.: 0.0999554293
it.: 243 , obj.: 190.2606640005, Vol.: 0.5000000000, ch.: 0.0999947950
it.: 244 , obj.: 190.2611722612, Vol.: 0.5000000000, ch.: 0.0999936024
it.: 245 , obj.: 190.2606310357, Vol.: 0.5000000000, ch.: 0.0999939697
it.: 246 , obj.: 190.2590787401, Vol.: 0.5000000000, ch.: 0.0884107126
it.: 247 , obj.: 190.2589977909, Vol.: 0.5000000000, ch.: 0.0693043111
it.: 248 , obj.: 190.2585115885, Vol.: 0.5000000000, ch.: 0.0131639450
it.: 249 , obj.: 190.2583822504, Vol.: 0.5000000000, ch.: 0.0051366900
Parameter beta increased to 32
it.: 250 , obj.: 190.2582917076, Vol.: 0.5000000000, ch.: 0.0999925332
it.: 251 , obj.: 189.3695459738, Vol.: 0.5000000000, ch.: 0.0999734143
it.: 252 , obj.: 189.3674898761, Vol.: 0.5000000000, ch.: 0.0999317172
it.: 253 , obj.: 189.3671260563, Vol.: 0.5000000000, ch.: 0.0520564742
it.: 254 , obj.: 189.3659139883, Vol.: 0.5000000000, ch.: 0.0122121015
it.: 255 , obj.: 189.3657095184, Vol.: 0.5000000000, ch.: 0.0104470546
it.: 256 , obj.: 189.3655603480, Vol.: 0.5000000000, ch.: 0.0081682936
Parameter beta increased to 64
it.: 257 , obj.: 189.3654271303, Vol.: 0.5000000000, ch.: 0.0164424565
it.: 258 , obj.: 189.3474118486, Vol.: 0.5000000000, ch.: 0.0728040019
it.: 259 , obj.: 189.3419094046, Vol.: 0.5000000000, ch.: 0.0266277893
it.: 260 , obj.: 189.3402251315, Vol.: 0.5000000000, ch.: 0.0198461299
it.: 261 , obj.: 189.3399335906, Vol.: 0.5000000000, ch.: 0.0255546441
it.: 262 , obj.: 189.3397634428, Vol.: 0.5000000000, ch.: 0.0312557771
it.: 263 , obj.: 189.3396176533, Vol.: 0.5000000000, ch.: 0.0336645908
it.: 264 , obj.: 189.3395064219, Vol.: 0.5000000000, ch.: 0.0305309787
it.: 265 , obj.: 189.3394289391, Vol.: 0.5000000000, ch.: 0.0238388173
it.: 266 , obj.: 189.3393731878, Vol.: 0.5000000000, ch.: 0.0151860309
it.: 267 , obj.: 189.3393280425, Vol.: 0.5000000000, ch.: 0.0126399628
it.: 268 , obj.: 189.3392891548, Vol.: 0.5000000000, ch.: 0.0154079653
it.: 269 , obj.: 189.3392569032, Vol.: 0.5000000000, ch.: 0.0153715770
it.: 270 , obj.: 189.3392322921, Vol.: 0.5000000000, ch.: 0.0150596244
it.: 271 , obj.: 189.3392155139, Vol.: 0.5000000000, ch.: 0.0154075104
it.: 272 , obj.: 189.3392043687, Vol.: 0.5000000000, ch.: 0.0143801199
it.: 273 , obj.: 189.3391968299, Vol.: 0.5000000000, ch.: 0.0104441300
it.: 274 , obj.: 189.3391917979, Vol.: 0.5000000000, ch.: 0.0110895710
it.: 275 , obj.: 189.3391882595, Vol.: 0.5000000000, ch.: 0.0107866483
it.: 276 , obj.: 189.3391858868, Vol.: 0.5000000000, ch.: 0.0092485186
Parameter beta increased to 128
it.: 277 , obj.: 189.3391841864, Vol.: 0.5000000000, ch.: 0.0110977147
it.: 278 , obj.: 189.3471384372, Vol.: 0.5000000000, ch.: 0.0999230616
it.: 279 , obj.: 189.3888155485, Vol.: 0.5000000000, ch.: 0.0999995615
it.: 280 , obj.: 189.4479942268, Vol.: 0.5000000000, ch.: 0.0999934696
it.: 281 , obj.: 189.4409577785, Vol.: 0.5000000000, ch.: 0.0999996875
it.: 282 , obj.: 189.4125698073, Vol.: 0.5000000000, ch.: 0.0997326080
it.: 283 , obj.: 189.4124595100, Vol.: 0.5000000000, ch.: 0.0155259434
it.: 284 , obj.: 189.4124588942, Vol.: 0.5000000000, ch.: 0.0102761663
it.: 285 , obj.: 189.4124589267, Vol.: 0.5000000000, ch.: 0.0105109709
it.: 286 , obj.: 189.4124592204, Vol.: 0.5000000000, ch.: 0.0131452022
it.: 287 , obj.: 189.4124597111, Vol.: 0.5000000000, ch.: 0.0163893492
it.: 288 , obj.: 189.4124601092, Vol.: 0.5000000000, ch.: 0.0176059212
it.: 289 , obj.: 189.4124603004, Vol.: 0.5000000000, ch.: 0.0161083224
it.: 290 , obj.: 189.4124603511, Vol.: 0.5000000000, ch.: 0.0148671943
it.: 291 , obj.: 189.4124603291, Vol.: 0.5000000000, ch.: 0.0137393720
it.: 292 , obj.: 189.4124602781, Vol.: 0.5000000000, ch.: 0.0126741516
it.: 293 , obj.: 189.4124602489, Vol.: 0.5000000000, ch.: 0.0117046490
it.: 294 , obj.: 189.4124602522, Vol.: 0.5000000000, ch.: 0.0108001989
it.: 295 , obj.: 189.4124602736, Vol.: 0.5000000000, ch.: 0.0099433814
Parameter beta increased to 256
it.: 296 , obj.: 189.4124602774, Vol.: 0.5000000000, ch.: 0.0002790969
Parameter beta increased to 512
it.: 297 , obj.: 189.4124568082, Vol.: 0.5000000000, ch.: 0.0002697669
Minimum compliance problem with mma and manufacturing constraints.
nodes: 60 x 20
volfrac: 0.5, rmin: 2.4,  penal: 3.0
Filter method: No filter
Traceback (most recent call last):
  File "/home/shiemer/projects/topopt/monolithic_codes/topopt_manufacturing.py", line 801, in <module>
    main(nelx, nely, volfrac, penal, rmin, ft,
  File "/home/shiemer/projects/topopt/monolithic_codes/topopt_manufacturing.py", line 620, in main
    result = minimize(find_eta, x0=eta,
             ^^^^^^^^^^^^^^^^^^^^^^^^^^
  File "/home/shiemer/.virtualenvs/topoptlab/lib64/python3.12/site-packages/scipy/optimize/_minimize.py", line 726, in minimize
    res = _minimize_neldermead(fun, x0, args, callback, bounds=bounds,
          ^^^^^^^^^^^^^^^^^^^^^^^^^^^^^^^^^^^^^^^^^^^^^^^^^^^^^^^^^^^^
  File "/home/shiemer/.virtualenvs/topoptlab/lib64/python3.12/site-packages/scipy/optimize/_optimize.py", line 833, in _minimize_neldermead
    fsim[k] = func(sim[k])
              ^^^^^^^^^^^^
  File "/home/shiemer/.virtualenvs/topoptlab/lib64/python3.12/site-packages/scipy/optimize/_optimize.py", line 542, in function_wrapper
    fx = function(np.copy(x), *(wrapper_args + args))
         ^^^^^^^^^^^^^^^^^^^^^^^^^^^^^^^^^^^^^^^^^^^^
  File "/home/shiemer/.virtualenvs/topoptlab/lib64/python3.12/site-packages/scipy/optimize/_optimize.py", line 80, in __call__
    self._compute_if_needed(x, *args)
  File "/home/shiemer/.virtualenvs/topoptlab/lib64/python3.12/site-packages/scipy/optimize/_optimize.py", line 75, in _compute_if_needed
    self.jac = fg[1]
               ~~^^^
IndexError: index 1 is out of bounds for axis 0 with size 1

