self bending under uniform temperature expansion with optimizer mma
number of spatial dimensions: 2
elements: 120 x 40
volfrac: 0.5 rmin: 2.4  penal: 3.0
filter: Density based
filter mode: matrix
it.: 1 obj.: -18.7738938252 vol.: 0.4453927391 ch.: 0.1999976670
it.: 2 obj.: -27.2467624829 vol.: 0.4080188310 ch.: 0.1999976719
it.: 3 obj.: -40.7918100776 vol.: 0.3743591608 ch.: 0.1999966012
it.: 4 obj.: -53.6675750600 vol.: 0.3435169517 ch.: 0.1999968984
it.: 5 obj.: -65.9991836577 vol.: 0.3317857534 ch.: 0.1999996159
it.: 6 obj.: -76.3625607328 vol.: 0.2685614524 ch.: 0.1999998016
it.: 7 obj.: -91.1194789491 vol.: 0.2799220210 ch.: 0.1999997151
it.: 8 obj.: -98.3459660442 vol.: 0.2253844752 ch.: 0.1999998287
it.: 9 obj.: -121.9937647268 vol.: 0.2245826833 ch.: 0.1999998851
it.: 10 obj.: -121.5738264357 vol.: 0.1919810167 ch.: 0.1999999754
it.: 11 obj.: -167.8954840584 vol.: 0.1874736906 ch.: 0.1999999782
it.: 12 obj.: -146.5510441739 vol.: 0.1819747730 ch.: 0.1999999994
it.: 13 obj.: -188.9269357869 vol.: 0.1426389488 ch.: 0.1999999394
it.: 14 obj.: -215.5801666507 vol.: 0.1454892539 ch.: 0.1999998089
it.: 15 obj.: -274.2761665062 vol.: 0.1353587230 ch.: 0.1999999943
it.: 16 obj.: -286.6383467851 vol.: 0.1400883773 ch.: 0.1999999949
it.: 17 obj.: -234.3660567806 vol.: 0.1200085972 ch.: 0.1999999843
it.: 18 obj.: -265.5122514733 vol.: 0.1094896241 ch.: 0.1999997599
it.: 19 obj.: -296.1233146345 vol.: 0.1114408996 ch.: 0.1999999942
it.: 20 obj.: -294.3697628445 vol.: 0.1010674002 ch.: 0.1999999384
it.: 21 obj.: -340.6060112948 vol.: 0.1003549552 ch.: 0.1999999914
it.: 22 obj.: -270.3826906571 vol.: 0.0925688492 ch.: 0.1999999251
it.: 23 obj.: -337.1261708468 vol.: 0.0842172782 ch.: 0.1999999711
it.: 24 obj.: -386.8286496486 vol.: 0.0775505761 ch.: 0.1999998652
it.: 25 obj.: -418.3572373705 vol.: 0.0765905948 ch.: 0.1999999838
it.: 26 obj.: -417.8200787239 vol.: 0.0727585923 ch.: 0.1999999438
it.: 27 obj.: -349.3922557146 vol.: 0.0709223307 ch.: 0.1999998937
it.: 28 obj.: -427.4423764018 vol.: 0.0728170168 ch.: 0.1999999270
it.: 29 obj.: -363.3597130935 vol.: 0.0677514333 ch.: 0.1999998416
it.: 30 obj.: -363.9132681747 vol.: 0.0722468794 ch.: 0.1999998753
it.: 31 obj.: -419.2400539062 vol.: 0.0683476499 ch.: 0.1999998222
it.: 32 obj.: -461.9895473373 vol.: 0.0679687713 ch.: 0.1999997997
it.: 33 obj.: -477.3332422303 vol.: 0.0659949817 ch.: 0.1999997846
it.: 34 obj.: -472.3539225543 vol.: 0.0665006969 ch.: 0.1999997840
it.: 35 obj.: -415.5406643377 vol.: 0.0689523009 ch.: 0.1999998666
it.: 36 obj.: -484.6177708549 vol.: 0.0694350007 ch.: 0.1999997838
it.: 37 obj.: -502.0663639091 vol.: 0.0694264571 ch.: 0.1999995178
it.: 38 obj.: -547.8152452718 vol.: 0.0701712909 ch.: 0.1999993599
it.: 39 obj.: -486.3844866594 vol.: 0.0723643960 ch.: 0.1999995327
it.: 40 obj.: -504.2772327104 vol.: 0.0745869962 ch.: 0.1999986315
it.: 41 obj.: -509.3318196610 vol.: 0.0769643119 ch.: 0.1999993984
it.: 42 obj.: -538.9049938990 vol.: 0.0795652574 ch.: 0.1999990340
it.: 43 obj.: -548.7786688665 vol.: 0.0823002627 ch.: 0.1999993175
it.: 44 obj.: -561.3183718832 vol.: 0.0849463129 ch.: 0.1999991233
it.: 45 obj.: -562.4470117874 vol.: 0.0887182121 ch.: 0.1711952659
it.: 46 obj.: -573.1739180698 vol.: 0.0902960923 ch.: 0.1999989743
it.: 47 obj.: -568.4882147978 vol.: 0.0936517261 ch.: 0.1999993727
it.: 48 obj.: -583.2741131140 vol.: 0.0972669007 ch.: 0.1725650671
it.: 49 obj.: -577.1936131047 vol.: 0.1007616231 ch.: 0.1999957898
it.: 50 obj.: -591.6128039126 vol.: 0.1039384086 ch.: 0.1999972263
it.: 51 obj.: -582.7025235927 vol.: 0.1060970489 ch.: 0.1739450115
it.: 52 obj.: -592.5779751780 vol.: 0.1085413374 ch.: 0.1999984224
it.: 53 obj.: -587.7791178777 vol.: 0.1107274683 ch.: 0.1663927024
it.: 54 obj.: -616.9059514874 vol.: 0.1132295950 ch.: 0.1999952569
it.: 55 obj.: -598.7775446274 vol.: 0.1147908222 ch.: 0.1999995966
it.: 56 obj.: -663.6922005432 vol.: 0.1167102004 ch.: 0.1999998603
it.: 57 obj.: -507.1297487617 vol.: 0.1164442522 ch.: 0.1999990381
it.: 58 obj.: -545.3242823010 vol.: 0.1194635812 ch.: 0.1999997320
it.: 59 obj.: -555.8981421033 vol.: 0.1191585130 ch.: 0.1999998039
it.: 60 obj.: -595.7496598099 vol.: 0.1215337059 ch.: 0.1946418725
it.: 61 obj.: -702.2004222443 vol.: 0.1220599920 ch.: 0.1663784713
it.: 62 obj.: -662.5028383070 vol.: 0.1236520128 ch.: 0.1992573255
it.: 63 obj.: -571.1780244881 vol.: 0.1236753657 ch.: 0.1795167435
it.: 64 obj.: -579.3380284709 vol.: 0.1257194775 ch.: 0.1991766050
it.: 65 obj.: -613.2854532618 vol.: 0.1255326024 ch.: 0.1999383948
it.: 66 obj.: -625.9682263974 vol.: 0.1268403200 ch.: 0.1999394390
it.: 67 obj.: -669.7134041219 vol.: 0.1271130679 ch.: 0.1999504007
it.: 68 obj.: -637.2358391552 vol.: 0.1284439108 ch.: 0.1999906635
it.: 69 obj.: -649.8873419357 vol.: 0.1286967328 ch.: 0.1999273561
it.: 70 obj.: -631.6149240691 vol.: 0.1299779031 ch.: 0.1999101529
it.: 71 obj.: -674.9123820550 vol.: 0.1298683782 ch.: 0.1995882582
it.: 72 obj.: -642.0824797572 vol.: 0.1308558901 ch.: 0.1704198132
it.: 73 obj.: -654.1584424488 vol.: 0.1304675757 ch.: 0.1999910332
it.: 74 obj.: -638.2919140602 vol.: 0.1318782718 ch.: 0.1999886903
it.: 75 obj.: -681.7918047129 vol.: 0.1316376793 ch.: 0.1991999647
it.: 76 obj.: -648.4704159713 vol.: 0.1327862501 ch.: 0.1899613101
it.: 77 obj.: -660.9102472084 vol.: 0.1321167818 ch.: 0.1997153510
it.: 78 obj.: -644.2018750916 vol.: 0.1332245338 ch.: 0.1868779213
it.: 79 obj.: -687.5595568588 vol.: 0.1326671758 ch.: 0.1731582610
it.: 80 obj.: -653.0442573088 vol.: 0.1337882711 ch.: 0.1999988044
it.: 81 obj.: -665.2290350247 vol.: 0.1332798070 ch.: 0.1922076714
it.: 82 obj.: -648.0202581813 vol.: 0.1343178945 ch.: 0.1663717972
it.: 83 obj.: -691.4783935579 vol.: 0.1336244765 ch.: 0.1995907530
it.: 84 obj.: -656.3022143901 vol.: 0.1346502719 ch.: 0.1993805305
it.: 85 obj.: -668.0008838449 vol.: 0.1340307850 ch.: 0.1420174619
it.: 86 obj.: -650.3604198140 vol.: 0.1350352055 ch.: 0.1386625752
it.: 87 obj.: -694.1301089523 vol.: 0.1345606797 ch.: 0.1663945622
it.: 88 obj.: -658.4569939184 vol.: 0.1356838463 ch.: 0.1663257645
it.: 89 obj.: -670.0228068663 vol.: 0.1352738944 ch.: 0.1386618785
it.: 90 obj.: -652.3979393279 vol.: 0.1364154003 ch.: 0.1663946966
it.: 91 obj.: -695.4045097347 vol.: 0.1358912784 ch.: 0.1454916745
it.: 92 obj.: -659.8988144045 vol.: 0.1369319582 ch.: 0.1731574111
it.: 93 obj.: -671.2743439973 vol.: 0.1364562906 ch.: 0.1999975118
it.: 94 obj.: -653.8090655458 vol.: 0.1374966166 ch.: 0.1663172817
it.: 95 obj.: -697.0108371876 vol.: 0.1369546349 ch.: 0.1386622323
it.: 96 obj.: -661.3632351438 vol.: 0.1380611698 ch.: 0.1663949525
it.: 97 obj.: -672.8932286324 vol.: 0.1375607308 ch.: 0.1704133625
it.: 98 obj.: -655.4336240349 vol.: 0.1386872387 ch.: 0.1999961240
it.: 99 obj.: -699.0752897165 vol.: 0.1381770415 ch.: 0.1999982395
it.: 100 obj.: -663.5816153939 vol.: 0.1391872014 ch.: 0.1999990911
it.: 101 obj.: -676.1601807699 vol.: 0.1384521067 ch.: 0.1999990004
it.: 102 obj.: -658.3580609276 vol.: 0.1394953425 ch.: 0.1999997740
it.: 103 obj.: -703.7610545278 vol.: 0.1389623185 ch.: 0.1999995465
it.: 104 obj.: -667.2958441107 vol.: 0.1401632721 ch.: 0.1999994774
it.: 105 obj.: -680.3823946904 vol.: 0.1396664798 ch.: 0.1999987613
it.: 106 obj.: -661.8053005219 vol.: 0.1408724695 ch.: 0.1999989193
it.: 107 obj.: -707.2584883626 vol.: 0.1402839518 ch.: 0.1999894688
it.: 108 obj.: -669.9109945266 vol.: 0.1414204025 ch.: 0.1999991718
it.: 109 obj.: -683.2962795913 vol.: 0.1409324590 ch.: 0.1999964182
it.: 110 obj.: -664.3312414610 vol.: 0.1421302153 ch.: 0.1999960596
it.: 111 obj.: -711.6754212519 vol.: 0.1415425511 ch.: 0.1386615340
it.: 112 obj.: -673.4750978296 vol.: 0.1426584795 ch.: 0.1663933449
it.: 113 obj.: -688.3869515050 vol.: 0.1421305976 ch.: 0.1999991721
it.: 114 obj.: -668.8499876804 vol.: 0.1433211054 ch.: 0.1999990780
it.: 115 obj.: -718.3323159607 vol.: 0.1428377762 ch.: 0.1999998125
it.: 116 obj.: -678.9677689484 vol.: 0.1439958294 ch.: 0.1999997991
it.: 117 obj.: -694.6059975889 vol.: 0.1434850327 ch.: 0.1999998979
it.: 118 obj.: -673.8617755799 vol.: 0.1448994251 ch.: 0.1995635251
it.: 119 obj.: -722.4426463919 vol.: 0.1444869402 ch.: 0.1550082724
it.: 120 obj.: -682.2147197939 vol.: 0.1458438170 ch.: 0.1801945703
it.: 121 obj.: -697.1153691658 vol.: 0.1453932589 ch.: 0.1544926225
it.: 122 obj.: -676.1666965909 vol.: 0.1466141587 ch.: 0.1663943787
it.: 123 obj.: -725.1168248462 vol.: 0.1460843821 ch.: 0.1472051607
it.: 124 obj.: -684.7862508886 vol.: 0.1473682819 ch.: 0.1731570400
it.: 125 obj.: -700.5542132362 vol.: 0.1468345508 ch.: 0.1787665008
it.: 126 obj.: -679.2126863033 vol.: 0.1481062768 ch.: 0.1663846110
it.: 127 obj.: -729.4474261559 vol.: 0.1475741368 ch.: 0.1454520718
it.: 128 obj.: -687.5256540738 vol.: 0.1489821075 ch.: 0.1745432146
it.: 129 obj.: -718.3579785287 vol.: 0.1485344588 ch.: 0.1999988220
it.: 130 obj.: -681.1754865214 vol.: 0.1497802192 ch.: 0.1677240614
it.: 131 obj.: -719.7693346668 vol.: 0.1492423534 ch.: 0.1386627016
it.: 132 obj.: -689.3072978165 vol.: 0.1505628493 ch.: 0.1999994122
it.: 133 obj.: -733.2064406374 vol.: 0.1499594817 ch.: 0.1935947629
it.: 134 obj.: -689.5249016337 vol.: 0.1512248269 ch.: 0.1988882753
it.: 135 obj.: -721.0591657847 vol.: 0.1505497095 ch.: 0.1999592247
it.: 136 obj.: -685.3069951379 vol.: 0.1518399337 ch.: 0.1685031243
it.: 137 obj.: -734.2543354323 vol.: 0.1513304046 ch.: 0.1891889091
it.: 138 obj.: -690.6030896213 vol.: 0.1525711612 ch.: 0.1663931998
it.: 139 obj.: -722.1802309589 vol.: 0.1519161838 ch.: 0.1598018631
it.: 140 obj.: -686.3329591370 vol.: 0.1531127587 ch.: 0.1663447609
it.: 141 obj.: -735.7832278824 vol.: 0.1525137397 ch.: 0.1495627241
it.: 142 obj.: -691.7005821686 vol.: 0.1537807876 ch.: 0.1663949801
it.: 143 obj.: -723.9077926328 vol.: 0.1531840577 ch.: 0.1786349867
it.: 144 obj.: -687.6028655029 vol.: 0.1543809609 ch.: 0.1991455659
it.: 145 obj.: -737.6347093821 vol.: 0.1538289487 ch.: 0.1999370584
it.: 146 obj.: -693.0200630883 vol.: 0.1551753899 ch.: 0.1690679205
it.: 147 obj.: -725.4246438994 vol.: 0.1548042632 ch.: 0.1999725953
it.: 148 obj.: -688.9674257845 vol.: 0.1562564554 ch.: 0.1999915532
it.: 149 obj.: -739.0994789717 vol.: 0.1557568067 ch.: 0.1999977529
it.: 150 obj.: -694.7407847278 vol.: 0.1570782476 ch.: 0.1999988261
it.: 151 obj.: -727.3623257494 vol.: 0.1565851768 ch.: 0.1726923503
it.: 152 obj.: -691.0077085714 vol.: 0.1578872051 ch.: 0.1999988936
it.: 153 obj.: -741.2692440489 vol.: 0.1574012629 ch.: 0.1999988202
it.: 154 obj.: -696.5591051368 vol.: 0.1587794718 ch.: 0.1999984766
it.: 155 obj.: -729.1582181942 vol.: 0.1583595914 ch.: 0.1999967948
it.: 156 obj.: -692.7064736485 vol.: 0.1596908383 ch.: 0.1999985358
it.: 157 obj.: -743.4763078360 vol.: 0.1590042071 ch.: 0.1999990142
it.: 158 obj.: -698.7447735120 vol.: 0.1601759302 ch.: 0.1999909976
it.: 159 obj.: -732.0830227203 vol.: 0.1595355689 ch.: 0.1999993507
it.: 160 obj.: -695.5226210629 vol.: 0.1607321044 ch.: 0.1999968137
it.: 161 obj.: -747.7903152920 vol.: 0.1601188884 ch.: 0.1999984514
it.: 162 obj.: -702.4642855305 vol.: 0.1612827711 ch.: 0.1731545622
it.: 163 obj.: -737.8566767491 vol.: 0.1606964435 ch.: 0.1999985058
it.: 164 obj.: -699.8817712886 vol.: 0.1618464180 ch.: 0.1999991736
it.: 165 obj.: -754.2331259983 vol.: 0.1611553374 ch.: 0.1999993732
it.: 166 obj.: -729.1456024939 vol.: 0.1623117705 ch.: 0.1999983164
it.: 167 obj.: -757.1605537613 vol.: 0.1616534865 ch.: 0.1999996718
it.: 168 obj.: -731.3828682404 vol.: 0.1629782820 ch.: 0.1999995457
it.: 169 obj.: -760.1079403426 vol.: 0.1623914214 ch.: 0.1999998543
it.: 170 obj.: -733.6824552401 vol.: 0.1639128798 ch.: 0.1999980754
it.: 171 obj.: -762.5713646342 vol.: 0.1635118002 ch.: 0.1898935980
it.: 172 obj.: -735.6248803450 vol.: 0.1650342729 ch.: 0.1704200516
it.: 173 obj.: -764.1208437075 vol.: 0.1644627250 ch.: 0.1991348822
it.: 174 obj.: -736.9916841615 vol.: 0.1658274346 ch.: 0.1745435231
it.: 175 obj.: -765.8174956911 vol.: 0.1651727499 ch.: 0.1901099006
it.: 176 obj.: -738.2838444936 vol.: 0.1664909039 ch.: 0.1999774174
it.: 177 obj.: -767.5081585440 vol.: 0.1659746002 ch.: 0.1400471190
it.: 178 obj.: -739.1354879342 vol.: 0.1675474469 ch.: 0.1663942839
it.: 179 obj.: -768.4049127518 vol.: 0.1670726992 ch.: 0.1591406360
it.: 180 obj.: -740.1138970756 vol.: 0.1685527885 ch.: 0.1704197124
it.: 181 obj.: -769.7200168370 vol.: 0.1679989447 ch.: 0.1456849823
it.: 182 obj.: -741.2524614389 vol.: 0.1695368101 ch.: 0.1663950845
it.: 183 obj.: -771.3233212150 vol.: 0.1690791017 ch.: 0.1978457386
it.: 184 obj.: -742.4838316950 vol.: 0.1704928245 ch.: 0.1663953036
it.: 185 obj.: -772.5056086405 vol.: 0.1700653404 ch.: 0.1996738155
it.: 186 obj.: -743.5229596231 vol.: 0.1715448417 ch.: 0.1999993566
it.: 187 obj.: -772.9785302579 vol.: 0.1710345756 ch.: 0.1591279203
it.: 188 obj.: -744.2270463780 vol.: 0.1725462168 ch.: 0.1704196246
it.: 189 obj.: -773.3129070333 vol.: 0.1721729392 ch.: 0.1999969738
it.: 190 obj.: -745.0559776142 vol.: 0.1736493321 ch.: 0.1999308943
it.: 191 obj.: -774.6702135814 vol.: 0.1732552247 ch.: 0.1999879299
it.: 192 obj.: -746.0905846354 vol.: 0.1747977592 ch.: 0.1999984593
it.: 193 obj.: -775.5119525796 vol.: 0.1743349655 ch.: 0.1999973934
it.: 194 obj.: -747.4594342268 vol.: 0.1756398508 ch.: 0.1999977892
it.: 195 obj.: -777.4582324575 vol.: 0.1748080225 ch.: 0.1999988524
it.: 196 obj.: -749.0562716502 vol.: 0.1759973236 ch.: 0.1999990908
it.: 197 obj.: -779.4506311413 vol.: 0.1752231722 ch.: 0.1999979730
it.: 198 obj.: -751.3958082494 vol.: 0.1763674509 ch.: 0.1999978217
it.: 199 obj.: -783.4885141938 vol.: 0.1755757459 ch.: 0.1999990568
it.: 200 obj.: -754.8258378857 vol.: 0.1767817619 ch.: 0.1999991013
it.: 201 obj.: -788.7594090217 vol.: 0.1762368860 ch.: 0.1999993255
it.: 202 obj.: -758.9103892220 vol.: 0.1777553463 ch.: 0.1999981970
it.: 203 obj.: -792.2639226519 vol.: 0.1772147104 ch.: 0.1999992198
it.: 204 obj.: -761.3735084718 vol.: 0.1787526706 ch.: 0.1999993920
it.: 205 obj.: -794.7941839990 vol.: 0.1782145114 ch.: 0.1999992893
it.: 206 obj.: -763.6849449421 vol.: 0.1797040859 ch.: 0.1999982702
it.: 207 obj.: -797.3236566861 vol.: 0.1790050969 ch.: 0.1999996895
it.: 208 obj.: -765.9303189253 vol.: 0.1803544188 ch.: 0.1999996043
it.: 209 obj.: -799.8908194823 vol.: 0.1796984727 ch.: 0.1999998577
it.: 210 obj.: -768.1125966005 vol.: 0.1812028680 ch.: 0.1999985600
it.: 211 obj.: -802.6499098944 vol.: 0.1807144601 ch.: 0.1999554057
it.: 212 obj.: -770.1037624471 vol.: 0.1823747319 ch.: 0.1759378420
it.: 213 obj.: -804.9122073310 vol.: 0.1818464264 ch.: 0.1999965584
it.: 214 obj.: -771.5134414554 vol.: 0.1832547287 ch.: 0.1999986073
it.: 215 obj.: -806.8360278940 vol.: 0.1826850829 ch.: 0.1999994856
it.: 216 obj.: -772.4144814266 vol.: 0.1843400411 ch.: 0.1758023679
it.: 217 obj.: -808.1688675826 vol.: 0.1839997166 ch.: 0.1773477402
it.: 218 obj.: -773.2924373872 vol.: 0.1857234331 ch.: 0.1663703479
it.: 219 obj.: -809.4751838885 vol.: 0.1854338023 ch.: 0.1629417942
it.: 220 obj.: -774.6338161562 vol.: 0.1871885904 ch.: 0.1712262926
it.: 221 obj.: -811.2720335545 vol.: 0.1870404801 ch.: 0.1999993860
it.: 222 obj.: -777.4739137903 vol.: 0.1889462970 ch.: 0.1999995889
it.: 223 obj.: -813.9618329289 vol.: 0.1887586605 ch.: 0.1999991986
it.: 224 obj.: -779.8951778306 vol.: 0.1905837129 ch.: 0.1999988600
it.: 225 obj.: -815.7324953408 vol.: 0.1901503675 ch.: 0.1999981260
it.: 226 obj.: -781.4953656197 vol.: 0.1917958899 ch.: 0.1999860149
it.: 227 obj.: -816.9886221067 vol.: 0.1911340878 ch.: 0.1999965544
it.: 228 obj.: -782.6863432748 vol.: 0.1926255698 ch.: 0.1999969080
it.: 229 obj.: -818.2774535679 vol.: 0.1915675391 ch.: 0.1999984631
it.: 230 obj.: -783.9123193789 vol.: 0.1928027171 ch.: 0.1999970063
it.: 231 obj.: -820.1390686306 vol.: 0.1916568509 ch.: 0.1999989012
it.: 232 obj.: -785.7135352467 vol.: 0.1929094231 ch.: 0.1999948194
it.: 233 obj.: -822.7324724083 vol.: 0.1918033674 ch.: 0.1801968360
it.: 234 obj.: -787.0164474669 vol.: 0.1937714126 ch.: 0.1999996942
it.: 235 obj.: -824.1132107960 vol.: 0.1930679345 ch.: 0.1999967296
it.: 236 obj.: -789.7673515793 vol.: 0.1947999818 ch.: 0.1999996531
it.: 237 obj.: -829.5441819532 vol.: 0.1942514820 ch.: 0.1999989736
it.: 238 obj.: -793.6934856630 vol.: 0.1958533700 ch.: 0.1999992515
it.: 239 obj.: -832.7882401037 vol.: 0.1951413260 ch.: 0.1999997664
it.: 240 obj.: -795.5303654785 vol.: 0.1967228584 ch.: 0.1999976421
it.: 241 obj.: -834.6257777904 vol.: 0.1960233612 ch.: 0.1999995009
it.: 242 obj.: -797.1561673692 vol.: 0.1976061140 ch.: 0.1999974831
it.: 243 obj.: -837.0061987529 vol.: 0.1970724508 ch.: 0.1999995509
it.: 244 obj.: -799.2538260020 vol.: 0.1987528576 ch.: 0.1999991501
it.: 245 obj.: -839.3731811857 vol.: 0.1983550180 ch.: 0.1999934556
it.: 246 obj.: -801.3754413878 vol.: 0.2002340617 ch.: 0.1999818696
it.: 247 obj.: -841.2438031211 vol.: 0.1999020342 ch.: 0.1999974422
it.: 248 obj.: -802.9068328467 vol.: 0.2019779826 ch.: 0.1999991463
it.: 249 obj.: -842.8810468147 vol.: 0.2019205132 ch.: 0.1999989044
it.: 250 obj.: -805.0177251971 vol.: 0.2041668143 ch.: 0.1999992113
it.: 251 obj.: -845.1485603638 vol.: 0.2039393885 ch.: 0.1999974889
it.: 252 obj.: -807.0714941440 vol.: 0.2056979165 ch.: 0.1999986098
it.: 253 obj.: -847.2984352722 vol.: 0.2051311262 ch.: 0.1999985565
it.: 254 obj.: -809.0117664216 vol.: 0.2068882266 ch.: 0.1999994790
it.: 255 obj.: -849.6552422175 vol.: 0.2062480784 ch.: 0.1999995803
it.: 256 obj.: -811.1539413545 vol.: 0.2080442730 ch.: 0.1998915120
it.: 257 obj.: -852.1475005043 vol.: 0.2075137515 ch.: 0.1999916919
it.: 258 obj.: -812.6268172743 vol.: 0.2093359515 ch.: 0.1997480058
it.: 259 obj.: -853.7689823010 vol.: 0.2088534469 ch.: 0.1999941539
it.: 260 obj.: -814.1855397551 vol.: 0.2106146350 ch.: 0.1951384819
it.: 261 obj.: -856.2703311450 vol.: 0.2101567585 ch.: 0.1773457134
it.: 262 obj.: -816.9367878350 vol.: 0.2118648979 ch.: 0.1999986416
it.: 263 obj.: -860.5451318968 vol.: 0.2112869264 ch.: 0.1999996482
it.: 264 obj.: -820.5851086060 vol.: 0.2129099330 ch.: 0.1999994592
it.: 265 obj.: -864.3148481765 vol.: 0.2123697826 ch.: 0.1999995027
it.: 266 obj.: -824.1017375822 vol.: 0.2140940472 ch.: 0.1999996094
it.: 267 obj.: -868.6555897479 vol.: 0.2133248500 ch.: 0.1999998438
it.: 268 obj.: -828.5167424184 vol.: 0.2148137904 ch.: 0.1999990583
it.: 269 obj.: -873.9692714814 vol.: 0.2140986976 ch.: 0.1999997139
it.: 270 obj.: -832.2348814259 vol.: 0.2156112517 ch.: 0.1999997325
it.: 271 obj.: -878.8158363030 vol.: 0.2148082426 ch.: 0.1999995177
it.: 272 obj.: -836.2181940202 vol.: 0.2165536919 ch.: 0.1999993556
it.: 273 obj.: -883.0082462450 vol.: 0.2159402837 ch.: 0.1999997702
it.: 274 obj.: -838.2296399885 vol.: 0.2179298332 ch.: 0.1999996254
it.: 275 obj.: -885.0699210365 vol.: 0.2172481435 ch.: 0.1999998811
it.: 276 obj.: -840.1286264601 vol.: 0.2192495582 ch.: 0.1999993290
it.: 277 obj.: -888.0663781782 vol.: 0.2187820707 ch.: 0.1603339603
it.: 278 obj.: -841.9789503270 vol.: 0.2206469435 ch.: 0.1663949112
it.: 279 obj.: -889.1456531768 vol.: 0.2201483787 ch.: 0.1999920147
it.: 280 obj.: -843.1433657716 vol.: 0.2221038895 ch.: 0.1999905118
it.: 281 obj.: -890.8662590948 vol.: 0.2216486680 ch.: 0.1999982085
it.: 282 obj.: -844.6152706870 vol.: 0.2235860184 ch.: 0.1999992723
it.: 283 obj.: -892.1786210040 vol.: 0.2232256868 ch.: 0.1999992962
it.: 284 obj.: -846.7623327193 vol.: 0.2252072462 ch.: 0.1677252126
it.: 285 obj.: -895.4450229751 vol.: 0.2249832402 ch.: 0.1999985109
it.: 286 obj.: -849.3522343207 vol.: 0.2271278739 ch.: 0.1999991352
it.: 287 obj.: -898.2378380596 vol.: 0.2267155660 ch.: 0.1999985735
it.: 288 obj.: -851.9018848563 vol.: 0.2285387598 ch.: 0.1999989643
it.: 289 obj.: -900.8974950795 vol.: 0.2278570549 ch.: 0.1999980180
it.: 290 obj.: -854.3578600414 vol.: 0.2295665749 ch.: 0.1999997320
it.: 291 obj.: -903.7466850786 vol.: 0.2287989733 ch.: 0.1999979471
it.: 292 obj.: -856.8688146715 vol.: 0.2304510224 ch.: 0.1999972786
it.: 293 obj.: -907.5887293710 vol.: 0.2297921668 ch.: 0.1999994045
it.: 294 obj.: -859.2329653672 vol.: 0.2317248147 ch.: 0.1999723205
it.: 295 obj.: -909.6019905088 vol.: 0.2310422655 ch.: 0.1999988141
it.: 296 obj.: -861.2421989265 vol.: 0.2327794122 ch.: 0.1663941122
it.: 297 obj.: -912.1860083245 vol.: 0.2321512262 ch.: 0.1759395407
it.: 298 obj.: -864.0686358124 vol.: 0.2339220704 ch.: 0.1769025887
it.: 299 obj.: -915.5959667174 vol.: 0.2332377294 ch.: 0.1745435616
it.: 300 obj.: -866.7029126499 vol.: 0.2351073383 ch.: 0.1999992254
it.: 301 obj.: -918.0404273168 vol.: 0.2344569666 ch.: 0.1988962436
it.: 302 obj.: -868.7344572878 vol.: 0.2362410678 ch.: 0.1999993522
it.: 303 obj.: -920.4528650223 vol.: 0.2356317485 ch.: 0.1596355327
it.: 304 obj.: -870.4485827907 vol.: 0.2375923378 ch.: 0.1663419518
it.: 305 obj.: -922.1677945160 vol.: 0.2370703122 ch.: 0.1588705688
it.: 306 obj.: -872.1665483279 vol.: 0.2390825240 ch.: 0.1759394419
it.: 307 obj.: -924.2974731447 vol.: 0.2386053331 ch.: 0.1773471921
it.: 308 obj.: -874.2360808067 vol.: 0.2407998018 ch.: 0.1704199760
it.: 309 obj.: -926.3854103256 vol.: 0.2402518296 ch.: 0.1999990792
it.: 310 obj.: -876.3811683185 vol.: 0.2424731654 ch.: 0.1999994026
it.: 311 obj.: -928.4547779258 vol.: 0.2420195429 ch.: 0.1999989164
it.: 312 obj.: -878.5608271164 vol.: 0.2440461478 ch.: 0.1999990555
it.: 313 obj.: -931.9699433615 vol.: 0.2433830106 ch.: 0.1999995321
it.: 314 obj.: -881.4274888278 vol.: 0.2453802057 ch.: 0.1999901014
it.: 315 obj.: -935.3324562384 vol.: 0.2447983287 ch.: 0.1999946022
it.: 316 obj.: -884.3371476666 vol.: 0.2468054833 ch.: 0.1999966926
it.: 317 obj.: -938.5558704210 vol.: 0.2461155450 ch.: 0.1999982316
it.: 318 obj.: -887.1801257631 vol.: 0.2481329459 ch.: 0.1999814909
it.: 319 obj.: -942.1846047197 vol.: 0.2473747006 ch.: 0.1999989625
it.: 320 obj.: -890.2778207002 vol.: 0.2493670905 ch.: 0.1999975577
it.: 321 obj.: -945.4330470588 vol.: 0.2486836961 ch.: 0.1999994102
it.: 322 obj.: -893.9368283752 vol.: 0.2506051878 ch.: 0.1999996188
it.: 323 obj.: -950.6665663716 vol.: 0.2497894703 ch.: 0.1999998434
it.: 324 obj.: -897.4376687500 vol.: 0.2518323817 ch.: 0.1999997070
it.: 325 obj.: -953.4792215679 vol.: 0.2510754757 ch.: 0.1999997766
it.: 326 obj.: -900.0220136838 vol.: 0.2530435316 ch.: 0.1999996393
it.: 327 obj.: -957.4128512462 vol.: 0.2523652594 ch.: 0.1999998910
it.: 328 obj.: -927.0729510555 vol.: 0.2546420052 ch.: 0.1663953788
it.: 329 obj.: -959.7516632496 vol.: 0.2541522625 ch.: 0.1616435591
it.: 330 obj.: -938.5003990252 vol.: 0.2563930299 ch.: 0.1731581180
it.: 331 obj.: -1015.4129454049 vol.: 0.2560178587 ch.: 0.1759402554
it.: 332 obj.: -976.6582816733 vol.: 0.2585092178 ch.: 0.1745406532
it.: 333 obj.: -942.5011090720 vol.: 0.2581448646 ch.: 0.1759401423
it.: 334 obj.: -888.3095178497 vol.: 0.2606664424 ch.: 0.1999989138
it.: 335 obj.: -940.2395558175 vol.: 0.2602044716 ch.: 0.1999994457
it.: 336 obj.: -938.3391428750 vol.: 0.2624469574 ch.: 0.1999995606
it.: 337 obj.: -949.6592528063 vol.: 0.2616356773 ch.: 0.1999997159
it.: 338 obj.: -941.7153204324 vol.: 0.2638819072 ch.: 0.1999814992
it.: 339 obj.: -953.4268402831 vol.: 0.2628584650 ch.: 0.1999915949
it.: 340 obj.: -946.5161990838 vol.: 0.2652659052 ch.: 0.1999973732
it.: 341 obj.: -960.8026903702 vol.: 0.2646807347 ch.: 0.1999974652
it.: 342 obj.: -953.4230063459 vol.: 0.2668389318 ch.: 0.1999993607
it.: 343 obj.: -966.3843673789 vol.: 0.2661793245 ch.: 0.1999997303
it.: 344 obj.: -957.2998735889 vol.: 0.2684740166 ch.: 0.1999996675
it.: 345 obj.: -971.4663465060 vol.: 0.2678383477 ch.: 0.1999998649
it.: 346 obj.: -960.7659187962 vol.: 0.2703972180 ch.: 0.1999997632
it.: 347 obj.: -974.5002778707 vol.: 0.2700231064 ch.: 0.1999995277
it.: 348 obj.: -964.0894637352 vol.: 0.2728905429 ch.: 0.1999995227
it.: 349 obj.: -978.7521233688 vol.: 0.2725470469 ch.: 0.1999998349
it.: 350 obj.: -968.2249116389 vol.: 0.2754254077 ch.: 0.1999994010
it.: 351 obj.: -982.6445805840 vol.: 0.2752175904 ch.: 0.1999997778
it.: 352 obj.: -972.2486382876 vol.: 0.2781752349 ch.: 0.1999994382
it.: 353 obj.: -987.2482946005 vol.: 0.2777941420 ch.: 0.1999993707
it.: 354 obj.: -977.0485902078 vol.: 0.2807021040 ch.: 0.1999996193
it.: 355 obj.: -993.8385789236 vol.: 0.2809841281 ch.: 0.1999995730
it.: 356 obj.: -983.5295932768 vol.: 0.2847178465 ch.: 0.1999997627
it.: 357 obj.: -1000.4906086666 vol.: 0.2850814985 ch.: 0.1999997316
it.: 358 obj.: -988.7800444631 vol.: 0.2884872388 ch.: 0.1999997854
it.: 359 obj.: -1009.9650749424 vol.: 0.2888734856 ch.: 0.1999999022
it.: 360 obj.: -994.6768777493 vol.: 0.2924475227 ch.: 0.1999995087
it.: 361 obj.: -1016.8713529795 vol.: 0.2930878690 ch.: 0.1999998310
it.: 362 obj.: -1001.1225398446 vol.: 0.2970978409 ch.: 0.1999997661
it.: 363 obj.: -1023.3272557637 vol.: 0.2978303276 ch.: 0.1999998920
it.: 364 obj.: -1006.3789723812 vol.: 0.3021047053 ch.: 0.1999999005
it.: 365 obj.: -1029.6602831704 vol.: 0.3028852090 ch.: 0.1999999219
it.: 366 obj.: -1013.3179444616 vol.: 0.3062865273 ch.: 0.1999998303
it.: 367 obj.: -1037.6608648350 vol.: 0.3054836010 ch.: 0.1999996858
it.: 368 obj.: -1020.4599497563 vol.: 0.3078389882 ch.: 0.1999996862
it.: 369 obj.: -1044.9068338928 vol.: 0.3062638377 ch.: 0.1999998573
it.: 370 obj.: -1027.9132792874 vol.: 0.3080623414 ch.: 0.1999996886
it.: 371 obj.: -1052.6563114603 vol.: 0.3063837319 ch.: 0.1999998942
it.: 372 obj.: -1035.0438345701 vol.: 0.3082317549 ch.: 0.1999996369
it.: 373 obj.: -1060.1035408262 vol.: 0.3065467598 ch.: 0.1999998941
it.: 374 obj.: -1041.9379358241 vol.: 0.3084671168 ch.: 0.1965750677
it.: 375 obj.: -1066.5067075543 vol.: 0.3067809177 ch.: 0.1996741370
it.: 376 obj.: -1046.7089827579 vol.: 0.3082160194 ch.: 0.1999989428
it.: 377 obj.: -1070.0782050813 vol.: 0.3062537782 ch.: 0.1999997223
it.: 378 obj.: -1048.8054889044 vol.: 0.3074764317 ch.: 0.1999988130
it.: 379 obj.: -1072.2967654324 vol.: 0.3055401012 ch.: 0.1999996783
it.: 380 obj.: -1049.3637874859 vol.: 0.3070221813 ch.: 0.1999996745
it.: 381 obj.: -1072.5066060421 vol.: 0.3052041467 ch.: 0.1999996205
it.: 382 obj.: -1049.8215399368 vol.: 0.3066709310 ch.: 0.1999990476
it.: 383 obj.: -1072.7604092168 vol.: 0.3049669563 ch.: 0.1996572713
it.: 384 obj.: -1050.1011681104 vol.: 0.3064307620 ch.: 0.1453219631
it.: 385 obj.: -1072.8962429031 vol.: 0.3048321810 ch.: 0.1663781294
it.: 386 obj.: -1050.3413826597 vol.: 0.3062901825 ch.: 0.1663894198
it.: 387 obj.: -1072.9867404728 vol.: 0.3047560278 ch.: 0.1998769632
it.: 388 obj.: -1050.3498678295 vol.: 0.3063039917 ch.: 0.1994060568
it.: 389 obj.: -1073.1931807389 vol.: 0.3046479986 ch.: 0.1995166044
it.: 390 obj.: -1050.4066495006 vol.: 0.3061723830 ch.: 0.1992448937
it.: 391 obj.: -1073.0666898913 vol.: 0.3044866136 ch.: 0.1992439435
it.: 392 obj.: -1050.4600787499 vol.: 0.3059385721 ch.: 0.1665979990
it.: 393 obj.: -1073.1927517363 vol.: 0.3042665122 ch.: 0.1525687535
it.: 394 obj.: -1050.5362671056 vol.: 0.3057152694 ch.: 0.1663627969
it.: 395 obj.: -1073.2493965094 vol.: 0.3041212569 ch.: 0.1444911772
it.: 396 obj.: -1050.5752892080 vol.: 0.3055869604 ch.: 0.1114618212
it.: 397 obj.: -1073.3026232433 vol.: 0.3039759566 ch.: 0.1288970737
it.: 398 obj.: -1050.5774073635 vol.: 0.3054028858 ch.: 0.1541041786
it.: 399 obj.: -1073.3278746519 vol.: 0.3037714929 ch.: 0.1996315493
it.: 400 obj.: -1050.5918198547 vol.: 0.3051690730 ch.: 0.1746722800
it.: 401 obj.: -1073.3925482830 vol.: 0.3036158512 ch.: 0.1996571071
it.: 402 obj.: -1050.6253689664 vol.: 0.3050848346 ch.: 0.0513202728
it.: 403 obj.: -1073.3319495506 vol.: 0.3035515322 ch.: 0.0634005195
it.: 404 obj.: -1050.6303163851 vol.: 0.3050267154 ch.: 0.0772882977
it.: 405 obj.: -1073.3189742977 vol.: 0.3034781895 ch.: 0.0951863641
it.: 406 obj.: -1050.6365358990 vol.: 0.3049329791 ch.: 0.1153527674
it.: 407 obj.: -1073.3346225614 vol.: 0.3033657410 ch.: 0.1386313844
it.: 408 obj.: -1050.6511817193 vol.: 0.3047902099 ch.: 0.1663892604
it.: 409 obj.: -1073.4131497306 vol.: 0.3032051921 ch.: 0.0945839118
it.: 410 obj.: -1050.7279265802 vol.: 0.3046522589 ch.: 0.1104407285
it.: 411 obj.: -1073.4449702128 vol.: 0.3030785251 ch.: 0.1380165986
it.: 412 obj.: -1050.8903549283 vol.: 0.3044830268 ch.: 0.1663571951
it.: 413 obj.: -1073.6468823612 vol.: 0.3028749843 ch.: 0.1501146040
it.: 414 obj.: -1051.8101190912 vol.: 0.3043303149 ch.: 0.1013547203
it.: 415 obj.: -1073.7563388946 vol.: 0.3027654278 ch.: 0.1383552029
it.: 416 obj.: -1051.8121905247 vol.: 0.3041813577 ch.: 0.1661299908
it.: 417 obj.: -1073.8059060706 vol.: 0.3025869822 ch.: 0.1495000730
it.: 418 obj.: -1051.8284586760 vol.: 0.3040249714 ch.: 0.1643288879
it.: 419 obj.: -1073.4398974877 vol.: 0.3024191990 ch.: 0.1996517632
it.: 420 obj.: -1051.8589005478 vol.: 0.3038960785 ch.: 0.0769403590
it.: 421 obj.: -1073.5803570511 vol.: 0.3023692678 ch.: 0.0949201092
it.: 422 obj.: -1051.8620502769 vol.: 0.3038503351 ch.: 0.1152993098
it.: 423 obj.: -1073.5221634044 vol.: 0.3023166823 ch.: 0.1386271701
it.: 424 obj.: -1051.8728432008 vol.: 0.3037889194 ch.: 0.1663885176
it.: 425 obj.: -1073.5677961940 vol.: 0.3022596923 ch.: 0.0982449475
it.: 426 obj.: -1051.9258554556 vol.: 0.3037495583 ch.: 0.0694057073
it.: 427 obj.: -1073.5648801902 vol.: 0.3022128177 ch.: 0.0881391020
it.: 428 obj.: -1051.9292182065 vol.: 0.3036896997 ch.: 0.1097100121
it.: 429 obj.: -1073.5745777762 vol.: 0.3021353002 ch.: 0.1376547123
it.: 430 obj.: -1051.9321345107 vol.: 0.3035954734 ch.: 0.1663488043
it.: 431 obj.: -1073.5943473276 vol.: 0.3020361143 ch.: 0.1578332176
it.: 432 obj.: -1051.9608099390 vol.: 0.3035230464 ch.: 0.0567269663
it.: 433 obj.: -1073.6230913714 vol.: 0.3019811250 ch.: 0.0767715586
it.: 434 obj.: -1051.9627999262 vol.: 0.3034445272 ch.: 0.0968654085
it.: 435 obj.: -1073.6279979371 vol.: 0.3018851391 ch.: 0.1270275033
it.: 436 obj.: -1051.9649631698 vol.: 0.3033307238 ch.: 0.1619735200
it.: 437 obj.: -1073.6350597662 vol.: 0.3017458254 ch.: 0.1996273822
it.: 438 obj.: -1051.9823708292 vol.: 0.3031826798 ch.: 0.1152175244
it.: 439 obj.: -1073.6590974052 vol.: 0.3016078955 ch.: 0.1386220429
it.: 440 obj.: -1051.9926888086 vol.: 0.3030418165 ch.: 0.1663876311
it.: 441 obj.: -1073.7093742360 vol.: 0.3014683609 ch.: 0.1994974861
it.: 442 obj.: -1052.0520316256 vol.: 0.3029371521 ch.: 0.1221491250
it.: 443 obj.: -1073.7188565208 vol.: 0.3014151663 ch.: 0.0558377823
it.: 444 obj.: -1052.0594983656 vol.: 0.3029047906 ch.: 0.0685496331
it.: 445 obj.: -1073.6969739348 vol.: 0.3013703423 ch.: 0.0873377363
it.: 446 obj.: -1052.0606860295 vol.: 0.3028423809 ch.: 0.1088949159
it.: 447 obj.: -1073.6838266038 vol.: 0.3012907336 ch.: 0.1371365995
it.: 448 obj.: -1052.0646742383 vol.: 0.3027542504 ch.: 0.1663368500
it.: 449 obj.: -1073.7024898453 vol.: 0.3011934499 ch.: 0.1664657972
it.: 450 obj.: -1052.0925262362 vol.: 0.3026863647 ch.: 0.0502526002
it.: 451 obj.: -1073.7295930782 vol.: 0.3011511469 ch.: 0.0623668714
it.: 452 obj.: -1052.0927830858 vol.: 0.3026298698 ch.: 0.0761543173
it.: 453 obj.: -1073.7351580436 vol.: 0.3010830664 ch.: 0.0942770197
it.: 454 obj.: -1052.0964572449 vol.: 0.3025412083 ch.: 0.1150952486
it.: 455 obj.: -1073.7381829450 vol.: 0.3009747206 ch.: 0.1386158200
it.: 456 obj.: -1052.1035693105 vol.: 0.3024084209 ch.: 0.1663866064
it.: 457 obj.: -1073.7847939397 vol.: 0.3008298254 ch.: 0.1996067662
it.: 458 obj.: -1052.1628126223 vol.: 0.3023106149 ch.: 0.1022794560
it.: 459 obj.: -1073.7959943533 vol.: 0.3007940811 ch.: 0.0355486966
it.: 460 obj.: -1052.1689990806 vol.: 0.3022828898 ch.: 0.0424693753
it.: 461 obj.: -1073.7975437838 vol.: 0.3007573521 ch.: 0.0549184230
it.: 462 obj.: -1052.1709443213 vol.: 0.3022518416 ch.: 0.0675132911
it.: 463 obj.: -1073.7788464579 vol.: 0.3007171073 ch.: 0.0863854209
it.: 464 obj.: -1052.1719052883 vol.: 0.3021935705 ch.: 0.1078863317
it.: 465 obj.: -1073.7833548272 vol.: 0.3006424032 ch.: 0.1364243780
it.: 466 obj.: -1052.1758585333 vol.: 0.3021059977 ch.: 0.1663172793
it.: 467 obj.: -1073.8021349956 vol.: 0.3005429300 ch.: 0.1774046876
it.: 468 obj.: -1052.2003561389 vol.: 0.3020363130 ch.: 0.0757213946
it.: 469 obj.: -1073.8310092739 vol.: 0.3004971457 ch.: 0.0939141328
it.: 470 obj.: -1052.2032464787 vol.: 0.3019791015 ch.: 0.1149154595
it.: 471 obj.: -1073.8349841491 vol.: 0.3004353722 ch.: 0.1386082054
it.: 472 obj.: -1052.2098316719 vol.: 0.3019043838 ch.: 0.1663854125
it.: 473 obj.: -1073.8761672526 vol.: 0.3003661461 ch.: 0.1104541602
it.: 474 obj.: -1052.2543744239 vol.: 0.3018594548 ch.: 0.0277009946
it.: 475 obj.: -1073.8757820574 vol.: 0.3003264286 ch.: 0.0438834583
it.: 476 obj.: -1052.2559411202 vol.: 0.3018186934 ch.: 0.0513324284
it.: 477 obj.: -1073.8804485723 vol.: 0.3002841950 ch.: 0.0727140064
it.: 478 obj.: -1052.2547407658 vol.: 0.3017590666 ch.: 0.0919604118
it.: 479 obj.: -1073.8867454946 vol.: 0.3002041395 ch.: 0.1228173690
it.: 480 obj.: -1052.2573588513 vol.: 0.3016642330 ch.: 0.1580967782
it.: 481 obj.: -1073.8944931548 vol.: 0.3000816742 ch.: 0.1995449967
it.: 482 obj.: -1052.2658187132 vol.: 0.3015306612 ch.: 0.1271944169
it.: 483 obj.: -1073.9150687745 vol.: 0.2999827626 ch.: 0.1355858071
it.: 484 obj.: -1052.2754767513 vol.: 0.3014485414 ch.: 0.1662868206
it.: 485 obj.: -1073.8646641572 vol.: 0.2998843321 ch.: 0.1887146657
it.: 486 obj.: -1052.3007339668 vol.: 0.3013711759 ch.: 0.0757859950
it.: 487 obj.: -1073.8594361526 vol.: 0.2998320117 ch.: 0.0940033097
it.: 488 obj.: -1052.3018538985 vol.: 0.3013161705 ch.: 0.1149924498
it.: 489 obj.: -1073.8684232880 vol.: 0.2997571099 ch.: 0.1386129479
it.: 490 obj.: -1052.3092074168 vol.: 0.3012259110 ch.: 0.1663864368
it.: 491 obj.: -1073.9212704000 vol.: 0.2996713534 ch.: 0.0968124658
it.: 492 obj.: -1052.3507212580 vol.: 0.3011719612 ch.: 0.0562080614
it.: 493 obj.: -1073.9253422396 vol.: 0.2996323883 ch.: 0.0871504171
it.: 494 obj.: -1052.3519344155 vol.: 0.3011112076 ch.: 0.0993253918
it.: 495 obj.: -1073.9458737221 vol.: 0.2995608908 ch.: 0.1370662844
it.: 496 obj.: -1052.3539330492 vol.: 0.3010287034 ch.: 0.1660682171
it.: 497 obj.: -1073.9797131180 vol.: 0.2994629718 ch.: 0.1195015151
it.: 498 obj.: -1052.3618664437 vol.: 0.3009804233 ch.: 0.1202679486
it.: 499 obj.: -1073.9086659713 vol.: 0.2994222277 ch.: 0.1202685302
it.: 500 obj.: -1052.3641903951 vol.: 0.3009200469 ch.: 0.1056125763
it.: 501 obj.: -1073.9310434646 vol.: 0.2993514175 ch.: 0.1346452441
it.: 502 obj.: -1052.3655568178 vol.: 0.3008238058 ch.: 0.1662349484
it.: 503 obj.: -1073.9556496856 vol.: 0.2992393085 ch.: 0.1996658208
it.: 504 obj.: -1052.3884825742 vol.: 0.3007430271 ch.: 0.0753028920
it.: 505 obj.: -1073.9690174727 vol.: 0.2991965729 ch.: 0.0935926304
it.: 506 obj.: -1052.3913193205 vol.: 0.3006838244 ch.: 0.1147582003
it.: 507 obj.: -1073.9645686418 vol.: 0.2991283147 ch.: 0.1386041294
it.: 508 obj.: -1052.3974053849 vol.: 0.3005972891 ch.: 0.1663851533
it.: 509 obj.: -1074.0038914262 vol.: 0.2990387177 ch.: 0.1012473132
it.: 510 obj.: -1052.4363857573 vol.: 0.3005271356 ch.: 0.0315432196
it.: 511 obj.: -1074.0134683949 vol.: 0.2989882059 ch.: 0.0549919017
it.: 512 obj.: -1052.4372022449 vol.: 0.3004614585 ch.: 0.0572872047
it.: 513 obj.: -1074.0311350608 vol.: 0.2988917050 ch.: 0.0857247427
it.: 514 obj.: -1052.4396724024 vol.: 0.3003399637 ch.: 0.1000953228
it.: 515 obj.: -1074.0564068586 vol.: 0.2987456758 ch.: 0.1358396147
it.: 516 obj.: -1052.4410493546 vol.: 0.3001500499 ch.: 0.1659941629
it.: 517 obj.: -1074.0921148779 vol.: 0.2985138344 ch.: 0.1995941984
it.: 518 obj.: -1052.4610831576 vol.: 0.2999470825 ch.: 0.1584385161
it.: 519 obj.: -1074.1165955364 vol.: 0.2983631663 ch.: 0.1995619976
it.: 520 obj.: -1052.4739015408 vol.: 0.2998015162 ch.: 0.1661048905
it.: 521 obj.: -1074.1403994304 vol.: 0.2982306958 ch.: 0.1996629464
it.: 522 obj.: -1052.4997427774 vol.: 0.2997241073 ch.: 0.0747622788
it.: 523 obj.: -1074.0848288639 vol.: 0.2981873676 ch.: 0.0931242832
it.: 524 obj.: -1052.5049315353 vol.: 0.2996783234 ch.: 0.1144326768
it.: 525 obj.: -1074.0400860862 vol.: 0.2981380007 ch.: 0.1385920566
it.: 526 obj.: -1052.5098191516 vol.: 0.2996119712 ch.: 0.1663835232
it.: 527 obj.: -1074.0569404812 vol.: 0.2980670092 ch.: 0.1066032851
it.: 528 obj.: -1052.5466947664 vol.: 0.2995778108 ch.: 0.0135831017
it.: 529 obj.: -1074.0558860106 vol.: 0.2980466660 ch.: 0.0208046542
it.: 530 obj.: -1052.5478285766 vol.: 0.2995587746 ch.: 0.0225204492
it.: 531 obj.: -1074.0557917481 vol.: 0.2980301450 ch.: 0.0319994842
it.: 532 obj.: -1052.5493824658 vol.: 0.2995353923 ch.: 0.0372106044
it.: 533 obj.: -1074.0584477574 vol.: 0.2980051256 ch.: 0.0507919664
it.: 534 obj.: -1052.5508973614 vol.: 0.2995010124 ch.: 0.0617633761
it.: 535 obj.: -1074.0632324360 vol.: 0.2979600683 ch.: 0.0814043921
it.: 536 obj.: -1052.5511609622 vol.: 0.2994498845 ch.: 0.1023401895
it.: 537 obj.: -1074.0656579724 vol.: 0.2978945786 ch.: 0.1319277629
it.: 538 obj.: -1052.5538087572 vol.: 0.2993644573 ch.: 0.1656793838
it.: 539 obj.: -1074.0782009777 vol.: 0.2977871154 ch.: 0.1996581992
it.: 540 obj.: -1052.5739416573 vol.: 0.2992723082 ch.: 0.0742107138
it.: 541 obj.: -1074.1091535621 vol.: 0.2977328823 ch.: 0.0926267808
it.: 542 obj.: -1052.5758726830 vol.: 0.2992292766 ch.: 0.1140268752
it.: 543 obj.: -1074.0671411191 vol.: 0.2976835793 ch.: 0.1385759440
it.: 544 obj.: -1052.5812785867 vol.: 0.2991631459 ch.: 0.1663815726
it.: 545 obj.: -1074.0885086369 vol.: 0.2976155995 ch.: 0.1121349295
it.: 546 obj.: -1052.6164217182 vol.: 0.2991264479 ch.: 0.0119857573
it.: 547 obj.: -1074.0839304267 vol.: 0.2975974684 ch.: 0.0198148513
it.: 548 obj.: -1052.6171599229 vol.: 0.2991076266 ch.: 0.0206803412
it.: 549 obj.: -1074.0891771423 vol.: 0.2975767035 ch.: 0.0308181136
it.: 550 obj.: -1052.6192905405 vol.: 0.2990793455 ch.: 0.0350745013
it.: 551 obj.: -1074.0904777055 vol.: 0.2975485144 ch.: 0.0490927743
it.: 552 obj.: -1052.6211892753 vol.: 0.2990485252 ch.: 0.0595021124
it.: 553 obj.: -1074.0940397395 vol.: 0.2975069942 ch.: 0.0794832042
it.: 554 obj.: -1052.6210230363 vol.: 0.2989985910 ch.: 0.1000026697
it.: 555 obj.: -1074.1003117473 vol.: 0.2974416327 ch.: 0.1298848589
it.: 556 obj.: -1052.6225631190 vol.: 0.2989161092 ch.: 0.1643741713
it.: 557 obj.: -1074.1084563791 vol.: 0.2973434371 ch.: 0.1996487919
it.: 558 obj.: -1052.6399519323 vol.: 0.2988270928 ch.: 0.0735678182
it.: 559 obj.: -1074.1396974309 vol.: 0.2972766938 ch.: 0.0920620758
it.: 560 obj.: -1052.6407833390 vol.: 0.2987757025 ch.: 0.1135270792
it.: 561 obj.: -1074.1028160999 vol.: 0.2972208490 ch.: 0.1385521054
it.: 562 obj.: -1052.6486761808 vol.: 0.2987086471 ch.: 0.1663790217
it.: 563 obj.: -1074.1197605274 vol.: 0.2971623045 ch.: 0.1186959842
it.: 564 obj.: -1052.6796409016 vol.: 0.2986779487 ch.: 0.0100816088
it.: 565 obj.: -1074.1219365048 vol.: 0.2971396999 ch.: 0.0187644245
it.: 566 obj.: -1052.6803289532 vol.: 0.2986557464 ch.: 0.0180813904
it.: 567 obj.: -1074.1241906416 vol.: 0.2971196130 ch.: 0.0293700511
it.: 568 obj.: -1052.6811151374 vol.: 0.2986308004 ch.: 0.0324588684
it.: 569 obj.: -1074.1279496256 vol.: 0.2970931003 ch.: 0.0471553091
it.: 570 obj.: -1052.6819327964 vol.: 0.2985858275 ch.: 0.0566324151
it.: 571 obj.: -1074.1368355962 vol.: 0.2970282745 ch.: 0.0769786320
it.: 572 obj.: -1052.6828460146 vol.: 0.2985124658 ch.: 0.0970590305
it.: 573 obj.: -1074.1453345989 vol.: 0.2969347661 ch.: 0.1274881942
it.: 574 obj.: -1052.6844791934 vol.: 0.2983923773 ch.: 0.1622572990
it.: 575 obj.: -1074.1559232851 vol.: 0.2967944450 ch.: 0.1996295311
it.: 576 obj.: -1052.6988433365 vol.: 0.2982432953 ch.: 0.1574427515
it.: 577 obj.: -1074.1978688282 vol.: 0.2966604392 ch.: 0.1995200168
it.: 578 obj.: -1052.7118079745 vol.: 0.2981318540 ch.: 0.1210908146
it.: 579 obj.: -1074.2018198389 vol.: 0.2965768532 ch.: 0.1385156562
it.: 580 obj.: -1052.7218999990 vol.: 0.2980623323 ch.: 0.1663758012
it.: 581 obj.: -1074.1475723881 vol.: 0.2965114016 ch.: 0.1256907882
it.: 582 obj.: -1052.7533492146 vol.: 0.2980315652 ch.: 0.0089999998
final.: obj.: -1090.8525022256 vol.: 0.5000000000
