self bending under uniform temperature expansion with optimizer mma
number of spatial dimensions: 2
elements: 240 x 40
volfrac: 0.5 rmin: 9.6  penal: 3
filter: Volume Preserving eta projection
filter mode: matrix
it.: 1 obj.: 0.1047733125 vol.: 0.5000000000 ch.: 0.0499068116
it.: 2 obj.: 0.2058243154 vol.: 0.5000000000 ch.: 0.0499054612
it.: 3 obj.: 0.3096141455 vol.: 0.5000000000 ch.: 0.0499050982
it.: 4 obj.: 0.4164458250 vol.: 0.5000000000 ch.: 0.0499101209
it.: 5 obj.: 0.5255327553 vol.: 0.5000000000 ch.: 0.0499153645
it.: 6 obj.: 0.6355064253 vol.: 0.5000000000 ch.: 0.0499203620
it.: 7 obj.: 0.7438439946 vol.: 0.5000000000 ch.: 0.0499247256
it.: 8 obj.: 0.8465529230 vol.: 0.5000000000 ch.: 0.0499279075
it.: 9 obj.: 0.9402132952 vol.: 0.5000000000 ch.: 0.0499299433
it.: 10 obj.: 1.0293522612 vol.: 0.5000000000 ch.: 0.0499341828
it.: 11 obj.: 1.1163120139 vol.: 0.5000000000 ch.: 0.0498189279
it.: 12 obj.: 1.1367117568 vol.: 0.5000000000 ch.: 0.0497799438
it.: 13 obj.: 1.1502316861 vol.: 0.5000000000 ch.: 0.0497090668
it.: 14 obj.: 1.1592053315 vol.: 0.5000000000 ch.: 0.0496935513
it.: 15 obj.: 1.1669634660 vol.: 0.5000000000 ch.: 0.0496793677
it.: 16 obj.: 1.1726950148 vol.: 0.5000000000 ch.: 0.0496451173
it.: 17 obj.: 1.1776443031 vol.: 0.5000000000 ch.: 0.0496154816
it.: 18 obj.: 1.1812371306 vol.: 0.5000000000 ch.: 0.0495840324
it.: 19 obj.: 1.1845947800 vol.: 0.5000000000 ch.: 0.0495252661
it.: 20 obj.: 1.1870331597 vol.: 0.5000000000 ch.: 0.0495012317
it.: 21 obj.: 1.1890841370 vol.: 0.5000000000 ch.: 0.0494926956
it.: 22 obj.: 1.1908254546 vol.: 0.5000000000 ch.: 0.0493446852
it.: 23 obj.: 1.1922962191 vol.: 0.5000000000 ch.: 0.0493380194
it.: 24 obj.: 1.1936600133 vol.: 0.5000000000 ch.: 0.0489906967
it.: 25 obj.: 1.1948944368 vol.: 0.5000000000 ch.: 0.0490090323
it.: 26 obj.: 1.1959981299 vol.: 0.5000000000 ch.: 0.0491981686
it.: 27 obj.: 1.1970104265 vol.: 0.5000000000 ch.: 0.0492209242
it.: 28 obj.: 1.1979311013 vol.: 0.5000000000 ch.: 0.0492175470
it.: 29 obj.: 1.1988299566 vol.: 0.5000000000 ch.: 0.0493591698
it.: 30 obj.: 1.1997020503 vol.: 0.5000000000 ch.: 0.0494421749
it.: 31 obj.: 1.2005578257 vol.: 0.5000000000 ch.: 0.0494248977
it.: 32 obj.: 1.2014367699 vol.: 0.5000000000 ch.: 0.0495532043
it.: 33 obj.: 1.2023057703 vol.: 0.5000000000 ch.: 0.0494241001
it.: 34 obj.: 1.2031237558 vol.: 0.5000000000 ch.: 0.0493888131
it.: 35 obj.: 1.2038298688 vol.: 0.5000000000 ch.: 0.0494700111
it.: 36 obj.: 1.2044151307 vol.: 0.5000000000 ch.: 0.0495476463
it.: 37 obj.: 1.2049914518 vol.: 0.5000000000 ch.: 0.0491782282
it.: 38 obj.: 1.2055812332 vol.: 0.5000000000 ch.: 0.0492747269
it.: 39 obj.: 1.2061370916 vol.: 0.5000000000 ch.: 0.0493485482
it.: 40 obj.: 1.2066772573 vol.: 0.5000000000 ch.: 0.0490289096
it.: 41 obj.: 1.2071202720 vol.: 0.5000000000 ch.: 0.0491910109
it.: 42 obj.: 1.2075104648 vol.: 0.5000000000 ch.: 0.0492548322
it.: 43 obj.: 1.2078551146 vol.: 0.5000000000 ch.: 0.0493198886
it.: 44 obj.: 1.2081747719 vol.: 0.5000000000 ch.: 0.0488704099
it.: 45 obj.: 1.2084666690 vol.: 0.5000000000 ch.: 0.0489328307
it.: 46 obj.: 1.2087460041 vol.: 0.5000000000 ch.: 0.0491070905
it.: 47 obj.: 1.2090142349 vol.: 0.5000000000 ch.: 0.0490666851
it.: 48 obj.: 1.2092705706 vol.: 0.5000000000 ch.: 0.0492079112
it.: 49 obj.: 1.2095202618 vol.: 0.5000000000 ch.: 0.0491941276
it.: 50 obj.: 1.2097603894 vol.: 0.5000000000 ch.: 0.0492090058
it.: 51 obj.: 1.2099847739 vol.: 0.5000000000 ch.: 0.0489615068
it.: 52 obj.: 1.2101833635 vol.: 0.5000000000 ch.: 0.0486721776
it.: 53 obj.: 1.2103749787 vol.: 0.5000000000 ch.: 0.0482921865
it.: 54 obj.: 1.2105587471 vol.: 0.5000000000 ch.: 0.0484508474
it.: 55 obj.: 1.2107249075 vol.: 0.5000000000 ch.: 0.0483503318
it.: 56 obj.: 1.2108725497 vol.: 0.5000000000 ch.: 0.0481773866
it.: 57 obj.: 1.2110104107 vol.: 0.5000000000 ch.: 0.0486992661
it.: 58 obj.: 1.2111377963 vol.: 0.5000000000 ch.: 0.0486063201
it.: 59 obj.: 1.2112744021 vol.: 0.5000000000 ch.: 0.0489443526
it.: 60 obj.: 1.2114069843 vol.: 0.5000000000 ch.: 0.0486128422
it.: 61 obj.: 1.2115219649 vol.: 0.5000000000 ch.: 0.0485249200
it.: 62 obj.: 1.2116244259 vol.: 0.5000000000 ch.: 0.0486190916
it.: 63 obj.: 1.2117184004 vol.: 0.5000000000 ch.: 0.0485322066
it.: 64 obj.: 1.2118034239 vol.: 0.5000000000 ch.: 0.0485549144
it.: 65 obj.: 1.2118757071 vol.: 0.5000000000 ch.: 0.0486525456
it.: 66 obj.: 1.2119413911 vol.: 0.5000000000 ch.: 0.0487415634
it.: 67 obj.: 1.2120050336 vol.: 0.5000000000 ch.: 0.0470786094
it.: 68 obj.: 1.2120604738 vol.: 0.5000000000 ch.: 0.0471479528
it.: 69 obj.: 1.2121125306 vol.: 0.5000000000 ch.: 0.0472250691
it.: 70 obj.: 1.2121617602 vol.: 0.5000000000 ch.: 0.0472653579
it.: 71 obj.: 1.2122080291 vol.: 0.5000000000 ch.: 0.0474064591
it.: 72 obj.: 1.2122489217 vol.: 0.5000000000 ch.: 0.0475534227
it.: 73 obj.: 1.2122865735 vol.: 0.5000000000 ch.: 0.0476830220
it.: 74 obj.: 1.2123215792 vol.: 0.5000000000 ch.: 0.0478190129
it.: 75 obj.: 1.2123563612 vol.: 0.5000000000 ch.: 0.0479205825
it.: 76 obj.: 1.2123887456 vol.: 0.5000000000 ch.: 0.0480722957
it.: 77 obj.: 1.2124210136 vol.: 0.5000000000 ch.: 0.0481394083
it.: 78 obj.: 1.2124542112 vol.: 0.5000000000 ch.: 0.0482765619
it.: 79 obj.: 1.2124877672 vol.: 0.5000000000 ch.: 0.0452292712
it.: 80 obj.: 1.2125167051 vol.: 0.5000000000 ch.: 0.0455855657
it.: 81 obj.: 1.2125398717 vol.: 0.5000000000 ch.: 0.0451936650
it.: 82 obj.: 1.2125605635 vol.: 0.5000000000 ch.: 0.0457384436
it.: 83 obj.: 1.2125798787 vol.: 0.5000000000 ch.: 0.0453545776
it.: 84 obj.: 1.2126006835 vol.: 0.5000000000 ch.: 0.0458364935
it.: 85 obj.: 1.2126202670 vol.: 0.5000000000 ch.: 0.0456868966
it.: 86 obj.: 1.2126386719 vol.: 0.5000000000 ch.: 0.0458575193
it.: 87 obj.: 1.2126545290 vol.: 0.5000000000 ch.: 0.0458746299
it.: 88 obj.: 1.2126699692 vol.: 0.5000000000 ch.: 0.0459390242
it.: 89 obj.: 1.2126848856 vol.: 0.5000000000 ch.: 0.0459731870
it.: 90 obj.: 1.2126987252 vol.: 0.5000000000 ch.: 0.0358427488
it.: 91 obj.: 1.2127112433 vol.: 0.5000000000 ch.: 0.0363010749
it.: 92 obj.: 1.2127227772 vol.: 0.5000000000 ch.: 0.0364318828
it.: 93 obj.: 1.2127336140 vol.: 0.5000000000 ch.: 0.0369306348
it.: 94 obj.: 1.2127443441 vol.: 0.5000000000 ch.: 0.0370333135
it.: 95 obj.: 1.2127547950 vol.: 0.5000000000 ch.: 0.0378718778
it.: 96 obj.: 1.2127635554 vol.: 0.5000000000 ch.: 0.0386433581
it.: 97 obj.: 1.2127695574 vol.: 0.5000000000 ch.: 0.0418772796
it.: 98 obj.: 1.2127750426 vol.: 0.5000000000 ch.: 0.0441220549
it.: 99 obj.: 1.2127839023 vol.: 0.5000000000 ch.: 0.0416821911
it.: 100 obj.: 1.2127948676 vol.: 0.5000000000 ch.: 0.0400427680
Parameter beta increased to 2
it.: 101 obj.: 1.2128048133 vol.: 0.5000000000 ch.: 0.0491644461
it.: 102 obj.: 1.2261480949 vol.: 0.5000000000 ch.: 0.0490982987
it.: 103 obj.: 1.2269962918 vol.: 0.5000000000 ch.: 0.0490975083
it.: 104 obj.: 1.2274073260 vol.: 0.5000000000 ch.: 0.0490698543
it.: 105 obj.: 1.2277085552 vol.: 0.5000000000 ch.: 0.0490421340
it.: 106 obj.: 1.2279615270 vol.: 0.5000000000 ch.: 0.0490043569
it.: 107 obj.: 1.2281869709 vol.: 0.5000000000 ch.: 0.0489642550
