minimum compliance problem with optimizer mma
number of spatial dimensions: 2
elements: 60 x 20
volfrac: 0.5 rmin: 2.4  penal: 3.0
filter: Sensitivity based
filter mode: convolution
it.: 1 obj.: 1007.0221007111 vol.: 0.4631131633 ch.: 0.1999999979
it.: 2 obj.: 674.8920128479 vol.: 0.4712421586 ch.: 0.1999999646
it.: 3 obj.: 535.4043543601 vol.: 0.4815334609 ch.: 0.1617844242
it.: 4 obj.: 446.4914465798 vol.: 0.4883054030 ch.: 0.1999999929
it.: 5 obj.: 404.7054168594 vol.: 0.4924077776 ch.: 0.1999999930
it.: 6 obj.: 378.5581885105 vol.: 0.4952447287 ch.: 0.1999999552
it.: 7 obj.: 363.4756053856 vol.: 0.4968923052 ch.: 0.1999998983
it.: 8 obj.: 354.2057750941 vol.: 0.4974242522 ch.: 0.1999999909
it.: 9 obj.: 349.2373784820 vol.: 0.4976821742 ch.: 0.1999999900
it.: 10 obj.: 345.0390187454 vol.: 0.4980596962 ch.: 0.1999999948
it.: 11 obj.: 341.3528463105 vol.: 0.4979448339 ch.: 0.1999999920
it.: 12 obj.: 339.5952306509 vol.: 0.4982383909 ch.: 0.1999999933
it.: 13 obj.: 336.1794158434 vol.: 0.4979286085 ch.: 0.1999999926
it.: 14 obj.: 336.0376894784 vol.: 0.4978985104 ch.: 0.1999999965
it.: 15 obj.: 333.7160018012 vol.: 0.4978163430 ch.: 0.1999999855
it.: 16 obj.: 332.9211173790 vol.: 0.4975163890 ch.: 0.1999999950
it.: 17 obj.: 332.2254544674 vol.: 0.4974848248 ch.: 0.1999999838
it.: 18 obj.: 331.1628026751 vol.: 0.4971866200 ch.: 0.1999999964
it.: 19 obj.: 330.7762143956 vol.: 0.4972999806 ch.: 0.1999999964
it.: 20 obj.: 329.4896216910 vol.: 0.4969793819 ch.: 0.1999999954
it.: 21 obj.: 329.4996680845 vol.: 0.4971127664 ch.: 0.1999999960
it.: 22 obj.: 328.2360600385 vol.: 0.4968086754 ch.: 0.1999999953
it.: 23 obj.: 328.3816258956 vol.: 0.4969973609 ch.: 0.1999999978
it.: 24 obj.: 327.0215049054 vol.: 0.4967942413 ch.: 0.1999999943
it.: 25 obj.: 327.1291387383 vol.: 0.4970083787 ch.: 0.1999999972
it.: 26 obj.: 325.8060817922 vol.: 0.4967927683 ch.: 0.1999999932
it.: 27 obj.: 326.0354499476 vol.: 0.4967027749 ch.: 0.1999999973
it.: 28 obj.: 325.4505390397 vol.: 0.4965829837 ch.: 0.1999999922
it.: 29 obj.: 325.5375983221 vol.: 0.4966059998 ch.: 0.1999999970
it.: 30 obj.: 324.7258075845 vol.: 0.4966021216 ch.: 0.1999999900
it.: 31 obj.: 324.5878494762 vol.: 0.4966696518 ch.: 0.1999999968
it.: 32 obj.: 323.7324202680 vol.: 0.4966201821 ch.: 0.1999999888
it.: 33 obj.: 323.9004785333 vol.: 0.4964904025 ch.: 0.1999999974
it.: 34 obj.: 323.3782046658 vol.: 0.4964584201 ch.: 0.1999999974
it.: 35 obj.: 323.5592598802 vol.: 0.4964155148 ch.: 0.1999999963
it.: 36 obj.: 322.8375342089 vol.: 0.4964577603 ch.: 0.1999999974
it.: 37 obj.: 322.8734111351 vol.: 0.4963798607 ch.: 0.1999999968
it.: 38 obj.: 322.3295643785 vol.: 0.4962838285 ch.: 0.1999999972
it.: 39 obj.: 322.6537601598 vol.: 0.4961715728 ch.: 0.1999999975
it.: 40 obj.: 322.2131417434 vol.: 0.4961898838 ch.: 0.1999999970
it.: 41 obj.: 322.2750385982 vol.: 0.4959727999 ch.: 0.1999999963
it.: 42 obj.: 322.6121295501 vol.: 0.4959551012 ch.: 0.1999999977
it.: 43 obj.: 322.1147884747 vol.: 0.4960323052 ch.: 0.1999999971
it.: 44 obj.: 321.4713774950 vol.: 0.4961126738 ch.: 0.1999999972
it.: 45 obj.: 321.3465259772 vol.: 0.4961617684 ch.: 0.1999999968
it.: 46 obj.: 320.8124926544 vol.: 0.4961761830 ch.: 0.1999999974
it.: 47 obj.: 320.7781460627 vol.: 0.4962123318 ch.: 0.1999999965
it.: 48 obj.: 320.3083062223 vol.: 0.4962499493 ch.: 0.1999999971
it.: 49 obj.: 320.1805448506 vol.: 0.4962552791 ch.: 0.1999999962
it.: 50 obj.: 319.8641210748 vol.: 0.4963053321 ch.: 0.1999999969
it.: 51 obj.: 319.6569736546 vol.: 0.4963077735 ch.: 0.1999999959
it.: 52 obj.: 319.4201091804 vol.: 0.4963657131 ch.: 0.1999999967
it.: 53 obj.: 319.1779778164 vol.: 0.4963483378 ch.: 0.1999999956
it.: 54 obj.: 319.0145934855 vol.: 0.4963616906 ch.: 0.1999999964
it.: 55 obj.: 318.8391066913 vol.: 0.4963593342 ch.: 0.1999999953
it.: 56 obj.: 318.7045281321 vol.: 0.4964915796 ch.: 0.1999999962
it.: 57 obj.: 318.2018033984 vol.: 0.4964454581 ch.: 0.1999999947
it.: 58 obj.: 318.2653107099 vol.: 0.4964859706 ch.: 0.1999999976
it.: 59 obj.: 317.9105275162 vol.: 0.4964284514 ch.: 0.1999999943
it.: 60 obj.: 318.0554901373 vol.: 0.4965632572 ch.: 0.1999999956
it.: 61 obj.: 317.4477869019 vol.: 0.4964896629 ch.: 0.1999999972
it.: 62 obj.: 317.6572339688 vol.: 0.4965551557 ch.: 0.1999999973
it.: 63 obj.: 317.1612502749 vol.: 0.4963945351 ch.: 0.1999999976
it.: 64 obj.: 317.6159202265 vol.: 0.4964984535 ch.: 0.1999999950
it.: 65 obj.: 316.9778626039 vol.: 0.4963804101 ch.: 0.1999999969
it.: 66 obj.: 317.4053585290 vol.: 0.4964986313 ch.: 0.1999999947
it.: 67 obj.: 316.6933095459 vol.: 0.4962004773 ch.: 0.1999999973
it.: 68 obj.: 317.5501200908 vol.: 0.4963907165 ch.: 0.1999999945
it.: 69 obj.: 316.6367801192 vol.: 0.4963515745 ch.: 0.1999999975
it.: 70 obj.: 316.9316563556 vol.: 0.4965336111 ch.: 0.1999999937
it.: 71 obj.: 316.1244186924 vol.: 0.4962730799 ch.: 0.1999999975
it.: 72 obj.: 316.9731571234 vol.: 0.4964443486 ch.: 0.1999999934
it.: 73 obj.: 316.0483769088 vol.: 0.4962561129 ch.: 0.1999999973
it.: 74 obj.: 316.8002838446 vol.: 0.4962401002 ch.: 0.1999999930
it.: 75 obj.: 316.6807464800 vol.: 0.4959645846 ch.: 0.1999999974
it.: 76 obj.: 317.0763749752 vol.: 0.4960878611 ch.: 0.1999999928
it.: 77 obj.: 316.6823166105 vol.: 0.4959911418 ch.: 0.1999999960
it.: 78 obj.: 316.8064727541 vol.: 0.4962120339 ch.: 0.1999999923
it.: 79 obj.: 316.1665639693 vol.: 0.4960341436 ch.: 0.1999999970
it.: 80 obj.: 316.5666674073 vol.: 0.4961885375 ch.: 0.1999999917
it.: 81 obj.: 315.8562204668 vol.: 0.4960634980 ch.: 0.1999999956
it.: 82 obj.: 316.3522604085 vol.: 0.4963525135 ch.: 0.1999999912
it.: 83 obj.: 315.2244055755 vol.: 0.4962114072 ch.: 0.1999999954
it.: 84 obj.: 315.8890604042 vol.: 0.4962129675 ch.: 0.1999999907
it.: 85 obj.: 315.3799812952 vol.: 0.4961076883 ch.: 0.1999999953
it.: 86 obj.: 315.9231017120 vol.: 0.4964359520 ch.: 0.1999999906
it.: 87 obj.: 314.7409947457 vol.: 0.4963153022 ch.: 0.1999999949
it.: 88 obj.: 315.3490576010 vol.: 0.4962647701 ch.: 0.1999999976
it.: 89 obj.: 314.9747421499 vol.: 0.4961495988 ch.: 0.1999999949
it.: 90 obj.: 315.5115600319 vol.: 0.4964224338 ch.: 0.1999999891
it.: 91 obj.: 314.4989813856 vol.: 0.4963054618 ch.: 0.1999999946
it.: 92 obj.: 315.0579245467 vol.: 0.4962515074 ch.: 0.1999999975
it.: 93 obj.: 314.7062071770 vol.: 0.4961528183 ch.: 0.1999999945
it.: 94 obj.: 315.1893728581 vol.: 0.4963430491 ch.: 0.1999999878
it.: 95 obj.: 314.3985404042 vol.: 0.4962650628 ch.: 0.1999999942
it.: 96 obj.: 314.8281516760 vol.: 0.4962005409 ch.: 0.1999999975
it.: 97 obj.: 314.5403344356 vol.: 0.4961283857 ch.: 0.1999999940
it.: 98 obj.: 314.9622549288 vol.: 0.4963003928 ch.: 0.1999999874
it.: 99 obj.: 314.2221310191 vol.: 0.4962714441 ch.: 0.1999999937
it.: 100 obj.: 314.5425123839 vol.: 0.4961863046 ch.: 0.1999999974
it.: 101 obj.: 314.3229616745 vol.: 0.4960775194 ch.: 0.1999999935
it.: 102 obj.: 314.8652778197 vol.: 0.4961887659 ch.: 0.1999999872
it.: 103 obj.: 314.1883322717 vol.: 0.4962279569 ch.: 0.1999999931
it.: 104 obj.: 314.3754208880 vol.: 0.4961789356 ch.: 0.1999999926
it.: 105 obj.: 314.1074203022 vol.: 0.4960563759 ch.: 0.1999999928
it.: 106 obj.: 314.6449777658 vol.: 0.4960988496 ch.: 0.1999999861
it.: 107 obj.: 314.1623238252 vol.: 0.4961957483 ch.: 0.1999999924
it.: 108 obj.: 314.1656160802 vol.: 0.4961896470 ch.: 0.1999999966
it.: 109 obj.: 313.8635570199 vol.: 0.4959901457 ch.: 0.1999999921
it.: 110 obj.: 314.5280761238 vol.: 0.4960316220 ch.: 0.1999999852
it.: 111 obj.: 314.1371631085 vol.: 0.4961812070 ch.: 0.1999999918
it.: 112 obj.: 313.9135191028 vol.: 0.4962249667 ch.: 0.1999999975
it.: 113 obj.: 313.6914634422 vol.: 0.4960052335 ch.: 0.1999999915
it.: 114 obj.: 314.2942432825 vol.: 0.4959743878 ch.: 0.1999999975
it.: 115 obj.: 314.0905879742 vol.: 0.4961371599 ch.: 0.1999999913
it.: 116 obj.: 313.8069638104 vol.: 0.4961582622 ch.: 0.1999999974
it.: 117 obj.: 313.6073564891 vol.: 0.4959498277 ch.: 0.1999999975
it.: 118 obj.: 314.1787102278 vol.: 0.4959143606 ch.: 0.1999999974
it.: 119 obj.: 314.0358489551 vol.: 0.4960893190 ch.: 0.1999999908
it.: 120 obj.: 313.7149042177 vol.: 0.4961481769 ch.: 0.1999999974
it.: 121 obj.: 313.4569275933 vol.: 0.4959542562 ch.: 0.1999999974
it.: 122 obj.: 313.9802313370 vol.: 0.4958499329 ch.: 0.1999999973
it.: 123 obj.: 313.9962973533 vol.: 0.4960166301 ch.: 0.1999999902
it.: 124 obj.: 313.6984867229 vol.: 0.4961079049 ch.: 0.1999999973
it.: 125 obj.: 313.3239384518 vol.: 0.4959691025 ch.: 0.1999999976
it.: 126 obj.: 313.7767123462 vol.: 0.4958544056 ch.: 0.1999999972
it.: 127 obj.: 313.8252744898 vol.: 0.4959412253 ch.: 0.1999999896
it.: 128 obj.: 313.6845745598 vol.: 0.4960202290 ch.: 0.1999999973
it.: 129 obj.: 313.3637524030 vol.: 0.4959296569 ch.: 0.1999999976
it.: 130 obj.: 313.6598317726 vol.: 0.4958517398 ch.: 0.1999999971
it.: 131 obj.: 313.6766132606 vol.: 0.4959464842 ch.: 0.1999999891
it.: 132 obj.: 313.5298467266 vol.: 0.4959151017 ch.: 0.1999999897
it.: 133 obj.: 313.4414047581 vol.: 0.4958361861 ch.: 0.1999999975
it.: 134 obj.: 313.7041557834 vol.: 0.4958587923 ch.: 0.1999999970
it.: 135 obj.: 313.4681951295 vol.: 0.4959541581 ch.: 0.1999999893
it.: 136 obj.: 313.3549551092 vol.: 0.4958866238 ch.: 0.1999999970
it.: 137 obj.: 313.3957910481 vol.: 0.4958359188 ch.: 0.1999999975
it.: 138 obj.: 313.5312370598 vol.: 0.4958257859 ch.: 0.1999999974
it.: 139 obj.: 313.3981103898 vol.: 0.4958976391 ch.: 0.1999999975
it.: 140 obj.: 313.3219807711 vol.: 0.4958658687 ch.: 0.1999999975
it.: 141 obj.: 313.2903704939 vol.: 0.4958338472 ch.: 0.1999999974
it.: 142 obj.: 313.4078513042 vol.: 0.4958236340 ch.: 0.1999999974
it.: 143 obj.: 313.3061523803 vol.: 0.4958908986 ch.: 0.1999999974
it.: 144 obj.: 313.2183740364 vol.: 0.4958664950 ch.: 0.1999999974
it.: 145 obj.: 313.1782858119 vol.: 0.4958422861 ch.: 0.1999999974
it.: 146 obj.: 313.2721296362 vol.: 0.4958321819 ch.: 0.1999999973
it.: 147 obj.: 313.1869185062 vol.: 0.4958923811 ch.: 0.1999999974
it.: 148 obj.: 313.1030164962 vol.: 0.4958693994 ch.: 0.1999999973
it.: 149 obj.: 313.0667978162 vol.: 0.4958453815 ch.: 0.1999999973
it.: 150 obj.: 313.1540075803 vol.: 0.4958346196 ch.: 0.1999999972
it.: 151 obj.: 313.0874890743 vol.: 0.4958872764 ch.: 0.1999999973
it.: 152 obj.: 313.0077434601 vol.: 0.4958664865 ch.: 0.1999999973
it.: 153 obj.: 312.9764557643 vol.: 0.4958416812 ch.: 0.1999999973
it.: 154 obj.: 313.0553836947 vol.: 0.4958293277 ch.: 0.1999999972
it.: 155 obj.: 313.0070400292 vol.: 0.4958746533 ch.: 0.1999999973
it.: 156 obj.: 312.9310223437 vol.: 0.4958583710 ch.: 0.1999999972
it.: 157 obj.: 312.9016783936 vol.: 0.4958317874 ch.: 0.1999999973
it.: 158 obj.: 312.9743137397 vol.: 0.4958191230 ch.: 0.1999999971
it.: 159 obj.: 312.9385915928 vol.: 0.4958576321 ch.: 0.1999999972
it.: 160 obj.: 312.8670152237 vol.: 0.4958410552 ch.: 0.1999999971
it.: 161 obj.: 312.8479792497 vol.: 0.4958132435 ch.: 0.1999999972
it.: 162 obj.: 312.9121413354 vol.: 0.4957994416 ch.: 0.1999999970
it.: 163 obj.: 312.8891770562 vol.: 0.4958335360 ch.: 0.1999999972
it.: 164 obj.: 312.8191847858 vol.: 0.4958108686 ch.: 0.1999999971
it.: 165 obj.: 312.8204987011 vol.: 0.4957808227 ch.: 0.1999999972
it.: 166 obj.: 312.8794615434 vol.: 0.4957669214 ch.: 0.1999999915
it.: 167 obj.: 312.8774607379 vol.: 0.4958019758 ch.: 0.1999999889
it.: 168 obj.: 312.8032362279 vol.: 0.4957840686 ch.: 0.1999999825
it.: 169 obj.: 312.8029456538 vol.: 0.4957905232 ch.: 0.1999999971
it.: 170 obj.: 312.7860307593 vol.: 0.4958057511 ch.: 0.1999999821
it.: 171 obj.: 312.7240061825 vol.: 0.4958420064 ch.: 0.1999999971
it.: 172 obj.: 312.6518148769 vol.: 0.4957987029 ch.: 0.1999999970
it.: 173 obj.: 312.7502182919 vol.: 0.4957671602 ch.: 0.1999999971
it.: 174 obj.: 312.7536983569 vol.: 0.4957539487 ch.: 0.1999999812
it.: 175 obj.: 312.7995517072 vol.: 0.4957672534 ch.: 0.1999999883
it.: 176 obj.: 312.7322666982 vol.: 0.4957548766 ch.: 0.1999999808
it.: 177 obj.: 312.7645127777 vol.: 0.4957859224 ch.: 0.1999999881
it.: 178 obj.: 312.6852162346 vol.: 0.4957705014 ch.: 0.1999999804
it.: 179 obj.: 312.7027493845 vol.: 0.4957951305 ch.: 0.1999999971
it.: 180 obj.: 312.6358430122 vol.: 0.4957771413 ch.: 0.1999999802
it.: 181 obj.: 312.6563460407 vol.: 0.4957605302 ch.: 0.1999999970
it.: 182 obj.: 312.6766093691 vol.: 0.4957544820 ch.: 0.1999999801
it.: 183 obj.: 312.6674127132 vol.: 0.4957630045 ch.: 0.1999999877
it.: 184 obj.: 312.6506990541 vol.: 0.4957565792 ch.: 0.1999999799
it.: 185 obj.: 312.6344959273 vol.: 0.4957863135 ch.: 0.1999999875
it.: 186 obj.: 312.5764336518 vol.: 0.4957745769 ch.: 0.1999999798
it.: 187 obj.: 312.5722002433 vol.: 0.4957626822 ch.: 0.1999999970
it.: 188 obj.: 312.5958791908 vol.: 0.4957590799 ch.: 0.1999999797
it.: 189 obj.: 312.5729649047 vol.: 0.4957596993 ch.: 0.1999999873
it.: 190 obj.: 312.5801539383 vol.: 0.4957581634 ch.: 0.1999999796
it.: 191 obj.: 312.5494314053 vol.: 0.4957726948 ch.: 0.1999999871
it.: 192 obj.: 312.5315577797 vol.: 0.4957676664 ch.: 0.1999999795
it.: 193 obj.: 312.5048533432 vol.: 0.4957629283 ch.: 0.1999999883
it.: 194 obj.: 312.5239147536 vol.: 0.4957628424 ch.: 0.1999999794
it.: 195 obj.: 312.4892496708 vol.: 0.4957616603 ch.: 0.1999999868
it.: 196 obj.: 312.5052177834 vol.: 0.4957632906 ch.: 0.1999999793
it.: 197 obj.: 312.4655378838 vol.: 0.4957705110 ch.: 0.1999999867
it.: 198 obj.: 312.4670320929 vol.: 0.4957696415 ch.: 0.1999999792
it.: 199 obj.: 312.4298811735 vol.: 0.4957673809 ch.: 0.1999999866
it.: 200 obj.: 312.4496575027 vol.: 0.4957688240 ch.: 0.1999999791
it.: 201 obj.: 312.4088313035 vol.: 0.4957680123 ch.: 0.1999999864
it.: 202 obj.: 312.4279998218 vol.: 0.4957701334 ch.: 0.1999999790
it.: 203 obj.: 312.3848823475 vol.: 0.4957696887 ch.: 0.1999999863
it.: 204 obj.: 312.4045200458 vol.: 0.4957721277 ch.: 0.1999999789
it.: 205 obj.: 312.3601223371 vol.: 0.4957715655 ch.: 0.1999999862
it.: 206 obj.: 312.3809189693 vol.: 0.4957744502 ch.: 0.1999999788
it.: 207 obj.: 312.3353439680 vol.: 0.4957736813 ch.: 0.1999999860
it.: 208 obj.: 312.3573285937 vol.: 0.4957765573 ch.: 0.1999999787
it.: 209 obj.: 312.3114334165 vol.: 0.4957756344 ch.: 0.1999999859
it.: 210 obj.: 312.3345491514 vol.: 0.4957786830 ch.: 0.1999999786
it.: 211 obj.: 312.2880640387 vol.: 0.4957776022 ch.: 0.1999999858
it.: 212 obj.: 312.3122177655 vol.: 0.4957807554 ch.: 0.1999999785
it.: 213 obj.: 312.2652735578 vol.: 0.4957793559 ch.: 0.1999999856
it.: 214 obj.: 312.2907067043 vol.: 0.4957827391 ch.: 0.1999999784
it.: 215 obj.: 312.2431900584 vol.: 0.4957810394 ch.: 0.1999999855
it.: 216 obj.: 312.2698100999 vol.: 0.4957845577 ch.: 0.1999999783
it.: 217 obj.: 312.2219117412 vol.: 0.4957826414 ch.: 0.1999999854
it.: 218 obj.: 312.2495821481 vol.: 0.4957863178 ch.: 0.1999999782
it.: 219 obj.: 312.2012734520 vol.: 0.4957842418 ch.: 0.1999999853
it.: 220 obj.: 312.2298224512 vol.: 0.4957880017 ch.: 0.1999999782
it.: 221 obj.: 312.1812471672 vol.: 0.4957857701 ch.: 0.1999999851
it.: 222 obj.: 312.2106134603 vol.: 0.4957896223 ch.: 0.1999999781
it.: 223 obj.: 312.1617736992 vol.: 0.4957871583 ch.: 0.1999999850
it.: 224 obj.: 312.1920690559 vol.: 0.4957912003 ch.: 0.1999999780
it.: 225 obj.: 312.1428377288 vol.: 0.4957885494 ch.: 0.1999999849
it.: 226 obj.: 312.1739309811 vol.: 0.4957926460 ch.: 0.1999999779
it.: 227 obj.: 312.1245529116 vol.: 0.4957898390 ch.: 0.1999999848
it.: 228 obj.: 312.1563982182 vol.: 0.4957940333 ch.: 0.1999999778
it.: 229 obj.: 312.1068240119 vol.: 0.4957910574 ch.: 0.1999999847
it.: 230 obj.: 312.1393962802 vol.: 0.4957954079 ch.: 0.1999999778
it.: 231 obj.: 312.0895344691 vol.: 0.4957922840 ch.: 0.1999999845
it.: 232 obj.: 312.1227451260 vol.: 0.4957966670 ch.: 0.1999999777
it.: 233 obj.: 312.0728111151 vol.: 0.4957933735 ch.: 0.1999999844
it.: 234 obj.: 312.1067201277 vol.: 0.4957978787 ch.: 0.1999999776
it.: 235 obj.: 312.0565955730 vol.: 0.4957944820 ch.: 0.1999999843
it.: 236 obj.: 312.0910332186 vol.: 0.4957990513 ch.: 0.1999999775
it.: 237 obj.: 312.0408005095 vol.: 0.4957954821 ch.: 0.1999999842
it.: 238 obj.: 312.0758782826 vol.: 0.4958001479 ch.: 0.1999999775
it.: 239 obj.: 312.0255162199 vol.: 0.4957964637 ch.: 0.1999999841
it.: 240 obj.: 312.0611143358 vol.: 0.4958011925 ch.: 0.1999999774
it.: 241 obj.: 312.0106750065 vol.: 0.4957973900 ch.: 0.1999999840
it.: 242 obj.: 312.0467888337 vol.: 0.4958021993 ch.: 0.1999999773
it.: 243 obj.: 311.9962466355 vol.: 0.4957982691 ch.: 0.1999999839
it.: 244 obj.: 312.0328691946 vol.: 0.4958031352 ch.: 0.1999999773
it.: 245 obj.: 311.9822753824 vol.: 0.4957991077 ch.: 0.1999999838
it.: 246 obj.: 312.0193526774 vol.: 0.4958040361 ch.: 0.1999999772
it.: 247 obj.: 311.9686925388 vol.: 0.4957998955 ch.: 0.1999999837
it.: 248 obj.: 312.0062333749 vol.: 0.4958048823 ch.: 0.1999999771
it.: 249 obj.: 311.9555226251 vol.: 0.4958006521 ch.: 0.1999999835
it.: 250 obj.: 311.9934786904 vol.: 0.4958056846 ch.: 0.1999999771
it.: 251 obj.: 311.9427305112 vol.: 0.4958013550 ch.: 0.1999999834
it.: 252 obj.: 311.9811133523 vol.: 0.4958064397 ch.: 0.1999999770
it.: 253 obj.: 311.9303256242 vol.: 0.4958020243 ch.: 0.1999999833
it.: 254 obj.: 311.9690992268 vol.: 0.4958071522 ch.: 0.1999999769
it.: 255 obj.: 311.9182742825 vol.: 0.4958026468 ch.: 0.1999999832
it.: 256 obj.: 311.9574497210 vol.: 0.4958078055 ch.: 0.1999999769
it.: 257 obj.: 311.9066232551 vol.: 0.4958032275 ch.: 0.1999999831
it.: 258 obj.: 311.9461581790 vol.: 0.4958084433 ch.: 0.1999999768
it.: 259 obj.: 311.8952525000 vol.: 0.4958037815 ch.: 0.1999999830
it.: 260 obj.: 311.9352216871 vol.: 0.4958089994 ch.: 0.1999999768
it.: 261 obj.: 311.8843211804 vol.: 0.4958042755 ch.: 0.1999999829
it.: 262 obj.: 311.9254516467 vol.: 0.4958095923 ch.: 0.1999999767
it.: 263 obj.: 311.8735919412 vol.: 0.4958047889 ch.: 0.1999999828
it.: 264 obj.: 311.9160362364 vol.: 0.4958100159 ch.: 0.1999999767
it.: 265 obj.: 311.8635121767 vol.: 0.4958051596 ch.: 0.1999999827
it.: 266 obj.: 311.9071531444 vol.: 0.4958106360 ch.: 0.1999999766
it.: 267 obj.: 311.8531923138 vol.: 0.4958056975 ch.: 0.1999999826
it.: 268 obj.: 311.8981570081 vol.: 0.4958108025 ch.: 0.1999999765
it.: 269 obj.: 311.8441671441 vol.: 0.4958058343 ch.: 0.1999999825
it.: 270 obj.: 311.8901980536 vol.: 0.4958117072 ch.: 0.1999999765
it.: 271 obj.: 311.8336101867 vol.: 0.4958066228 ch.: 0.1999999825
it.: 272 obj.: 311.8811282784 vol.: 0.4958111329 ch.: 0.1999999764
it.: 273 obj.: 311.8267416905 vol.: 0.4958060983 ch.: 0.1999999824
it.: 274 obj.: 311.8749350016 vol.: 0.4958132522 ch.: 0.1999999764
it.: 275 obj.: 311.8137428239 vol.: 0.4958079628 ch.: 0.1999999823
it.: 276 obj.: 311.8640875596 vol.: 0.4958100493 ch.: 0.1999999763
it.: 277 obj.: 311.8133622039 vol.: 0.4958051303 ch.: 0.1999999822
it.: 278 obj.: 311.8629881385 vol.: 0.4958168650 ch.: 0.1999999763
it.: 279 obj.: 311.7896756696 vol.: 0.4958112071 ch.: 0.1999999821
it.: 280 obj.: 311.8439726987 vol.: 0.4958030468 ch.: 0.1999999763
it.: 281 obj.: 311.8136362813 vol.: 0.4957993219 ch.: 0.1999999820
it.: 282 obj.: 311.8616880751 vol.: 0.4958264916 ch.: 0.1999999762
it.: 283 obj.: 311.7497811463 vol.: 0.4958211378 ch.: 0.1999999819
it.: 284 obj.: 311.8113771481 vol.: 0.4957647613 ch.: 0.1999999761
it.: 285 obj.: 311.8741154321 vol.: 0.4957714242 ch.: 0.1999999819
it.: 286 obj.: 311.9058113254 vol.: 0.4958270959 ch.: 0.1999999762
it.: 287 obj.: 311.7087822743 vol.: 0.4958356630 ch.: 0.1999999815
it.: 288 obj.: 311.7779274487 vol.: 0.4958269725 ch.: 0.1999999761
it.: 289 obj.: 311.7420212482 vol.: 0.4958057247 ch.: 0.1999999817
it.: 290 obj.: 311.8307020015 vol.: 0.4958163466 ch.: 0.1999999760
it.: 291 obj.: 311.7498270936 vol.: 0.4958223660 ch.: 0.1999999816
it.: 292 obj.: 311.7796814671 vol.: 0.4958094579 ch.: 0.1999999760
it.: 293 obj.: 311.7593555467 vol.: 0.4957849443 ch.: 0.1999999815
it.: 294 obj.: 311.8618111419 vol.: 0.4958190071 ch.: 0.1999999760
it.: 295 obj.: 311.7230662330 vol.: 0.4958403773 ch.: 0.1999999814
it.: 296 obj.: 311.7256688781 vol.: 0.4957852320 ch.: 0.1999999759
it.: 297 obj.: 311.7919534691 vol.: 0.4957464008 ch.: 0.1999999814
it.: 298 obj.: 311.9344045227 vol.: 0.4958060367 ch.: 0.1999999759
it.: 299 obj.: 311.7144091958 vol.: 0.4958625819 ch.: 0.1999999811
it.: 300 obj.: 311.6614291714 vol.: 0.4958603233 ch.: 0.1999999759
it.: 301 obj.: 311.6404578796 vol.: 0.4957692819 ch.: 0.1999999812
it.: 302 obj.: 311.8880057342 vol.: 0.4957891581 ch.: 0.1999999758
it.: 303 obj.: 311.7708435674 vol.: 0.4958540880 ch.: 0.1999999812
it.: 304 obj.: 311.6401419589 vol.: 0.4958411643 ch.: 0.1999999758
it.: 305 obj.: 311.6680825543 vol.: 0.4957754603 ch.: 0.1999999811
it.: 306 obj.: 311.8667174038 vol.: 0.4958179119 ch.: 0.1999999757
it.: 307 obj.: 311.6854246644 vol.: 0.4958682087 ch.: 0.1999999809
it.: 308 obj.: 311.6221233643 vol.: 0.4958171703 ch.: 0.1999999757
it.: 309 obj.: 311.6968953769 vol.: 0.4957346452 ch.: 0.1999999810
it.: 310 obj.: 311.9378149141 vol.: 0.4957951912 ch.: 0.1999999756
it.: 311 obj.: 311.7079951135 vol.: 0.4958739790 ch.: 0.1999999807
it.: 312 obj.: 311.5851420950 vol.: 0.4958665148 ch.: 0.1999999757
it.: 313 obj.: 311.6038274861 vol.: 0.4957986310 ch.: 0.1999999809
it.: 314 obj.: 311.8058827504 vol.: 0.4958271608 ch.: 0.1999999756
it.: 315 obj.: 311.6550931783 vol.: 0.4958632903 ch.: 0.1999999808
it.: 316 obj.: 311.6212694830 vol.: 0.4958121519 ch.: 0.1999999756
it.: 317 obj.: 311.6832790971 vol.: 0.4957341337 ch.: 0.1999999807
it.: 318 obj.: 311.9202762431 vol.: 0.4957962157 ch.: 0.1999999755
it.: 319 obj.: 311.6868463160 vol.: 0.4958741932 ch.: 0.1999999805
it.: 320 obj.: 311.5698590056 vol.: 0.4958563429 ch.: 0.1999999755
it.: 321 obj.: 311.6027816266 vol.: 0.4957801780 ch.: 0.1999999806
it.: 322 obj.: 311.8289851748 vol.: 0.4958211261 ch.: 0.1999999754
it.: 323 obj.: 311.6413378025 vol.: 0.4958742524 ch.: 0.1999999805
it.: 324 obj.: 311.5747886183 vol.: 0.4958244778 ch.: 0.1999999754
it.: 325 obj.: 311.6447350543 vol.: 0.4957271267 ch.: 0.1999999805
it.: 326 obj.: 311.9223994258 vol.: 0.4957907820 ch.: 0.1999999754
it.: 327 obj.: 311.6821286581 vol.: 0.4958763696 ch.: 0.1999999803
it.: 328 obj.: 311.5409497163 vol.: 0.4958545540 ch.: 0.1999999754
it.: 329 obj.: 311.5925468395 vol.: 0.4958023430 ch.: 0.1999999804
it.: 330 obj.: 311.7703924653 vol.: 0.4958409584 ch.: 0.1999999753
it.: 331 obj.: 311.5805423435 vol.: 0.4958670736 ch.: 0.1999999802
it.: 332 obj.: 311.5994530005 vol.: 0.4958097958 ch.: 0.1999999753
it.: 333 obj.: 311.6555445280 vol.: 0.4957308781 ch.: 0.1999999803
it.: 334 obj.: 311.8976082358 vol.: 0.4957958366 ch.: 0.1999999753
it.: 335 obj.: 311.6544775406 vol.: 0.4958742438 ch.: 0.1999999801
it.: 336 obj.: 311.5431088689 vol.: 0.4958499305 ch.: 0.1999999753
it.: 337 obj.: 311.5815257357 vol.: 0.4957654238 ch.: 0.1999999802
it.: 338 obj.: 311.8324847949 vol.: 0.4958151024 ch.: 0.1999999752
it.: 339 obj.: 311.6170039529 vol.: 0.4958770304 ch.: 0.1999999800
it.: 340 obj.: 311.5362098910 vol.: 0.4958301803 ch.: 0.1999999752
it.: 341 obj.: 311.6098202300 vol.: 0.4957586982 ch.: 0.1999999802
it.: 342 obj.: 311.8350807669 vol.: 0.4958142898 ch.: 0.1999999752
it.: 343 obj.: 311.6066255246 vol.: 0.4958698760 ch.: 0.1999999799
it.: 344 obj.: 311.5576059537 vol.: 0.4958303072 ch.: 0.1999999752
it.: 345 obj.: 311.6015063737 vol.: 0.4957552567 ch.: 0.1999999801
it.: 346 obj.: 311.8387030920 vol.: 0.4958117918 ch.: 0.1999999751
it.: 347 obj.: 311.6039818747 vol.: 0.4958771217 ch.: 0.1999999798
it.: 348 obj.: 311.5289883043 vol.: 0.4958302840 ch.: 0.1999999751
it.: 349 obj.: 311.5997710950 vol.: 0.4957491979 ch.: 0.1999999800
it.: 350 obj.: 311.8453899668 vol.: 0.4958079689 ch.: 0.1999999751
it.: 351 obj.: 311.6059037224 vol.: 0.4958737308 ch.: 0.1999999797
it.: 352 obj.: 311.5337769132 vol.: 0.4958499883 ch.: 0.1999999751
it.: 353 obj.: 311.5540924403 vol.: 0.4957569300 ch.: 0.1999999799
it.: 354 obj.: 311.8261635670 vol.: 0.4958098350 ch.: 0.1999999750
it.: 355 obj.: 311.6038456703 vol.: 0.4958731528 ch.: 0.1999999798
it.: 356 obj.: 311.5161945676 vol.: 0.4958304622 ch.: 0.1999999776
it.: 357 obj.: 311.5887511377 vol.: 0.4957894456 ch.: 0.1999999799
it.: 358 obj.: 311.7458426743 vol.: 0.4958399227 ch.: 0.1999999750
it.: 359 obj.: 311.5338786993 vol.: 0.4958321415 ch.: 0.1999999796
it.: 360 obj.: 311.6353798985 vol.: 0.4957920050 ch.: 0.1999999749
it.: 361 obj.: 311.6509156492 vol.: 0.4957926673 ch.: 0.1999999798
it.: 362 obj.: 311.7083943084 vol.: 0.4958538117 ch.: 0.1999999750
it.: 363 obj.: 311.5034388346 vol.: 0.4958232441 ch.: 0.1999999795
it.: 364 obj.: 311.6549790800 vol.: 0.4957838336 ch.: 0.1999999749
it.: 365 obj.: 311.6651781887 vol.: 0.4957891827 ch.: 0.1999999798
it.: 366 obj.: 311.6975646410 vol.: 0.4958571131 ch.: 0.1999999750
it.: 367 obj.: 311.4988979535 vol.: 0.4958717459 ch.: 0.1999999794
it.: 368 obj.: 311.5508718724 vol.: 0.4958241309 ch.: 0.1999999749
it.: 369 obj.: 311.5834514086 vol.: 0.4957892055 ch.: 0.1999999797
it.: 370 obj.: 311.7369003577 vol.: 0.4958397721 ch.: 0.1999999749
it.: 371 obj.: 311.5177553374 vol.: 0.4958479152 ch.: 0.1999999794
it.: 372 obj.: 311.5965922174 vol.: 0.4958005440 ch.: 0.1999999748
it.: 373 obj.: 311.6183919347 vol.: 0.4957599165 ch.: 0.1999999796
it.: 374 obj.: 311.7771601018 vol.: 0.4958250773 ch.: 0.1999999748
it.: 375 obj.: 311.5436591871 vol.: 0.4958125446 ch.: 0.1999999793
it.: 376 obj.: 311.6471389771 vol.: 0.4957873648 ch.: 0.1999999748
it.: 377 obj.: 311.6477738661 vol.: 0.4958385576 ch.: 0.1999999796
it.: 378 obj.: 311.5861132323 vol.: 0.4958944673 ch.: 0.1999999749
it.: 379 obj.: 311.4091680821 vol.: 0.4958429503 ch.: 0.1999999792
it.: 380 obj.: 311.6314786527 vol.: 0.4957749909 ch.: 0.1999999747
it.: 381 obj.: 311.6677478663 vol.: 0.4958052543 ch.: 0.1999999796
it.: 382 obj.: 311.6675410966 vol.: 0.4958657571 ch.: 0.1999999748
it.: 383 obj.: 311.4437655371 vol.: 0.4957843056 ch.: 0.1999999791
it.: 384 obj.: 311.7397754582 vol.: 0.4957332121 ch.: 0.1999999746
it.: 385 obj.: 311.7473278223 vol.: 0.4958154243 ch.: 0.1999999796
it.: 386 obj.: 311.6056029549 vol.: 0.4958953185 ch.: 0.1999999748
it.: 387 obj.: 311.3880911484 vol.: 0.4957838724 ch.: 0.1999999790
it.: 388 obj.: 311.7458933654 vol.: 0.4957327015 ch.: 0.1999999746
it.: 389 obj.: 311.7470684876 vol.: 0.4958209835 ch.: 0.1999999795
it.: 390 obj.: 311.5765687541 vol.: 0.4958997151 ch.: 0.1999999748
it.: 391 obj.: 311.3895656534 vol.: 0.4958445879 ch.: 0.1999999790
it.: 392 obj.: 311.6064091946 vol.: 0.4957792349 ch.: 0.1999999746
it.: 393 obj.: 311.6569271544 vol.: 0.4957467444 ch.: 0.1999999794
it.: 394 obj.: 311.7623609647 vol.: 0.4958382297 ch.: 0.1999999747
it.: 395 obj.: 311.4956006142 vol.: 0.4958802747 ch.: 0.1999999790
it.: 396 obj.: 311.4848220633 vol.: 0.4958279476 ch.: 0.1999999746
it.: 397 obj.: 311.5680449801 vol.: 0.4958337474 ch.: 0.1999999793
it.: 398 obj.: 311.6126105384 vol.: 0.4958785581 ch.: 0.1999999747
it.: 399 obj.: 311.4128423675 vol.: 0.4957831258 ch.: 0.1999999789
it.: 400 obj.: 311.7295948087 vol.: 0.4957379854 ch.: 0.1999999745
it.: 401 obj.: 311.7197436242 vol.: 0.4958088053 ch.: 0.1999999794
it.: 402 obj.: 311.6026831037 vol.: 0.4958833145 ch.: 0.1999999747
it.: 403 obj.: 311.4124479253 vol.: 0.4958692356 ch.: 0.1999999789
it.: 404 obj.: 311.5458225290 vol.: 0.4958019409 ch.: 0.1999999745
it.: 405 obj.: 311.5955487009 vol.: 0.4957422794 ch.: 0.1999999792
it.: 406 obj.: 311.7910153536 vol.: 0.4958170561 ch.: 0.1999999746
it.: 407 obj.: 311.5230851109 vol.: 0.4958244332 ch.: 0.1999999789
it.: 408 obj.: 311.5824751536 vol.: 0.4957863211 ch.: 0.1999999745
it.: 409 obj.: 311.6412862898 vol.: 0.4958399218 ch.: 0.1999999793
it.: 410 obj.: 311.5607966586 vol.: 0.4959069261 ch.: 0.1999999746
it.: 411 obj.: 311.3517292222 vol.: 0.4957906303 ch.: 0.1999999788
it.: 412 obj.: 311.7197800749 vol.: 0.4957377791 ch.: 0.1999999744
it.: 413 obj.: 311.7178404767 vol.: 0.4958222937 ch.: 0.1999999792
it.: 414 obj.: 311.5621281122 vol.: 0.4959002204 ch.: 0.1999999746
it.: 415 obj.: 311.3719194633 vol.: 0.4958421124 ch.: 0.1999999788
it.: 416 obj.: 311.5978250770 vol.: 0.4957777454 ch.: 0.1999999744
it.: 417 obj.: 311.6409691242 vol.: 0.4957464253 ch.: 0.1999999792
it.: 418 obj.: 311.7486495251 vol.: 0.4958396783 ch.: 0.1999999745
it.: 419 obj.: 311.4776526500 vol.: 0.4958803894 ch.: 0.1999999788
it.: 420 obj.: 311.4718502154 vol.: 0.4958289944 ch.: 0.1999999744
it.: 421 obj.: 311.5486486755 vol.: 0.4958332206 ch.: 0.1999999791
it.: 422 obj.: 311.6025531823 vol.: 0.4958780085 ch.: 0.1999999745
it.: 423 obj.: 311.3996875053 vol.: 0.4957812099 ch.: 0.1999999787
it.: 424 obj.: 311.7203535948 vol.: 0.4957377656 ch.: 0.1999999743
it.: 425 obj.: 311.7041622050 vol.: 0.4958105780 ch.: 0.1999999791
it.: 426 obj.: 311.5868234311 vol.: 0.4958861631 ch.: 0.1999999745
it.: 427 obj.: 311.3934711176 vol.: 0.4958644740 ch.: 0.1999999787
it.: 428 obj.: 311.5455415375 vol.: 0.4957981673 ch.: 0.1999999743
it.: 429 obj.: 311.5884247249 vol.: 0.4957450739 ch.: 0.1999999790
it.: 430 obj.: 311.7701053271 vol.: 0.4958231202 ch.: 0.1999999744
it.: 431 obj.: 311.4989087910 vol.: 0.4958139301 ch.: 0.1999999787
it.: 432 obj.: 311.5921038446 vol.: 0.4957794594 ch.: 0.1999999743
it.: 433 obj.: 311.6424182258 vol.: 0.4958368914 ch.: 0.1999999791
it.: 434 obj.: 311.5487961099 vol.: 0.4959103308 ch.: 0.1999999744
it.: 435 obj.: 311.3365327849 vol.: 0.4958225556 ch.: 0.1999999786
it.: 436 obj.: 311.6403644460 vol.: 0.4957688878 ch.: 0.1999999742
it.: 437 obj.: 311.6410037078 vol.: 0.4957863112 ch.: 0.1999999790
it.: 438 obj.: 311.6430355696 vol.: 0.4958622757 ch.: 0.1999999744
it.: 439 obj.: 311.4433216506 vol.: 0.4958998082 ch.: 0.1999999787
it.: 440 obj.: 311.4415467819 vol.: 0.4958473488 ch.: 0.1999999743
it.: 441 obj.: 311.4835724519 vol.: 0.4957094626 ch.: 0.1999999788
it.: 442 obj.: 311.8619963896 vol.: 0.4957813851 ch.: 0.1999999742
it.: 443 obj.: 311.5877456544 vol.: 0.4958801112 ch.: 0.1999999787
it.: 444 obj.: 311.4182433470 vol.: 0.4958585791 ch.: 0.1999999743
it.: 445 obj.: 311.4745213870 vol.: 0.4958334693 ch.: 0.1999999789
it.: 446 obj.: 311.6077625172 vol.: 0.4958722317 ch.: 0.1999999743
it.: 447 obj.: 311.4081615673 vol.: 0.4958051449 ch.: 0.1999999786
it.: 448 obj.: 311.6507496239 vol.: 0.4957668781 ch.: 0.1999999742
it.: 449 obj.: 311.6325634427 vol.: 0.4957582575 ch.: 0.1999999789
it.: 450 obj.: 311.6916017777 vol.: 0.4958434283 ch.: 0.1999999743
it.: 451 obj.: 311.4789814721 vol.: 0.4958923925 ch.: 0.1999999786
it.: 452 obj.: 311.4345285095 vol.: 0.4958527114 ch.: 0.1999999742
it.: 453 obj.: 311.4737271518 vol.: 0.4957802549 ch.: 0.1999999788
it.: 454 obj.: 311.7098944304 vol.: 0.4958410120 ch.: 0.1999999742
it.: 455 obj.: 311.4623611066 vol.: 0.4958243245 ch.: 0.1999999785
it.: 456 obj.: 311.5657432637 vol.: 0.4957856766 ch.: 0.1999999742
it.: 457 obj.: 311.6201310692 vol.: 0.4958399867 ch.: 0.1999999789
it.: 458 obj.: 311.5361420772 vol.: 0.4959121314 ch.: 0.1999999743
it.: 459 obj.: 311.3239590706 vol.: 0.4958205095 ch.: 0.1999999784
