minimum compliance problem with optimizer mma
number of spatial dimensions: 2
elements: 40 x 20
volfrac: 0.3 rmin: 1.2  penal: 3.0
filter: Density based
filter mode: matrix
it.: 1 obj.: 0.1177005311 vol.: 0.2310802053 ch.: 0.1999991505
it.: 2 obj.: 0.0002078804 vol.: 0.2240329237 ch.: 0.1978012365
it.: 3 obj.: 0.0000000000 vol.: 0.2323245233 ch.: 0.0316238016
it.: 4 obj.: 0.0000000080 vol.: 0.2370008359 ch.: 0.1297902752
it.: 5 obj.: -0.0000886628 vol.: 0.2303828188 ch.: 0.1999283741
it.: 6 obj.: -0.0405314111 vol.: 0.2127006843 ch.: 0.1999969870
it.: 7 obj.: -0.1576946186 vol.: 0.2198977704 ch.: 0.1999964973
it.: 8 obj.: -0.2986580513 vol.: 0.2333416621 ch.: 0.1999947204
it.: 9 obj.: -0.4569277965 vol.: 0.2469949184 ch.: 0.1999640059
it.: 10 obj.: -0.6118753549 vol.: 0.2582315143 ch.: 0.1999614359
it.: 11 obj.: -0.7372962809 vol.: 0.2676557352 ch.: 0.1999552872
it.: 12 obj.: -0.8153888169 vol.: 0.2748848420 ch.: 0.1960372285
it.: 13 obj.: -0.8702974679 vol.: 0.2802613221 ch.: 0.1998418197
it.: 14 obj.: -0.9077778505 vol.: 0.2844118701 ch.: 0.1998848008
it.: 15 obj.: -0.9383181150 vol.: 0.2878325252 ch.: 0.1910466567
it.: 16 obj.: -0.9621747668 vol.: 0.2904988484 ch.: 0.1984995545
it.: 17 obj.: -0.9800760807 vol.: 0.2926687179 ch.: 0.1831413090
it.: 18 obj.: -0.9926223264 vol.: 0.2944193724 ch.: 0.1997124596
it.: 19 obj.: -1.0019294804 vol.: 0.2956294426 ch.: 0.1999434312
it.: 20 obj.: -1.0100754413 vol.: 0.2965581663 ch.: 0.1999663736
it.: 21 obj.: -1.0169739789 vol.: 0.2972595083 ch.: 0.1999686296
it.: 22 obj.: -1.0230631152 vol.: 0.2977992709 ch.: 0.1998882974
it.: 23 obj.: -1.0279307456 vol.: 0.2982506678 ch.: 0.1998207269
it.: 24 obj.: -1.0315687479 vol.: 0.2985685659 ch.: 0.1996645716
it.: 25 obj.: -1.0347154627 vol.: 0.2987881597 ch.: 0.1997615670
it.: 26 obj.: -1.0378721703 vol.: 0.2989448927 ch.: 0.1996982768
it.: 27 obj.: -1.0406804418 vol.: 0.2990953382 ch.: 0.1988019430
it.: 28 obj.: -1.0430330166 vol.: 0.2992355663 ch.: 0.1996651972
it.: 29 obj.: -1.0451271463 vol.: 0.2993686819 ch.: 0.1998075782
it.: 30 obj.: -1.0469796831 vol.: 0.2995013141 ch.: 0.1999491328
it.: 31 obj.: -1.0491000578 vol.: 0.2996141355 ch.: 0.1999727159
it.: 32 obj.: -1.0512144973 vol.: 0.2997021576 ch.: 0.1999767487
it.: 33 obj.: -1.0526801035 vol.: 0.2997550021 ch.: 0.1999281545
it.: 34 obj.: -1.0533339692 vol.: 0.2998012436 ch.: 0.1999758513
it.: 35 obj.: -1.0539043832 vol.: 0.2998190142 ch.: 0.1997801297
it.: 36 obj.: -1.0535406874 vol.: 0.2998175714 ch.: 0.1997794521
it.: 37 obj.: -1.0540230564 vol.: 0.2998349936 ch.: 0.1551093010
it.: 38 obj.: -1.0538089496 vol.: 0.2998547007 ch.: 0.1551029314
it.: 39 obj.: -1.0542073933 vol.: 0.2998890839 ch.: 0.0678457502
it.: 40 obj.: -1.0543049644 vol.: 0.2999145474 ch.: 0.0675198848
it.: 41 obj.: -1.0543953129 vol.: 0.2999373432 ch.: 0.0300031779
it.: 42 obj.: -1.0544715713 vol.: 0.2999557013 ch.: 0.0145672815
it.: 43 obj.: -1.0545236071 vol.: 0.2999684502 ch.: 0.0217283699
it.: 44 obj.: -1.0545627008 vol.: 0.2999770381 ch.: 0.0330412470
it.: 45 obj.: -1.0545952688 vol.: 0.2999823622 ch.: 0.0499938971
it.: 46 obj.: -1.0546276130 vol.: 0.2999849286 ch.: 0.0725969941
it.: 47 obj.: -1.0546656065 vol.: 0.2999854212 ch.: 0.0945531586
it.: 48 obj.: -1.0547095959 vol.: 0.2999853868 ch.: 0.0958535327
it.: 49 obj.: -1.0547535660 vol.: 0.2999847440 ch.: 0.0931802552
it.: 50 obj.: -1.0548139421 vol.: 0.2999851875 ch.: 0.0905814588
it.: 51 obj.: -1.0549044512 vol.: 0.2999882144 ch.: 0.0260302130
it.: 52 obj.: -1.0549260926 vol.: 0.2999907140 ch.: 0.0233615873
it.: 53 obj.: -1.0549424451 vol.: 0.2999925668 ch.: 0.0223159770
it.: 54 obj.: -1.0549550062 vol.: 0.2999939225 ch.: 0.0367264234
it.: 55 obj.: -1.0549652614 vol.: 0.2999941966 ch.: 0.0349145858
it.: 56 obj.: -1.0549689586 vol.: 0.2999939315 ch.: 0.0597202287
it.: 57 obj.: -1.0549704285 vol.: 0.2999930179 ch.: 0.0502218678
it.: 58 obj.: -1.0549752519 vol.: 0.2999940288 ch.: 0.0287884278
it.: 59 obj.: -1.0549834628 vol.: 0.2999955651 ch.: 0.0170609597
it.: 60 obj.: -1.0549891904 vol.: 0.2999967448 ch.: 0.0126894928
it.: 61 obj.: -1.0549933601 vol.: 0.2999976033 ch.: 0.0113075032
it.: 62 obj.: -1.0549963671 vol.: 0.2999982242 ch.: 0.0095140417
