minimum compliance problem with optimizer oc
number of spatial dimensions: 3
elements: 21 x 7 x 7
volfrac: 0.5 rmin: 2.4  penal: 3.0
filter: Density based
filter mode: matrix
it.: 1 obj.: 8869.1057324943 vol.: 0.4998977653 ch.: 0.2000000000
it.: 2 obj.: 5729.8815370717 vol.: 0.4999195654 ch.: 0.2000000000
it.: 3 obj.: 4502.2461102895 vol.: 0.4998385637 ch.: 0.2000000000
it.: 4 obj.: 4082.4260506244 vol.: 0.5002438565 ch.: 0.1539326451
it.: 5 obj.: 3955.2273655187 vol.: 0.5001533674 ch.: 0.0969160063
it.: 6 obj.: 3880.5200364101 vol.: 0.5002263535 ch.: 0.1095627471
it.: 7 obj.: 3820.8660546036 vol.: 0.4998932065 ch.: 0.0716810740
it.: 8 obj.: 3776.3823104405 vol.: 0.4997553879 ch.: 0.1131336465
it.: 9 obj.: 3730.2065618384 vol.: 0.5002417700 ch.: 0.1050246385
it.: 10 obj.: 3667.8041940580 vol.: 0.4999058193 ch.: 0.0987319147
it.: 11 obj.: 3613.4780578569 vol.: 0.5001650456 ch.: 0.1273525088
it.: 12 obj.: 3535.4679526512 vol.: 0.5001618463 ch.: 0.1179612208
it.: 13 obj.: 3446.5422884647 vol.: 0.4998085986 ch.: 0.1329892583
it.: 14 obj.: 3349.5387875415 vol.: 0.5001148699 ch.: 0.1292557540
it.: 15 obj.: 3238.9355303999 vol.: 0.4999546558 ch.: 0.1810657559
it.: 16 obj.: 3141.2582770320 vol.: 0.5000959981 ch.: 0.1450213033
it.: 17 obj.: 3056.6234197548 vol.: 0.4999104841 ch.: 0.1642302647
it.: 18 obj.: 2990.6640405685 vol.: 0.5000709307 ch.: 0.1089195402
it.: 19 obj.: 2933.5540457594 vol.: 0.4999093611 ch.: 0.1166400613
it.: 20 obj.: 2889.8698386471 vol.: 0.5000946069 ch.: 0.1149931576
it.: 21 obj.: 2849.6689040647 vol.: 0.4999895881 ch.: 0.1246934427
it.: 22 obj.: 2819.3365287582 vol.: 0.5000630051 ch.: 0.1182241531
it.: 23 obj.: 2793.1823604438 vol.: 0.4999406840 ch.: 0.1298231945
it.: 24 obj.: 2774.6362119810 vol.: 0.5000228052 ch.: 0.1187823492
it.: 25 obj.: 2758.9823387258 vol.: 0.4999451251 ch.: 0.0776884769
it.: 26 obj.: 2749.0016071524 vol.: 0.5000458610 ch.: 0.0708871479
it.: 27 obj.: 2739.9164105935 vol.: 0.5000508669 ch.: 0.0770298892
it.: 28 obj.: 2733.1737106815 vol.: 0.5000314856 ch.: 0.0775139960
it.: 29 obj.: 2727.4685119505 vol.: 0.4999749913 ch.: 0.0576990889
it.: 30 obj.: 2722.9996372795 vol.: 0.5000140908 ch.: 0.0594415454
it.: 31 obj.: 2718.0390567491 vol.: 0.4999873982 ch.: 0.0617396016
it.: 32 obj.: 2714.2634231885 vol.: 0.5000159247 ch.: 0.0654676282
it.: 33 obj.: 2710.3678152642 vol.: 0.4999670671 ch.: 0.0616204939
it.: 34 obj.: 2707.6353381725 vol.: 0.5000064038 ch.: 0.0515324953
it.: 35 obj.: 2704.6675419343 vol.: 0.4999994389 ch.: 0.0522977637
it.: 36 obj.: 2702.4158694555 vol.: 0.5000136143 ch.: 0.0528564729
it.: 37 obj.: 2700.1104748504 vol.: 0.4999833056 ch.: 0.0520902942
it.: 38 obj.: 2698.3838312781 vol.: 0.4999718945 ch.: 0.0529812229
it.: 39 obj.: 2696.5905541237 vol.: 0.5000232064 ch.: 0.0573640853
it.: 40 obj.: 2694.3545396702 vol.: 0.5000076875 ch.: 0.0634846206
it.: 41 obj.: 2693.0563107660 vol.: 0.5000143890 ch.: 0.0662380911
it.: 42 obj.: 2691.6339384491 vol.: 0.4999818753 ch.: 0.0671173116
it.: 43 obj.: 2690.6825009522 vol.: 0.5000025914 ch.: 0.0568366993
it.: 44 obj.: 2689.3245517748 vol.: 0.4999810938 ch.: 0.0338089623
it.: 45 obj.: 2688.6727497940 vol.: 0.4999808251 ch.: 0.0357476160
it.: 46 obj.: 2687.9075253655 vol.: 0.4999869672 ch.: 0.0364932919
it.: 47 obj.: 2687.1389985542 vol.: 0.4999988045 ch.: 0.0371598154
it.: 48 obj.: 2686.3669979958 vol.: 0.5000157834 ch.: 0.0377436195
it.: 49 obj.: 2685.5907186116 vol.: 0.4999867774 ch.: 0.0368974389
it.: 50 obj.: 2685.3012300894 vol.: 0.4999825934 ch.: 0.0387486106
it.: 51 obj.: 2684.8195478714 vol.: 0.4999906959 ch.: 0.0390711240
it.: 52 obj.: 2684.2494712862 vol.: 0.5000087161 ch.: 0.0393047473
it.: 53 obj.: 2683.6106051621 vol.: 0.5000051561 ch.: 0.0232210567
it.: 54 obj.: 2683.2451710383 vol.: 0.4999816772 ch.: 0.0238278033
it.: 55 obj.: 2683.1135899967 vol.: 0.5000030974 ch.: 0.0258431345
it.: 56 obj.: 2682.5679622255 vol.: 0.4999912236 ch.: 0.0273032113
it.: 57 obj.: 2682.3718233111 vol.: 0.5000061327 ch.: 0.0295225145
it.: 58 obj.: 2681.9383286704 vol.: 0.4999947072 ch.: 0.0304265272
it.: 59 obj.: 2681.7680366076 vol.: 0.4999925523 ch.: 0.0320191655
it.: 60 obj.: 2681.5183130076 vol.: 0.4999960402 ch.: 0.0335858348
it.: 61 obj.: 2681.2227887009 vol.: 0.5000044628 ch.: 0.0351541046
it.: 62 obj.: 2680.8871559263 vol.: 0.5000172070 ch.: 0.0367125466
it.: 63 obj.: 2680.5163753647 vol.: 0.4999962815 ch.: 0.0372654562
it.: 64 obj.: 2680.4751789160 vol.: 0.4999830617 ch.: 0.0388565766
it.: 65 obj.: 2680.3650154889 vol.: 0.5000138260 ch.: 0.0414895337
it.: 66 obj.: 2679.8359484642 vol.: 0.5000083226 ch.: 0.0416503460
it.: 67 obj.: 2679.6603994913 vol.: 0.5000083181 ch.: 0.0430271956
it.: 68 obj.: 2679.4358917868 vol.: 0.5000129607 ch.: 0.0442881090
it.: 69 obj.: 2679.1704409212 vol.: 0.4999841992 ch.: 0.0440435704
it.: 70 obj.: 2679.2309125480 vol.: 0.5000005010 ch.: 0.0466386838
it.: 71 obj.: 2678.8605040906 vol.: 0.4999814740 ch.: 0.0459046706
it.: 72 obj.: 2678.8348551946 vol.: 0.4999929341 ch.: 0.0237272208
it.: 73 obj.: 2678.5657176084 vol.: 0.4999968989 ch.: 0.0144534049
it.: 74 obj.: 2678.4202045431 vol.: 0.5000075513 ch.: 0.0131095963
it.: 75 obj.: 2678.2168930804 vol.: 0.4999889472 ch.: 0.0132439307
it.: 76 obj.: 2678.2996331001 vol.: 0.5000124096 ch.: 0.0131014507
it.: 77 obj.: 2677.9839357309 vol.: 0.5000041065 ch.: 0.0121448659
it.: 78 obj.: 2677.9773495918 vol.: 0.5000012876 ch.: 0.0122814646
it.: 79 obj.: 2677.9221740568 vol.: 0.4999992212 ch.: 0.0123830906
it.: 80 obj.: 2677.8637168127 vol.: 0.4999940686 ch.: 0.0124695885
it.: 81 obj.: 2677.8389757353 vol.: 0.4999921504 ch.: 0.0125560694
it.: 82 obj.: 2677.7865361172 vol.: 0.4999929958 ch.: 0.0126144325
it.: 83 obj.: 2677.7106175999 vol.: 0.4999961998 ch.: 0.0126473055
it.: 84 obj.: 2677.6148530108 vol.: 0.5000010493 ch.: 0.0126570676
it.: 85 obj.: 2677.5058808319 vol.: 0.5000030256 ch.: 0.0126458669
it.: 86 obj.: 2677.4270522000 vol.: 0.5000069580 ch.: 0.0126154668
it.: 87 obj.: 2677.3316077383 vol.: 0.5000125899 ch.: 0.0125679803
it.: 88 obj.: 2677.2218661095 vol.: 0.4999921680 ch.: 0.0113016786
it.: 89 obj.: 2677.3644051314 vol.: 0.5000026115 ch.: 0.0125927527
it.: 90 obj.: 2677.2121215533 vol.: 0.4999864523 ch.: 0.0112463439
it.: 91 obj.: 2677.3172765093 vol.: 0.5000006570 ch.: 0.0125421556
it.: 92 obj.: 2677.1320929682 vol.: 0.4999878239 ch.: 0.0111233091
it.: 93 obj.: 2677.2084330858 vol.: 0.5000049770 ch.: 0.0124305321
it.: 94 obj.: 2676.9978002635 vol.: 0.4999947447 ch.: 0.0109459429
it.: 95 obj.: 2677.0519502908 vol.: 0.4999866953 ch.: 0.0109390145
it.: 96 obj.: 2677.0864222197 vol.: 0.5000081115 ch.: 0.0122615790
it.: 97 obj.: 2676.8385845622 vol.: 0.5000015218 ch.: 0.0106807876
it.: 98 obj.: 2676.8614204598 vol.: 0.4999965776 ch.: 0.0106452184
it.: 99 obj.: 2676.8695544301 vol.: 0.4999931047 ch.: 0.0105944534
it.: 100 obj.: 2676.8646038045 vol.: 0.4999909494 ch.: 0.0105302242
it.: 101 obj.: 2676.8479966962 vol.: 0.4999899755 ch.: 0.0104541025
it.: 102 obj.: 2676.8209943724 vol.: 0.4999900627 ch.: 0.0103675153
it.: 103 obj.: 2676.7847108693 vol.: 0.4999911045 ch.: 0.0102717593
it.: 104 obj.: 2676.7401302195 vol.: 0.4999930068 ch.: 0.0101680126
it.: 105 obj.: 2676.6881216253 vol.: 0.4999956859 ch.: 0.0100573457
it.: 106 obj.: 2676.6294528308 vol.: 0.4999990682 ch.: 0.0099407302
