minimum compliance problem with optimizer oc
number of spatial dimensions: 2
elements: 160 x 100
volfrac: 0.4 rmin: 3  penal: 3.0
filter: Sensitivity based
filter mode: matrix
it.: 1 obj.: 483.8669057090 vol.: 0.4002566575 ch.: 0.2000000000
it.: 2 obj.: 268.8585422863 vol.: 0.3998630476 ch.: 0.2000000000
it.: 3 obj.: 184.4393800092 vol.: 0.3997826462 ch.: 0.2000000000
it.: 4 obj.: 142.5259976539 vol.: 0.3998465741 ch.: 0.2000000000
it.: 5 obj.: 124.3299037052 vol.: 0.4000239993 ch.: 0.2000000000
it.: 6 obj.: 108.7444513793 vol.: 0.4000880628 ch.: 0.2000000000
it.: 7 obj.: 96.3125774853 vol.: 0.4000808300 ch.: 0.2000000000
it.: 8 obj.: 86.0605528590 vol.: 0.3999032258 ch.: 0.2000000000
it.: 9 obj.: 78.5234261405 vol.: 0.4000760004 ch.: 0.2000000000
it.: 10 obj.: 73.0581092289 vol.: 0.3998729139 ch.: 0.2000000000
it.: 11 obj.: 69.2040172738 vol.: 0.3999740853 ch.: 0.2000000000
it.: 12 obj.: 66.1706460849 vol.: 0.3999468517 ch.: 0.2000000000
it.: 13 obj.: 63.8262008234 vol.: 0.3999778461 ch.: 0.2000000000
it.: 14 obj.: 61.7953391642 vol.: 0.3999631767 ch.: 0.2000000000
it.: 15 obj.: 60.3658402187 vol.: 0.3999289108 ch.: 0.2000000000
it.: 16 obj.: 59.6121093687 vol.: 0.4000241815 ch.: 0.2000000000
it.: 17 obj.: 59.2798228803 vol.: 0.3999837217 ch.: 0.1611226569
it.: 18 obj.: 59.0686265937 vol.: 0.3999808086 ch.: 0.1448703657
it.: 19 obj.: 58.8597505359 vol.: 0.3999744701 ch.: 0.1489192899
it.: 20 obj.: 58.6658126596 vol.: 0.3999953980 ch.: 0.1594146699
it.: 21 obj.: 58.4865799704 vol.: 0.3999387829 ch.: 0.1691111788
it.: 22 obj.: 58.3218470598 vol.: 0.3999601585 ch.: 0.1615457471
it.: 23 obj.: 58.1293371057 vol.: 0.4000114791 ch.: 0.1300968929
it.: 24 obj.: 57.9859039693 vol.: 0.3999635966 ch.: 0.1040682234
it.: 25 obj.: 57.9362839196 vol.: 0.3999830654 ch.: 0.0944319720
it.: 26 obj.: 57.8998561558 vol.: 0.3999456538 ch.: 0.0822987230
it.: 27 obj.: 57.8893109779 vol.: 0.3999870743 ch.: 0.1206792329
it.: 28 obj.: 57.8703854469 vol.: 0.4000562096 ch.: 0.1241594050
it.: 29 obj.: 57.8502569754 vol.: 0.3999988962 ch.: 0.1127284828
it.: 30 obj.: 57.8572745742 vol.: 0.3999772943 ch.: 0.1076564664
it.: 31 obj.: 57.8545611006 vol.: 0.3999618422 ch.: 0.0884624286
it.: 32 obj.: 57.8511524287 vol.: 0.3999612022 ch.: 0.0700290899
it.: 33 obj.: 57.8449496442 vol.: 0.3999690847 ch.: 0.0731263382
it.: 34 obj.: 57.8377294763 vol.: 0.3999745807 ch.: 0.0633048818
it.: 35 obj.: 57.8325975505 vol.: 0.3999729921 ch.: 0.0510777351
it.: 36 obj.: 57.8306946305 vol.: 0.3999733894 ch.: 0.0409086439
it.: 37 obj.: 57.8283338183 vol.: 0.3999755053 ch.: 0.0351563107
it.: 38 obj.: 57.8256086060 vol.: 0.3999815485 ch.: 0.0334773189
it.: 39 obj.: 57.8220371946 vol.: 0.3999931957 ch.: 0.0533984636
it.: 40 obj.: 57.8181352618 vol.: 0.4000089242 ch.: 0.0877418728
it.: 41 obj.: 57.8140651498 vol.: 0.4000254197 ch.: 0.0869487684
it.: 42 obj.: 57.8101822490 vol.: 0.4000400349 ch.: 0.0681166203
it.: 43 obj.: 57.8075456080 vol.: 0.4000578617 ch.: 0.0590513319
it.: 44 obj.: 57.8051432735 vol.: 0.3999481887 ch.: 0.0828089885
it.: 45 obj.: 57.8268115064 vol.: 0.4000085293 ch.: 0.0790534277
it.: 46 obj.: 57.8120603750 vol.: 0.4000402898 ch.: 0.0604198856
it.: 47 obj.: 57.8056159234 vol.: 0.3999411408 ch.: 0.0430494139
it.: 48 obj.: 57.8242744470 vol.: 0.4000073531 ch.: 0.0321649045
it.: 49 obj.: 57.8084193318 vol.: 0.4000437506 ch.: 0.0354036938
it.: 50 obj.: 57.8014088403 vol.: 0.3999455504 ch.: 0.0383174641
it.: 51 obj.: 57.8205101011 vol.: 0.4000145217 ch.: 0.0316659240
it.: 52 obj.: 57.8048082900 vol.: 0.4000525857 ch.: 0.0312215810
it.: 53 obj.: 57.7984271688 vol.: 0.3999557102 ch.: 0.0331061561
it.: 54 obj.: 57.8180356819 vol.: 0.4000233173 ch.: 0.0274392526
it.: 55 obj.: 57.8027832750 vol.: 0.4000592021 ch.: 0.0208587845
it.: 56 obj.: 57.7965909191 vol.: 0.3999590205 ch.: 0.0243677541
it.: 57 obj.: 57.8165519449 vol.: 0.4000268552 ch.: 0.0262820761
it.: 58 obj.: 57.8009629656 vol.: 0.3999356729 ch.: 0.0228194499
it.: 59 obj.: 57.8185839150 vol.: 0.4000175990 ch.: 0.0306002286
it.: 60 obj.: 57.8000192578 vol.: 0.3999347253 ch.: 0.0344513778
it.: 61 obj.: 57.8162412618 vol.: 0.4000223819 ch.: 0.0362593529
it.: 62 obj.: 57.7968982616 vol.: 0.3999462252 ch.: 0.0441624138
it.: 63 obj.: 57.8120021606 vol.: 0.4000395859 ch.: 0.0372518740
it.: 64 obj.: 57.7920769750 vol.: 0.3999669158 ch.: 0.0365150950
it.: 65 obj.: 57.8070134437 vol.: 0.4000604656 ch.: 0.0306217828
it.: 66 obj.: 57.7871893785 vol.: 0.3999846209 ch.: 0.0246055813
it.: 67 obj.: 57.8028031871 vol.: 0.3999409639 ch.: 0.0347829663
it.: 68 obj.: 57.8096938207 vol.: 0.4000323005 ch.: 0.0374010571
it.: 69 obj.: 57.7909927943 vol.: 0.3999624743 ch.: 0.0290221772
it.: 70 obj.: 57.8058661615 vol.: 0.4000564421 ch.: 0.0381054262
it.: 71 obj.: 57.7873587373 vol.: 0.3999838215 ch.: 0.0423993934
it.: 72 obj.: 57.8038043069 vol.: 0.3999461903 ch.: 0.0377591099
it.: 73 obj.: 57.8103500313 vol.: 0.4000455363 ch.: 0.0342236205
it.: 74 obj.: 57.7905687261 vol.: 0.3999786223 ch.: 0.0275726874
it.: 75 obj.: 57.8055819144 vol.: 0.3999436605 ch.: 0.0350325107
it.: 76 obj.: 57.8112802931 vol.: 0.4000448486 ch.: 0.0347653928
it.: 77 obj.: 57.7905234493 vol.: 0.3999776170 ch.: 0.0267682050
it.: 78 obj.: 57.8051361163 vol.: 0.3999429177 ch.: 0.0332646642
it.: 79 obj.: 57.8105639753 vol.: 0.4000448246 ch.: 0.0419905047
it.: 80 obj.: 57.7897648127 vol.: 0.3999783106 ch.: 0.0357255793
it.: 81 obj.: 57.8043280584 vol.: 0.3999442492 ch.: 0.0274370503
it.: 82 obj.: 57.8094586514 vol.: 0.4000485130 ch.: 0.0431064490
it.: 83 obj.: 57.7877180301 vol.: 0.3999832568 ch.: 0.0412515471
it.: 84 obj.: 57.8016874635 vol.: 0.3999527856 ch.: 0.0327953489
it.: 85 obj.: 57.8059359913 vol.: 0.4000597769 ch.: 0.0473653882
it.: 86 obj.: 57.7839590596 vol.: 0.3999979950 ch.: 0.0433610207
it.: 87 obj.: 57.7972803465 vol.: 0.3999681586 ch.: 0.0323689820
it.: 88 obj.: 57.8009948421 vol.: 0.3999417471 ch.: 0.0229451496
it.: 89 obj.: 57.8033501361 vol.: 0.4000553543 ch.: 0.0188118576
it.: 90 obj.: 57.7791002400 vol.: 0.3999972033 ch.: 0.0173555362
it.: 91 obj.: 57.7914621297 vol.: 0.3999693055 ch.: 0.0231588673
it.: 92 obj.: 57.7958964467 vol.: 0.3999433473 ch.: 0.0381325497
it.: 93 obj.: 57.7998789021 vol.: 0.4000566601 ch.: 0.0407239994
it.: 94 obj.: 57.7774982937 vol.: 0.3999965603 ch.: 0.0321823929
it.: 95 obj.: 57.7915595744 vol.: 0.3999693799 ch.: 0.0300102344
it.: 96 obj.: 57.7964108281 vol.: 0.3999464264 ch.: 0.0467295882
it.: 97 obj.: 57.8003499453 vol.: 0.4000636370 ch.: 0.0578215024
it.: 98 obj.: 57.7776840567 vol.: 0.4000057558 ch.: 0.0481109850
it.: 99 obj.: 57.7917293902 vol.: 0.3999791853 ch.: 0.0392034758
it.: 100 obj.: 57.7962732755 vol.: 0.3999532426 ch.: 0.0494780802
it.: 101 obj.: 57.7998925805 vol.: 0.3999338107 ch.: 0.0416873868
it.: 102 obj.: 57.8018674124 vol.: 0.4000519277 ch.: 0.0343965686
it.: 103 obj.: 57.7780863518 vol.: 0.3999936970 ch.: 0.0518868733
it.: 104 obj.: 57.7916990029 vol.: 0.3999689954 ch.: 0.0480716025
it.: 105 obj.: 57.7952563200 vol.: 0.3999449242 ch.: 0.0356355683
it.: 106 obj.: 57.7982311473 vol.: 0.4000634148 ch.: 0.0503305395
it.: 107 obj.: 57.7740494177 vol.: 0.4000064361 ch.: 0.0600629441
it.: 108 obj.: 57.7870540353 vol.: 0.3999825953 ch.: 0.0494018175
it.: 109 obj.: 57.7900766192 vol.: 0.3999567438 ch.: 0.0346251302
it.: 110 obj.: 57.7928476294 vol.: 0.3999365376 ch.: 0.0235945389
it.: 111 obj.: 57.7941846206 vol.: 0.4000526597 ch.: 0.0179202844
it.: 112 obj.: 57.7696566634 vol.: 0.3999918377 ch.: 0.0174127160
it.: 113 obj.: 57.7826661642 vol.: 0.3999638919 ch.: 0.0318821666
it.: 114 obj.: 57.7860721671 vol.: 0.3999346359 ch.: 0.0365162895
it.: 115 obj.: 57.7892338173 vol.: 0.4000445062 ch.: 0.0299209942
it.: 116 obj.: 57.7657638571 vol.: 0.3999781200 ch.: 0.0210170983
it.: 117 obj.: 57.7795518377 vol.: 0.3999450041 ch.: 0.0234217441
it.: 118 obj.: 57.7837102937 vol.: 0.4000452416 ch.: 0.0251586338
it.: 119 obj.: 57.7625517607 vol.: 0.3999737294 ch.: 0.0408589549
it.: 120 obj.: 57.7775009333 vol.: 0.3999334943 ch.: 0.0429395876
it.: 121 obj.: 57.7831105128 vol.: 0.4000298927 ch.: 0.0337820063
it.: 122 obj.: 57.7627132694 vol.: 0.3999587734 ch.: 0.0691823726
it.: 123 obj.: 57.7781232403 vol.: 0.4000590142 ch.: 0.0815510055
it.: 124 obj.: 57.7581744090 vol.: 0.3999809002 ch.: 0.0885780822
it.: 125 obj.: 57.7753320719 vol.: 0.3999419739 ch.: 0.0718171030
it.: 126 obj.: 57.7806943421 vol.: 0.4000376699 ch.: 0.0498634971
it.: 127 obj.: 57.7599137242 vol.: 0.3999635411 ch.: 0.0459971117
it.: 128 obj.: 57.7752652128 vol.: 0.4000608396 ch.: 0.0552785458
it.: 129 obj.: 57.7551596285 vol.: 0.3999769108 ch.: 0.0575206419
it.: 130 obj.: 57.7728309973 vol.: 0.3999327584 ch.: 0.0456674958
it.: 131 obj.: 57.7784024125 vol.: 0.4000218987 ch.: 0.0318182205
it.: 132 obj.: 57.7579865556 vol.: 0.3999379543 ch.: 0.0306582566
it.: 133 obj.: 57.7739147743 vol.: 0.4000279179 ch.: 0.0296806828
it.: 134 obj.: 57.7532862025 vol.: 0.3999383537 ch.: 0.0590263407
it.: 135 obj.: 57.7709671168 vol.: 0.4000295578 ch.: 0.0713298150
it.: 136 obj.: 57.7501578357 vol.: 0.3999354466 ch.: 0.0581033346
it.: 137 obj.: 57.7681808168 vol.: 0.4000206013 ch.: 0.0400624839
it.: 138 obj.: 57.7477732170 vol.: 0.4000562401 ch.: 0.0323125249
it.: 139 obj.: 57.7404139949 vol.: 0.3999559819 ch.: 0.0287790855
it.: 140 obj.: 57.7583399651 vol.: 0.4000232647 ch.: 0.0217848499
it.: 141 obj.: 57.7408298635 vol.: 0.4000540879 ch.: 0.0433127552
it.: 142 obj.: 57.7335466142 vol.: 0.3999461160 ch.: 0.0501401048
it.: 143 obj.: 57.7526601890 vol.: 0.4000097536 ch.: 0.0413160001
it.: 144 obj.: 57.7351804393 vol.: 0.4000365495 ch.: 0.0412724131
it.: 145 obj.: 57.7282998837 vol.: 0.4000620990 ch.: 0.0783739144
it.: 146 obj.: 57.7222219118 vol.: 0.3999433683 ch.: 0.0858160824
it.: 147 obj.: 57.7438719822 vol.: 0.4000045700 ch.: 0.0779617320
it.: 148 obj.: 57.7276249922 vol.: 0.4000267780 ch.: 0.1038067990
it.: 149 obj.: 57.7225470432 vol.: 0.4000467770 ch.: 0.0888384372
it.: 150 obj.: 57.7177451643 vol.: 0.4000532558 ch.: 0.0616021504
it.: 151 obj.: 57.7153182455 vol.: 0.4000537616 ch.: 0.0393882385
it.: 152 obj.: 57.7133610099 vol.: 0.4000474274 ch.: 0.0252638265
it.: 153 obj.: 57.7123551720 vol.: 0.4000410625 ch.: 0.0373705434
it.: 154 obj.: 57.7114316542 vol.: 0.4000366339 ch.: 0.0597099253
it.: 155 obj.: 57.7113092466 vol.: 0.4000362559 ch.: 0.1259678214
it.: 156 obj.: 57.7110521759 vol.: 0.4000335681 ch.: 0.1357923563
it.: 157 obj.: 57.7108151015 vol.: 0.4000272191 ch.: 0.1035072056
it.: 158 obj.: 57.7101533740 vol.: 0.4000158184 ch.: 0.0669827848
it.: 159 obj.: 57.7095765197 vol.: 0.4000005228 ch.: 0.0410285686
it.: 160 obj.: 57.7092392663 vol.: 0.3999856657 ch.: 0.0275528456
it.: 161 obj.: 57.7089640235 vol.: 0.3999741516 ch.: 0.0614136958
it.: 162 obj.: 57.7088725782 vol.: 0.3999647407 ch.: 0.0743556644
it.: 163 obj.: 57.7087262552 vol.: 0.3999557089 ch.: 0.0662734075
it.: 164 obj.: 57.7083728442 vol.: 0.3999464945 ch.: 0.0557976175
it.: 165 obj.: 57.7079695622 vol.: 0.3999342599 ch.: 0.0679245920
it.: 166 obj.: 57.7079635447 vol.: 0.4000538576 ch.: 0.0644090824
it.: 167 obj.: 57.6823547808 vol.: 0.3999898747 ch.: 0.0474426681
it.: 168 obj.: 57.6949115863 vol.: 0.3999592269 ch.: 0.0368561740
it.: 169 obj.: 57.6979809683 vol.: 0.3999331637 ch.: 0.0853667565
it.: 170 obj.: 57.7012500234 vol.: 0.4000580022 ch.: 0.1475709419
it.: 171 obj.: 57.6765930960 vol.: 0.4000040491 ch.: 0.1426031577
it.: 172 obj.: 57.6897922287 vol.: 0.3999853738 ch.: 0.1236660712
it.: 173 obj.: 57.6919203059 vol.: 0.3999577817 ch.: 0.0908864857
it.: 174 obj.: 57.6944896805 vol.: 0.3999328460 ch.: 0.0654312108
it.: 175 obj.: 57.6954121779 vol.: 0.4000392482 ch.: 0.0463195877
it.: 176 obj.: 57.6715262038 vol.: 0.3999683438 ch.: 0.0825601357
it.: 177 obj.: 57.6851198619 vol.: 0.4000632759 ch.: 0.0825927099
it.: 178 obj.: 57.6636966210 vol.: 0.3999727216 ch.: 0.0609544936
it.: 179 obj.: 57.6808147268 vol.: 0.4000570046 ch.: 0.0407314734
it.: 180 obj.: 57.6604588346 vol.: 0.3999571389 ch.: 0.0255568079
it.: 181 obj.: 57.6788979272 vol.: 0.4000421720 ch.: 0.0645343165
it.: 182 obj.: 57.6591700465 vol.: 0.3999470772 ch.: 0.0902964677
it.: 183 obj.: 57.6783941924 vol.: 0.4000363048 ch.: 0.0894317035
it.: 184 obj.: 57.6585037191 vol.: 0.3999350020 ch.: 0.0868849389
it.: 185 obj.: 57.6782630865 vol.: 0.4000153608 ch.: 0.0644085992
it.: 186 obj.: 57.6588228404 vol.: 0.4000439554 ch.: 0.0524512284
it.: 187 obj.: 57.6531803389 vol.: 0.3999417531 ch.: 0.0941033835
it.: 188 obj.: 57.6721470509 vol.: 0.4000035253 ch.: 0.0942362392
it.: 189 obj.: 57.6563536940 vol.: 0.4000307336 ch.: 0.0699801380
it.: 190 obj.: 57.6504119481 vol.: 0.4000577385 ch.: 0.0877001289
it.: 191 obj.: 57.6456866876 vol.: 0.3999446409 ch.: 0.0981340363
it.: 192 obj.: 57.6679831579 vol.: 0.4000071049 ch.: 0.1065158555
it.: 193 obj.: 57.6524409146 vol.: 0.4000256949 ch.: 0.0812506516
it.: 194 obj.: 57.6480642267 vol.: 0.4000420552 ch.: 0.0519830058
it.: 195 obj.: 57.6436952150 vol.: 0.4000440698 ch.: 0.0311313649
it.: 196 obj.: 57.6422283084 vol.: 0.4000450971 ch.: 0.0184493776
it.: 197 obj.: 57.6405775158 vol.: 0.4000441944 ch.: 0.0514652440
it.: 198 obj.: 57.6401553308 vol.: 0.4000487741 ch.: 0.0959338397
it.: 199 obj.: 57.6397593316 vol.: 0.4000529663 ch.: 0.1180645378
it.: 200 obj.: 57.6395833753 vol.: 0.4000540452 ch.: 0.0956728476
it.: 201 obj.: 57.6392228784 vol.: 0.4000495509 ch.: 0.0623241035
it.: 202 obj.: 57.6391953301 vol.: 0.4000412480 ch.: 0.0366933715
it.: 203 obj.: 57.6393450739 vol.: 0.4000310487 ch.: 0.0209673474
it.: 204 obj.: 57.6398328919 vol.: 0.4000247665 ch.: 0.0761508939
it.: 205 obj.: 57.6403429907 vol.: 0.4000257976 ch.: 0.1163462574
it.: 206 obj.: 57.6406947692 vol.: 0.4000313787 ch.: 0.1057173083
it.: 207 obj.: 57.6408970943 vol.: 0.4000361023 ch.: 0.1012800374
it.: 208 obj.: 57.6412135297 vol.: 0.4000417128 ch.: 0.1048056728
it.: 209 obj.: 57.6414873320 vol.: 0.4000484821 ch.: 0.1875145914
it.: 210 obj.: 57.6409045896 vol.: 0.4000534014 ch.: 0.1833464203
it.: 211 obj.: 57.6388534645 vol.: 0.4000552033 ch.: 0.1299944291
it.: 212 obj.: 57.6370161377 vol.: 0.4000530363 ch.: 0.0767315919
it.: 213 obj.: 57.6362407835 vol.: 0.4000516049 ch.: 0.0865668611
it.: 214 obj.: 57.6360774173 vol.: 0.4000539179 ch.: 0.1609785498
it.: 215 obj.: 57.6359994174 vol.: 0.4000572720 ch.: 0.1610698012
it.: 216 obj.: 57.6353353416 vol.: 0.4000572703 ch.: 0.1163877324
it.: 217 obj.: 57.6345513364 vol.: 0.4000519806 ch.: 0.0709760955
it.: 218 obj.: 57.6342663035 vol.: 0.4000453083 ch.: 0.0480311804
it.: 219 obj.: 57.6344335819 vol.: 0.4000451014 ch.: 0.1089381636
it.: 220 obj.: 57.6348421856 vol.: 0.4000557012 ch.: 0.1323067988
it.: 221 obj.: 57.6349605654 vol.: 0.3999356348 ch.: 0.1477187049
it.: 222 obj.: 57.6595710323 vol.: 0.3999913582 ch.: 0.1242166734
it.: 223 obj.: 57.6457062762 vol.: 0.4000049483 ch.: 0.0923287505
it.: 224 obj.: 57.6423574481 vol.: 0.4000181490 ch.: 0.0575893396
it.: 225 obj.: 57.6388163579 vol.: 0.4000209004 ch.: 0.0526190358
it.: 226 obj.: 57.6377975353 vol.: 0.4000231670 ch.: 0.0666900014
it.: 227 obj.: 57.6366297418 vol.: 0.4000200372 ch.: 0.0545740077
it.: 228 obj.: 57.6364053202 vol.: 0.4000184710 ch.: 0.0605196255
it.: 229 obj.: 57.6360579920 vol.: 0.4000163694 ch.: 0.1027197311
it.: 230 obj.: 57.6362524022 vol.: 0.4000159120 ch.: 0.0978500589
it.: 231 obj.: 57.6363626667 vol.: 0.4000160333 ch.: 0.1086479409
it.: 232 obj.: 57.6367014646 vol.: 0.4000155305 ch.: 0.1259397439
it.: 233 obj.: 57.6367779402 vol.: 0.4000111775 ch.: 0.0985362354
it.: 234 obj.: 57.6369971832 vol.: 0.4000040387 ch.: 0.0634909051
it.: 235 obj.: 57.6372807268 vol.: 0.3999949258 ch.: 0.0376781948
it.: 236 obj.: 57.6376694659 vol.: 0.3999851138 ch.: 0.0221182790
it.: 237 obj.: 57.6380313974 vol.: 0.3999748448 ch.: 0.0135138935
it.: 238 obj.: 57.6384377040 vol.: 0.3999648383 ch.: 0.0089180084
