minimum compliance problem with optimizer oc
number of spatial dimensions: 3
elements: 120 x 40 x 20
volfrac: 0.5 rmin: 2.4  penal: 3.0
filter: Density based
filter mode: matrix
it.: 1 obj.: 22516.4056378226 vol.: 0.5000529248 ch.: 0.2000000000
it.: 2 obj.: 12766.3404355507 vol.: 0.5002141939 ch.: 0.2000000000
it.: 3 obj.: 9022.8479434143 vol.: 0.4999146663 ch.: 0.2000000000
it.: 4 obj.: 7498.7430572183 vol.: 0.5000911482 ch.: 0.2000000000
it.: 5 obj.: 6968.5149726835 vol.: 0.5001676234 ch.: 0.2000000000
it.: 6 obj.: 6486.3195501518 vol.: 0.4998522870 ch.: 0.2000000000
it.: 7 obj.: 5932.6486822143 vol.: 0.5001345671 ch.: 0.2000000000
it.: 8 obj.: 5356.7295938287 vol.: 0.5000060518 ch.: 0.2000000000
it.: 9 obj.: 4908.9118778636 vol.: 0.5000192031 ch.: 0.2000000000
it.: 10 obj.: 4612.6381586001 vol.: 0.5000309794 ch.: 0.2000000000
it.: 11 obj.: 4440.1427607455 vol.: 0.4999788200 ch.: 0.2000000000
it.: 12 obj.: 4349.9695024199 vol.: 0.5000240920 ch.: 0.2000000000
it.: 13 obj.: 4299.2645829924 vol.: 0.4999963705 ch.: 0.2000000000
it.: 14 obj.: 4268.7025495303 vol.: 0.5000219506 ch.: 0.2000000000
it.: 15 obj.: 4248.5084695849 vol.: 0.4999932549 ch.: 0.2000000000
it.: 16 obj.: 4233.7813074322 vol.: 0.4999968614 ch.: 0.2000000000
it.: 17 obj.: 4222.2466545504 vol.: 0.4999860206 ch.: 0.2000000000
it.: 18 obj.: 4213.2026096051 vol.: 0.5000010582 ch.: 0.2000000000
it.: 19 obj.: 4206.2443342654 vol.: 0.5000008717 ch.: 0.2000000000
it.: 20 obj.: 4200.6872692494 vol.: 0.5000067826 ch.: 0.2000000000
it.: 21 obj.: 4196.1071015866 vol.: 0.4999925363 ch.: 0.2000000000
it.: 22 obj.: 4192.2698916727 vol.: 0.5000096921 ch.: 0.2000000000
it.: 23 obj.: 4188.6864384344 vol.: 0.5000044600 ch.: 0.2000000000
it.: 24 obj.: 4185.7434275931 vol.: 0.5000030254 ch.: 0.2000000000
it.: 25 obj.: 4183.1964343153 vol.: 0.4999903075 ch.: 0.2000000000
it.: 26 obj.: 4181.2236212299 vol.: 0.4999978360 ch.: 0.2000000000
it.: 27 obj.: 4179.4617269286 vol.: 0.4999904388 ch.: 0.2000000000
it.: 28 obj.: 4177.9385738855 vol.: 0.4999944402 ch.: 0.2000000000
it.: 29 obj.: 4176.4463922197 vol.: 0.5000083139 ch.: 0.2000000000
it.: 30 obj.: 4175.0419932067 vol.: 0.5000039016 ch.: 0.2000000000
it.: 31 obj.: 4173.7518447044 vol.: 0.5000076432 ch.: 0.2000000000
it.: 32 obj.: 4172.4042818501 vol.: 0.5000069904 ch.: 0.2000000000
it.: 33 obj.: 4171.0951546375 vol.: 0.4999998595 ch.: 0.2000000000
it.: 34 obj.: 4169.8674884851 vol.: 0.5000005318 ch.: 0.2000000000
it.: 35 obj.: 4168.6795871531 vol.: 0.4999935474 ch.: 0.2000000000
it.: 36 obj.: 4167.7142841737 vol.: 0.4999987027 ch.: 0.2000000000
it.: 37 obj.: 4166.8268480284 vol.: 0.4999941540 ch.: 0.2000000000
it.: 38 obj.: 4166.1274095145 vol.: 0.5000007424 ch.: 0.2000000000
it.: 39 obj.: 4165.4286874903 vol.: 0.5000050021 ch.: 0.2000000000
it.: 40 obj.: 4164.7636098234 vol.: 0.4999974618 ch.: 0.2000000000
it.: 41 obj.: 4164.1722182687 vol.: 0.4999944624 ch.: 0.2000000000
it.: 42 obj.: 4163.5807178047 vol.: 0.5000000518 ch.: 0.2000000000
it.: 43 obj.: 4162.9891925778 vol.: 0.5000033030 ch.: 0.1972134562
it.: 44 obj.: 4162.4297999591 vol.: 0.5000010874 ch.: 0.2000000000
it.: 45 obj.: 4161.9066799469 vol.: 0.4999954669 ch.: 0.2000000000
it.: 46 obj.: 4161.3926549915 vol.: 0.5000015409 ch.: 0.2000000000
it.: 47 obj.: 4160.8369026935 vol.: 0.4999957697 ch.: 0.1766643443
it.: 48 obj.: 4160.4230551148 vol.: 0.5000036205 ch.: 0.2000000000
it.: 49 obj.: 4159.9613959349 vol.: 0.4999964511 ch.: 0.2000000000
it.: 50 obj.: 4159.5996931984 vol.: 0.4999991928 ch.: 0.2000000000
it.: 51 obj.: 4159.1878558314 vol.: 0.5000045986 ch.: 0.1960839901
it.: 52 obj.: 4158.7737812044 vol.: 0.5000028570 ch.: 0.2000000000
it.: 53 obj.: 4158.4189013504 vol.: 0.5000008084 ch.: 0.2000000000
it.: 54 obj.: 4158.0852386237 vol.: 0.4999979682 ch.: 0.2000000000
it.: 55 obj.: 4157.7812883261 vol.: 0.5000026460 ch.: 0.2000000000
it.: 56 obj.: 4157.4176351576 vol.: 0.5000021313 ch.: 0.2000000000
it.: 57 obj.: 4157.0974296451 vol.: 0.5000028981 ch.: 0.1875432209
it.: 58 obj.: 4156.7828466749 vol.: 0.5000044594 ch.: 0.1906705365
it.: 59 obj.: 4156.4649632326 vol.: 0.4999989387 ch.: 0.2000000000
it.: 60 obj.: 4156.1965436087 vol.: 0.5000000173 ch.: 0.2000000000
it.: 61 obj.: 4155.8944954587 vol.: 0.5000034728 ch.: 0.1761312772
it.: 62 obj.: 4155.6103041082 vol.: 0.5000017802 ch.: 0.2000000000
it.: 63 obj.: 4155.3923468297 vol.: 0.4999980704 ch.: 0.2000000000
it.: 64 obj.: 4155.2001427723 vol.: 0.5000008373 ch.: 0.1862568512
it.: 65 obj.: 4154.9834166273 vol.: 0.4999980612 ch.: 0.2000000000
it.: 66 obj.: 4154.8017593410 vol.: 0.4999969671 ch.: 0.1975680760
it.: 67 obj.: 4154.6077208362 vol.: 0.5000019300 ch.: 0.1573774093
it.: 68 obj.: 4154.3727156221 vol.: 0.5000006487 ch.: 0.1434670860
it.: 69 obj.: 4154.1844245817 vol.: 0.5000025249 ch.: 0.1926532411
it.: 70 obj.: 4153.9704947654 vol.: 0.5000010629 ch.: 0.2000000000
it.: 71 obj.: 4153.7697342853 vol.: 0.4999961011 ch.: 0.1734566677
it.: 72 obj.: 4153.5913828892 vol.: 0.5000036207 ch.: 0.2000000000
it.: 73 obj.: 4153.3294964775 vol.: 0.5000021059 ch.: 0.2000000000
it.: 74 obj.: 4153.1347704023 vol.: 0.4999977268 ch.: 0.1885186187
it.: 75 obj.: 4152.9778968614 vol.: 0.5000006402 ch.: 0.1663363387
it.: 76 obj.: 4152.7774263695 vol.: 0.5000021458 ch.: 0.1624016437
it.: 77 obj.: 4152.5871057505 vol.: 0.4999991157 ch.: 0.2000000000
it.: 78 obj.: 4152.4204632008 vol.: 0.4999974030 ch.: 0.2000000000
it.: 79 obj.: 4152.2446413940 vol.: 0.4999987134 ch.: 0.2000000000
it.: 80 obj.: 4152.0523689929 vol.: 0.5000018512 ch.: 0.1243244828
it.: 81 obj.: 4151.8806272800 vol.: 0.4999991284 ch.: 0.1508277639
it.: 82 obj.: 4151.7514007008 vol.: 0.4999995858 ch.: 0.1576773692
it.: 83 obj.: 4151.5961000803 vol.: 0.5000005558 ch.: 0.2000000000
it.: 84 obj.: 4151.4383984589 vol.: 0.4999967591 ch.: 0.1887911898
it.: 85 obj.: 4151.3106911435 vol.: 0.5000015954 ch.: 0.2000000000
it.: 86 obj.: 4151.1303242938 vol.: 0.4999969366 ch.: 0.1182552070
it.: 87 obj.: 4151.0302625591 vol.: 0.5000006761 ch.: 0.1239971606
it.: 88 obj.: 4150.8772652100 vol.: 0.4999981378 ch.: 0.1143022854
it.: 89 obj.: 4150.7672542769 vol.: 0.5000014992 ch.: 0.1259331142
it.: 90 obj.: 4150.6194261788 vol.: 0.4999990244 ch.: 0.1358886568
it.: 91 obj.: 4150.5103711624 vol.: 0.4999997557 ch.: 0.1348007927
it.: 92 obj.: 4150.3877442844 vol.: 0.5000011802 ch.: 0.1613716592
it.: 93 obj.: 4150.2598778544 vol.: 0.4999972820 ch.: 0.1175405328
it.: 94 obj.: 4150.1674580642 vol.: 0.5000022659 ch.: 0.1449156234
it.: 95 obj.: 4150.0089044201 vol.: 0.4999971054 ch.: 0.1738335498
it.: 96 obj.: 4149.9102552515 vol.: 0.4999972596 ch.: 0.1954083697
it.: 97 obj.: 4149.7753384212 vol.: 0.4999985365 ch.: 0.2000000000
it.: 98 obj.: 4149.6303075074 vol.: 0.4999991773 ch.: 0.1778619845
it.: 99 obj.: 4149.4950139401 vol.: 0.5000018672 ch.: 0.2000000000
it.: 100 obj.: 4149.3408874489 vol.: 0.4999993234 ch.: 0.2000000000
it.: 101 obj.: 4149.2234923723 vol.: 0.5000018642 ch.: 0.2000000000
it.: 102 obj.: 4149.0745932985 vol.: 0.4999976839 ch.: 0.1828088930
it.: 103 obj.: 4148.9766219113 vol.: 0.5000001269 ch.: 0.1897592202
it.: 104 obj.: 4148.8507972963 vol.: 0.5000015586 ch.: 0.1679983704
it.: 105 obj.: 4148.7367426755 vol.: 0.4999999566 ch.: 0.1642833444
it.: 106 obj.: 4148.6347558617 vol.: 0.5000001383 ch.: 0.1931634078
it.: 107 obj.: 4148.5169311477 vol.: 0.4999987172 ch.: 0.2000000000
it.: 108 obj.: 4148.4021996052 vol.: 0.5000018688 ch.: 0.2000000000
it.: 109 obj.: 4148.2674783301 vol.: 0.5000009175 ch.: 0.1384735214
it.: 110 obj.: 4148.1815482252 vol.: 0.5000023291 ch.: 0.1740516515
it.: 111 obj.: 4148.0775031596 vol.: 0.5000005732 ch.: 0.1523416877
it.: 112 obj.: 4147.9929164870 vol.: 0.5000023100 ch.: 0.1199509435
it.: 113 obj.: 4147.8962732349 vol.: 0.4999998810 ch.: 0.1516371281
it.: 114 obj.: 4147.8241878116 vol.: 0.4999985929 ch.: 0.1930224053
it.: 115 obj.: 4147.7411349050 vol.: 0.4999982726 ch.: 0.1847979611
it.: 116 obj.: 4147.6608411051 vol.: 0.5000021567 ch.: 0.2000000000
it.: 117 obj.: 4147.5550669084 vol.: 0.5000014709 ch.: 0.1284114233
it.: 118 obj.: 4147.4839261805 vol.: 0.5000010897 ch.: 0.1656643332
it.: 119 obj.: 4147.4091392776 vol.: 0.5000022093 ch.: 0.2000000000
it.: 120 obj.: 4147.3211233894 vol.: 0.4999975966 ch.: 0.1347913158
it.: 121 obj.: 4147.2761411394 vol.: 0.4999989714 ch.: 0.1749435947
it.: 122 obj.: 4147.1921525172 vol.: 0.5000018673 ch.: 0.2000000000
it.: 123 obj.: 4147.0949584031 vol.: 0.5000011557 ch.: 0.0964222959
it.: 124 obj.: 4147.0249972184 vol.: 0.4999991233 ch.: 0.1024118925
it.: 125 obj.: 4146.9656538219 vol.: 0.4999996806 ch.: 0.0882073834
it.: 126 obj.: 4146.8916063617 vol.: 0.5000024513 ch.: 0.0918893046
it.: 127 obj.: 4146.7988500027 vol.: 0.5000014222 ch.: 0.1054356573
it.: 128 obj.: 4146.7278716753 vol.: 0.5000017477 ch.: 0.1245084511
it.: 129 obj.: 4146.6436446560 vol.: 0.5000010453 ch.: 0.1555216295
it.: 130 obj.: 4146.5669086025 vol.: 0.5000019958 ch.: 0.1939746140
it.: 131 obj.: 4146.4745385518 vol.: 0.4999991155 ch.: 0.1723915409
it.: 132 obj.: 4146.4080177620 vol.: 0.5000012341 ch.: 0.1991675585
it.: 133 obj.: 4146.3080179366 vol.: 0.4999984600 ch.: 0.2000000000
it.: 134 obj.: 4146.2450078813 vol.: 0.4999983106 ch.: 0.1610401256
it.: 135 obj.: 4146.1680321821 vol.: 0.4999981355 ch.: 0.1222077236
it.: 136 obj.: 4146.0966658863 vol.: 0.4999981477 ch.: 0.1259097304
it.: 137 obj.: 4146.0241929247 vol.: 0.5000008768 ch.: 0.1684175586
it.: 138 obj.: 4145.9258619451 vol.: 0.4999996501 ch.: 0.2000000000
it.: 139 obj.: 4145.8474737504 vol.: 0.4999980124 ch.: 0.1232689778
it.: 140 obj.: 4145.7690268329 vol.: 0.5000014069 ch.: 0.1656849918
it.: 141 obj.: 4145.6528492858 vol.: 0.4999998252 ch.: 0.2000000000
it.: 142 obj.: 4145.5592242865 vol.: 0.4999992818 ch.: 0.2000000000
it.: 143 obj.: 4145.4517027958 vol.: 0.4999991330 ch.: 0.2000000000
it.: 144 obj.: 4145.3434817634 vol.: 0.4999999912 ch.: 0.1661716221
it.: 145 obj.: 4145.2476046895 vol.: 0.4999987565 ch.: 0.1903765899
it.: 146 obj.: 4145.1716752387 vol.: 0.5000011450 ch.: 0.2000000000
it.: 147 obj.: 4145.0686548422 vol.: 0.4999990012 ch.: 0.2000000000
it.: 148 obj.: 4144.9953258518 vol.: 0.4999986391 ch.: 0.1920415618
it.: 149 obj.: 4144.9236949875 vol.: 0.4999991932 ch.: 0.0949133843
it.: 150 obj.: 4144.8692982966 vol.: 0.4999997186 ch.: 0.1093220424
it.: 151 obj.: 4144.8120892860 vol.: 0.5000012174 ch.: 0.1251916483
it.: 152 obj.: 4144.7423552978 vol.: 0.5000017511 ch.: 0.1538095514
it.: 153 obj.: 4144.6688002504 vol.: 0.4999995153 ch.: 0.2000000000
it.: 154 obj.: 4144.6053035145 vol.: 0.5000003900 ch.: 0.2000000000
it.: 155 obj.: 4144.5191442911 vol.: 0.4999994107 ch.: 0.2000000000
it.: 156 obj.: 4144.4597198838 vol.: 0.4999991978 ch.: 0.1081761611
it.: 157 obj.: 4144.4163353102 vol.: 0.4999982512 ch.: 0.0962935088
it.: 158 obj.: 4144.3825381366 vol.: 0.5000008550 ch.: 0.1215396322
it.: 159 obj.: 4144.3244467018 vol.: 0.5000005901 ch.: 0.1512298452
it.: 160 obj.: 4144.2831344899 vol.: 0.4999984541 ch.: 0.1879738637
it.: 161 obj.: 4144.2500119719 vol.: 0.4999984411 ch.: 0.1626150658
it.: 162 obj.: 4144.2064752428 vol.: 0.5000017132 ch.: 0.1256616695
it.: 163 obj.: 4144.1423101928 vol.: 0.5000002685 ch.: 0.1210054557
it.: 164 obj.: 4144.1116532206 vol.: 0.5000009487 ch.: 0.0771258202
it.: 165 obj.: 4144.0665712551 vol.: 0.4999996220 ch.: 0.1070916447
it.: 166 obj.: 4144.0298935231 vol.: 0.4999998639 ch.: 0.1497586220
it.: 167 obj.: 4143.9755531134 vol.: 0.5000012518 ch.: 0.2000000000
it.: 168 obj.: 4143.9051219789 vol.: 0.5000006587 ch.: 0.2000000000
it.: 169 obj.: 4143.8439538514 vol.: 0.4999984192 ch.: 0.1442984590
it.: 170 obj.: 4143.8070187412 vol.: 0.4999998888 ch.: 0.1948934036
it.: 171 obj.: 4143.7489649523 vol.: 0.4999988912 ch.: 0.2000000000
it.: 172 obj.: 4143.7047043812 vol.: 0.5000000363 ch.: 0.1416085510
it.: 173 obj.: 4143.6521825374 vol.: 0.4999992954 ch.: 0.1855970812
it.: 174 obj.: 4143.6095165759 vol.: 0.4999999667 ch.: 0.2000000000
it.: 175 obj.: 4143.5544241257 vol.: 0.4999989659 ch.: 0.1364915447
it.: 176 obj.: 4143.5180562723 vol.: 0.5000008371 ch.: 0.1711948168
it.: 177 obj.: 4143.4638334992 vol.: 0.4999992106 ch.: 0.1333959560
it.: 178 obj.: 4143.4334874327 vol.: 0.5000001931 ch.: 0.0954189702
it.: 179 obj.: 4143.3896306226 vol.: 0.4999990590 ch.: 0.0875226137
it.: 180 obj.: 4143.3579095873 vol.: 0.4999989654 ch.: 0.0970347744
it.: 181 obj.: 4143.3172776594 vol.: 0.4999991038 ch.: 0.1033486371
it.: 182 obj.: 4143.2739141735 vol.: 0.4999994477 ch.: 0.1264222401
it.: 183 obj.: 4143.2274514051 vol.: 0.4999998560 ch.: 0.1548620540
it.: 184 obj.: 4143.1786858273 vol.: 0.4999992522 ch.: 0.1698122551
it.: 185 obj.: 4143.1323740059 vol.: 0.4999994888 ch.: 0.2000000000
it.: 186 obj.: 4143.0805318497 vol.: 0.4999988174 ch.: 0.2000000000
it.: 187 obj.: 4143.0394599483 vol.: 0.5000000800 ch.: 0.0898705869
it.: 188 obj.: 4142.9918198673 vol.: 0.5000011736 ch.: 0.0926205427
it.: 189 obj.: 4142.9487588585 vol.: 0.5000002192 ch.: 0.1038173484
it.: 190 obj.: 4142.9176356196 vol.: 0.5000006306 ch.: 0.1175940542
it.: 191 obj.: 4142.8751890611 vol.: 0.5000006993 ch.: 0.1408850162
it.: 192 obj.: 4142.8351593087 vol.: 0.4999997792 ch.: 0.1616240318
it.: 193 obj.: 4142.8032730121 vol.: 0.5000005749 ch.: 0.1146414097
it.: 194 obj.: 4142.7657552466 vol.: 0.4999999302 ch.: 0.1338676617
it.: 195 obj.: 4142.7354832360 vol.: 0.5000004276 ch.: 0.1235849869
it.: 196 obj.: 4142.6959517190 vol.: 0.5000012702 ch.: 0.0735462456
it.: 197 obj.: 4142.6547826220 vol.: 0.5000007731 ch.: 0.0807994265
it.: 198 obj.: 4142.6193306053 vol.: 0.4999985326 ch.: 0.0969187281
it.: 199 obj.: 4142.5920346353 vol.: 0.5000003983 ch.: 0.1293977831
it.: 200 obj.: 4142.5341024603 vol.: 0.4999991470 ch.: 0.1711359728
it.: 201 obj.: 4142.4934925674 vol.: 0.4999999087 ch.: 0.2000000000
it.: 202 obj.: 4142.4333741244 vol.: 0.5000008233 ch.: 0.2000000000
it.: 203 obj.: 4142.3745629853 vol.: 0.5000012239 ch.: 0.1749268738
it.: 204 obj.: 4142.3368613197 vol.: 0.5000006438 ch.: 0.0712475057
it.: 205 obj.: 4142.3173669824 vol.: 0.4999998418 ch.: 0.0698954202
it.: 206 obj.: 4142.2996873315 vol.: 0.5000003068 ch.: 0.0782024431
it.: 207 obj.: 4142.2724035113 vol.: 0.4999991796 ch.: 0.0862334768
it.: 208 obj.: 4142.2544604250 vol.: 0.5000014414 ch.: 0.0897578775
it.: 209 obj.: 4142.2131977206 vol.: 0.5000002860 ch.: 0.0997641403
it.: 210 obj.: 4142.1953955822 vol.: 0.4999991778 ch.: 0.1191160208
it.: 211 obj.: 4142.1765708567 vol.: 0.4999991317 ch.: 0.1422407951
it.: 212 obj.: 4142.1491755039 vol.: 0.4999985849 ch.: 0.1200944504
it.: 213 obj.: 4142.1269025076 vol.: 0.4999995638 ch.: 0.0635999069
it.: 214 obj.: 4142.0985080883 vol.: 0.4999987253 ch.: 0.0652920405
it.: 215 obj.: 4142.0810961537 vol.: 0.4999986312 ch.: 0.0728707667
it.: 216 obj.: 4142.0576952307 vol.: 0.4999997636 ch.: 0.0813594470
it.: 217 obj.: 4142.0244690579 vol.: 0.4999991162 ch.: 0.0894164761
it.: 218 obj.: 4142.0012771017 vol.: 0.4999996955 ch.: 0.0997374187
it.: 219 obj.: 4141.9679379942 vol.: 0.5000003519 ch.: 0.1219970104
it.: 220 obj.: 4141.9338368782 vol.: 0.4999989901 ch.: 0.1504026868
it.: 221 obj.: 4141.9113531537 vol.: 0.4999996063 ch.: 0.1865353256
it.: 222 obj.: 4141.8724291944 vol.: 0.4999993780 ch.: 0.0947888649
it.: 223 obj.: 4141.8435852254 vol.: 0.4999994944 ch.: 0.1144891549
it.: 224 obj.: 4141.8171414191 vol.: 0.4999994836 ch.: 0.1369590278
it.: 225 obj.: 4141.7915747004 vol.: 0.5000005365 ch.: 0.1637806054
it.: 226 obj.: 4141.7569894064 vol.: 0.5000012847 ch.: 0.0818070703
it.: 227 obj.: 4141.7311030252 vol.: 0.4999986741 ch.: 0.0900605718
it.: 228 obj.: 4141.7288752963 vol.: 0.4999993228 ch.: 0.1020870367
it.: 229 obj.: 4141.7043340513 vol.: 0.4999991405 ch.: 0.0754395577
it.: 230 obj.: 4141.6864980229 vol.: 0.5000012322 ch.: 0.0738235883
it.: 231 obj.: 4141.6540928636 vol.: 0.5000003264 ch.: 0.0668319752
it.: 232 obj.: 4141.6419160955 vol.: 0.5000000545 ch.: 0.0734991777
it.: 233 obj.: 4141.6247392578 vol.: 0.5000005388 ch.: 0.0807846994
it.: 234 obj.: 4141.6015594538 vol.: 0.4999986382 ch.: 0.0871448252
it.: 235 obj.: 4141.5935673504 vol.: 0.4999996168 ch.: 0.0750467016
it.: 236 obj.: 4141.5662742388 vol.: 0.5000005163 ch.: 0.0873123384
it.: 237 obj.: 4141.5394106798 vol.: 0.4999997569 ch.: 0.1004015502
it.: 238 obj.: 4141.5222528138 vol.: 0.4999999572 ch.: 0.1166284375
it.: 239 obj.: 4141.4974798954 vol.: 0.4999995407 ch.: 0.1354577322
it.: 240 obj.: 4141.4776008551 vol.: 0.5000006600 ch.: 0.0844694681
it.: 241 obj.: 4141.4508203021 vol.: 0.4999987912 ch.: 0.0925892495
it.: 242 obj.: 4141.4446343117 vol.: 0.5000002473 ch.: 0.0946215520
it.: 243 obj.: 4141.4153898060 vol.: 0.5000008019 ch.: 0.0695671616
it.: 244 obj.: 4141.3936857657 vol.: 0.4999991575 ch.: 0.0742920866
it.: 245 obj.: 4141.3860857327 vol.: 0.5000001233 ch.: 0.0847049469
it.: 246 obj.: 4141.3606546096 vol.: 0.5000010857 ch.: 0.1005375393
it.: 247 obj.: 4141.3350402711 vol.: 0.5000001490 ch.: 0.1180641113
it.: 248 obj.: 4141.3212174433 vol.: 0.4999999080 ch.: 0.1398119570
it.: 249 obj.: 4141.3016907714 vol.: 0.4999997383 ch.: 0.1045949626
it.: 250 obj.: 4141.2819111715 vol.: 0.5000011224 ch.: 0.0648531421
it.: 251 obj.: 4141.2544991300 vol.: 0.5000003925 ch.: 0.0686386924
it.: 252 obj.: 4141.2406122662 vol.: 0.5000007724 ch.: 0.0740436279
it.: 253 obj.: 4141.2179505341 vol.: 0.4999989706 ch.: 0.0671350178
it.: 254 obj.: 4141.2090961827 vol.: 0.5000006135 ch.: 0.0725911926
it.: 255 obj.: 4141.1761325486 vol.: 0.4999996419 ch.: 0.0847883000
it.: 256 obj.: 4141.1597169797 vol.: 0.4999995450 ch.: 0.0999443952
it.: 257 obj.: 4141.1357265054 vol.: 0.5000005847 ch.: 0.1178068821
it.: 258 obj.: 4141.1020949733 vol.: 0.4999995463 ch.: 0.1373558249
it.: 259 obj.: 4141.0804096090 vol.: 0.4999988848 ch.: 0.1565022631
it.: 260 obj.: 4141.0559411573 vol.: 0.4999997685 ch.: 0.1621544873
it.: 261 obj.: 4141.0238298624 vol.: 0.5000007111 ch.: 0.0796787873
it.: 262 obj.: 4140.9979231722 vol.: 0.4999993739 ch.: 0.0863325916
it.: 263 obj.: 4140.9864198331 vol.: 0.5000008924 ch.: 0.0996832325
it.: 264 obj.: 4140.9553600920 vol.: 0.4999994855 ch.: 0.1124304092
it.: 265 obj.: 4140.9439763800 vol.: 0.5000007289 ch.: 0.0969341554
it.: 266 obj.: 4140.9151324736 vol.: 0.5000011944 ch.: 0.0954438495
it.: 267 obj.: 4140.8928692335 vol.: 0.5000008637 ch.: 0.0850261646
it.: 268 obj.: 4140.8773040458 vol.: 0.5000004877 ch.: 0.0947161104
it.: 269 obj.: 4140.8620130512 vol.: 0.5000010499 ch.: 0.1052579794
it.: 270 obj.: 4140.8392583672 vol.: 0.5000007275 ch.: 0.0666318352
it.: 271 obj.: 4140.8235850871 vol.: 0.5000007518 ch.: 0.0640859452
it.: 272 obj.: 4140.8052274864 vol.: 0.5000011946 ch.: 0.0703170493
it.: 273 obj.: 4140.7834624180 vol.: 0.4999999765 ch.: 0.0747193832
it.: 274 obj.: 4140.7714961816 vol.: 0.4999996213 ch.: 0.0706559985
it.: 275 obj.: 4140.7525098345 vol.: 0.4999987262 ch.: 0.0781285376
it.: 276 obj.: 4140.7370150026 vol.: 0.5000007941 ch.: 0.0877151389
it.: 277 obj.: 4140.7005046398 vol.: 0.5000009461 ch.: 0.0953030997
it.: 278 obj.: 4140.6749938512 vol.: 0.4999987009 ch.: 0.1149966784
it.: 279 obj.: 4140.6645743738 vol.: 0.5000007998 ch.: 0.1447241369
it.: 280 obj.: 4140.6220310546 vol.: 0.4999986709 ch.: 0.1781056548
it.: 281 obj.: 4140.6045593889 vol.: 0.5000001072 ch.: 0.1239102984
it.: 282 obj.: 4140.5637609897 vol.: 0.5000002699 ch.: 0.1568057508
it.: 283 obj.: 4140.5338261475 vol.: 0.4999988877 ch.: 0.1983232242
it.: 284 obj.: 4140.5149440943 vol.: 0.4999997353 ch.: 0.0631793391
it.: 285 obj.: 4140.4908314722 vol.: 0.4999995325 ch.: 0.0428122386
it.: 286 obj.: 4140.4755318873 vol.: 0.5000002528 ch.: 0.0467697425
it.: 287 obj.: 4140.4527273827 vol.: 0.4999990635 ch.: 0.0506094429
it.: 288 obj.: 4140.4414293090 vol.: 0.5000011636 ch.: 0.0566585199
it.: 289 obj.: 4140.4065200623 vol.: 0.4999988285 ch.: 0.0657529270
it.: 290 obj.: 4140.3995844084 vol.: 0.5000003586 ch.: 0.0828557963
it.: 291 obj.: 4140.3645051077 vol.: 0.5000005367 ch.: 0.1027616856
it.: 292 obj.: 4140.3359925479 vol.: 0.4999993164 ch.: 0.1269849343
it.: 293 obj.: 4140.3140987178 vol.: 0.4999985116 ch.: 0.1575113008
it.: 294 obj.: 4140.2872269076 vol.: 0.5000013809 ch.: 0.1962528459
it.: 295 obj.: 4140.2330846367 vol.: 0.4999989372 ch.: 0.1663443550
it.: 296 obj.: 4140.2219076236 vol.: 0.5000010860 ch.: 0.0939614765
it.: 297 obj.: 4140.1840360155 vol.: 0.4999995472 ch.: 0.0807390463
it.: 298 obj.: 4140.1738042360 vol.: 0.5000010016 ch.: 0.0903840847
it.: 299 obj.: 4140.1429895332 vol.: 0.5000006839 ch.: 0.1035906779
it.: 300 obj.: 4140.1263699204 vol.: 0.4999992304 ch.: 0.1185112880
it.: 301 obj.: 4140.1184222702 vol.: 0.5000004864 ch.: 0.0883792388
it.: 302 obj.: 4140.0923278875 vol.: 0.5000010742 ch.: 0.0581735017
it.: 303 obj.: 4140.0721395112 vol.: 0.4999994771 ch.: 0.0572139949
it.: 304 obj.: 4140.0658614996 vol.: 0.5000011203 ch.: 0.0626951001
it.: 305 obj.: 4140.0367674379 vol.: 0.4999988078 ch.: 0.0642924488
it.: 306 obj.: 4140.0328464368 vol.: 0.4999997711 ch.: 0.0702061838
it.: 307 obj.: 4140.0057298527 vol.: 0.5000007107 ch.: 0.0818438528
it.: 308 obj.: 4139.9781109681 vol.: 0.4999993214 ch.: 0.0953800245
it.: 309 obj.: 4139.9652200656 vol.: 0.5000004927 ch.: 0.1131251348
it.: 310 obj.: 4139.9341869048 vol.: 0.4999998415 ch.: 0.1312370558
it.: 311 obj.: 4139.9136206400 vol.: 0.4999993930 ch.: 0.1327242421
it.: 312 obj.: 4139.8911509903 vol.: 0.5000006668 ch.: 0.1587677385
it.: 313 obj.: 4139.8594624935 vol.: 0.5000008946 ch.: 0.1129035376
it.: 314 obj.: 4139.8374198265 vol.: 0.5000002468 ch.: 0.1344103946
it.: 315 obj.: 4139.8240914020 vol.: 0.4999998729 ch.: 0.1550292166
it.: 316 obj.: 4139.8083658022 vol.: 0.4999995114 ch.: 0.0889628834
it.: 317 obj.: 4139.7985319768 vol.: 0.4999993842 ch.: 0.0998711660
it.: 318 obj.: 4139.7867340141 vol.: 0.4999991121 ch.: 0.1119647270
it.: 319 obj.: 4139.7760456039 vol.: 0.5000001436 ch.: 0.0676655195
it.: 320 obj.: 4139.7584781948 vol.: 0.5000007355 ch.: 0.0655141562
it.: 321 obj.: 4139.7443169799 vol.: 0.4999997109 ch.: 0.0699902949
it.: 322 obj.: 4139.7404268893 vol.: 0.4999993167 ch.: 0.0765915174
it.: 323 obj.: 4139.7317524871 vol.: 0.4999994722 ch.: 0.0849444495
it.: 324 obj.: 4139.7188757520 vol.: 0.4999992040 ch.: 0.0941441693
it.: 325 obj.: 4139.7093545120 vol.: 0.5000007328 ch.: 0.0742969339
it.: 326 obj.: 4139.6884558826 vol.: 0.4999997229 ch.: 0.0717015415
it.: 327 obj.: 4139.6852565422 vol.: 0.4999999690 ch.: 0.0793513674
it.: 328 obj.: 4139.6744904172 vol.: 0.4999996443 ch.: 0.0712095091
it.: 329 obj.: 4139.6679537222 vol.: 0.5000005230 ch.: 0.0713749928
it.: 330 obj.: 4139.6543382279 vol.: 0.4999992476 ch.: 0.0762863064
it.: 331 obj.: 4139.6551652523 vol.: 0.5000002440 ch.: 0.0711114975
it.: 332 obj.: 4139.6406253310 vol.: 0.5000009044 ch.: 0.0487273467
it.: 333 obj.: 4139.6288857617 vol.: 0.4999997537 ch.: 0.0500955040
it.: 334 obj.: 4139.6290082777 vol.: 0.5000007053 ch.: 0.0544827323
it.: 335 obj.: 4139.6148634350 vol.: 0.5000000012 ch.: 0.0481737336
it.: 336 obj.: 4139.6113871269 vol.: 0.4999992724 ch.: 0.0514107116
it.: 337 obj.: 4139.6079461257 vol.: 0.5000009254 ch.: 0.0566095688
it.: 338 obj.: 4139.5880592849 vol.: 0.4999990272 ch.: 0.0631528799
it.: 339 obj.: 4139.5913096458 vol.: 0.4999995414 ch.: 0.0729689939
it.: 340 obj.: 4139.5777988151 vol.: 0.5000002857 ch.: 0.0832984663
it.: 341 obj.: 4139.5623123541 vol.: 0.4999992883 ch.: 0.0937748996
it.: 342 obj.: 4139.5580074841 vol.: 0.5000008716 ch.: 0.1080867589
it.: 343 obj.: 4139.5355833676 vol.: 0.5000006124 ch.: 0.1213958404
it.: 344 obj.: 4139.5248421669 vol.: 0.4999990257 ch.: 0.1125737302
it.: 345 obj.: 4139.5251696412 vol.: 0.4999991095 ch.: 0.1150839643
it.: 346 obj.: 4139.5147040229 vol.: 0.5000002642 ch.: 0.0666128532
it.: 347 obj.: 4139.4991620210 vol.: 0.4999999108 ch.: 0.0714519764
it.: 348 obj.: 4139.4931398390 vol.: 0.5000000201 ch.: 0.0779124992
it.: 349 obj.: 4139.4834360432 vol.: 0.5000004793 ch.: 0.0848591983
it.: 350 obj.: 4139.4708166798 vol.: 0.4999999346 ch.: 0.0495946207
it.: 351 obj.: 4139.4656199991 vol.: 0.4999997121 ch.: 0.0597354181
it.: 352 obj.: 4139.4577423313 vol.: 0.5000000316 ch.: 0.0719410201
it.: 353 obj.: 4139.4454106804 vol.: 0.5000009479 ch.: 0.0866242614
it.: 354 obj.: 4139.4281303367 vol.: 0.5000005459 ch.: 0.1032713712
it.: 355 obj.: 4139.4185840732 vol.: 0.5000007949 ch.: 0.1240593704
it.: 356 obj.: 4139.4034528543 vol.: 0.4999995081 ch.: 0.1474983490
it.: 357 obj.: 4139.3972710156 vol.: 0.5000005683 ch.: 0.1148588690
it.: 358 obj.: 4139.3756472762 vol.: 0.5000008777 ch.: 0.0769353396
it.: 359 obj.: 4139.3618115684 vol.: 0.4999992499 ch.: 0.0871095976
it.: 360 obj.: 4139.3603922693 vol.: 0.4999995773 ch.: 0.1008822728
it.: 361 obj.: 4139.3455648597 vol.: 0.4999996496 ch.: 0.1153016087
it.: 362 obj.: 4139.3322273084 vol.: 0.4999994035 ch.: 0.0963525936
it.: 363 obj.: 4139.3213687738 vol.: 0.5000006203 ch.: 0.0642237130
it.: 364 obj.: 4139.3021371853 vol.: 0.5000005005 ch.: 0.0768564651
it.: 365 obj.: 4139.2909125652 vol.: 0.5000005410 ch.: 0.0927460054
it.: 366 obj.: 4139.2779844381 vol.: 0.4999992317 ch.: 0.1108940676
it.: 367 obj.: 4139.2729881256 vol.: 0.5000007219 ch.: 0.1349856804
it.: 368 obj.: 4139.2479221721 vol.: 0.4999991829 ch.: 0.1614856429
it.: 369 obj.: 4139.2439208904 vol.: 0.4999997398 ch.: 0.0655566819
it.: 370 obj.: 4139.2302728391 vol.: 0.5000001856 ch.: 0.0700274975
it.: 371 obj.: 4139.2184099682 vol.: 0.5000003758 ch.: 0.0513295490
it.: 372 obj.: 4139.2084178192 vol.: 0.5000007203 ch.: 0.0556498416
it.: 373 obj.: 4139.1970723461 vol.: 0.4999994736 ch.: 0.0590590887
it.: 374 obj.: 4139.1958981651 vol.: 0.5000006040 ch.: 0.0658419150
it.: 375 obj.: 4139.1781695538 vol.: 0.5000005451 ch.: 0.0717655348
it.: 376 obj.: 4139.1676644194 vol.: 0.4999992494 ch.: 0.0780247499
it.: 377 obj.: 4139.1646592531 vol.: 0.5000000196 ch.: 0.0875215279
it.: 378 obj.: 4139.1475988763 vol.: 0.4999993598 ch.: 0.0949829049
it.: 379 obj.: 4139.1394854608 vol.: 0.5000003899 ch.: 0.0670028663
it.: 380 obj.: 4139.1205291529 vol.: 0.4999996668 ch.: 0.0781660738
it.: 381 obj.: 4139.1128939873 vol.: 0.5000004672 ch.: 0.0930095804
it.: 382 obj.: 4139.0950789923 vol.: 0.4999995934 ch.: 0.1085013626
it.: 383 obj.: 4139.0878921255 vol.: 0.4999991925 ch.: 0.1277039318
it.: 384 obj.: 4139.0763443258 vol.: 0.4999996622 ch.: 0.1502493792
it.: 385 obj.: 4139.0575006842 vol.: 0.4999993138 ch.: 0.1135086532
it.: 386 obj.: 4139.0471915250 vol.: 0.4999993365 ch.: 0.1327647030
it.: 387 obj.: 4139.0338808765 vol.: 0.4999990855 ch.: 0.1055262875
it.: 388 obj.: 4139.0233468808 vol.: 0.5000000245 ch.: 0.0903747043
it.: 389 obj.: 4139.0072934488 vol.: 0.4999993629 ch.: 0.0974353004
it.: 390 obj.: 4139.0015734904 vol.: 0.5000000047 ch.: 0.0748750167
it.: 391 obj.: 4138.9881674388 vol.: 0.5000007157 ch.: 0.0877090012
it.: 392 obj.: 4138.9740282742 vol.: 0.4999995932 ch.: 0.1015474616
it.: 393 obj.: 4138.9722053763 vol.: 0.5000007291 ch.: 0.1199337734
it.: 394 obj.: 4138.9546719705 vol.: 0.5000007142 ch.: 0.1386088832
it.: 395 obj.: 4138.9441396168 vol.: 0.5000007082 ch.: 0.0603989331
it.: 396 obj.: 4138.9367594984 vol.: 0.5000006372 ch.: 0.0653668597
it.: 397 obj.: 4138.9306953282 vol.: 0.4999992896 ch.: 0.0692065647
it.: 398 obj.: 4138.9329278278 vol.: 0.4999999664 ch.: 0.0613128461
it.: 399 obj.: 4138.9214901851 vol.: 0.5000003808 ch.: 0.0394346502
it.: 400 obj.: 4138.9122974307 vol.: 0.4999992593 ch.: 0.0413678461
it.: 401 obj.: 4138.9132642280 vol.: 0.4999998397 ch.: 0.0454018043
it.: 402 obj.: 4138.9027682132 vol.: 0.5000008276 ch.: 0.0487158028
it.: 403 obj.: 4138.8892651086 vol.: 0.5000005227 ch.: 0.0510251415
it.: 404 obj.: 4138.8841543396 vol.: 0.5000006708 ch.: 0.0546135337
it.: 405 obj.: 4138.8757049507 vol.: 0.4999994156 ch.: 0.0570204148
it.: 406 obj.: 4138.8763834456 vol.: 0.5000005715 ch.: 0.0623647248
it.: 407 obj.: 4138.8605099178 vol.: 0.5000003127 ch.: 0.0650033458
it.: 408 obj.: 4138.8538131660 vol.: 0.4999994941 ch.: 0.0603337389
it.: 409 obj.: 4138.8515602873 vol.: 0.4999994887 ch.: 0.0534175739
it.: 410 obj.: 4138.8449516714 vol.: 0.4999991362 ch.: 0.0578252194
it.: 411 obj.: 4138.8410523856 vol.: 0.4999991690 ch.: 0.0633799763
it.: 412 obj.: 4138.8343065302 vol.: 0.4999994263 ch.: 0.0694454026
it.: 413 obj.: 4138.8258479697 vol.: 0.4999998089 ch.: 0.0760613343
it.: 414 obj.: 4138.8163505216 vol.: 0.5000002597 ch.: 0.0832684953
it.: 415 obj.: 4138.8063617105 vol.: 0.5000004815 ch.: 0.0555864005
it.: 416 obj.: 4138.7982976139 vol.: 0.5000004823 ch.: 0.0427228061
it.: 417 obj.: 4138.7922747129 vol.: 0.5000008636 ch.: 0.0447659335
it.: 418 obj.: 4138.7834536610 vol.: 0.4999994805 ch.: 0.0453409604
it.: 419 obj.: 4138.7864879400 vol.: 0.5000001937 ch.: 0.0489987205
it.: 420 obj.: 4138.7752156544 vol.: 0.5000008095 ch.: 0.0500898964
it.: 421 obj.: 4138.7646643308 vol.: 0.4999999374 ch.: 0.0522909899
it.: 422 obj.: 4138.7638837163 vol.: 0.4999992776 ch.: 0.0558203589
it.: 423 obj.: 4138.7614297895 vol.: 0.5000008092 ch.: 0.0610377359
it.: 424 obj.: 4138.7438981214 vol.: 0.4999991446 ch.: 0.0620341596
it.: 425 obj.: 4138.7475746827 vol.: 0.4999992487 ch.: 0.0626917564
it.: 426 obj.: 4138.7396218484 vol.: 0.5000004832 ch.: 0.0689401914
it.: 427 obj.: 4138.7247041398 vol.: 0.4999993243 ch.: 0.0405646148
it.: 428 obj.: 4138.7265446854 vol.: 0.5000001698 ch.: 0.0447811643
it.: 429 obj.: 4138.7146781733 vol.: 0.4999992417 ch.: 0.0474470071
it.: 430 obj.: 4138.7147084535 vol.: 0.5000001016 ch.: 0.0523478397
it.: 431 obj.: 4138.7025491613 vol.: 0.4999996283 ch.: 0.0554177175
it.: 432 obj.: 4138.6990511884 vol.: 0.4999995642 ch.: 0.0598075257
it.: 433 obj.: 4138.6924706374 vol.: 0.4999999314 ch.: 0.0645131265
it.: 434 obj.: 4138.6826329496 vol.: 0.5000007525 ch.: 0.0695498489
it.: 435 obj.: 4138.6693587142 vol.: 0.5000001705 ch.: 0.0729434125
it.: 436 obj.: 4138.6651760049 vol.: 0.4999992660 ch.: 0.0688909752
it.: 437 obj.: 4138.6636671433 vol.: 0.5000002538 ch.: 0.0756123252
it.: 438 obj.: 4138.6495390823 vol.: 0.5000000227 ch.: 0.0470095643
it.: 439 obj.: 4138.6447588985 vol.: 0.5000007304 ch.: 0.0518686509
it.: 440 obj.: 4138.6343860566 vol.: 0.4999999909 ch.: 0.0547884941
it.: 441 obj.: 4138.6334573827 vol.: 0.4999993572 ch.: 0.0591029378
it.: 442 obj.: 4138.6315870989 vol.: 0.5000003779 ch.: 0.0651948707
it.: 443 obj.: 4138.6184615876 vol.: 0.5000001062 ch.: 0.0688525161
it.: 444 obj.: 4138.6136626380 vol.: 0.4999999211 ch.: 0.0487612147
it.: 445 obj.: 4138.6082181260 vol.: 0.4999993989 ch.: 0.0422793618
it.: 446 obj.: 4138.6053596710 vol.: 0.5000005817 ch.: 0.0469935075
it.: 447 obj.: 4138.5908533669 vol.: 0.5000005200 ch.: 0.0503093593
it.: 448 obj.: 4138.5843017725 vol.: 0.5000005670 ch.: 0.0548091793
it.: 449 obj.: 4138.5767180642 vol.: 0.4999991610 ch.: 0.0585202029
it.: 450 obj.: 4138.5784762402 vol.: 0.5000000955 ch.: 0.0648621518
it.: 451 obj.: 4138.5638851894 vol.: 0.4999996416 ch.: 0.0691616009
it.: 452 obj.: 4138.5580569735 vol.: 0.4999997233 ch.: 0.0750524195
it.: 453 obj.: 4138.5479360746 vol.: 0.5000003049 ch.: 0.0738911071
it.: 454 obj.: 4138.5337801411 vol.: 0.5000006590 ch.: 0.0807517160
it.: 455 obj.: 4138.5213714552 vol.: 0.4999995993 ch.: 0.0934741647
it.: 456 obj.: 4138.5177039648 vol.: 0.4999991931 ch.: 0.1093573356
it.: 457 obj.: 4138.5086803967 vol.: 0.4999995027 ch.: 0.1280681837
it.: 458 obj.: 4138.4937539772 vol.: 0.5000000936 ch.: 0.1073687294
it.: 459 obj.: 4138.4769649470 vol.: 0.5000003135 ch.: 0.0765629631
it.: 460 obj.: 4138.4671838579 vol.: 0.4999997894 ch.: 0.0837201830
it.: 461 obj.: 4138.4628489820 vol.: 0.5000007056 ch.: 0.0607244021
it.: 462 obj.: 4138.4492984334 vol.: 0.4999994190 ch.: 0.0577947896
it.: 463 obj.: 4138.4510952433 vol.: 0.5000004196 ch.: 0.0630820922
it.: 464 obj.: 4138.4370347452 vol.: 0.4999992865 ch.: 0.0641636197
it.: 465 obj.: 4138.4375309707 vol.: 0.5000004531 ch.: 0.0718308245
it.: 466 obj.: 4138.4220631714 vol.: 0.5000001924 ch.: 0.0777654206
it.: 467 obj.: 4138.4157354618 vol.: 0.5000004308 ch.: 0.0859774215
it.: 468 obj.: 4138.4054923814 vol.: 0.5000008648 ch.: 0.0972968766
it.: 469 obj.: 4138.3935797867 vol.: 0.5000007665 ch.: 0.1100233291
it.: 470 obj.: 4138.3860394183 vol.: 0.4999995310 ch.: 0.0660173930
it.: 471 obj.: 4138.3873564512 vol.: 0.4999997645 ch.: 0.0664963507
it.: 472 obj.: 4138.3797822727 vol.: 0.5000000595 ch.: 0.0717516874
it.: 473 obj.: 4138.3715556513 vol.: 0.5000003282 ch.: 0.0628261272
it.: 474 obj.: 4138.3635492388 vol.: 0.4999998002 ch.: 0.0368482071
it.: 475 obj.: 4138.3616362504 vol.: 0.5000007456 ch.: 0.0403840348
it.: 476 obj.: 4138.3498157171 vol.: 0.4999999726 ch.: 0.0419336501
it.: 477 obj.: 4138.3492838534 vol.: 0.4999993752 ch.: 0.0447323821
it.: 478 obj.: 4138.3471628747 vol.: 0.4999991613 ch.: 0.0477490629
it.: 479 obj.: 4138.3419229501 vol.: 0.4999993667 ch.: 0.0510057584
it.: 480 obj.: 4138.3332427566 vol.: 0.5000000354 ch.: 0.0545264019
it.: 481 obj.: 4138.3207298236 vol.: 0.4999994444 ch.: 0.0631305970
it.: 482 obj.: 4138.3159197889 vol.: 0.5000006844 ch.: 0.0766798074
it.: 483 obj.: 4138.2982519268 vol.: 0.5000005928 ch.: 0.0915541007
it.: 484 obj.: 4138.2886670981 vol.: 0.4999992553 ch.: 0.1091753755
it.: 485 obj.: 4138.2863515390 vol.: 0.4999999950 ch.: 0.1325364013
it.: 486 obj.: 4138.2691140695 vol.: 0.4999995028 ch.: 0.1580796501
it.: 487 obj.: 4138.2587485870 vol.: 0.5000005337 ch.: 0.1069806239
it.: 488 obj.: 4138.2400815098 vol.: 0.5000004127 ch.: 0.0557971056
it.: 489 obj.: 4138.2313609834 vol.: 0.5000001913 ch.: 0.0559573781
it.: 490 obj.: 4138.2235321072 vol.: 0.5000003514 ch.: 0.0677760563
it.: 491 obj.: 4138.2121988507 vol.: 0.5000005804 ch.: 0.0822070360
it.: 492 obj.: 4138.1996208416 vol.: 0.4999996753 ch.: 0.0989435934
it.: 493 obj.: 4138.1933733073 vol.: 0.4999995574 ch.: 0.1202424781
it.: 494 obj.: 4138.1802107759 vol.: 0.5000000766 ch.: 0.1464495672
it.: 495 obj.: 4138.1609448038 vol.: 0.4999990086 ch.: 0.1571439931
it.: 496 obj.: 4138.1511927648 vol.: 0.4999995681 ch.: 0.0566595878
it.: 497 obj.: 4138.1373617015 vol.: 0.5000000276 ch.: 0.0619298742
it.: 498 obj.: 4138.1240512829 vol.: 0.5000004938 ch.: 0.0694015622
it.: 499 obj.: 4138.1100375751 vol.: 0.4999997097 ch.: 0.0765484746
it.: 500 obj.: 4138.1033929603 vol.: 0.5000007707 ch.: 0.0867195843
it.: 501 obj.: 4138.0835735754 vol.: 0.5000004045 ch.: 0.0953591307
it.: 502 obj.: 4138.0722369084 vol.: 0.5000006057 ch.: 0.1102702106
it.: 503 obj.: 4138.0555619982 vol.: 0.5000005438 ch.: 0.1296249058
it.: 504 obj.: 4138.0408745832 vol.: 0.5000007451 ch.: 0.1516065479
it.: 505 obj.: 4138.0234730661 vol.: 0.4999996771 ch.: 0.1516714661
it.: 506 obj.: 4138.0182547875 vol.: 0.5000005751 ch.: 0.0778679556
it.: 507 obj.: 4138.0048477401 vol.: 0.5000001723 ch.: 0.0891852509
it.: 508 obj.: 4137.9996269598 vol.: 0.4999999625 ch.: 0.1032121827
it.: 509 obj.: 4137.9927215009 vol.: 0.4999997312 ch.: 0.1194301601
it.: 510 obj.: 4137.9857688501 vol.: 0.4999993485 ch.: 0.1170975717
it.: 511 obj.: 4137.9798839589 vol.: 0.4999995914 ch.: 0.0576779581
it.: 512 obj.: 4137.9722674805 vol.: 0.5000000866 ch.: 0.0619064313
it.: 513 obj.: 4137.9625879628 vol.: 0.5000006139 ch.: 0.0664065116
it.: 514 obj.: 4137.9524297199 vol.: 0.4999998272 ch.: 0.0587850061
it.: 515 obj.: 4137.9507550071 vol.: 0.5000003593 ch.: 0.0473284578
it.: 516 obj.: 4137.9403079821 vol.: 0.4999997270 ch.: 0.0539074759
it.: 517 obj.: 4137.9371400635 vol.: 0.4999992492 ch.: 0.0627798927
it.: 518 obj.: 4137.9324270708 vol.: 0.5000006826 ch.: 0.0740827142
it.: 519 obj.: 4137.9141108451 vol.: 0.4999994489 ch.: 0.0846388647
it.: 520 obj.: 4137.9130372953 vol.: 0.5000000716 ch.: 0.0997164139
it.: 521 obj.: 4137.8987590387 vol.: 0.4999995158 ch.: 0.1150026383
it.: 522 obj.: 4137.8915100775 vol.: 0.4999996120 ch.: 0.1338914715
it.: 523 obj.: 4137.8787411085 vol.: 0.4999993213 ch.: 0.0659333930
it.: 524 obj.: 4137.8727332961 vol.: 0.5000000767 ch.: 0.0560360396
it.: 525 obj.: 4137.8629305136 vol.: 0.4999994675 ch.: 0.0635556806
it.: 526 obj.: 4137.8619784799 vol.: 0.5000005249 ch.: 0.0736841577
it.: 527 obj.: 4137.8494368656 vol.: 0.5000004514 ch.: 0.0833236784
it.: 528 obj.: 4137.8441042204 vol.: 0.5000007035 ch.: 0.0950862852
it.: 529 obj.: 4137.8361347423 vol.: 0.4999998822 ch.: 0.1069046150
it.: 530 obj.: 4137.8349330512 vol.: 0.4999994402 ch.: 0.1212394779
it.: 531 obj.: 4137.8306627336 vol.: 0.4999997254 ch.: 0.0562881404
it.: 532 obj.: 4137.8232028220 vol.: 0.4999998367 ch.: 0.0612338433
it.: 533 obj.: 4137.8173953400 vol.: 0.5000002287 ch.: 0.0665687194
it.: 534 obj.: 4137.8094207051 vol.: 0.4999994271 ch.: 0.0708970257
it.: 535 obj.: 4137.8092196391 vol.: 0.4999998513 ch.: 0.0784072303
it.: 536 obj.: 4137.8007487409 vol.: 0.4999997683 ch.: 0.0543629537
it.: 537 obj.: 4137.7961988439 vol.: 0.4999995322 ch.: 0.0590681271
it.: 538 obj.: 4137.7929272985 vol.: 0.4999994714 ch.: 0.0641441645
it.: 539 obj.: 4137.7882061573 vol.: 0.4999996600 ch.: 0.0696121099
it.: 540 obj.: 4137.7815006701 vol.: 0.5000001580 ch.: 0.0754903752
it.: 541 obj.: 4137.7723711686 vol.: 0.4999992971 ch.: 0.0646970737
it.: 542 obj.: 4137.7722863617 vol.: 0.5000006316 ch.: 0.0548638497
it.: 543 obj.: 4137.7579567941 vol.: 0.4999994553 ch.: 0.0596421870
it.: 544 obj.: 4137.7602135886 vol.: 0.4999997771 ch.: 0.0676011783
it.: 545 obj.: 4137.7521009527 vol.: 0.5000002746 ch.: 0.0755365996
it.: 546 obj.: 4137.7424621102 vol.: 0.4999996604 ch.: 0.0830650694
it.: 547 obj.: 4137.7399049036 vol.: 0.4999993660 ch.: 0.0925280926
it.: 548 obj.: 4137.7347302647 vol.: 0.4999994731 ch.: 0.1029649546
it.: 549 obj.: 4137.7263392486 vol.: 0.4999997399 ch.: 0.0848615476
it.: 550 obj.: 4137.7185728187 vol.: 0.4999999999 ch.: 0.0852128928
it.: 551 obj.: 4137.7109220717 vol.: 0.5000004255 ch.: 0.0419753923
it.: 552 obj.: 4137.7038161851 vol.: 0.5000006439 ch.: 0.0468876634
it.: 553 obj.: 4137.6983963855 vol.: 0.4999998023 ch.: 0.0515622337
it.: 554 obj.: 4137.6998414716 vol.: 0.5000005185 ch.: 0.0584113837
it.: 555 obj.: 4137.6905100676 vol.: 0.5000002208 ch.: 0.0642333061
it.: 556 obj.: 4137.6876685038 vol.: 0.5000002285 ch.: 0.0716298133
it.: 557 obj.: 4137.6823948401 vol.: 0.5000005675 ch.: 0.0798701460
it.: 558 obj.: 4137.6744617909 vol.: 0.4999999171 ch.: 0.0876484843
it.: 559 obj.: 4137.6727300115 vol.: 0.4999996578 ch.: 0.0975401207
it.: 560 obj.: 4137.6678233531 vol.: 0.5000004836 ch.: 0.0695429882
it.: 561 obj.: 4137.6561315801 vol.: 0.4999994494 ch.: 0.0821599895
it.: 562 obj.: 4137.6574506402 vol.: 0.5000000183 ch.: 0.0988028730
it.: 563 obj.: 4137.6474558912 vol.: 0.4999994472 ch.: 0.1165945273
it.: 564 obj.: 4137.6445835837 vol.: 0.5000004269 ch.: 0.1400744397
it.: 565 obj.: 4137.6305895777 vol.: 0.5000001762 ch.: 0.1327799997
it.: 566 obj.: 4137.6249765079 vol.: 0.4999996309 ch.: 0.0376623795
it.: 567 obj.: 4137.6253928245 vol.: 0.4999999228 ch.: 0.0413167121
it.: 568 obj.: 4137.6203697196 vol.: 0.5000004014 ch.: 0.0443151794
it.: 569 obj.: 4137.6139448177 vol.: 0.4999998305 ch.: 0.0463940077
it.: 570 obj.: 4137.6144240482 vol.: 0.4999994618 ch.: 0.0496555803
it.: 571 obj.: 4137.6133803362 vol.: 0.5000005169 ch.: 0.0544152711
it.: 572 obj.: 4137.6025689683 vol.: 0.5000005773 ch.: 0.0568926511
it.: 573 obj.: 4137.5982666630 vol.: 0.4999996041 ch.: 0.0593331627
it.: 574 obj.: 4137.6007342147 vol.: 0.5000001765 ch.: 0.0648692014
it.: 575 obj.: 4137.5925604548 vol.: 0.5000005261 ch.: 0.0483920979
it.: 576 obj.: 4137.5861147025 vol.: 0.4999995897 ch.: 0.0503964224
it.: 577 obj.: 4137.5883800930 vol.: 0.5000002076 ch.: 0.0564827868
it.: 578 obj.: 4137.5799381615 vol.: 0.4999997828 ch.: 0.0615976667
it.: 579 obj.: 4137.5783002856 vol.: 0.4999996367 ch.: 0.0681678733
it.: 580 obj.: 4137.5745313242 vol.: 0.4999996822 ch.: 0.0754083535
it.: 581 obj.: 4137.5692994996 vol.: 0.4999994295 ch.: 0.0833750035
it.: 582 obj.: 4137.5663699463 vol.: 0.4999994655 ch.: 0.0921209960
it.: 583 obj.: 4137.5612179514 vol.: 0.5000005782 ch.: 0.0467862726
it.: 584 obj.: 4137.5493723969 vol.: 0.4999997886 ch.: 0.0452776296
it.: 585 obj.: 4137.5510914545 vol.: 0.5000004396 ch.: 0.0496650466
it.: 586 obj.: 4137.5429642824 vol.: 0.5000000055 ch.: 0.0521027450
it.: 587 obj.: 4137.5419869653 vol.: 0.4999998050 ch.: 0.0557840643
it.: 588 obj.: 4137.5392485268 vol.: 0.4999997312 ch.: 0.0596698249
it.: 589 obj.: 4137.5355516046 vol.: 0.4999994385 ch.: 0.0637601178
it.: 590 obj.: 4137.5334933565 vol.: 0.4999993785 ch.: 0.0680520407
it.: 591 obj.: 4137.5296620025 vol.: 0.5000003279 ch.: 0.0536350026
it.: 592 obj.: 4137.5194249601 vol.: 0.4999999641 ch.: 0.0550582597
it.: 593 obj.: 4137.5180172345 vol.: 0.4999998217 ch.: 0.0577221381
it.: 594 obj.: 4137.5149105551 vol.: 0.4999998737 ch.: 0.0603536070
it.: 595 obj.: 4137.5102946812 vol.: 0.5000005406 ch.: 0.0416663010
it.: 596 obj.: 4137.5020713301 vol.: 0.4999996910 ch.: 0.0333823388
it.: 597 obj.: 4137.5041107106 vol.: 0.5000001200 ch.: 0.0362135819
it.: 598 obj.: 4137.4974172753 vol.: 0.4999993443 ch.: 0.0369492748
it.: 599 obj.: 4137.4985827448 vol.: 0.5000000051 ch.: 0.0400650276
it.: 600 obj.: 4137.4897563166 vol.: 0.4999996106 ch.: 0.0408489165
it.: 601 obj.: 4137.4876699318 vol.: 0.4999995064 ch.: 0.0481619341
it.: 602 obj.: 4137.4831939686 vol.: 0.4999997208 ch.: 0.0568254534
it.: 603 obj.: 4137.4760805292 vol.: 0.5000002857 ch.: 0.0670135722
it.: 604 obj.: 4137.4660510292 vol.: 0.4999996860 ch.: 0.0781472643
it.: 605 obj.: 4137.4633045191 vol.: 0.5000006614 ch.: 0.0928632923
it.: 606 obj.: 4137.4495036865 vol.: 0.5000003711 ch.: 0.1081014483
it.: 607 obj.: 4137.4436043309 vol.: 0.5000005498 ch.: 0.1268312598
it.: 608 obj.: 4137.4336898597 vol.: 0.4999994680 ch.: 0.1469912296
it.: 609 obj.: 4137.4314166830 vol.: 0.5000008046 ch.: 0.1039027058
it.: 610 obj.: 4137.4160683738 vol.: 0.5000001143 ch.: 0.1156622376
it.: 611 obj.: 4137.4146991595 vol.: 0.4999992518 ch.: 0.0376713808
it.: 612 obj.: 4137.4173256784 vol.: 0.5000000530 ch.: 0.0407156303
it.: 613 obj.: 4137.4086153607 vol.: 0.4999994235 ch.: 0.0407600369
it.: 614 obj.: 4137.4093671694 vol.: 0.5000000152 ch.: 0.0419989755
it.: 615 obj.: 4137.4019274774 vol.: 0.4999993129 ch.: 0.0438204567
it.: 616 obj.: 4137.4030002476 vol.: 0.5000002851 ch.: 0.0499735118
it.: 617 obj.: 4137.3925259421 vol.: 0.4999999996 ch.: 0.0554227242
it.: 618 obj.: 4137.3902838492 vol.: 0.4999999455 ch.: 0.0622521986
it.: 619 obj.: 4137.3861966719 vol.: 0.5000001405 ch.: 0.0698915063
it.: 620 obj.: 4137.3801215628 vol.: 0.5000006033 ch.: 0.0784239621
it.: 621 obj.: 4137.3719047165 vol.: 0.4999997278 ch.: 0.0866482913
it.: 622 obj.: 4137.3724823884 vol.: 0.5000001256 ch.: 0.0983798374
it.: 623 obj.: 4137.3646102843 vol.: 0.5000007195 ch.: 0.1035943673
it.: 624 obj.: 4137.3551495660 vol.: 0.5000004158 ch.: 0.0606818350
it.: 625 obj.: 4137.3534637354 vol.: 0.5000002684 ch.: 0.0657378493
it.: 626 obj.: 4137.3505370022 vol.: 0.5000002984 ch.: 0.0711438134
it.: 627 obj.: 4137.3462153712 vol.: 0.5000005669 ch.: 0.0769069009
it.: 628 obj.: 4137.3400665125 vol.: 0.5000001056 ch.: 0.0460585626
it.: 629 obj.: 4137.3395709641 vol.: 0.4999993607 ch.: 0.0497739715
it.: 630 obj.: 4137.3413715738 vol.: 0.5000002179 ch.: 0.0548910715
it.: 631 obj.: 4137.3322002144 vol.: 0.4999998454 ch.: 0.0581023445
it.: 632 obj.: 4137.3311652235 vol.: 0.4999996762 ch.: 0.0626567356
it.: 633 obj.: 4137.3285833328 vol.: 0.4999997215 ch.: 0.0675076766
it.: 634 obj.: 4137.3243690621 vol.: 0.4999999832 ch.: 0.0726606764
it.: 635 obj.: 4137.3185014230 vol.: 0.4999999935 ch.: 0.0428263555
it.: 636 obj.: 4137.3146155668 vol.: 0.4999997681 ch.: 0.0456281828
it.: 637 obj.: 4137.3126310449 vol.: 0.4999993509 ch.: 0.0485992716
it.: 638 obj.: 4137.3119943821 vol.: 0.5000005184 ch.: 0.0530984190
it.: 639 obj.: 4137.3004849251 vol.: 0.5000004885 ch.: 0.0551562384
it.: 640 obj.: 4137.2968886996 vol.: 0.5000006689 ch.: 0.0586786774
it.: 641 obj.: 4137.2916848011 vol.: 0.4999993646 ch.: 0.0500378295
it.: 642 obj.: 4137.2964851840 vol.: 0.5000000548 ch.: 0.0413086481
it.: 643 obj.: 4137.2886636131 vol.: 0.5000003458 ch.: 0.0410288992
it.: 644 obj.: 4137.2837485332 vol.: 0.4999994079 ch.: 0.0420959470
it.: 645 obj.: 4137.2869810398 vol.: 0.4999999935 ch.: 0.0458133143
it.: 646 obj.: 4137.2797893638 vol.: 0.4999993704 ch.: 0.0469846969
it.: 647 obj.: 4137.2805980081 vol.: 0.5000003030 ch.: 0.0511112850
it.: 648 obj.: 4137.2707386955 vol.: 0.5000000352 ch.: 0.0523876658
it.: 649 obj.: 4137.2688126552 vol.: 0.4999994737 ch.: 0.0527257581
it.: 650 obj.: 4137.2690679246 vol.: 0.5000003824 ch.: 0.0579941088
it.: 651 obj.: 4137.2593011322 vol.: 0.5000001064 ch.: 0.0610465610
it.: 652 obj.: 4137.2573616590 vol.: 0.5000000344 ch.: 0.0656069934
it.: 653 obj.: 4137.2538650550 vol.: 0.5000001358 ch.: 0.0704834219
it.: 654 obj.: 4137.2490208508 vol.: 0.4999994722 ch.: 0.0581231222
it.: 655 obj.: 4137.2500436770 vol.: 0.5000003459 ch.: 0.0630524609
it.: 656 obj.: 4137.2405404862 vol.: 0.4999996025 ch.: 0.0459421571
it.: 657 obj.: 4137.2422016210 vol.: 0.5000001099 ch.: 0.0500154875
it.: 658 obj.: 4137.2355345403 vol.: 0.4999994333 ch.: 0.0514772342
it.: 659 obj.: 4137.2367147548 vol.: 0.5000001066 ch.: 0.0559984044
it.: 660 obj.: 4137.2286661630 vol.: 0.5000004803 ch.: 0.0555902467
it.: 661 obj.: 4137.2228062659 vol.: 0.4999994715 ch.: 0.0577900839
it.: 662 obj.: 4137.2263335838 vol.: 0.4999999605 ch.: 0.0630990088
it.: 663 obj.: 4137.2196158623 vol.: 0.5000000857 ch.: 0.0252997447
it.: 664 obj.: 4137.2157090482 vol.: 0.5000001888 ch.: 0.0259128675
it.: 665 obj.: 4137.2119739098 vol.: 0.5000004604 ch.: 0.0265314410
it.: 666 obj.: 4137.2069735956 vol.: 0.4999996329 ch.: 0.0258936795
it.: 667 obj.: 4137.2092517535 vol.: 0.5000002876 ch.: 0.0285029930
it.: 668 obj.: 4137.2013909747 vol.: 0.4999995619 ch.: 0.0300133433
it.: 669 obj.: 4137.2028015845 vol.: 0.5000003421 ch.: 0.0330438251
it.: 670 obj.: 4137.1938914002 vol.: 0.5000000302 ch.: 0.0348045864
it.: 671 obj.: 4137.1921922490 vol.: 0.4999999161 ch.: 0.0374554648
it.: 672 obj.: 4137.1889946901 vol.: 0.4999998622 ch.: 0.0403125240
it.: 673 obj.: 4137.1852592048 vol.: 0.5000000577 ch.: 0.0433918812
it.: 674 obj.: 4137.1796481218 vol.: 0.5000005125 ch.: 0.0467107717
it.: 675 obj.: 4137.1720827594 vol.: 0.4999997654 ch.: 0.0491305972
it.: 676 obj.: 4137.1724482074 vol.: 0.4999993035 ch.: 0.0528113723
it.: 677 obj.: 4137.1706695267 vol.: 0.5000007063 ch.: 0.0581045782
it.: 678 obj.: 4137.1560198944 vol.: 0.5000008519 ch.: 0.0611282034
it.: 679 obj.: 4137.1496537806 vol.: 0.4999995358 ch.: 0.0641795253
it.: 680 obj.: 4137.1529606062 vol.: 0.5000000554 ch.: 0.0529821952
it.: 681 obj.: 4137.1438388829 vol.: 0.4999996514 ch.: 0.0565741970
it.: 682 obj.: 4137.1417513003 vol.: 0.5000006749 ch.: 0.0618786445
it.: 683 obj.: 4137.1299811681 vol.: 0.4999996613 ch.: 0.0518358560
it.: 684 obj.: 4137.1322700641 vol.: 0.4999996074 ch.: 0.0570191643
it.: 685 obj.: 4137.1285026289 vol.: 0.4999997381 ch.: 0.0613979376
it.: 686 obj.: 4137.1232884931 vol.: 0.5000000724 ch.: 0.0660904394
it.: 687 obj.: 4137.1164862213 vol.: 0.5000006363 ch.: 0.0711132482
it.: 688 obj.: 4137.1079053947 vol.: 0.4999993237 ch.: 0.0431825401
it.: 689 obj.: 4137.1124654285 vol.: 0.4999996077 ch.: 0.0470990994
it.: 690 obj.: 4137.1062096735 vol.: 0.5000000940 ch.: 0.0500850834
it.: 691 obj.: 4137.0983816697 vol.: 0.4999993131 ch.: 0.0518452658
it.: 692 obj.: 4137.0989212715 vol.: 0.5000003247 ch.: 0.0564728251
it.: 693 obj.: 4137.0870977957 vol.: 0.5000000693 ch.: 0.0583888196
it.: 694 obj.: 4137.0836260546 vol.: 0.4999996017 ch.: 0.0540232768
it.: 695 obj.: 4137.0817444772 vol.: 0.5000004620 ch.: 0.0592063813
it.: 696 obj.: 4137.0709442088 vol.: 0.5000000622 ch.: 0.0619683173
it.: 697 obj.: 4137.0684408719 vol.: 0.4999999448 ch.: 0.0662517700
it.: 698 obj.: 4137.0637747879 vol.: 0.4999996712 ch.: 0.0583968918
it.: 699 obj.: 4137.0603663197 vol.: 0.4999993851 ch.: 0.0623603721
it.: 700 obj.: 4137.0570990532 vol.: 0.5000007212 ch.: 0.0575883778
it.: 701 obj.: 4137.0427806208 vol.: 0.4999999146 ch.: 0.0597909454
it.: 702 obj.: 4137.0435367877 vol.: 0.5000001234 ch.: 0.0415884236
it.: 703 obj.: 4137.0377867202 vol.: 0.4999997004 ch.: 0.0441038208
it.: 704 obj.: 4137.0366914763 vol.: 0.5000006406 ch.: 0.0480823171
it.: 705 obj.: 4137.0262466877 vol.: 0.5000002157 ch.: 0.0496441571
it.: 706 obj.: 4137.0248701019 vol.: 0.5000000325 ch.: 0.0526206713
it.: 707 obj.: 4137.0216235089 vol.: 0.5000001109 ch.: 0.0557687099
it.: 708 obj.: 4137.0163529095 vol.: 0.5000000887 ch.: 0.0565007515
it.: 709 obj.: 4137.0118016536 vol.: 0.5000000898 ch.: 0.0617278000
it.: 710 obj.: 4137.0070217152 vol.: 0.5000003680 ch.: 0.0673392336
it.: 711 obj.: 4137.0000780871 vol.: 0.4999995461 ch.: 0.0720230412
it.: 712 obj.: 4137.0002736001 vol.: 0.5000004820 ch.: 0.0797978324
it.: 713 obj.: 4136.9882309994 vol.: 0.5000001179 ch.: 0.0694437411
it.: 714 obj.: 4136.9848536956 vol.: 0.4999992995 ch.: 0.0567320414
it.: 715 obj.: 4136.9851976789 vol.: 0.4999995022 ch.: 0.0569579116
it.: 716 obj.: 4136.9788875581 vol.: 0.4999995097 ch.: 0.0604849106
it.: 717 obj.: 4136.9738805124 vol.: 0.5000005023 ch.: 0.0638413900
it.: 718 obj.: 4136.9624101467 vol.: 0.5000003726 ch.: 0.0711078587
it.: 719 obj.: 4136.9581952795 vol.: 0.5000005345 ch.: 0.0800281015
it.: 720 obj.: 4136.9516046607 vol.: 0.4999996354 ch.: 0.0886172460
it.: 721 obj.: 4136.9517577161 vol.: 0.5000004957 ch.: 0.1005138023
it.: 722 obj.: 4136.9395154341 vol.: 0.5000002853 ch.: 0.1106213155
it.: 723 obj.: 4136.9340114573 vol.: 0.4999994456 ch.: 0.0948492165
it.: 724 obj.: 4136.9340224142 vol.: 0.5000002025 ch.: 0.1104529665
it.: 725 obj.: 4136.9230240518 vol.: 0.4999996676 ch.: 0.1256223461
it.: 726 obj.: 4136.9203523592 vol.: 0.4999996583 ch.: 0.0501672289
it.: 727 obj.: 4136.9158674221 vol.: 0.5000005767 ch.: 0.0545067988
it.: 728 obj.: 4136.9061640827 vol.: 0.5000003534 ch.: 0.0561466286
it.: 729 obj.: 4136.9040320088 vol.: 0.4999999469 ch.: 0.0521021711
it.: 730 obj.: 4136.9033122670 vol.: 0.4999994767 ch.: 0.0557147512
it.: 731 obj.: 4136.9031008196 vol.: 0.4999999006 ch.: 0.0610224020
it.: 732 obj.: 4136.8971066321 vol.: 0.4999998130 ch.: 0.0653146703
it.: 733 obj.: 4136.8948349572 vol.: 0.4999994342 ch.: 0.0468848494
it.: 734 obj.: 4136.8948411509 vol.: 0.5000000515 ch.: 0.0513493537
it.: 735 obj.: 4136.8883719906 vol.: 0.4999995888 ch.: 0.0536822231
it.: 736 obj.: 4136.8890876030 vol.: 0.5000003314 ch.: 0.0587209664
it.: 737 obj.: 4136.8816389891 vol.: 0.4999998793 ch.: 0.0612788424
it.: 738 obj.: 4136.8821843576 vol.: 0.4999995595 ch.: 0.0653409404
it.: 739 obj.: 4136.8817475518 vol.: 0.4999997963 ch.: 0.0236669988
it.: 740 obj.: 4136.8780518348 vol.: 0.4999998587 ch.: 0.0248874754
it.: 741 obj.: 4136.8757163125 vol.: 0.5000000230 ch.: 0.0261645281
it.: 742 obj.: 4136.8726298022 vol.: 0.5000002947 ch.: 0.0274974321
it.: 743 obj.: 4136.8687511546 vol.: 0.4999995381 ch.: 0.0279723140
it.: 744 obj.: 4136.8717099055 vol.: 0.5000000397 ch.: 0.0302989607
it.: 745 obj.: 4136.8661306051 vol.: 0.4999995115 ch.: 0.0307906796
it.: 746 obj.: 4136.8673946920 vol.: 0.5000002399 ch.: 0.0333311569
it.: 747 obj.: 4136.8601142019 vol.: 0.4999999769 ch.: 0.0338323988
it.: 748 obj.: 4136.8594114881 vol.: 0.4999998546 ch.: 0.0364229143
it.: 749 obj.: 4136.8576622717 vol.: 0.4999998865 ch.: 0.0396407899
it.: 750 obj.: 4136.8547686861 vol.: 0.5000000802 ch.: 0.0431284595
it.: 751 obj.: 4136.8506707366 vol.: 0.5000004439 ch.: 0.0469052184
it.: 752 obj.: 4136.8453048054 vol.: 0.4999998311 ch.: 0.0499857096
it.: 753 obj.: 4136.8464019756 vol.: 0.4999993983 ch.: 0.0542299447
it.: 754 obj.: 4136.8461524569 vol.: 0.5000003623 ch.: 0.0599920001
it.: 755 obj.: 4136.8363247120 vol.: 0.5000001136 ch.: 0.0638202410
it.: 756 obj.: 4136.8346658352 vol.: 0.4999997719 ch.: 0.0691139558
it.: 757 obj.: 4136.8336693141 vol.: 0.4999996391 ch.: 0.0747893963
it.: 758 obj.: 4136.8310967617 vol.: 0.4999994742 ch.: 0.0573145423
it.: 759 obj.: 4136.8288599478 vol.: 0.4999998631 ch.: 0.0437546045
it.: 760 obj.: 4136.8235658762 vol.: 0.5000002893 ch.: 0.0457948937
it.: 761 obj.: 4136.8179137593 vol.: 0.4999994968 ch.: 0.0293747933
it.: 762 obj.: 4136.8204714714 vol.: 0.4999994489 ch.: 0.0263599362
it.: 763 obj.: 4136.8181746115 vol.: 0.4999995466 ch.: 0.0271723101
it.: 764 obj.: 4136.8147430023 vol.: 0.4999998095 ch.: 0.0280011904
it.: 765 obj.: 4136.8100265377 vol.: 0.5000002512 ch.: 0.0288465149
it.: 766 obj.: 4136.8039167765 vol.: 0.4999997345 ch.: 0.0293966075
it.: 767 obj.: 4136.8040706997 vol.: 0.4999994186 ch.: 0.0331351201
it.: 768 obj.: 4136.8026480383 vol.: 0.5000005133 ch.: 0.0378785996
it.: 769 obj.: 4136.7914469825 vol.: 0.5000005656 ch.: 0.0421479201
it.: 770 obj.: 4136.7870502462 vol.: 0.5000006067 ch.: 0.0474784452
it.: 771 obj.: 4136.7825424352 vol.: 0.4999996085 ch.: 0.0527032201
it.: 772 obj.: 4136.7847490287 vol.: 0.5000002359 ch.: 0.0600881335
it.: 773 obj.: 4136.7756048680 vol.: 0.4999997901 ch.: 0.0666406433
it.: 774 obj.: 4136.7733508902 vol.: 0.4999995114 ch.: 0.0748179072
it.: 775 obj.: 4136.7695875567 vol.: 0.4999995389 ch.: 0.0839441005
it.: 776 obj.: 4136.7633071661 vol.: 0.4999999152 ch.: 0.0941105695
it.: 777 obj.: 4136.7541770547 vol.: 0.5000005803 ch.: 0.1054110500
it.: 778 obj.: 4136.7426227536 vol.: 0.5000004068 ch.: 0.0764097320
it.: 779 obj.: 4136.7378954930 vol.: 0.4999999614 ch.: 0.0829228887
it.: 780 obj.: 4136.7354650768 vol.: 0.4999997608 ch.: 0.0896096966
it.: 781 obj.: 4136.7310070326 vol.: 0.5000006762 ch.: 0.1022329249
it.: 782 obj.: 4136.7194634570 vol.: 0.4999999126 ch.: 0.1142648408
it.: 783 obj.: 4136.7196054597 vol.: 0.4999999708 ch.: 0.0447370523
it.: 784 obj.: 4136.7155394623 vol.: 0.4999996883 ch.: 0.0455203257
it.: 785 obj.: 4136.7145867593 vol.: 0.4999995515 ch.: 0.0485183821
it.: 786 obj.: 4136.7125383802 vol.: 0.4999995683 ch.: 0.0516422940
it.: 787 obj.: 4136.7093364253 vol.: 0.4999997382 ch.: 0.0548838513
it.: 788 obj.: 4136.7049796277 vol.: 0.5000000811 ch.: 0.0582318731
it.: 789 obj.: 4136.6993291436 vol.: 0.5000005908 ch.: 0.0616717910
it.: 790 obj.: 4136.6924244547 vol.: 0.4999998663 ch.: 0.0635788598
it.: 791 obj.: 4136.6937500713 vol.: 0.4999998655 ch.: 0.0538192725
it.: 792 obj.: 4136.6908778069 vol.: 0.5000005711 ch.: 0.0586503160
it.: 793 obj.: 4136.6836773138 vol.: 0.5000000088 ch.: 0.0608583655
it.: 794 obj.: 4136.6849817070 vol.: 0.5000005181 ch.: 0.0583721399
it.: 795 obj.: 4136.6791178302 vol.: 0.5000005044 ch.: 0.0313893839
it.: 796 obj.: 4136.6773011036 vol.: 0.5000005921 ch.: 0.0327587635
it.: 797 obj.: 4136.6747288746 vol.: 0.4999995876 ch.: 0.0329359710
it.: 798 obj.: 4136.6794432389 vol.: 0.4999998942 ch.: 0.0355874665
it.: 799 obj.: 4136.6752386426 vol.: 0.5000002990 ch.: 0.0370897715
it.: 800 obj.: 4136.6702849848 vol.: 0.4999996400 ch.: 0.0372202500
it.: 801 obj.: 4136.6724165625 vol.: 0.5000003071 ch.: 0.0401740596
it.: 802 obj.: 4136.6655027430 vol.: 0.4999999060 ch.: 0.0402552462
it.: 803 obj.: 4136.6656979640 vol.: 0.4999996446 ch.: 0.0418012487
it.: 804 obj.: 4136.6648417886 vol.: 0.5000003264 ch.: 0.0387322542
it.: 805 obj.: 4136.6577551039 vol.: 0.4999998940 ch.: 0.0397818682
it.: 806 obj.: 4136.6580965996 vol.: 0.4999996072 ch.: 0.0419171386
it.: 807 obj.: 4136.6573339351 vol.: 0.4999994714 ch.: 0.0441252902
it.: 808 obj.: 4136.6554200693 vol.: 0.4999994940 ch.: 0.0464023127
it.: 809 obj.: 4136.6522955498 vol.: 0.4999996823 ch.: 0.0487429630
it.: 810 obj.: 4136.6479003150 vol.: 0.5000000307 ch.: 0.0511406606
it.: 811 obj.: 4136.6422655029 vol.: 0.5000003220 ch.: 0.0535874170
it.: 812 obj.: 4136.6369220982 vol.: 0.5000004402 ch.: 0.0369480383
it.: 813 obj.: 4136.6328450635 vol.: 0.5000005699 ch.: 0.0390383580
it.: 814 obj.: 4136.6286313046 vol.: 0.4999994328 ch.: 0.0400363648
it.: 815 obj.: 4136.6327867235 vol.: 0.5000000110 ch.: 0.0434813295
it.: 816 obj.: 4136.6251207730 vol.: 0.5000002197 ch.: 0.0476320258
it.: 817 obj.: 4136.6199801455 vol.: 0.5000004687 ch.: 0.0530721209
it.: 818 obj.: 4136.6143713871 vol.: 0.4999994925 ch.: 0.0581608509
it.: 819 obj.: 4136.6167887540 vol.: 0.5000002395 ch.: 0.0655403601
it.: 820 obj.: 4136.6072573277 vol.: 0.5000006902 ch.: 0.0727175299
it.: 821 obj.: 4136.5997532179 vol.: 0.4999995952 ch.: 0.0792827878
it.: 822 obj.: 4136.6026005417 vol.: 0.5000002486 ch.: 0.0888865641
it.: 823 obj.: 4136.5932871217 vol.: 0.4999996493 ch.: 0.0964602584
it.: 824 obj.: 4136.5921104985 vol.: 0.5000001245 ch.: 0.0845008854
it.: 825 obj.: 4136.5844077826 vol.: 0.5000003326 ch.: 0.0935434340
it.: 826 obj.: 4136.5789342242 vol.: 0.5000003096 ch.: 0.0797809001
it.: 827 obj.: 4136.5752902794 vol.: 0.5000004223 ch.: 0.0402781708
it.: 828 obj.: 4136.5723277703 vol.: 0.5000006409 ch.: 0.0422898280
it.: 829 obj.: 4136.5685364848 vol.: 0.4999996700 ch.: 0.0429719899
it.: 830 obj.: 4136.5726425960 vol.: 0.5000001159 ch.: 0.0464901254
it.: 831 obj.: 4136.5670610353 vol.: 0.4999993772 ch.: 0.0471689393
it.: 832 obj.: 4136.5693250868 vol.: 0.4999999520 ch.: 0.0383971895
it.: 833 obj.: 4136.5626569100 vol.: 0.5000002332 ch.: 0.0353850374
it.: 834 obj.: 4136.5580912523 vol.: 0.5000005701 ch.: 0.0368271234
it.: 835 obj.: 4136.5529952504 vol.: 0.4999996914 ch.: 0.0368308902
it.: 836 obj.: 4136.5559414377 vol.: 0.5000002300 ch.: 0.0397905336
it.: 837 obj.: 4136.5491071131 vol.: 0.4999997027 ch.: 0.0397555552
it.: 838 obj.: 4136.5492232151 vol.: 0.5000002278 ch.: 0.0333292182
it.: 839 obj.: 4136.5421965351 vol.: 0.4999996662 ch.: 0.0373249522
it.: 840 obj.: 4136.5422365430 vol.: 0.5000005819 ch.: 0.0428157041
it.: 841 obj.: 4136.5319795410 vol.: 0.5000004731 ch.: 0.0478233533
it.: 842 obj.: 4136.5282910798 vol.: 0.5000006244 ch.: 0.0539669788
it.: 843 obj.: 4136.5224598992 vol.: 0.4999996510 ch.: 0.0599530765
it.: 844 obj.: 4136.5238260712 vol.: 0.5000004471 ch.: 0.0682043916
it.: 845 obj.: 4136.5127612520 vol.: 0.5000000045 ch.: 0.0765035778
it.: 846 obj.: 4136.5096608558 vol.: 0.4999996893 ch.: 0.0869803604
it.: 847 obj.: 4136.5052982208 vol.: 0.4999997650 ch.: 0.0986275304
it.: 848 obj.: 4136.4977485979 vol.: 0.5000002592 ch.: 0.1114777816
it.: 849 obj.: 4136.4868018534 vol.: 0.5000003749 ch.: 0.1039026592
it.: 850 obj.: 4136.4793133701 vol.: 0.5000002184 ch.: 0.0400006374
it.: 851 obj.: 4136.4769730830 vol.: 0.5000000787 ch.: 0.0431620281
it.: 852 obj.: 4136.4743719674 vol.: 0.5000001308 ch.: 0.0465381638
it.: 853 obj.: 4136.4702515551 vol.: 0.5000003858 ch.: 0.0501362437
it.: 854 obj.: 4136.4645218643 vol.: 0.4999994780 ch.: 0.0528121772
it.: 855 obj.: 4136.4664096384 vol.: 0.5000002372 ch.: 0.0579418629
it.: 856 obj.: 4136.4567456116 vol.: 0.4999998237 ch.: 0.0608882729
it.: 857 obj.: 4136.4547432449 vol.: 0.4999996828 ch.: 0.0669947739
it.: 858 obj.: 4136.4505992423 vol.: 0.4999993205 ch.: 0.0747522245
it.: 859 obj.: 4136.4479745734 vol.: 0.4999999780 ch.: 0.0845186168
it.: 860 obj.: 4136.4387516774 vol.: 0.5000004069 ch.: 0.0941155717
it.: 861 obj.: 4136.4312963741 vol.: 0.5000002112 ch.: 0.1045370741
it.: 862 obj.: 4136.4289000250 vol.: 0.4999993606 ch.: 0.0350283126
it.: 863 obj.: 4136.4321618442 vol.: 0.4999995412 ch.: 0.0326176433
it.: 864 obj.: 4136.4290690667 vol.: 0.4999997748 ch.: 0.0338558039
it.: 865 obj.: 4136.4255651765 vol.: 0.5000001083 ch.: 0.0351293089
it.: 866 obj.: 4136.4213310480 vol.: 0.5000005303 ch.: 0.0364379340
it.: 867 obj.: 4136.4164392208 vol.: 0.4999997944 ch.: 0.0362275262
it.: 868 obj.: 4136.4192961288 vol.: 0.5000004452 ch.: 0.0391008633
it.: 869 obj.: 4136.4127326622 vol.: 0.4999995454 ch.: 0.0316945344
it.: 870 obj.: 4136.4167750137 vol.: 0.5000000024 ch.: 0.0347259709
it.: 871 obj.: 4136.4116108294 vol.: 0.5000004688 ch.: 0.0380778837
it.: 872 obj.: 4136.4063395414 vol.: 0.5000005103 ch.: 0.0417288297
it.: 873 obj.: 4136.4040541648 vol.: 0.5000003750 ch.: 0.0456982527
it.: 874 obj.: 4136.4030064844 vol.: 0.5000002654 ch.: 0.0500054239
it.: 875 obj.: 4136.4017113897 vol.: 0.5000001941 ch.: 0.0546706927
it.: 876 obj.: 4136.4000784012 vol.: 0.4999998352 ch.: 0.0597117013
it.: 877 obj.: 4136.4004780155 vol.: 0.4999994813 ch.: 0.0651435988
it.: 878 obj.: 4136.4008019686 vol.: 0.5000003077 ch.: 0.0722938788
it.: 879 obj.: 4136.3930826616 vol.: 0.5000001629 ch.: 0.0773351201
it.: 880 obj.: 4136.3917998224 vol.: 0.5000001436 ch.: 0.0839944392
it.: 881 obj.: 4136.3895663883 vol.: 0.4999996617 ch.: 0.0394210852
it.: 882 obj.: 4136.3911176284 vol.: 0.5000000258 ch.: 0.0426191841
it.: 883 obj.: 4136.3872844624 vol.: 0.5000002418 ch.: 0.0253797926
it.: 884 obj.: 4136.3845287588 vol.: 0.5000002473 ch.: 0.0228599883
it.: 885 obj.: 4136.3833169861 vol.: 0.5000003095 ch.: 0.0236481826
it.: 886 obj.: 4136.3816893140 vol.: 0.5000004311 ch.: 0.0244647173
it.: 887 obj.: 4136.3796254555 vol.: 0.4999995940 ch.: 0.0240113956
it.: 888 obj.: 4136.3839620471 vol.: 0.4999998581 ch.: 0.0261432303
it.: 889 obj.: 4136.3808578513 vol.: 0.5000001807 ch.: 0.0270488472
it.: 890 obj.: 4136.3773158673 vol.: 0.4999995400 ch.: 0.0265577603
it.: 891 obj.: 4136.3802011678 vol.: 0.5000000099 ch.: 0.0289092806
it.: 892 obj.: 4136.3755697151 vol.: 0.4999995171 ch.: 0.0283901789
it.: 893 obj.: 4136.3773598806 vol.: 0.5000001418 ch.: 0.0308984928
it.: 894 obj.: 4136.3715752440 vol.: 0.4999998109 ch.: 0.0303482410
it.: 895 obj.: 4136.3721607480 vol.: 0.5000002839 ch.: 0.0318497372
it.: 896 obj.: 4136.3674109008 vol.: 0.4999997724 ch.: 0.0322697214
it.: 897 obj.: 4136.3692292169 vol.: 0.5000003300 ch.: 0.0348224623
it.: 898 obj.: 4136.3637897735 vol.: 0.4999999757 ch.: 0.0351987344
it.: 899 obj.: 4136.3644144756 vol.: 0.4999997152 ch.: 0.0366921189
it.: 900 obj.: 4136.3643327145 vol.: 0.4999995534 ch.: 0.0382069103
it.: 901 obj.: 4136.3635074250 vol.: 0.5000004884 ch.: 0.0410984046
it.: 902 obj.: 4136.3552087732 vol.: 0.4999994824 ch.: 0.0398763452
it.: 903 obj.: 4136.3598961482 vol.: 0.4999996985 ch.: 0.0428189115
it.: 904 obj.: 4136.3562525578 vol.: 0.4999999865 ch.: 0.0443503642
it.: 905 obj.: 4136.3520215164 vol.: 0.5000002778 ch.: 0.0480985458
it.: 906 obj.: 4136.3477299586 vol.: 0.5000003656 ch.: 0.0530493542
it.: 907 obj.: 4136.3449014806 vol.: 0.4999994963 ch.: 0.0574835215
it.: 908 obj.: 4136.3484073622 vol.: 0.4999997577 ch.: 0.0643413339
it.: 909 obj.: 4136.3442293429 vol.: 0.4999999470 ch.: 0.0708539916
it.: 910 obj.: 4136.3404755745 vol.: 0.5000002821 ch.: 0.0779708253
it.: 911 obj.: 4136.3355928456 vol.: 0.4999996854 ch.: 0.0842498261
it.: 912 obj.: 4136.3368435910 vol.: 0.5000003060 ch.: 0.0848634904
it.: 913 obj.: 4136.3298512502 vol.: 0.5000000828 ch.: 0.0306370495
it.: 914 obj.: 4136.3297749532 vol.: 0.4999997831 ch.: 0.0319764959
it.: 915 obj.: 4136.3302038275 vol.: 0.4999995471 ch.: 0.0333621699
it.: 916 obj.: 4136.3301571620 vol.: 0.5000004112 ch.: 0.0360734282
it.: 917 obj.: 4136.3226430928 vol.: 0.5000003632 ch.: 0.0363098195
it.: 918 obj.: 4136.3212090616 vol.: 0.5000004173 ch.: 0.0378338542
it.: 919 obj.: 4136.3190228747 vol.: 0.4999995052 ch.: 0.0379438325
it.: 920 obj.: 4136.3232822925 vol.: 0.4999998257 ch.: 0.0409743848
it.: 921 obj.: 4136.3191636798 vol.: 0.5000002259 ch.: 0.0426285710
it.: 922 obj.: 4136.3144329429 vol.: 0.5000003185 ch.: 0.0345526343
it.: 923 obj.: 4136.3119264504 vol.: 0.5000001863 ch.: 0.0362241914
it.: 924 obj.: 4136.3110245221 vol.: 0.5000001528 ch.: 0.0379671512
it.: 925 obj.: 4136.3093817632 vol.: 0.5000002355 ch.: 0.0397832297
it.: 926 obj.: 4136.3068769380 vol.: 0.5000002149 ch.: 0.0416738556
it.: 927 obj.: 4136.3050985420 vol.: 0.5000000955 ch.: 0.0436400528
it.: 928 obj.: 4136.3040227400 vol.: 0.5000000922 ch.: 0.0456826728
it.: 929 obj.: 4136.3020809137 vol.: 0.5000000442 ch.: 0.0429509900
it.: 930 obj.: 4136.3004630544 vol.: 0.4999997690 ch.: 0.0458037490
it.: 931 obj.: 4136.3005194919 vol.: 0.4999995995 ch.: 0.0488160235
it.: 932 obj.: 4136.2997779011 vol.: 0.5000004233 ch.: 0.0532958520
it.: 933 obj.: 4136.2922541403 vol.: 0.5000004601 ch.: 0.0554041055
it.: 934 obj.: 4136.2899324447 vol.: 0.4999996428 ch.: 0.0574260209
it.: 935 obj.: 4136.2932657311 vol.: 0.4999999850 ch.: 0.0625021790
it.: 936 obj.: 4136.2886735948 vol.: 0.4999999421 ch.: 0.0337391165
it.: 937 obj.: 4136.2870082858 vol.: 0.4999997829 ch.: 0.0357621282
it.: 938 obj.: 4136.2862333221 vol.: 0.4999997408 ch.: 0.0379158017
it.: 939 obj.: 4136.2845713395 vol.: 0.4999998228 ch.: 0.0402093946
it.: 940 obj.: 4136.2819678322 vol.: 0.5000000362 ch.: 0.0426528552
it.: 941 obj.: 4136.2783638620 vol.: 0.5000003891 ch.: 0.0452568904
it.: 942 obj.: 4136.2736956259 vol.: 0.4999999295 ch.: 0.0466177098
it.: 943 obj.: 4136.2743810496 vol.: 0.4999996284 ch.: 0.0494119132
it.: 944 obj.: 4136.2738588482 vol.: 0.4999994953 ch.: 0.0523881500
it.: 945 obj.: 4136.2720542366 vol.: 0.5000002320 ch.: 0.0357584452
it.: 946 obj.: 4136.2644781527 vol.: 0.4999998450 ch.: 0.0372167315
it.: 947 obj.: 4136.2645442053 vol.: 0.4999996165 ch.: 0.0396656852
it.: 948 obj.: 4136.2633895603 vol.: 0.4999995558 ch.: 0.0422596219
it.: 949 obj.: 4136.2609375874 vol.: 0.4999996733 ch.: 0.0450038237
it.: 950 obj.: 4136.2571055359 vol.: 0.4999999799 ch.: 0.0479030728
it.: 951 obj.: 4136.2518040309 vol.: 0.5000004876 ch.: 0.0509614750
it.: 952 obj.: 4136.2449366724 vol.: 0.5000000468 ch.: 0.0527810149
it.: 953 obj.: 4136.2442776174 vol.: 0.4999998344 ch.: 0.0560176343
it.: 954 obj.: 4136.2418420924 vol.: 0.4999998643 ch.: 0.0594105788
it.: 955 obj.: 4136.2375188877 vol.: 0.4999996671 ch.: 0.0594619373
it.: 956 obj.: 4136.2349004678 vol.: 0.4999994116 ch.: 0.0659198244
it.: 957 obj.: 4136.2326883834 vol.: 0.5000001012 ch.: 0.0742399538
it.: 958 obj.: 4136.2242211463 vol.: 0.4999998593 ch.: 0.0810359673
it.: 959 obj.: 4136.2217895041 vol.: 0.4999998912 ch.: 0.0897012250
it.: 960 obj.: 4136.2172085046 vol.: 0.5000001203 ch.: 0.0901048591
it.: 961 obj.: 4136.2111203860 vol.: 0.4999996128 ch.: 0.0620457732
it.: 962 obj.: 4136.2113030853 vol.: 0.5000004866 ch.: 0.0703888657
it.: 963 obj.: 4136.2019265526 vol.: 0.5000004144 ch.: 0.0775616558
it.: 964 obj.: 4136.1987481144 vol.: 0.5000001197 ch.: 0.0864274591
it.: 965 obj.: 4136.1972141124 vol.: 0.4999999256 ch.: 0.0961101244
it.: 966 obj.: 4136.1948752668 vol.: 0.4999999617 ch.: 0.1066246513
it.: 967 obj.: 4136.1907479018 vol.: 0.5000001729 ch.: 0.0356654120
it.: 968 obj.: 4136.1872555133 vol.: 0.5000002440 ch.: 0.0376644661
it.: 969 obj.: 4136.1847944250 vol.: 0.5000003614 ch.: 0.0397536978
it.: 970 obj.: 4136.1819704524 vol.: 0.4999994835 ch.: 0.0406749308
it.: 971 obj.: 4136.1858061273 vol.: 0.4999998746 ch.: 0.0441793379
it.: 972 obj.: 4136.1809828417 vol.: 0.5000003848 ch.: 0.0465367492
it.: 973 obj.: 4136.1752740725 vol.: 0.4999998949 ch.: 0.0475005040
it.: 974 obj.: 4136.1762552786 vol.: 0.5000004688 ch.: 0.0514875798
it.: 975 obj.: 4136.1700959211 vol.: 0.4999995231 ch.: 0.0308113071
it.: 976 obj.: 4136.1744996510 vol.: 0.5000004620 ch.: 0.0331913265
it.: 977 obj.: 4136.1663972140 vol.: 0.5000003617 ch.: 0.0327992888
it.: 978 obj.: 4136.1652608385 vol.: 0.5000003061 ch.: 0.0312151143
it.: 979 obj.: 4136.1637916065 vol.: 0.5000000701 ch.: 0.0326185038
it.: 980 obj.: 4136.1636199441 vol.: 0.4999999483 ch.: 0.0340744460
it.: 981 obj.: 4136.1626133210 vol.: 0.4999999446 ch.: 0.0355840168
it.: 982 obj.: 4136.1607420958 vol.: 0.5000000630 ch.: 0.0371477498
it.: 983 obj.: 4136.1579750332 vol.: 0.5000000041 ch.: 0.0387659737
it.: 984 obj.: 4136.1564754632 vol.: 0.5000000028 ch.: 0.0404386522
it.: 985 obj.: 4136.1545406261 vol.: 0.5000001292 ch.: 0.0421656825
it.: 986 obj.: 4136.1516614307 vol.: 0.5000003882 ch.: 0.0439465978
it.: 987 obj.: 4136.1477984139 vol.: 0.5000003975 ch.: 0.0371874824
it.: 988 obj.: 4136.1457783356 vol.: 0.5000004417 ch.: 0.0395699639
it.: 989 obj.: 4136.1434922260 vol.: 0.4999995861 ch.: 0.0410112704
it.: 990 obj.: 4136.1472026368 vol.: 0.4999999324 ch.: 0.0446581842
it.: 991 obj.: 4136.1426902205 vol.: 0.5000003857 ch.: 0.0474181625
it.: 992 obj.: 4136.1373539000 vol.: 0.4999999465 ch.: 0.0490135517
it.: 993 obj.: 4136.1379571711 vol.: 0.4999996610 ch.: 0.0518851736
it.: 994 obj.: 4136.1374164695 vol.: 0.4999995348 ch.: 0.0548731295
it.: 995 obj.: 4136.1356864698 vol.: 0.5000003588 ch.: 0.0595335676
it.: 996 obj.: 4136.1275908170 vol.: 0.4999997615 ch.: 0.0615010690
it.: 997 obj.: 4136.1294089394 vol.: 0.5000000052 ch.: 0.0676654475
it.: 998 obj.: 4136.1257479015 vol.: 0.5000003778 ch.: 0.0729373085
it.: 999 obj.: 4136.1211151825 vol.: 0.5000004868 ch.: 0.0412452392
it.: 1000 obj.: 4136.1186033353 vol.: 0.5000002139 ch.: 0.0425540617
