minimum compliance problem with optimizer oc
number of spatial dimensions: 3
elements: 60 x 20 x 10
volfrac: 0.5 rmin: 2.4  penal: 3.0
filter: Density based
filter mode: matrix
it.: 1 obj.: 12145.3715668290 vol.: 0.4998618381 ch.: 0.2000000000
it.: 2 obj.: 6966.0235614160 vol.: 0.4999108670 ch.: 0.2000000000
it.: 3 obj.: 5031.8470874358 vol.: 0.5000300939 ch.: 0.2000000000
it.: 4 obj.: 4259.9986800459 vol.: 0.5001401996 ch.: 0.2000000000
it.: 5 obj.: 4017.3833607990 vol.: 0.5000686647 ch.: 0.2000000000
it.: 6 obj.: 3813.2135833395 vol.: 0.5000473890 ch.: 0.2000000000
it.: 7 obj.: 3581.6183752878 vol.: 0.5002145697 ch.: 0.2000000000
it.: 8 obj.: 3282.3857194014 vol.: 0.4999427210 ch.: 0.2000000000
it.: 9 obj.: 2989.8076822960 vol.: 0.4999858753 ch.: 0.2000000000
it.: 10 obj.: 2782.1396928801 vol.: 0.4999206180 ch.: 0.2000000000
it.: 11 obj.: 2671.0102517415 vol.: 0.4999784954 ch.: 0.2000000000
it.: 12 obj.: 2613.9519038954 vol.: 0.5000716798 ch.: 0.2000000000
it.: 13 obj.: 2579.2443895489 vol.: 0.5000109455 ch.: 0.2000000000
it.: 14 obj.: 2555.8832824608 vol.: 0.5000228938 ch.: 0.2000000000
it.: 15 obj.: 2538.0209433428 vol.: 0.5000000276 ch.: 0.2000000000
it.: 16 obj.: 2524.8520574165 vol.: 0.5000211403 ch.: 0.2000000000
it.: 17 obj.: 2514.6581800911 vol.: 0.4999965267 ch.: 0.2000000000
it.: 18 obj.: 2506.6482596584 vol.: 0.4999839180 ch.: 0.2000000000
it.: 19 obj.: 2500.1745393587 vol.: 0.5000149502 ch.: 0.2000000000
it.: 20 obj.: 2495.0923299963 vol.: 0.4999938434 ch.: 0.2000000000
it.: 21 obj.: 2491.4977259804 vol.: 0.5000116459 ch.: 0.1791848206
it.: 22 obj.: 2488.4465850444 vol.: 0.4999860464 ch.: 0.1774155691
it.: 23 obj.: 2486.0814506772 vol.: 0.5000029326 ch.: 0.2000000000
it.: 24 obj.: 2483.8228491960 vol.: 0.5000082432 ch.: 0.2000000000
it.: 25 obj.: 2481.8721439098 vol.: 0.5000074770 ch.: 0.2000000000
it.: 26 obj.: 2480.2301642724 vol.: 0.4999914576 ch.: 0.1908201258
it.: 27 obj.: 2478.8312318141 vol.: 0.5000108817 ch.: 0.2000000000
it.: 28 obj.: 2477.3341482717 vol.: 0.5000041491 ch.: 0.2000000000
it.: 29 obj.: 2476.0012913781 vol.: 0.5000036944 ch.: 0.2000000000
it.: 30 obj.: 2474.7598835193 vol.: 0.5000023015 ch.: 0.2000000000
it.: 31 obj.: 2473.6496668187 vol.: 0.5000043091 ch.: 0.2000000000
it.: 32 obj.: 2472.7816985501 vol.: 0.4999998894 ch.: 0.1669111857
it.: 33 obj.: 2472.0365470283 vol.: 0.5000025811 ch.: 0.1813649993
it.: 34 obj.: 2471.3808978908 vol.: 0.4999963299 ch.: 0.2000000000
it.: 35 obj.: 2470.7812711943 vol.: 0.5000047009 ch.: 0.1411691212
it.: 36 obj.: 2470.1363463340 vol.: 0.5000050713 ch.: 0.1924283009
it.: 37 obj.: 2469.5688206847 vol.: 0.5000069194 ch.: 0.2000000000
it.: 38 obj.: 2469.0210805643 vol.: 0.4999941521 ch.: 0.1424500810
it.: 39 obj.: 2468.6696629739 vol.: 0.4999970302 ch.: 0.0874597284
it.: 40 obj.: 2468.3306597197 vol.: 0.5000049628 ch.: 0.0762474159
it.: 41 obj.: 2467.9850235417 vol.: 0.4999960841 ch.: 0.0922191752
it.: 42 obj.: 2467.7296589923 vol.: 0.4999938614 ch.: 0.1127212070
it.: 43 obj.: 2467.4446211863 vol.: 0.4999936369 ch.: 0.1379108721
it.: 44 obj.: 2467.1563677716 vol.: 0.4999939562 ch.: 0.1679565792
it.: 45 obj.: 2466.8618960183 vol.: 0.5000015070 ch.: 0.0840541301
it.: 46 obj.: 2466.5613881596 vol.: 0.4999988109 ch.: 0.0771253765
it.: 47 obj.: 2466.3424801351 vol.: 0.4999975670 ch.: 0.0774649180
it.: 48 obj.: 2466.1286031093 vol.: 0.4999994545 ch.: 0.0946371551
it.: 49 obj.: 2465.9039735937 vol.: 0.4999996950 ch.: 0.1160154240
it.: 50 obj.: 2465.6907222695 vol.: 0.5000038491 ch.: 0.1420263333
it.: 51 obj.: 2465.4484318808 vol.: 0.4999976371 ch.: 0.1734722421
it.: 52 obj.: 2465.2493040730 vol.: 0.5000040994 ch.: 0.0802711172
it.: 53 obj.: 2465.0079647205 vol.: 0.5000019602 ch.: 0.0938384164
it.: 54 obj.: 2464.8131605466 vol.: 0.5000022584 ch.: 0.1159698638
it.: 55 obj.: 2464.6099679684 vol.: 0.5000018024 ch.: 0.1419202972
it.: 56 obj.: 2464.3996533654 vol.: 0.5000042527 ch.: 0.1759251558
it.: 57 obj.: 2464.1789052675 vol.: 0.5000039972 ch.: 0.1113728296
it.: 58 obj.: 2464.0152165733 vol.: 0.5000013777 ch.: 0.0833483566
it.: 59 obj.: 2463.8896809354 vol.: 0.5000023189 ch.: 0.0854611220
it.: 60 obj.: 2463.7472239131 vol.: 0.4999975572 ch.: 0.0985456888
it.: 61 obj.: 2463.6332167621 vol.: 0.4999974532 ch.: 0.1147223889
it.: 62 obj.: 2463.4926812832 vol.: 0.4999975144 ch.: 0.1336174962
it.: 63 obj.: 2463.3527344258 vol.: 0.4999979390 ch.: 0.0841867467
it.: 64 obj.: 2463.2299746617 vol.: 0.4999987334 ch.: 0.0983445657
it.: 65 obj.: 2463.1163994938 vol.: 0.5000036162 ch.: 0.1132068577
it.: 66 obj.: 2462.9792730951 vol.: 0.5000035797 ch.: 0.1011660390
it.: 67 obj.: 2462.8669306149 vol.: 0.4999972922 ch.: 0.0628176381
it.: 68 obj.: 2462.7990351626 vol.: 0.5000021171 ch.: 0.0702353575
it.: 69 obj.: 2462.6728301400 vol.: 0.5000043289 ch.: 0.0766214802
it.: 70 obj.: 2462.5564352019 vol.: 0.4999989950 ch.: 0.0828854207
it.: 71 obj.: 2462.4777589244 vol.: 0.5000001464 ch.: 0.0778939310
it.: 72 obj.: 2462.3697540391 vol.: 0.5000000182 ch.: 0.0900344708
it.: 73 obj.: 2462.2677920157 vol.: 0.5000014721 ch.: 0.1052045402
it.: 74 obj.: 2462.1615929059 vol.: 0.4999996647 ch.: 0.1158047459
it.: 75 obj.: 2462.0755825410 vol.: 0.5000013322 ch.: 0.0597784154
it.: 76 obj.: 2461.9962867456 vol.: 0.4999965498 ch.: 0.0646238172
it.: 77 obj.: 2461.9494468503 vol.: 0.4999973973 ch.: 0.0713869843
it.: 78 obj.: 2461.8749475619 vol.: 0.4999987757 ch.: 0.0779048492
it.: 79 obj.: 2461.7965243882 vol.: 0.4999962282 ch.: 0.0844947380
it.: 80 obj.: 2461.7358347454 vol.: 0.5000023517 ch.: 0.0973034169
it.: 81 obj.: 2461.6318097003 vol.: 0.4999990080 ch.: 0.1101143493
it.: 82 obj.: 2461.5781399249 vol.: 0.5000008953 ch.: 0.1008283172
it.: 83 obj.: 2461.4996422655 vol.: 0.5000023904 ch.: 0.0629304365
it.: 84 obj.: 2461.4355729178 vol.: 0.4999984076 ch.: 0.0665998428
it.: 85 obj.: 2461.3988501778 vol.: 0.5000010655 ch.: 0.0382367750
it.: 86 obj.: 2461.3303717343 vol.: 0.5000028558 ch.: 0.0404206378
it.: 87 obj.: 2461.2679014449 vol.: 0.5000009524 ch.: 0.0419350859
it.: 88 obj.: 2461.2237291387 vol.: 0.5000000450 ch.: 0.0441104483
it.: 89 obj.: 2461.1748296446 vol.: 0.5000024690 ch.: 0.0463558432
it.: 90 obj.: 2461.1084182503 vol.: 0.4999971349 ch.: 0.0477676628
it.: 91 obj.: 2461.0828030616 vol.: 0.4999968920 ch.: 0.0508460597
it.: 92 obj.: 2461.0329090998 vol.: 0.4999983931 ch.: 0.0531129359
it.: 93 obj.: 2460.9739250669 vol.: 0.4999973409 ch.: 0.0553549273
it.: 94 obj.: 2460.9296540572 vol.: 0.5000017758 ch.: 0.0461898344
it.: 95 obj.: 2460.8588819466 vol.: 0.5000026198 ch.: 0.0488456410
it.: 96 obj.: 2460.8091734194 vol.: 0.4999974068 ch.: 0.0505801554
it.: 97 obj.: 2460.7909729081 vol.: 0.5000014135 ch.: 0.0470453454
it.: 98 obj.: 2460.7278114483 vol.: 0.4999993742 ch.: 0.0487927994
it.: 99 obj.: 2460.6959352072 vol.: 0.4999978353 ch.: 0.0513478294
it.: 100 obj.: 2460.6612504317 vol.: 0.4999988767 ch.: 0.0539948380
it.: 101 obj.: 2460.6124219436 vol.: 0.4999989708 ch.: 0.0542674735
it.: 102 obj.: 2460.5695467005 vol.: 0.5000015456 ch.: 0.0609599247
it.: 103 obj.: 2460.5128549372 vol.: 0.5000020606 ch.: 0.0678195906
it.: 104 obj.: 2460.4649932571 vol.: 0.5000003902 ch.: 0.0754076784
it.: 105 obj.: 2460.4264761859 vol.: 0.5000011156 ch.: 0.0846517129
it.: 106 obj.: 2460.3738564292 vol.: 0.4999998736 ch.: 0.0941059274
it.: 107 obj.: 2460.3288650308 vol.: 0.5000018855 ch.: 0.1028082567
it.: 108 obj.: 2460.2648852508 vol.: 0.4999995743 ch.: 0.0647331807
it.: 109 obj.: 2460.2336275676 vol.: 0.4999988057 ch.: 0.0698444848
it.: 110 obj.: 2460.1932695819 vol.: 0.4999997631 ch.: 0.0638302564
it.: 111 obj.: 2460.1432567009 vol.: 0.4999979973 ch.: 0.0674865844
it.: 112 obj.: 2460.1114274265 vol.: 0.4999992876 ch.: 0.0765392387
it.: 113 obj.: 2460.0621012484 vol.: 0.4999988175 ch.: 0.0859688478
it.: 114 obj.: 2460.0196400343 vol.: 0.5000017514 ch.: 0.0972871693
it.: 115 obj.: 2459.9574230755 vol.: 0.5000008503 ch.: 0.1089681800
it.: 116 obj.: 2459.9126922361 vol.: 0.5000024206 ch.: 0.0628620004
it.: 117 obj.: 2459.8598189974 vol.: 0.4999989880 ch.: 0.0528766294
it.: 118 obj.: 2459.8390102361 vol.: 0.4999981655 ch.: 0.0583776525
it.: 119 obj.: 2459.8031529596 vol.: 0.5000001561 ch.: 0.0644213214
it.: 120 obj.: 2459.7509200393 vol.: 0.4999995235 ch.: 0.0702196736
it.: 121 obj.: 2459.7098704864 vol.: 0.5000014065 ch.: 0.0773278958
it.: 122 obj.: 2459.6536239501 vol.: 0.5000025007 ch.: 0.0850540296
it.: 123 obj.: 2459.6006077961 vol.: 0.4999994437 ch.: 0.0934177378
it.: 124 obj.: 2459.5681573239 vol.: 0.4999979911 ch.: 0.1078376463
it.: 125 obj.: 2459.5318088494 vol.: 0.4999998073 ch.: 0.1241664304
it.: 126 obj.: 2459.4759102174 vol.: 0.5000019511 ch.: 0.0587474895
it.: 127 obj.: 2459.4291038672 vol.: 0.4999980431 ch.: 0.0629314860
it.: 128 obj.: 2459.4181188174 vol.: 0.5000022993 ch.: 0.0691967197
it.: 129 obj.: 2459.3647368412 vol.: 0.4999975851 ch.: 0.0731099910
it.: 130 obj.: 2459.3567653506 vol.: 0.4999982049 ch.: 0.0486048815
it.: 131 obj.: 2459.3231117465 vol.: 0.5000020991 ch.: 0.0459381003
it.: 132 obj.: 2459.2758717390 vol.: 0.5000017458 ch.: 0.0479925188
it.: 133 obj.: 2459.2501930616 vol.: 0.5000004683 ch.: 0.0509384467
it.: 134 obj.: 2459.2297437173 vol.: 0.4999981238 ch.: 0.0540407507
it.: 135 obj.: 2459.2153164703 vol.: 0.5000023996 ch.: 0.0583061085
it.: 136 obj.: 2459.1663649046 vol.: 0.5000006096 ch.: 0.0608006137
it.: 137 obj.: 2459.1484452798 vol.: 0.4999996115 ch.: 0.0347894308
it.: 138 obj.: 2459.1295175193 vol.: 0.4999993886 ch.: 0.0371802230
it.: 139 obj.: 2459.1062401814 vol.: 0.4999995150 ch.: 0.0396991214
it.: 140 obj.: 2459.0806206309 vol.: 0.5000009579 ch.: 0.0423507379
it.: 141 obj.: 2459.0474205128 vol.: 0.4999996918 ch.: 0.0444165654
it.: 142 obj.: 2459.0270166801 vol.: 0.5000004999 ch.: 0.0472514395
it.: 143 obj.: 2458.9948110033 vol.: 0.5000009506 ch.: 0.0502068606
it.: 144 obj.: 2458.9641602927 vol.: 0.4999995955 ch.: 0.0534004576
it.: 145 obj.: 2458.9429008946 vol.: 0.5000006982 ch.: 0.0588400520
it.: 146 obj.: 2458.9073924966 vol.: 0.4999982509 ch.: 0.0649475582
it.: 147 obj.: 2458.8886611644 vol.: 0.4999977923 ch.: 0.0725916546
it.: 148 obj.: 2458.8578473025 vol.: 0.5000020191 ch.: 0.0831487583
it.: 149 obj.: 2458.8046501375 vol.: 0.4999984297 ch.: 0.0915898897
it.: 150 obj.: 2458.7890585700 vol.: 0.4999986371 ch.: 0.0606321678
it.: 151 obj.: 2458.7550884134 vol.: 0.4999996833 ch.: 0.0531766004
it.: 152 obj.: 2458.7208224582 vol.: 0.5000016229 ch.: 0.0606055686
it.: 153 obj.: 2458.6797295154 vol.: 0.5000019735 ch.: 0.0684265896
it.: 154 obj.: 2458.6439068909 vol.: 0.5000009271 ch.: 0.0771306985
it.: 155 obj.: 2458.6120206405 vol.: 0.5000017953 ch.: 0.0875527047
it.: 156 obj.: 2458.5667903448 vol.: 0.5000014041 ch.: 0.0983925477
it.: 157 obj.: 2458.5239335233 vol.: 0.4999997921 ch.: 0.1102650024
it.: 158 obj.: 2458.4827922305 vol.: 0.5000021289 ch.: 0.0810789927
it.: 159 obj.: 2458.4229486046 vol.: 0.4999988920 ch.: 0.0916272978
it.: 160 obj.: 2458.3939472604 vol.: 0.4999994416 ch.: 0.1042265970
it.: 161 obj.: 2458.3404382892 vol.: 0.4999987058 ch.: 0.1073933302
it.: 162 obj.: 2458.2892017698 vol.: 0.4999993753 ch.: 0.1207296849
it.: 163 obj.: 2458.2406497781 vol.: 0.5000019205 ch.: 0.0865990382
it.: 164 obj.: 2458.1921083222 vol.: 0.5000001631 ch.: 0.0952023238
it.: 165 obj.: 2458.1659322073 vol.: 0.5000014716 ch.: 0.0865899047
it.: 166 obj.: 2458.1246166560 vol.: 0.4999985941 ch.: 0.1003293878
it.: 167 obj.: 2458.1095603075 vol.: 0.5000015272 ch.: 0.1169894864
it.: 168 obj.: 2458.0623642396 vol.: 0.4999981875 ch.: 0.1331291226
it.: 169 obj.: 2458.0446812309 vol.: 0.5000010220 ch.: 0.0406194947
it.: 170 obj.: 2458.0118370568 vol.: 0.5000012469 ch.: 0.0426611555
it.: 171 obj.: 2457.9955840982 vol.: 0.4999986737 ch.: 0.0440511577
it.: 172 obj.: 2457.9935063121 vol.: 0.5000004736 ch.: 0.0470952707
it.: 173 obj.: 2457.9690850924 vol.: 0.5000000557 ch.: 0.0483266552
it.: 174 obj.: 2457.9558699822 vol.: 0.4999996720 ch.: 0.0503783531
it.: 175 obj.: 2457.9428493514 vol.: 0.5000013528 ch.: 0.0535335801
it.: 176 obj.: 2457.9201591724 vol.: 0.5000014657 ch.: 0.0437712168
it.: 177 obj.: 2457.9068816570 vol.: 0.5000004282 ch.: 0.0465654536
it.: 178 obj.: 2457.9007056564 vol.: 0.5000003136 ch.: 0.0494777254
it.: 179 obj.: 2457.8898869054 vol.: 0.5000010930 ch.: 0.0525034672
it.: 180 obj.: 2457.8745490734 vol.: 0.4999995253 ch.: 0.0547235276
it.: 181 obj.: 2457.8711734352 vol.: 0.4999988540 ch.: 0.0578638679
it.: 182 obj.: 2457.8632457135 vol.: 0.4999990649 ch.: 0.0610887892
it.: 183 obj.: 2457.8508236480 vol.: 0.4999999076 ch.: 0.0308137717
it.: 184 obj.: 2457.8371992363 vol.: 0.5000014167 ch.: 0.0287508556
it.: 185 obj.: 2457.8221588309 vol.: 0.5000004997 ch.: 0.0287671086
it.: 186 obj.: 2457.8195218220 vol.: 0.4999999639 ch.: 0.0297244634
it.: 187 obj.: 2457.8150548029 vol.: 0.4999994211 ch.: 0.0307095469
it.: 188 obj.: 2457.8107580426 vol.: 0.4999994196 ch.: 0.0317225080
it.: 189 obj.: 2457.8037650573 vol.: 0.5000004070 ch.: 0.0187203409
it.: 190 obj.: 2457.7925898120 vol.: 0.4999986048 ch.: 0.0186700788
it.: 191 obj.: 2457.7957807297 vol.: 0.5000001573 ch.: 0.0198550737
it.: 192 obj.: 2457.7819924075 vol.: 0.4999993443 ch.: 0.0197786327
it.: 193 obj.: 2457.7802604697 vol.: 0.4999990325 ch.: 0.0203377530
it.: 194 obj.: 2457.7760219561 vol.: 0.4999992169 ch.: 0.0209059251
it.: 195 obj.: 2457.7692942031 vol.: 0.4999998932 ch.: 0.0214827831
it.: 196 obj.: 2457.7600904175 vol.: 0.5000010579 ch.: 0.0220679152
it.: 197 obj.: 2457.7484198694 vol.: 0.4999998701 ch.: 0.0218805332
it.: 198 obj.: 2457.7487347995 vol.: 0.4999991942 ch.: 0.0224348734
it.: 199 obj.: 2457.7464571809 vol.: 0.4999990262 ch.: 0.0229947350
it.: 200 obj.: 2457.7416004293 vol.: 0.4999993371 ch.: 0.0235595538
it.: 201 obj.: 2457.7343037551 vol.: 0.5000001347 ch.: 0.0241287391
it.: 202 obj.: 2457.7245196108 vol.: 0.4999985788 ch.: 0.0237977276
it.: 203 obj.: 2457.7267244652 vol.: 0.4999991148 ch.: 0.0252550869
it.: 204 obj.: 2457.7184844645 vol.: 0.4999999179 ch.: 0.0258515878
it.: 205 obj.: 2457.7088873400 vol.: 0.5000012105 ch.: 0.0264538358
it.: 206 obj.: 2457.6967600754 vol.: 0.5000002287 ch.: 0.0260438526
it.: 207 obj.: 2457.6961932427 vol.: 0.4999997690 ch.: 0.0265973343
it.: 208 obj.: 2457.6929237122 vol.: 0.4999997373 ch.: 0.0260061923
it.: 209 obj.: 2457.6874500443 vol.: 0.5000007402 ch.: 0.0166744378
it.: 210 obj.: 2457.6772831189 vol.: 0.4999994630 ch.: 0.0158694339
it.: 211 obj.: 2457.6786768567 vol.: 0.4999986646 ch.: 0.0162112859
it.: 212 obj.: 2457.6775617332 vol.: 0.5000010725 ch.: 0.0172955511
it.: 213 obj.: 2457.6600057134 vol.: 0.5000009335 ch.: 0.0172716126
it.: 214 obj.: 2457.6553916067 vol.: 0.4999999761 ch.: 0.0178085592
it.: 215 obj.: 2457.6550614944 vol.: 0.4999995025 ch.: 0.0183570579
it.: 216 obj.: 2457.6521554156 vol.: 0.4999995213 ch.: 0.0189170083
it.: 217 obj.: 2457.6466162156 vol.: 0.5000000423 ch.: 0.0194881976
it.: 218 obj.: 2457.6383804742 vol.: 0.5000010763 ch.: 0.0200703706
it.: 219 obj.: 2457.6273781744 vol.: 0.4999999602 ch.: 0.0199812276
it.: 220 obj.: 2457.6272085855 vol.: 0.4999993901 ch.: 0.0205348896
it.: 221 obj.: 2457.6240835648 vol.: 0.4999993415 ch.: 0.0210966448
it.: 222 obj.: 2457.6181099984 vol.: 0.4999998185 ch.: 0.0216671609
it.: 223 obj.: 2457.6092492308 vol.: 0.4999997132 ch.: 0.0222452638
it.: 224 obj.: 2457.6033059486 vol.: 0.5000001289 ch.: 0.0227117876
it.: 225 obj.: 2457.5944708749 vol.: 0.5000010803 ch.: 0.0231727826
it.: 226 obj.: 2457.5826455640 vol.: 0.4999996167 ch.: 0.0227821552
it.: 227 obj.: 2457.5829190189 vol.: 0.4999987558 ch.: 0.0231885838
it.: 228 obj.: 2457.5798180523 vol.: 0.4999985151 ch.: 0.0235865824
it.: 229 obj.: 2457.5732228840 vol.: 0.4999989145 ch.: 0.0239752667
it.: 230 obj.: 2457.5629992378 vol.: 0.4999999762 ch.: 0.0243537865
it.: 231 obj.: 2457.5489969581 vol.: 0.4999986283 ch.: 0.0241078484
it.: 232 obj.: 2457.5469484592 vol.: 0.5000011719 ch.: 0.0254408832
it.: 233 obj.: 2457.5244642358 vol.: 0.5000013284 ch.: 0.0269479049
it.: 234 obj.: 2457.5137435649 vol.: 0.4999990075 ch.: 0.0300911538
it.: 235 obj.: 2457.5152230300 vol.: 0.5000002270 ch.: 0.0342348175
it.: 236 obj.: 2457.4980950430 vol.: 0.5000009184 ch.: 0.0386214234
it.: 237 obj.: 2457.4833539259 vol.: 0.4999985987 ch.: 0.0431687571
it.: 238 obj.: 2457.4834713299 vol.: 0.4999997587 ch.: 0.0491563661
it.: 239 obj.: 2457.4650257054 vol.: 0.4999985894 ch.: 0.0549747003
it.: 240 obj.: 2457.4576796101 vol.: 0.4999984724 ch.: 0.0620362200
it.: 241 obj.: 2457.4439459158 vol.: 0.4999987697 ch.: 0.0700148979
it.: 242 obj.: 2457.4271642030 vol.: 0.4999983564 ch.: 0.0790226280
it.: 243 obj.: 2457.4133349806 vol.: 0.4999989691 ch.: 0.0891795791
it.: 244 obj.: 2457.3928727218 vol.: 0.5000006649 ch.: 0.1006180484
it.: 245 obj.: 2457.3653267302 vol.: 0.4999993107 ch.: 0.1053750855
it.: 246 obj.: 2457.3526698393 vol.: 0.4999998115 ch.: 0.0382163069
it.: 247 obj.: 2457.3426861509 vol.: 0.5000004394 ch.: 0.0392565266
it.: 248 obj.: 2457.3318757959 vol.: 0.5000014810 ch.: 0.0402358095
it.: 249 obj.: 2457.3187527753 vol.: 0.4999996528 ch.: 0.0402559896
it.: 250 obj.: 2457.3201557919 vol.: 0.5000015971 ch.: 0.0420049487
it.: 251 obj.: 2457.3019876528 vol.: 0.5000007605 ch.: 0.0418493905
it.: 252 obj.: 2457.2978758465 vol.: 0.5000004542 ch.: 0.0449542283
it.: 253 obj.: 2457.2908121271 vol.: 0.5000001624 ch.: 0.0482751991
it.: 254 obj.: 2457.2836702984 vol.: 0.5000005563 ch.: 0.0526323539
it.: 255 obj.: 2457.2741705322 vol.: 0.5000014593 ch.: 0.0565069679
it.: 256 obj.: 2457.2617841644 vol.: 0.4999997757 ch.: 0.0597000384
it.: 257 obj.: 2457.2623812355 vol.: 0.4999987560 ch.: 0.0639828025
it.: 258 obj.: 2457.2592702028 vol.: 0.5000005896 ch.: 0.0583583240
it.: 259 obj.: 2457.2419213149 vol.: 0.5000007576 ch.: 0.0282452531
it.: 260 obj.: 2457.2369955095 vol.: 0.5000012746 ch.: 0.0291774322
it.: 261 obj.: 2457.2302634401 vol.: 0.4999990837 ch.: 0.0293232490
it.: 262 obj.: 2457.2373694467 vol.: 0.5000003331 ch.: 0.0310530745
it.: 263 obj.: 2457.2268448484 vol.: 0.4999988660 ch.: 0.0311409058
it.: 264 obj.: 2457.2302052533 vol.: 0.5000008303 ch.: 0.0329412954
it.: 265 obj.: 2457.2159685379 vol.: 0.4999997059 ch.: 0.0329567412
it.: 266 obj.: 2457.2175569475 vol.: 0.4999986614 ch.: 0.0338540323
it.: 267 obj.: 2457.2187365129 vol.: 0.5000009395 ch.: 0.0357462168
it.: 268 obj.: 2457.2028696078 vol.: 0.4999992947 ch.: 0.0356231337
it.: 269 obj.: 2457.2074205865 vol.: 0.5000010923 ch.: 0.0225184245
it.: 270 obj.: 2457.1951706140 vol.: 0.5000007580 ch.: 0.0099447296
