optimizer oc
number of spatial dimensions: 2
elements: 60 x 20
volfrac: 0.5 rmin: 2.4  penal: 3.0
filter: Sensitivity based
filter mode: matrix
it.: 1 obj.: 982.4150466338 vol.: 0.4999687801 ch.: 0.5000000000
it.: 2 obj.: 548.2378512085 vol.: 0.5001561858 ch.: 0.2000000000
it.: 3 obj.: 375.2478313889 vol.: 0.4999767070 ch.: 0.2000000000
it.: 4 obj.: 307.9677290663 vol.: 0.5000858237 ch.: 0.2000000000
it.: 5 obj.: 282.8927409105 vol.: 0.5000025225 ch.: 0.2000000000
it.: 6 obj.: 270.1721795464 vol.: 0.5000629008 ch.: 0.1603348892
it.: 7 obj.: 261.6588826861 vol.: 0.5001461188 ch.: 0.1354328400
it.: 8 obj.: 255.4556995614 vol.: 0.4998746882 ch.: 0.1324747440
it.: 9 obj.: 250.8096723453 vol.: 0.5001112194 ch.: 0.1198895910
it.: 10 obj.: 246.3622614930 vol.: 0.4998840121 ch.: 0.1182246874
it.: 11 obj.: 242.5966275040 vol.: 0.5001585331 ch.: 0.1061645601
it.: 12 obj.: 238.5995098874 vol.: 0.5000290681 ch.: 0.1175514600
it.: 13 obj.: 235.1373920639 vol.: 0.4998978908 ch.: 0.0884836223
it.: 14 obj.: 231.5934746808 vol.: 0.5000574783 ch.: 0.0905346104
it.: 15 obj.: 228.2761746170 vol.: 0.5001324556 ch.: 0.0582269784
it.: 16 obj.: 226.0912305049 vol.: 0.4999091001 ch.: 0.0395434160
it.: 17 obj.: 225.1804373272 vol.: 0.5000705753 ch.: 0.0313719736
it.: 18 obj.: 224.5345013755 vol.: 0.4998765281 ch.: 0.0272154543
it.: 19 obj.: 224.3001006135 vol.: 0.5000214900 ch.: 0.0250622612
it.: 20 obj.: 223.8952204319 vol.: 0.4999791563 ch.: 0.0225214114
it.: 21 obj.: 223.6856148827 vol.: 0.5000408972 ch.: 0.0205983504
it.: 22 obj.: 223.4233391036 vol.: 0.4999867262 ch.: 0.0188608207
it.: 23 obj.: 223.2696399020 vol.: 0.4999852524 ch.: 0.0184022191
it.: 24 obj.: 223.0869735846 vol.: 0.4999148263 ch.: 0.0178543568
it.: 25 obj.: 222.9698233946 vol.: 0.4998779322 ch.: 0.0172714213
it.: 26 obj.: 222.8359090930 vol.: 0.5001029356 ch.: 0.0156768085
it.: 27 obj.: 222.5435458785 vol.: 0.5000110093 ch.: 0.0165014600
it.: 28 obj.: 222.4891451990 vol.: 0.5000144460 ch.: 0.0152467905
it.: 29 obj.: 222.3632442426 vol.: 0.4999239447 ch.: 0.0143030458
it.: 30 obj.: 222.3172507134 vol.: 0.4998735838 ch.: 0.0130086617
it.: 31 obj.: 222.2507237995 vol.: 0.5001074081 ch.: 0.0115767120
it.: 32 obj.: 222.0068876334 vol.: 0.4999915728 ch.: 0.0122819888
it.: 33 obj.: 222.0351419476 vol.: 0.5000042239 ch.: 0.0113294669
it.: 34 obj.: 221.9795694131 vol.: 0.4999401750 ch.: 0.0124393643
it.: 35 obj.: 221.9963850565 vol.: 0.4999391628 ch.: 0.0116779502
it.: 36 obj.: 221.9712802855 vol.: 0.4998977359 ch.: 0.0110062698
it.: 37 obj.: 221.9832377980 vol.: 0.4998903951 ch.: 0.0102405818
it.: 38 obj.: 221.9720563722 vol.: 0.4998628781 ch.: 0.0095456592
