minimum compliance problem with optimizer oc
number of spatial dimensions: 2
elements: 40 x 40
volfrac: 0.4 rmin: 1.2  penal: 3.0
filter: Sensitivity based
filter mode: matrix
it.: 1 obj.: 39363075.9902159572 vol.: 0.3999460471 ch.: 0.2000000000
it.: 2 obj.: 16046904.9680648278 vol.: 0.3998627735 ch.: 0.2000000000
it.: 3 obj.: 11034724.5040655434 vol.: 0.3997420272 ch.: 0.2000000000
it.: 4 obj.: 9257970.9014993254 vol.: 0.4000838451 ch.: 0.2000000000
it.: 5 obj.: 8676030.1069538128 vol.: 0.3997060479 ch.: 0.2000000000
it.: 6 obj.: 8409891.8876869474 vol.: 0.3998775532 ch.: 0.2000000000
it.: 7 obj.: 8107219.3099224325 vol.: 0.3999028844 ch.: 0.2000000000
it.: 8 obj.: 7864137.4324690830 vol.: 0.3999153787 ch.: 0.2000000000
it.: 9 obj.: 7419033.6269406155 vol.: 0.3999852155 ch.: 0.2000000000
it.: 10 obj.: 7005730.2468223879 vol.: 0.4000458691 ch.: 0.2000000000
it.: 11 obj.: 6509099.8279477078 vol.: 0.4000480600 ch.: 0.2000000000
it.: 12 obj.: 6194621.8914930411 vol.: 0.3998108842 ch.: 0.2000000000
it.: 13 obj.: 5991826.2570328452 vol.: 0.4000574075 ch.: 0.1671333634
it.: 14 obj.: 5842132.7954507992 vol.: 0.3999621800 ch.: 0.1995937358
it.: 15 obj.: 5743150.1081097629 vol.: 0.4000711736 ch.: 0.1234779785
it.: 16 obj.: 5642284.2794445641 vol.: 0.3998715903 ch.: 0.2000000000
it.: 17 obj.: 5546070.0480303075 vol.: 0.3999038718 ch.: 0.1321806496
it.: 18 obj.: 5435770.4982660068 vol.: 0.3999365925 ch.: 0.2000000000
it.: 19 obj.: 5337583.8597752089 vol.: 0.4000870196 ch.: 0.1362334733
it.: 20 obj.: 5256477.0631045876 vol.: 0.4000937196 ch.: 0.1555049074
it.: 21 obj.: 5196432.8951569740 vol.: 0.4000103000 ch.: 0.1257687885
it.: 22 obj.: 5147057.5054931603 vol.: 0.3999149627 ch.: 0.1307629764
it.: 23 obj.: 5108518.9125250513 vol.: 0.3999391846 ch.: 0.1191801333
it.: 24 obj.: 5071705.0151324421 vol.: 0.4000107178 ch.: 0.1179749329
it.: 25 obj.: 5038139.9009327795 vol.: 0.3999570255 ch.: 0.1033785367
it.: 26 obj.: 5009259.6781408768 vol.: 0.3999661343 ch.: 0.1115584447
it.: 27 obj.: 4982185.9300944861 vol.: 0.4000456093 ch.: 0.0892149399
it.: 28 obj.: 4955919.3120284043 vol.: 0.3999896507 ch.: 0.0915682238
it.: 29 obj.: 4935515.5070565762 vol.: 0.3999500978 ch.: 0.0830087126
it.: 30 obj.: 4917988.7810842078 vol.: 0.4000263032 ch.: 0.0824290926
it.: 31 obj.: 4900069.0455097640 vol.: 0.4000623674 ch.: 0.0767662709
it.: 32 obj.: 4885936.8858921258 vol.: 0.4000448984 ch.: 0.0731696152
it.: 33 obj.: 4874698.9796717409 vol.: 0.4000287047 ch.: 0.0712635624
it.: 34 obj.: 4866300.9185702130 vol.: 0.3999402329 ch.: 0.0646338810
it.: 35 obj.: 4860231.0434335489 vol.: 0.4000666512 ch.: 0.0656090136
it.: 36 obj.: 4851600.9993214775 vol.: 0.3999161854 ch.: 0.0574291699
it.: 37 obj.: 4849179.2523753960 vol.: 0.3999585240 ch.: 0.0614335464
it.: 38 obj.: 4843692.6061150581 vol.: 0.4000875322 ch.: 0.0541135175
it.: 39 obj.: 4836516.0173275694 vol.: 0.3999430900 ch.: 0.0584818094
it.: 40 obj.: 4835886.3165079076 vol.: 0.4000677323 ch.: 0.0521223680
it.: 41 obj.: 4829505.0210940903 vol.: 0.4000784584 ch.: 0.0538220431
it.: 42 obj.: 4826511.8740478810 vol.: 0.4001012470 ch.: 0.0488027110
it.: 43 obj.: 4823053.8691196861 vol.: 0.4000185573 ch.: 0.0496899709
it.: 44 obj.: 4822185.8044649176 vol.: 0.4000545605 ch.: 0.0456353701
it.: 45 obj.: 4818572.0184753742 vol.: 0.3998943300 ch.: 0.0452007170
it.: 46 obj.: 4819365.1128172465 vol.: 0.3999322731 ch.: 0.0421058247
it.: 47 obj.: 4815697.0182446120 vol.: 0.3999351779 ch.: 0.0398364592
it.: 48 obj.: 4813271.8582435809 vol.: 0.4000885992 ch.: 0.0387728346
it.: 49 obj.: 4807800.6420583623 vol.: 0.3998978800 ch.: 0.0362313619
it.: 50 obj.: 4809821.9588460689 vol.: 0.4000335077 ch.: 0.0368060952
it.: 51 obj.: 4804836.2207484823 vol.: 0.4000223867 ch.: 0.0350712849
it.: 52 obj.: 4803410.7829024307 vol.: 0.4000290921 ch.: 0.0385513707
it.: 53 obj.: 4801489.9828256574 vol.: 0.3999388600 ch.: 0.0389217279
it.: 54 obj.: 4801633.6184040625 vol.: 0.3999648241 ch.: 0.0400633234
it.: 55 obj.: 4799122.9808498090 vol.: 0.4000470781 ch.: 0.0400810607
it.: 56 obj.: 4795496.0951616298 vol.: 0.3999473314 ch.: 0.0407273853
it.: 57 obj.: 4795571.2371488558 vol.: 0.3999430951 ch.: 0.0377012723
it.: 58 obj.: 4793799.1959888702 vol.: 0.4000909606 ch.: 0.0346419401
it.: 59 obj.: 4789377.2603265811 vol.: 0.3999473729 ch.: 0.0305312755
it.: 60 obj.: 4791236.6797154974 vol.: 0.4000830800 ch.: 0.0286839412
it.: 61 obj.: 4787285.4067625366 vol.: 0.3999209445 ch.: 0.0250001631
it.: 62 obj.: 4789888.2325929571 vol.: 0.4000730616 ch.: 0.0269075452
it.: 63 obj.: 4786038.8410474649 vol.: 0.3999302751 ch.: 0.0233223341
it.: 64 obj.: 4788491.7245159270 vol.: 0.4000877247 ch.: 0.0255052587
it.: 65 obj.: 4784625.7183036283 vol.: 0.3999351831 ch.: 0.0237007641
it.: 66 obj.: 4787314.8419940509 vol.: 0.4000993726 ch.: 0.0239441155
it.: 67 obj.: 4783209.8285500342 vol.: 0.3999354855 ch.: 0.0238055335
it.: 68 obj.: 4785902.1298257029 vol.: 0.4000944402 ch.: 0.0247175650
it.: 69 obj.: 4781701.5435896646 vol.: 0.3999339583 ch.: 0.0271095524
it.: 70 obj.: 4784312.3441293417 vol.: 0.3999043828 ch.: 0.0325373603
it.: 71 obj.: 4783947.2246499415 vol.: 0.4000912855 ch.: 0.0408842381
it.: 72 obj.: 4779317.1019800212 vol.: 0.4000142451 ch.: 0.0503476553
it.: 73 obj.: 4780165.7091104761 vol.: 0.3999556486 ch.: 0.0615483307
it.: 74 obj.: 4779857.2644586824 vol.: 0.4000225406 ch.: 0.0752315018
it.: 75 obj.: 4776619.6141740941 vol.: 0.4000025514 ch.: 0.0870818826
it.: 76 obj.: 4774562.6381028211 vol.: 0.4000732710 ch.: 0.0922045946
it.: 77 obj.: 4769951.3288085302 vol.: 0.3999522993 ch.: 0.1017474848
it.: 78 obj.: 4769172.1932069715 vol.: 0.4000810736 ch.: 0.1007544838
it.: 79 obj.: 4764282.5605636500 vol.: 0.4000093116 ch.: 0.0696415807
it.: 80 obj.: 4764518.5589558268 vol.: 0.4000508714 ch.: 0.0452122119
it.: 81 obj.: 4762683.1415456552 vol.: 0.3999857003 ch.: 0.0314845482
it.: 82 obj.: 4763107.0715905968 vol.: 0.4000432065 ch.: 0.0250100139
it.: 83 obj.: 4760960.4514046637 vol.: 0.3999725938 ch.: 0.0242489851
it.: 84 obj.: 4761337.0546191344 vol.: 0.4000279650 ch.: 0.0254811456
it.: 85 obj.: 4759096.3396367785 vol.: 0.3999527112 ch.: 0.0278729243
it.: 86 obj.: 4759508.5996747203 vol.: 0.4000040523 ch.: 0.0276989528
it.: 87 obj.: 4757311.3894827571 vol.: 0.3999195234 ch.: 0.0281348598
it.: 88 obj.: 4757884.4123473968 vol.: 0.3999702757 ch.: 0.0307438471
it.: 89 obj.: 4755639.9501612615 vol.: 0.4000842632 ch.: 0.0295580998
it.: 90 obj.: 4752267.6375136077 vol.: 0.4000159092 ch.: 0.0323518836
it.: 91 obj.: 4752675.4497500788 vol.: 0.4000706466 ch.: 0.0290893015
it.: 92 obj.: 4750324.1759641375 vol.: 0.4000029112 ch.: 0.0291772907
it.: 93 obj.: 4750656.9574882975 vol.: 0.4000379365 ch.: 0.0290077740
it.: 94 obj.: 4748721.6229036674 vol.: 0.3999759269 ch.: 0.0304456792
it.: 95 obj.: 4748977.4712735815 vol.: 0.3999905875 ch.: 0.0308249065
it.: 96 obj.: 4747620.1995234126 vol.: 0.3999343032 ch.: 0.0294988263
it.: 97 obj.: 4747985.9351871451 vol.: 0.3999465371 ch.: 0.0267990188
it.: 98 obj.: 4746872.0668309778 vol.: 0.3998981459 ch.: 0.0262026091
it.: 99 obj.: 4747209.1496964963 vol.: 0.3998988235 ch.: 0.0243737013
it.: 100 obj.: 4746504.3325796453 vol.: 0.4000676759 ch.: 0.0268992871
it.: 101 obj.: 4742731.9419889413 vol.: 0.3999404728 ch.: 0.0261921533
it.: 102 obj.: 4745132.8713713903 vol.: 0.4000674696 ch.: 0.0267426736
it.: 103 obj.: 4742299.5409763400 vol.: 0.3999421556 ch.: 0.0225368592
it.: 104 obj.: 4744836.8308965266 vol.: 0.4000543593 ch.: 0.0200403179
it.: 105 obj.: 4742511.2915674690 vol.: 0.3999360191 ch.: 0.0154630631
it.: 106 obj.: 4745151.6907469649 vol.: 0.4000660716 ch.: 0.0139090047
it.: 107 obj.: 4742622.3348119901 vol.: 0.3999641770 ch.: 0.0139769080
it.: 108 obj.: 4744939.1458070520 vol.: 0.4000956576 ch.: 0.0162491347
it.: 109 obj.: 4742307.2379808519 vol.: 0.3999949490 ch.: 0.0190353417
it.: 110 obj.: 4744490.1836960157 vol.: 0.3999185855 ch.: 0.0218057016
it.: 111 obj.: 4745754.2761303214 vol.: 0.3999355616 ch.: 0.0261254702
it.: 112 obj.: 4745038.3845848758 vol.: 0.3999121457 ch.: 0.0310419590
it.: 113 obj.: 4745134.4915372264 vol.: 0.3999351122 ch.: 0.0366051130
it.: 114 obj.: 4744003.5240004910 vol.: 0.3999209727 ch.: 0.0424192654
it.: 115 obj.: 4743447.0683684442 vol.: 0.3999317918 ch.: 0.0486150472
it.: 116 obj.: 4741950.8930037282 vol.: 0.3999210016 ch.: 0.0531975435
it.: 117 obj.: 4740605.8012347389 vol.: 0.3999241276 ch.: 0.0550694792
it.: 118 obj.: 4738651.6509868428 vol.: 0.3999128455 ch.: 0.0543166463
it.: 119 obj.: 4737041.5610846756 vol.: 0.4000998838 ch.: 0.0492867844
it.: 120 obj.: 4731794.9102644529 vol.: 0.3999586264 ch.: 0.0408137136
it.: 121 obj.: 4733769.3631345993 vol.: 0.4000924349 ch.: 0.0309476999
it.: 122 obj.: 4730138.8011697605 vol.: 0.3999626038 ch.: 0.0225774443
it.: 123 obj.: 4732413.5148686003 vol.: 0.4000871047 ch.: 0.0195202074
it.: 124 obj.: 4729402.6045255139 vol.: 0.3999704367 ch.: 0.0174011510
it.: 125 obj.: 4731690.0368498769 vol.: 0.4000871889 ch.: 0.0157414072
it.: 126 obj.: 4729034.0372793507 vol.: 0.3999801794 ch.: 0.0144238188
it.: 127 obj.: 4731233.5831527431 vol.: 0.4000889113 ch.: 0.0132470641
it.: 128 obj.: 4728823.0613401551 vol.: 0.3999897105 ch.: 0.0122329779
it.: 129 obj.: 4730901.8251638887 vol.: 0.4000909465 ch.: 0.0112701621
it.: 130 obj.: 4728683.7102499306 vol.: 0.3999989033 ch.: 0.0104150938
it.: 131 obj.: 4730631.8492604606 vol.: 0.4000934828 ch.: 0.0095855630
