minimum compliance problem with optimizer mma
number of spatial dimensions: 2
elements: 60 x 20
volfrac: 0.5 rmin: 2.4  penal: 3.0
filter: Density based
filter mode: matrix
it.: 1 obj.: 1007.0221007215 vol.: 0.4631803469 ch.: 0.1999999961
it.: 2 obj.: 679.5587271466 vol.: 0.4687013965 ch.: 0.1999999804
it.: 3 obj.: 521.2415385677 vol.: 0.4767799204 ch.: 0.1999995521
it.: 4 obj.: 430.5278194139 vol.: 0.4841746290 ch.: 0.1999996315
it.: 5 obj.: 384.4501239571 vol.: 0.4896258664 ch.: 0.1999982060
it.: 6 obj.: 358.5088005572 vol.: 0.4929917786 ch.: 0.1673444665
it.: 7 obj.: 341.7652225539 vol.: 0.4949384777 ch.: 0.1779334223
it.: 8 obj.: 329.9297035529 vol.: 0.4960716857 ch.: 0.1999805468
it.: 9 obj.: 320.7185828370 vol.: 0.4968007883 ch.: 0.1999987733
it.: 10 obj.: 313.2844535259 vol.: 0.4972532141 ch.: 0.1999995181
it.: 11 obj.: 306.8182286888 vol.: 0.4976508476 ch.: 0.1999994565
it.: 12 obj.: 301.3707605636 vol.: 0.4978098263 ch.: 0.1999991892
it.: 13 obj.: 296.0221298079 vol.: 0.4977635602 ch.: 0.1999990469
it.: 14 obj.: 290.3817730194 vol.: 0.4973737612 ch.: 0.1999993302
it.: 15 obj.: 283.4478850051 vol.: 0.4966105232 ch.: 0.1999994009
it.: 16 obj.: 274.9948896448 vol.: 0.4954543343 ch.: 0.1999996396
it.: 17 obj.: 267.0775419015 vol.: 0.4946408098 ch.: 0.1999995865
it.: 18 obj.: 258.9193930653 vol.: 0.4949614588 ch.: 0.1999997563
it.: 19 obj.: 251.7169519798 vol.: 0.4956695600 ch.: 0.1999994674
it.: 20 obj.: 246.2708996527 vol.: 0.4969919864 ch.: 0.1999989115
it.: 21 obj.: 243.1991755276 vol.: 0.4979673393 ch.: 0.1889757380
it.: 22 obj.: 241.2906229366 vol.: 0.4985974918 ch.: 0.1775042980
it.: 23 obj.: 239.9548588657 vol.: 0.4989723317 ch.: 0.1999947672
it.: 24 obj.: 238.8987973916 vol.: 0.4991700770 ch.: 0.1999978493
it.: 25 obj.: 237.9608603857 vol.: 0.4992512096 ch.: 0.1999984622
it.: 26 obj.: 237.0216720182 vol.: 0.4993384349 ch.: 0.1999984967
it.: 27 obj.: 236.1922137000 vol.: 0.4994551764 ch.: 0.1999447610
it.: 28 obj.: 235.5777456177 vol.: 0.4995748447 ch.: 0.1999945170
it.: 29 obj.: 235.1205425304 vol.: 0.4996797431 ch.: 0.1999924893
it.: 30 obj.: 234.7934495240 vol.: 0.4997441681 ch.: 0.1999939022
it.: 31 obj.: 234.5301550154 vol.: 0.4997774542 ch.: 0.1999966370
it.: 32 obj.: 234.2825232576 vol.: 0.4998185363 ch.: 0.1994742318
it.: 33 obj.: 234.0805840816 vol.: 0.4998557230 ch.: 0.1580670207
it.: 34 obj.: 233.9303285835 vol.: 0.4998884991 ch.: 0.1413577773
it.: 35 obj.: 233.8166562544 vol.: 0.4999194291 ch.: 0.1385156122
it.: 36 obj.: 233.7417462438 vol.: 0.4999385412 ch.: 0.1234761790
it.: 37 obj.: 233.6862777651 vol.: 0.4999567585 ch.: 0.1205928892
it.: 38 obj.: 233.6461428589 vol.: 0.4999684976 ch.: 0.0874950785
it.: 39 obj.: 233.6155985989 vol.: 0.4999772719 ch.: 0.0855738317
it.: 40 obj.: 233.5950200990 vol.: 0.4999822030 ch.: 0.0839721458
it.: 41 obj.: 233.5776226508 vol.: 0.4999856708 ch.: 0.0838205278
it.: 42 obj.: 233.5636112628 vol.: 0.4999886097 ch.: 0.0783923271
it.: 43 obj.: 233.5520098646 vol.: 0.4999910309 ch.: 0.0784061290
it.: 44 obj.: 233.5432708303 vol.: 0.4999921569 ch.: 0.0757226121
it.: 45 obj.: 233.5349194675 vol.: 0.4999922996 ch.: 0.0808640884
it.: 46 obj.: 233.5260648110 vol.: 0.4999922531 ch.: 0.0869249805
it.: 47 obj.: 233.5172072844 vol.: 0.4999939667 ch.: 0.0813919980
it.: 48 obj.: 233.5109488316 vol.: 0.4999950541 ch.: 0.0715996820
it.: 49 obj.: 233.5062131222 vol.: 0.4999962749 ch.: 0.0445969880
it.: 50 obj.: 233.5028883375 vol.: 0.4999972544 ch.: 0.0411955203
it.: 51 obj.: 233.5006511100 vol.: 0.4999979419 ch.: 0.0343644247
it.: 52 obj.: 233.4989736962 vol.: 0.4999984258 ch.: 0.0340008391
it.: 53 obj.: 233.4976626492 vol.: 0.4999987793 ch.: 0.0275300694
it.: 54 obj.: 233.4966056033 vol.: 0.4999990284 ch.: 0.0247340496
it.: 55 obj.: 233.4957296446 vol.: 0.4999992061 ch.: 0.0222765431
it.: 56 obj.: 233.4949759452 vol.: 0.4999993260 ch.: 0.0227599338
it.: 57 obj.: 233.4943055615 vol.: 0.4999994037 ch.: 0.0217647334
it.: 58 obj.: 233.4936872357 vol.: 0.4999994515 ch.: 0.0221038125
it.: 59 obj.: 233.4930977715 vol.: 0.4999994781 ch.: 0.0215825232
it.: 60 obj.: 233.4925222709 vol.: 0.4999994912 ch.: 0.0219671948
it.: 61 obj.: 233.4919499693 vol.: 0.4999994932 ch.: 0.0214831221
it.: 62 obj.: 233.4913717704 vol.: 0.4999994873 ch.: 0.0218640746
it.: 63 obj.: 233.4907798066 vol.: 0.4999995130 ch.: 0.0216998552
it.: 64 obj.: 233.4902305676 vol.: 0.4999995570 ch.: 0.0193801556
it.: 65 obj.: 233.4897721232 vol.: 0.4999996124 ch.: 0.0163946152
it.: 66 obj.: 233.4893763504 vol.: 0.4999996642 ch.: 0.0145409310
it.: 67 obj.: 233.4890376522 vol.: 0.4999997098 ch.: 0.0145720741
it.: 68 obj.: 233.4887459852 vol.: 0.4999997494 ch.: 0.0131302271
it.: 69 obj.: 233.4884950327 vol.: 0.4999997830 ch.: 0.0131773581
it.: 70 obj.: 233.4882796702 vol.: 0.4999998125 ch.: 0.0108108473
it.: 71 obj.: 233.4880967308 vol.: 0.4999998387 ch.: 0.0113760121
it.: 72 obj.: 233.4879433643 vol.: 0.4999998626 ch.: 0.0090750819
